TpTrace Verbose: 0 : 21400, 1, 2024/05/31, 10:17:30.389, 435433043449, vstest.console.dll, Version: 17.10.0-release-24203-04 Current process architecture: X64
TpTrace Verbose: 0 : 21400, 1, 2024/05/31, 10:17:30.393, 435433088446, vstest.console.dll, Runtime location: C:\Program Files\dotnet\shared\Microsoft.NETCore.App\8.0.5
TpTrace Verbose: 0 : 21400, 1, 2024/05/31, 10:17:30.397, 435433132244, vstest.console.dll, ArtifactProcessingPostProcessModeProcessorExecutor.Initialize: ArtifactProcessingMode.Collect
TpTrace Verbose: 0 : 21400, 1, 2024/05/31, 10:17:30.398, 435433134873, vstest.console.dll, TestSessionCorrelationIdProcessorModeProcessorExecutor.Initialize: TestSessionCorrelationId '26660_a85f7893-c3c3-427a-8533-5450387ddfb4'
TpTrace Information: 0 : 21400, 1, 2024/05/31, 10:17:30.410, 435433262680, vstest.console.dll, FilePatternParser: The given file C:\Users\VC\Desktop\MiniProjectLibraryManagement\LibraryManagemetSln\RepositoryTesting\bin\Debug\net8.0\fine-code-coverage\build-output\RepositoryTesting.dll is a full path.
TpTrace Verbose: 0 : 21400, 1, 2024/05/31, 10:17:30.417, 435433323397, vstest.console.dll, TestPluginCache.DiscoverTestExtensions: finding test extensions in assemblies ends with: RuntimeProvider.dll TPluginInfo: Microsoft.VisualStudio.TestPlatform.Common.ExtensionFramework.Utilities.TestRuntimePluginInformation TExtension: Microsoft.VisualStudio.TestPlatform.ObjectModel.Host.ITestRuntimeProvider
TpTrace Verbose: 0 : 21400, 1, 2024/05/31, 10:17:30.417, 435433330719, vstest.console.dll, TestPluginCache.GetExtensionPaths: Filtered extension paths: 
TpTrace Verbose: 0 : 21400, 1, 2024/05/31, 10:17:30.417, 435433332837, vstest.console.dll, TestPluginCache.GetExtensionPaths: Added default extension paths: C:\Program Files\dotnet\sdk\8.0.300\Extensions\Microsoft.Diagnostics.NETCore.Client.dll
C:\Program Files\dotnet\sdk\8.0.300\Extensions\Microsoft.TestPlatform.Extensions.BlameDataCollector.dll
C:\Program Files\dotnet\sdk\8.0.300\Extensions\Microsoft.TestPlatform.Extensions.EventLogCollector.dll
C:\Program Files\dotnet\sdk\8.0.300\Extensions\Microsoft.TestPlatform.TestHostRuntimeProvider.dll
C:\Program Files\dotnet\sdk\8.0.300\Extensions\Microsoft.VisualStudio.TestPlatform.Extensions.Html.TestLogger.dll
C:\Program Files\dotnet\sdk\8.0.300\Extensions\Microsoft.VisualStudio.TestPlatform.Extensions.Trx.TestLogger.dll
TpTrace Verbose: 0 : 21400, 1, 2024/05/31, 10:17:30.418, 435433333263, vstest.console.dll, TestPluginCache.GetExtensionPaths: Added unfilterableExtensionPaths: 
TpTrace Information: 0 : 21400, 1, 2024/05/31, 10:17:30.418, 435433340880, vstest.console.dll, AssemblyResolver.ctor: Creating AssemblyResolver with searchDirectories C:\Program Files\dotnet\sdk\8.0.300\Extensions,C:\Program Files\dotnet\sdk\8.0.300
TpTrace Verbose: 0 : 21400, 1, 2024/05/31, 10:17:30.421, 435433364039, vstest.console.dll, TestPluginCache.DiscoverTestExtensions: Discovering the extensions using extension path.
TpTrace Verbose: 0 : 21400, 1, 2024/05/31, 10:17:30.421, 435433366393, vstest.console.dll, TestPluginCache.GetExtensionPaths: Filtered extension paths: 
TpTrace Verbose: 0 : 21400, 1, 2024/05/31, 10:17:30.421, 435433367194, vstest.console.dll, TestPluginCache.GetExtensionPaths: Added default extension paths: C:\Program Files\dotnet\sdk\8.0.300\Extensions\Microsoft.Diagnostics.NETCore.Client.dll
C:\Program Files\dotnet\sdk\8.0.300\Extensions\Microsoft.TestPlatform.Extensions.BlameDataCollector.dll
C:\Program Files\dotnet\sdk\8.0.300\Extensions\Microsoft.TestPlatform.Extensions.EventLogCollector.dll
C:\Program Files\dotnet\sdk\8.0.300\Extensions\Microsoft.TestPlatform.TestHostRuntimeProvider.dll
C:\Program Files\dotnet\sdk\8.0.300\Extensions\Microsoft.VisualStudio.TestPlatform.Extensions.Html.TestLogger.dll
C:\Program Files\dotnet\sdk\8.0.300\Extensions\Microsoft.VisualStudio.TestPlatform.Extensions.Trx.TestLogger.dll
TpTrace Verbose: 0 : 21400, 1, 2024/05/31, 10:17:30.421, 435433367688, vstest.console.dll, TestPluginCache.GetExtensionPaths: Added unfilterableExtensionPaths: 
TpTrace Verbose: 0 : 21400, 1, 2024/05/31, 10:17:30.421, 435433368711, vstest.console.dll, TestPluginCache.DiscoverTestExtensions: Discovering the extensions using allExtensionPaths: C:\Program Files\dotnet\sdk\8.0.300\Extensions\Microsoft.Diagnostics.NETCore.Client.dll
C:\Program Files\dotnet\sdk\8.0.300\Extensions\Microsoft.TestPlatform.Extensions.BlameDataCollector.dll
C:\Program Files\dotnet\sdk\8.0.300\Extensions\Microsoft.TestPlatform.Extensions.EventLogCollector.dll
C:\Program Files\dotnet\sdk\8.0.300\Extensions\Microsoft.TestPlatform.TestHostRuntimeProvider.dll
C:\Program Files\dotnet\sdk\8.0.300\Extensions\Microsoft.VisualStudio.TestPlatform.Extensions.Html.TestLogger.dll
C:\Program Files\dotnet\sdk\8.0.300\Extensions\Microsoft.VisualStudio.TestPlatform.Extensions.Trx.TestLogger.dll
TpTrace Information: 0 : 21400, 1, 2024/05/31, 10:17:30.421, 435433371567, vstest.console.dll, AssemblyResolver.AddSearchDirectories: Adding more searchDirectories C:\Program Files\dotnet\sdk\8.0.300\Extensions,C:\Program Files\dotnet\sdk\8.0.300
TpTrace Information: 0 : 21400, 1, 2024/05/31, 10:17:30.422, 435433373080, vstest.console.dll, AssemblyResolver.AddSearchDirectories: Adding more searchDirectories C:\Program Files\dotnet\sdk\8.0.300\Extensions,C:\Program Files\dotnet\sdk\8.0.300
TpTrace Information: 0 : 21400, 1, 2024/05/31, 10:17:30.422, 435433373580, vstest.console.dll, AssemblyResolver.AddSearchDirectories: Adding more searchDirectories C:\Program Files\dotnet\sdk\8.0.300\Extensions,C:\Program Files\dotnet\sdk\8.0.300
TpTrace Information: 0 : 21400, 1, 2024/05/31, 10:17:30.422, 435433373997, vstest.console.dll, AssemblyResolver.AddSearchDirectories: Adding more searchDirectories C:\Program Files\dotnet\sdk\8.0.300\Extensions,C:\Program Files\dotnet\sdk\8.0.300
TpTrace Information: 0 : 21400, 1, 2024/05/31, 10:17:30.422, 435433374486, vstest.console.dll, AssemblyResolver.AddSearchDirectories: Adding more searchDirectories C:\Program Files\dotnet\sdk\8.0.300\Extensions,C:\Program Files\dotnet\sdk\8.0.300
TpTrace Information: 0 : 21400, 1, 2024/05/31, 10:17:30.422, 435433374908, vstest.console.dll, AssemblyResolver.AddSearchDirectories: Adding more searchDirectories C:\Program Files\dotnet\sdk\8.0.300\Extensions,C:\Program Files\dotnet\sdk\8.0.300
TpTrace Information: 0 : 21400, 1, 2024/05/31, 10:17:30.422, 435433382453, vstest.console.dll, AssemblyResolver.OnResolve: Microsoft.Diagnostics.NETCore.Client: Resolving assembly.
TpTrace Information: 0 : 21400, 1, 2024/05/31, 10:17:30.423, 435433383458, vstest.console.dll, AssemblyResolver.OnResolve: Microsoft.Diagnostics.NETCore.Client: Searching in: 'C:\Program Files\dotnet\sdk\8.0.300\Extensions'.
TpTrace Information: 0 : 21400, 1, 2024/05/31, 10:17:30.437, 435433523144, vstest.console.dll, AssemblyResolver.OnResolve: Microsoft.Diagnostics.NETCore.Client: Loading assembly 'C:\Program Files\dotnet\sdk\8.0.300\Extensions\Microsoft.Diagnostics.NETCore.Client.dll'.
TpTrace Information: 0 : 21400, 1, 2024/05/31, 10:17:30.438, 435433540227, vstest.console.dll, AssemblyResolver.OnResolve: Resolved assembly: Microsoft.Diagnostics.NETCore.Client, from path: C:\Program Files\dotnet\sdk\8.0.300\Extensions\Microsoft.Diagnostics.NETCore.Client.dll
TpTrace Verbose: 0 : 21400, 1, 2024/05/31, 10:17:30.445, 435433605053, vstest.console.dll, MetadataReaderExtensionsHelper: Discovering extensions inside assembly 'Microsoft.Diagnostics.NETCore.Client, Version=0.2.10.15101, Culture=neutral, PublicKeyToken=31bf3856ad364e35' file path 'C:\Program Files\dotnet\sdk\8.0.300\Extensions\Microsoft.Diagnostics.NETCore.Client.dll'
TpTrace Information: 0 : 21400, 1, 2024/05/31, 10:17:30.451, 435433672337, vstest.console.dll, AssemblyResolver.OnResolve: Microsoft.Bcl.AsyncInterfaces: Resolving assembly.
TpTrace Information: 0 : 21400, 1, 2024/05/31, 10:17:30.452, 435433674137, vstest.console.dll, AssemblyResolver.OnResolve: Microsoft.Bcl.AsyncInterfaces: Searching in: 'C:\Program Files\dotnet\sdk\8.0.300\Extensions'.
TpTrace Information: 0 : 21400, 1, 2024/05/31, 10:17:30.452, 435433675243, vstest.console.dll, AssemblyResolver.OnResolve: Microsoft.Bcl.AsyncInterfaces: Assembly path does not exist: 'C:\Program Files\dotnet\sdk\8.0.300\Extensions\Microsoft.Bcl.AsyncInterfaces.dll', returning.
TpTrace Information: 0 : 21400, 1, 2024/05/31, 10:17:30.452, 435433676476, vstest.console.dll, AssemblyResolver.OnResolve: Microsoft.Bcl.AsyncInterfaces: Assembly path does not exist: 'C:\Program Files\dotnet\sdk\8.0.300\Extensions\Microsoft.Bcl.AsyncInterfaces.exe', returning.
TpTrace Information: 0 : 21400, 1, 2024/05/31, 10:17:30.452, 435433676865, vstest.console.dll, AssemblyResolver.OnResolve: Microsoft.Bcl.AsyncInterfaces: Searching in: 'C:\Program Files\dotnet\sdk\8.0.300'.
TpTrace Information: 0 : 21400, 1, 2024/05/31, 10:17:30.452, 435433677353, vstest.console.dll, AssemblyResolver.OnResolve: Microsoft.Bcl.AsyncInterfaces: Assembly path does not exist: 'C:\Program Files\dotnet\sdk\8.0.300\Microsoft.Bcl.AsyncInterfaces.dll', returning.
TpTrace Information: 0 : 21400, 1, 2024/05/31, 10:17:30.452, 435433677805, vstest.console.dll, AssemblyResolver.OnResolve: Microsoft.Bcl.AsyncInterfaces: Assembly path does not exist: 'C:\Program Files\dotnet\sdk\8.0.300\Microsoft.Bcl.AsyncInterfaces.exe', returning.
TpTrace Information: 0 : 21400, 1, 2024/05/31, 10:17:30.452, 435433678096, vstest.console.dll, AssemblyResolver.OnResolve: Microsoft.Bcl.AsyncInterfaces: Failed to load assembly.
TpTrace Verbose: 0 : 21400, 1, 2024/05/31, 10:17:30.452, 435433678666, vstest.console.dll, CurrentDomainAssemblyResolve: Resolving assembly 'Microsoft.Bcl.AsyncInterfaces'.
TpTrace Information: 0 : 21400, 1, 2024/05/31, 10:17:30.452, 435433679426, vstest.console.dll, AssemblyResolver.OnResolve: Microsoft.Bcl.AsyncInterfaces: Resolving assembly.
TpTrace Information: 0 : 21400, 1, 2024/05/31, 10:17:30.452, 435433679912, vstest.console.dll, AssemblyResolver.OnResolve: Microsoft.Bcl.AsyncInterfaces: Resolved from cache.
TpTrace Verbose: 0 : 21400, 1, 2024/05/31, 10:17:30.452, 435433680323, vstest.console.dll, CurrentDomainAssemblyResolve: Resolving assembly 'Microsoft.Bcl.AsyncInterfaces'.
TpTrace Verbose: 0 : 21400, 1, 2024/05/31, 10:17:30.452, 435433680849, vstest.console.dll, CurrentDomainAssemblyResolve: Failed to resolve assembly 'Microsoft.Bcl.AsyncInterfaces'.
TpTrace Verbose: 0 : 21400, 1, 2024/05/31, 10:17:30.453, 435433688775, vstest.console.dll, CurrentDomainAssemblyResolve: Failed to resolve assembly 'Microsoft.Bcl.AsyncInterfaces'.
TpTrace Warning: 0 : 21400, 1, 2024/05/31, 10:17:30.467, 435433826857, vstest.console.dll, TestPluginDiscoverer: Failed to get types from assembly 'Microsoft.Diagnostics.NETCore.Client, Version=0.2.10.15101, Culture=neutral, PublicKeyToken=31bf3856ad364e35'. Error: System.Reflection.ReflectionTypeLoadException: Unable to load one or more of the requested types.
Could not load file or assembly 'Microsoft.Bcl.AsyncInterfaces, Version=6.0.0.0, Culture=neutral, PublicKeyToken=cc7b13ffcd2ddd51'. The system cannot find the file specified.
   at System.Reflection.RuntimeModule.GetTypes(RuntimeModule module)
   at System.Reflection.RuntimeModule.GetTypes()
   at Microsoft.VisualStudio.TestPlatform.Common.ExtensionFramework.TestPluginDiscoverer.GetTestExtensionsFromAssembly[TPluginInfo,TExtension](Assembly assembly, Dictionary`2 pluginInfos, String filePath) in /_/src/Microsoft.TestPlatform.Common/ExtensionFramework/TestPluginDiscoverer.cs:line 158
System.IO.FileNotFoundException: Could not load file or assembly 'Microsoft.Bcl.AsyncInterfaces, Version=6.0.0.0, Culture=neutral, PublicKeyToken=cc7b13ffcd2ddd51'. The system cannot find the file specified.
File name: 'Microsoft.Bcl.AsyncInterfaces, Version=6.0.0.0, Culture=neutral, PublicKeyToken=cc7b13ffcd2ddd51'
 ---> System.IO.FileNotFoundException: Could not load file or assembly 'Microsoft.Bcl.AsyncInterfaces, Culture=neutral, PublicKeyToken=null'. The system cannot find the file specified.
File name: 'Microsoft.Bcl.AsyncInterfaces, Culture=neutral, PublicKeyToken=null'
   at System.Reflection.RuntimeAssembly.InternalLoad(AssemblyName assemblyName, StackCrawlMark& stackMark, AssemblyLoadContext assemblyLoadContext, RuntimeAssembly requestingAssembly, Boolean throwOnFileNotFound)
   at System.Reflection.Assembly.Load(AssemblyName assemblyRef)
   at Microsoft.VisualStudio.TestPlatform.Common.ExtensionFramework.TestPluginCache.CurrentDomainAssemblyResolve(Object sender, AssemblyResolveEventArgs args) in /_/src/Microsoft.TestPlatform.Common/ExtensionFramework/TestPluginCache.cs:line 513
   at System.Runtime.Loader.AssemblyLoadContext.GetFirstResolvedAssemblyFromResolvingEvent(AssemblyName assemblyName)
   at System.Runtime.Loader.AssemblyLoadContext.ResolveUsingEvent(AssemblyName assemblyName)
   at System.Runtime.Loader.AssemblyLoadContext.ResolveUsingResolvingEvent(IntPtr gchManagedAssemblyLoadContext, AssemblyName assemblyName)
TpTrace Warning: 0 : 21400, 1, 2024/05/31, 10:17:30.468, 435433833743, vstest.console.dll, LoaderExceptions: System.IO.FileNotFoundException: Could not load file or assembly 'Microsoft.Bcl.AsyncInterfaces, Version=6.0.0.0, Culture=neutral, PublicKeyToken=cc7b13ffcd2ddd51'. The system cannot find the file specified.
File name: 'Microsoft.Bcl.AsyncInterfaces, Version=6.0.0.0, Culture=neutral, PublicKeyToken=cc7b13ffcd2ddd51'
 ---> System.IO.FileNotFoundException: Could not load file or assembly 'Microsoft.Bcl.AsyncInterfaces, Culture=neutral, PublicKeyToken=null'. The system cannot find the file specified.
File name: 'Microsoft.Bcl.AsyncInterfaces, Culture=neutral, PublicKeyToken=null'
   at System.Reflection.RuntimeAssembly.InternalLoad(AssemblyName assemblyName, StackCrawlMark& stackMark, AssemblyLoadContext assemblyLoadContext, RuntimeAssembly requestingAssembly, Boolean throwOnFileNotFound)
   at System.Reflection.Assembly.Load(AssemblyName assemblyRef)
   at Microsoft.VisualStudio.TestPlatform.Common.ExtensionFramework.TestPluginCache.CurrentDomainAssemblyResolve(Object sender, AssemblyResolveEventArgs args) in /_/src/Microsoft.TestPlatform.Common/ExtensionFramework/TestPluginCache.cs:line 513
   at System.Runtime.Loader.AssemblyLoadContext.GetFirstResolvedAssemblyFromResolvingEvent(AssemblyName assemblyName)
   at System.Runtime.Loader.AssemblyLoadContext.ResolveUsingEvent(AssemblyName assemblyName)
   at System.Runtime.Loader.AssemblyLoadContext.ResolveUsingResolvingEvent(IntPtr gchManagedAssemblyLoadContext, AssemblyName assemblyName)
TpTrace Information: 0 : 21400, 1, 2024/05/31, 10:17:30.468, 435433835733, vstest.console.dll, AssemblyResolver.OnResolve: Microsoft.TestPlatform.Extensions.BlameDataCollector: Resolving assembly.
TpTrace Information: 0 : 21400, 1, 2024/05/31, 10:17:30.468, 435433836169, vstest.console.dll, AssemblyResolver.OnResolve: Microsoft.TestPlatform.Extensions.BlameDataCollector: Searching in: 'C:\Program Files\dotnet\sdk\8.0.300\Extensions'.
TpTrace Information: 0 : 21400, 1, 2024/05/31, 10:17:30.468, 435433840302, vstest.console.dll, AssemblyResolver.OnResolve: Microsoft.TestPlatform.Extensions.BlameDataCollector: Loading assembly 'C:\Program Files\dotnet\sdk\8.0.300\Extensions\Microsoft.TestPlatform.Extensions.BlameDataCollector.dll'.
TpTrace Information: 0 : 21400, 1, 2024/05/31, 10:17:30.469, 435433847442, vstest.console.dll, AssemblyResolver.OnResolve: Resolved assembly: Microsoft.TestPlatform.Extensions.BlameDataCollector, from path: C:\Program Files\dotnet\sdk\8.0.300\Extensions\Microsoft.TestPlatform.Extensions.BlameDataCollector.dll
TpTrace Verbose: 0 : 21400, 1, 2024/05/31, 10:17:30.469, 435433848500, vstest.console.dll, MetadataReaderExtensionsHelper: Discovering extensions inside assembly 'Microsoft.TestPlatform.Extensions.BlameDataCollector, Version=15.0.0.0, Culture=neutral, PublicKeyToken=b03f5f7f11d50a3a' file path 'C:\Program Files\dotnet\sdk\8.0.300\Extensions\Microsoft.TestPlatform.Extensions.BlameDataCollector.dll'
TpTrace Information: 0 : 21400, 1, 2024/05/31, 10:17:30.470, 435433862893, vstest.console.dll, AssemblyResolver.OnResolve: Microsoft.TestPlatform.Extensions.EventLogCollector: Resolving assembly.
TpTrace Information: 0 : 21400, 1, 2024/05/31, 10:17:30.471, 435433863640, vstest.console.dll, AssemblyResolver.OnResolve: Microsoft.TestPlatform.Extensions.EventLogCollector: Searching in: 'C:\Program Files\dotnet\sdk\8.0.300\Extensions'.
TpTrace Information: 0 : 21400, 1, 2024/05/31, 10:17:30.471, 435433866568, vstest.console.dll, AssemblyResolver.OnResolve: Microsoft.TestPlatform.Extensions.EventLogCollector: Loading assembly 'C:\Program Files\dotnet\sdk\8.0.300\Extensions\Microsoft.TestPlatform.Extensions.EventLogCollector.dll'.
TpTrace Information: 0 : 21400, 1, 2024/05/31, 10:17:30.471, 435433871474, vstest.console.dll, AssemblyResolver.OnResolve: Resolved assembly: Microsoft.TestPlatform.Extensions.EventLogCollector, from path: C:\Program Files\dotnet\sdk\8.0.300\Extensions\Microsoft.TestPlatform.Extensions.EventLogCollector.dll
TpTrace Verbose: 0 : 21400, 1, 2024/05/31, 10:17:30.471, 435433872210, vstest.console.dll, MetadataReaderExtensionsHelper: Discovering extensions inside assembly 'Microsoft.TestPlatform.Extensions.EventLogCollector, Version=15.0.0.0, Culture=neutral, PublicKeyToken=b03f5f7f11d50a3a' file path 'C:\Program Files\dotnet\sdk\8.0.300\Extensions\Microsoft.TestPlatform.Extensions.EventLogCollector.dll'
TpTrace Information: 0 : 21400, 1, 2024/05/31, 10:17:30.473, 435433892466, vstest.console.dll, AssemblyResolver.OnResolve: Microsoft.TestPlatform.TestHostRuntimeProvider: Resolving assembly.
TpTrace Information: 0 : 21400, 1, 2024/05/31, 10:17:30.474, 435433893155, vstest.console.dll, AssemblyResolver.OnResolve: Microsoft.TestPlatform.TestHostRuntimeProvider: Searching in: 'C:\Program Files\dotnet\sdk\8.0.300\Extensions'.
TpTrace Information: 0 : 21400, 1, 2024/05/31, 10:17:30.474, 435433895495, vstest.console.dll, AssemblyResolver.OnResolve: Microsoft.TestPlatform.TestHostRuntimeProvider: Loading assembly 'C:\Program Files\dotnet\sdk\8.0.300\Extensions\Microsoft.TestPlatform.TestHostRuntimeProvider.dll'.
TpTrace Information: 0 : 21400, 1, 2024/05/31, 10:17:30.474, 435433901626, vstest.console.dll, AssemblyResolver.OnResolve: Resolved assembly: Microsoft.TestPlatform.TestHostRuntimeProvider, from path: C:\Program Files\dotnet\sdk\8.0.300\Extensions\Microsoft.TestPlatform.TestHostRuntimeProvider.dll
TpTrace Verbose: 0 : 21400, 1, 2024/05/31, 10:17:30.474, 435433902223, vstest.console.dll, MetadataReaderExtensionsHelper: Discovering extensions inside assembly 'Microsoft.TestPlatform.TestHostRuntimeProvider, Version=15.0.0.0, Culture=neutral, PublicKeyToken=b03f5f7f11d50a3a' file path 'C:\Program Files\dotnet\sdk\8.0.300\Extensions\Microsoft.TestPlatform.TestHostRuntimeProvider.dll'
TpTrace Information: 0 : 21400, 1, 2024/05/31, 10:17:30.476, 435433915355, vstest.console.dll, GetTestExtensionFromType: Register extension with identifier data 'HostProvider://DefaultTestHost' and type 'Microsoft.VisualStudio.TestPlatform.CrossPlatEngine.Hosting.DefaultTestHostManager, Microsoft.TestPlatform.TestHostRuntimeProvider, Version=15.0.0.0, Culture=neutral, PublicKeyToken=b03f5f7f11d50a3a' inside file 'C:\Program Files\dotnet\sdk\8.0.300\Extensions\Microsoft.TestPlatform.TestHostRuntimeProvider.dll'
TpTrace Information: 0 : 21400, 1, 2024/05/31, 10:17:30.476, 435433918072, vstest.console.dll, GetTestExtensionFromType: Register extension with identifier data 'HostProvider://DotnetTestHost' and type 'Microsoft.VisualStudio.TestPlatform.CrossPlatEngine.Hosting.DotnetTestHostManager, Microsoft.TestPlatform.TestHostRuntimeProvider, Version=15.0.0.0, Culture=neutral, PublicKeyToken=b03f5f7f11d50a3a' inside file 'C:\Program Files\dotnet\sdk\8.0.300\Extensions\Microsoft.TestPlatform.TestHostRuntimeProvider.dll'
TpTrace Information: 0 : 21400, 1, 2024/05/31, 10:17:30.476, 435433918891, vstest.console.dll, AssemblyResolver.OnResolve: Microsoft.VisualStudio.TestPlatform.Extensions.Html.TestLogger: Resolving assembly.
TpTrace Information: 0 : 21400, 1, 2024/05/31, 10:17:30.476, 435433919210, vstest.console.dll, AssemblyResolver.OnResolve: Microsoft.VisualStudio.TestPlatform.Extensions.Html.TestLogger: Searching in: 'C:\Program Files\dotnet\sdk\8.0.300\Extensions'.
TpTrace Information: 0 : 21400, 1, 2024/05/31, 10:17:30.476, 435433922150, vstest.console.dll, AssemblyResolver.OnResolve: Microsoft.VisualStudio.TestPlatform.Extensions.Html.TestLogger: Loading assembly 'C:\Program Files\dotnet\sdk\8.0.300\Extensions\Microsoft.VisualStudio.TestPlatform.Extensions.Html.TestLogger.dll'.
TpTrace Information: 0 : 21400, 1, 2024/05/31, 10:17:30.477, 435433927609, vstest.console.dll, AssemblyResolver.OnResolve: Resolved assembly: Microsoft.VisualStudio.TestPlatform.Extensions.Html.TestLogger, from path: C:\Program Files\dotnet\sdk\8.0.300\Extensions\Microsoft.VisualStudio.TestPlatform.Extensions.Html.TestLogger.dll
TpTrace Verbose: 0 : 21400, 1, 2024/05/31, 10:17:30.477, 435433928370, vstest.console.dll, MetadataReaderExtensionsHelper: Discovering extensions inside assembly 'Microsoft.VisualStudio.TestPlatform.Extensions.Html.TestLogger, Version=15.0.0.0, Culture=neutral, PublicKeyToken=b03f5f7f11d50a3a' file path 'C:\Program Files\dotnet\sdk\8.0.300\Extensions\Microsoft.VisualStudio.TestPlatform.Extensions.Html.TestLogger.dll'
TpTrace Information: 0 : 21400, 1, 2024/05/31, 10:17:30.478, 435433934937, vstest.console.dll, AssemblyResolver.OnResolve: Microsoft.VisualStudio.TestPlatform.Extensions.Trx.TestLogger: Resolving assembly.
TpTrace Information: 0 : 21400, 1, 2024/05/31, 10:17:30.478, 435433935500, vstest.console.dll, AssemblyResolver.OnResolve: Microsoft.VisualStudio.TestPlatform.Extensions.Trx.TestLogger: Searching in: 'C:\Program Files\dotnet\sdk\8.0.300\Extensions'.
TpTrace Information: 0 : 21400, 1, 2024/05/31, 10:17:30.478, 435433937579, vstest.console.dll, AssemblyResolver.OnResolve: Microsoft.VisualStudio.TestPlatform.Extensions.Trx.TestLogger: Loading assembly 'C:\Program Files\dotnet\sdk\8.0.300\Extensions\Microsoft.VisualStudio.TestPlatform.Extensions.Trx.TestLogger.dll'.
TpTrace Information: 0 : 21400, 1, 2024/05/31, 10:17:30.478, 435433942785, vstest.console.dll, AssemblyResolver.OnResolve: Resolved assembly: Microsoft.VisualStudio.TestPlatform.Extensions.Trx.TestLogger, from path: C:\Program Files\dotnet\sdk\8.0.300\Extensions\Microsoft.VisualStudio.TestPlatform.Extensions.Trx.TestLogger.dll
TpTrace Verbose: 0 : 21400, 1, 2024/05/31, 10:17:30.479, 435433943369, vstest.console.dll, MetadataReaderExtensionsHelper: Discovering extensions inside assembly 'Microsoft.VisualStudio.TestPlatform.Extensions.Trx.TestLogger, Version=15.0.0.0, Culture=neutral, PublicKeyToken=b03f5f7f11d50a3a' file path 'C:\Program Files\dotnet\sdk\8.0.300\Extensions\Microsoft.VisualStudio.TestPlatform.Extensions.Trx.TestLogger.dll'
TpTrace Verbose: 0 : 21400, 1, 2024/05/31, 10:17:30.480, 435433953454, vstest.console.dll, TestPluginCache: Discovered the extensions using extension path ''.
TpTrace Verbose: 0 : 21400, 1, 2024/05/31, 10:17:30.480, 435433954480, vstest.console.dll, TestPluginCache: Discoverers are ''.
TpTrace Verbose: 0 : 21400, 1, 2024/05/31, 10:17:30.480, 435433954746, vstest.console.dll, TestPluginCache: Executors are ''.
TpTrace Verbose: 0 : 21400, 1, 2024/05/31, 10:17:30.480, 435433954983, vstest.console.dll, TestPluginCache: Executors2 are ''.
TpTrace Verbose: 0 : 21400, 1, 2024/05/31, 10:17:30.480, 435433955232, vstest.console.dll, TestPluginCache: Setting providers are ''.
TpTrace Verbose: 0 : 21400, 1, 2024/05/31, 10:17:30.480, 435433955465, vstest.console.dll, TestPluginCache: Loggers are ''.
TpTrace Verbose: 0 : 21400, 1, 2024/05/31, 10:17:30.480, 435433957573, vstest.console.dll, TestPluginCache: TestHosts are 'HostProvider://DefaultTestHost,HostProvider://DotnetTestHost'.
TpTrace Verbose: 0 : 21400, 1, 2024/05/31, 10:17:30.480, 435433958116, vstest.console.dll, TestPluginCache: DataCollectors are ''.
TpTrace Information: 0 : 21400, 1, 2024/05/31, 10:17:30.496, 435434117839, vstest.console.dll, RunTestsArgumentProcessor:Execute: Test run is starting.
TpTrace Verbose: 0 : 21400, 1, 2024/05/31, 10:17:30.496, 435434119596, vstest.console.dll, RunTestsArgumentProcessor:Execute: Queuing Test run.
TpTrace Information: 0 : 21400, 1, 2024/05/31, 10:17:30.497, 435434125377, vstest.console.dll, TestRequestManager.RunTests: run tests started.
TpTrace Information: 0 : 21400, 1, 2024/05/31, 10:17:30.499, 435434145538, vstest.console.dll, AssemblyMetadataProvider.GetFrameworkName: Determined framework:'.NETCoreApp,Version=v8.0' for source: 'C:\Users\VC\Desktop\MiniProjectLibraryManagement\LibraryManagemetSln\RepositoryTesting\bin\Debug\net8.0\fine-code-coverage\build-output\RepositoryTesting.dll'
TpTrace Information: 0 : 21400, 1, 2024/05/31, 10:17:30.499, 435434147904, vstest.console.dll, Determined framework for all sources: .NETCoreApp,Version=v8.0
TpTrace Verbose: 0 : 21400, 1, 2024/05/31, 10:17:30.499, 435434152146, vstest.console.dll, TestRequestManager.UpdateRunSettingsIfRequired: Default architecture: X64 IsDefaultTargetArchitecture: True, Current process architecture: X64 OperatingSystem: Windows.
TpTrace Information: 0 : 21400, 1, 2024/05/31, 10:17:30.502, 435434175955, vstest.console.dll, AssemblyMetadataProvider.GetArchitecture: Determined architecture:AnyCPU info for assembly: C:\Users\VC\Desktop\MiniProjectLibraryManagement\LibraryManagemetSln\RepositoryTesting\bin\Debug\net8.0\fine-code-coverage\build-output\RepositoryTesting.dll
TpTrace Information: 0 : 21400, 1, 2024/05/31, 10:17:30.502, 435434177059, vstest.console.dll, Determined platform for source 'C:\Users\VC\Desktop\MiniProjectLibraryManagement\LibraryManagemetSln\RepositoryTesting\bin\Debug\net8.0\fine-code-coverage\build-output\RepositoryTesting.dll' was AnyCPU and it will use the default plaform X64.
TpTrace Information: 0 : 21400, 1, 2024/05/31, 10:17:30.502, 435434177334, vstest.console.dll, None of the sources provided any runnable platform, using the default platform: X64
TpTrace Information: 0 : 21400, 1, 2024/05/31, 10:17:30.502, 435434178635, vstest.console.dll, Platform was updated to 'X64'.
TpTrace Information: 0 : 21400, 1, 2024/05/31, 10:17:30.506, 435434216785, vstest.console.dll, InferRunSettingsHelper.IsTestSettingsEnabled: Unable to navigate to RunSettings/MSTest. Current node: RunSettings
TpTrace Information: 0 : 21400, 1, 2024/05/31, 10:17:30.507, 435434227646, vstest.console.dll, AssemblyResolver.OnResolve: Microsoft.VisualStudio.TestPlatform.Fakes: Resolving assembly.
TpTrace Information: 0 : 21400, 1, 2024/05/31, 10:17:30.507, 435434229118, vstest.console.dll, AssemblyResolver.OnResolve: Microsoft.VisualStudio.TestPlatform.Fakes: Searching in: 'C:\Program Files\dotnet\sdk\8.0.300\Extensions'.
TpTrace Information: 0 : 21400, 1, 2024/05/31, 10:17:30.507, 435434229999, vstest.console.dll, AssemblyResolver.OnResolve: Microsoft.VisualStudio.TestPlatform.Fakes: Assembly path does not exist: 'C:\Program Files\dotnet\sdk\8.0.300\Extensions\Microsoft.VisualStudio.TestPlatform.Fakes.dll', returning.
TpTrace Information: 0 : 21400, 1, 2024/05/31, 10:17:30.507, 435434230483, vstest.console.dll, AssemblyResolver.OnResolve: Microsoft.VisualStudio.TestPlatform.Fakes: Assembly path does not exist: 'C:\Program Files\dotnet\sdk\8.0.300\Extensions\Microsoft.VisualStudio.TestPlatform.Fakes.exe', returning.
TpTrace Information: 0 : 21400, 1, 2024/05/31, 10:17:30.507, 435434230916, vstest.console.dll, AssemblyResolver.OnResolve: Microsoft.VisualStudio.TestPlatform.Fakes: Searching in: 'C:\Program Files\dotnet\sdk\8.0.300'.
TpTrace Information: 0 : 21400, 1, 2024/05/31, 10:17:30.507, 435434231557, vstest.console.dll, AssemblyResolver.OnResolve: Microsoft.VisualStudio.TestPlatform.Fakes: Assembly path does not exist: 'C:\Program Files\dotnet\sdk\8.0.300\Microsoft.VisualStudio.TestPlatform.Fakes.dll', returning.
TpTrace Information: 0 : 21400, 1, 2024/05/31, 10:17:30.507, 435434232082, vstest.console.dll, AssemblyResolver.OnResolve: Microsoft.VisualStudio.TestPlatform.Fakes: Assembly path does not exist: 'C:\Program Files\dotnet\sdk\8.0.300\Microsoft.VisualStudio.TestPlatform.Fakes.exe', returning.
TpTrace Information: 0 : 21400, 1, 2024/05/31, 10:17:30.507, 435434232345, vstest.console.dll, AssemblyResolver.OnResolve: Microsoft.VisualStudio.TestPlatform.Fakes: Failed to load assembly.
TpTrace Information: 0 : 21400, 1, 2024/05/31, 10:17:30.508, 435434235523, vstest.console.dll, Failed to load assembly Microsoft.VisualStudio.TestPlatform.Fakes, Version=17.0.0.0, Culture=neutral. Reason:System.IO.FileNotFoundException: Could not load file or assembly 'Microsoft.VisualStudio.TestPlatform.Fakes, Version=17.0.0.0, Culture=neutral, PublicKeyToken=null'. The system cannot find the file specified.
File name: 'Microsoft.VisualStudio.TestPlatform.Fakes, Version=17.0.0.0, Culture=neutral, PublicKeyToken=null'
   at System.Reflection.RuntimeAssembly.InternalLoad(AssemblyName assemblyName, StackCrawlMark& stackMark, AssemblyLoadContext assemblyLoadContext, RuntimeAssembly requestingAssembly, Boolean throwOnFileNotFound)
   at System.Reflection.Assembly.Load(AssemblyName assemblyRef)
   at Microsoft.VisualStudio.TestPlatform.Common.Utilities.FakesUtilities.LoadTestPlatformAssembly() in /_/src/Microsoft.TestPlatform.Common/Utilities/FakesUtilities.cs:line 272
TpTrace Verbose: 0 : 21400, 1, 2024/05/31, 10:17:30.514, 435434293029, vstest.console.dll, TestPluginCache.DiscoverTestExtensions: finding test extensions in assemblies ends with: TestLogger.dll TPluginInfo: Microsoft.VisualStudio.TestPlatform.Common.ExtensionFramework.Utilities.TestLoggerPluginInformation TExtension: Microsoft.VisualStudio.TestPlatform.ObjectModel.Client.ITestLogger
TpTrace Verbose: 0 : 21400, 1, 2024/05/31, 10:17:30.514, 435434294483, vstest.console.dll, TestPluginCache.GetExtensionPaths: Filtered extension paths: 
TpTrace Verbose: 0 : 21400, 1, 2024/05/31, 10:17:30.514, 435434294855, vstest.console.dll, TestPluginCache.GetExtensionPaths: Added default extension paths: C:\Program Files\dotnet\sdk\8.0.300\Extensions\Microsoft.Diagnostics.NETCore.Client.dll
C:\Program Files\dotnet\sdk\8.0.300\Extensions\Microsoft.TestPlatform.Extensions.BlameDataCollector.dll
C:\Program Files\dotnet\sdk\8.0.300\Extensions\Microsoft.TestPlatform.Extensions.EventLogCollector.dll
C:\Program Files\dotnet\sdk\8.0.300\Extensions\Microsoft.TestPlatform.TestHostRuntimeProvider.dll
C:\Program Files\dotnet\sdk\8.0.300\Extensions\Microsoft.VisualStudio.TestPlatform.Extensions.Html.TestLogger.dll
C:\Program Files\dotnet\sdk\8.0.300\Extensions\Microsoft.VisualStudio.TestPlatform.Extensions.Trx.TestLogger.dll
TpTrace Verbose: 0 : 21400, 1, 2024/05/31, 10:17:30.514, 435434295136, vstest.console.dll, TestPluginCache.GetExtensionPaths: Added unfilterableExtensionPaths: 
TpTrace Information: 0 : 21400, 1, 2024/05/31, 10:17:30.514, 435434296599, vstest.console.dll, AssemblyResolver.AddSearchDirectories: Adding more searchDirectories C:\Program Files\dotnet\sdk\8.0.300\Extensions,C:\Program Files\dotnet\sdk\8.0.300
TpTrace Verbose: 0 : 21400, 1, 2024/05/31, 10:17:30.514, 435434297020, vstest.console.dll, TestPluginCache.DiscoverTestExtensions: Discovering the extensions using extension path.
TpTrace Verbose: 0 : 21400, 1, 2024/05/31, 10:17:30.514, 435434297344, vstest.console.dll, TestPluginCache.GetExtensionPaths: Filtered extension paths: 
TpTrace Verbose: 0 : 21400, 1, 2024/05/31, 10:17:30.514, 435434297715, vstest.console.dll, TestPluginCache.GetExtensionPaths: Added default extension paths: C:\Program Files\dotnet\sdk\8.0.300\Extensions\Microsoft.Diagnostics.NETCore.Client.dll
C:\Program Files\dotnet\sdk\8.0.300\Extensions\Microsoft.TestPlatform.Extensions.BlameDataCollector.dll
C:\Program Files\dotnet\sdk\8.0.300\Extensions\Microsoft.TestPlatform.Extensions.EventLogCollector.dll
C:\Program Files\dotnet\sdk\8.0.300\Extensions\Microsoft.TestPlatform.TestHostRuntimeProvider.dll
C:\Program Files\dotnet\sdk\8.0.300\Extensions\Microsoft.VisualStudio.TestPlatform.Extensions.Html.TestLogger.dll
C:\Program Files\dotnet\sdk\8.0.300\Extensions\Microsoft.VisualStudio.TestPlatform.Extensions.Trx.TestLogger.dll
TpTrace Verbose: 0 : 21400, 1, 2024/05/31, 10:17:30.514, 435434297991, vstest.console.dll, TestPluginCache.GetExtensionPaths: Added unfilterableExtensionPaths: 
TpTrace Verbose: 0 : 21400, 1, 2024/05/31, 10:17:30.514, 435434298307, vstest.console.dll, TestPluginCache.DiscoverTestExtensions: Discovering the extensions using allExtensionPaths: C:\Program Files\dotnet\sdk\8.0.300\Extensions\Microsoft.Diagnostics.NETCore.Client.dll
C:\Program Files\dotnet\sdk\8.0.300\Extensions\Microsoft.TestPlatform.Extensions.BlameDataCollector.dll
C:\Program Files\dotnet\sdk\8.0.300\Extensions\Microsoft.TestPlatform.Extensions.EventLogCollector.dll
C:\Program Files\dotnet\sdk\8.0.300\Extensions\Microsoft.TestPlatform.TestHostRuntimeProvider.dll
C:\Program Files\dotnet\sdk\8.0.300\Extensions\Microsoft.VisualStudio.TestPlatform.Extensions.Html.TestLogger.dll
C:\Program Files\dotnet\sdk\8.0.300\Extensions\Microsoft.VisualStudio.TestPlatform.Extensions.Trx.TestLogger.dll
TpTrace Information: 0 : 21400, 1, 2024/05/31, 10:17:30.514, 435434299228, vstest.console.dll, AssemblyResolver.AddSearchDirectories: Adding more searchDirectories C:\Program Files\dotnet\sdk\8.0.300\Extensions,C:\Program Files\dotnet\sdk\8.0.300
TpTrace Information: 0 : 21400, 1, 2024/05/31, 10:17:30.514, 435434299616, vstest.console.dll, AssemblyResolver.AddSearchDirectories: Adding more searchDirectories C:\Program Files\dotnet\sdk\8.0.300\Extensions,C:\Program Files\dotnet\sdk\8.0.300
TpTrace Information: 0 : 21400, 1, 2024/05/31, 10:17:30.514, 435434299893, vstest.console.dll, AssemblyResolver.AddSearchDirectories: Adding more searchDirectories C:\Program Files\dotnet\sdk\8.0.300\Extensions,C:\Program Files\dotnet\sdk\8.0.300
TpTrace Information: 0 : 21400, 1, 2024/05/31, 10:17:30.514, 435434300158, vstest.console.dll, AssemblyResolver.AddSearchDirectories: Adding more searchDirectories C:\Program Files\dotnet\sdk\8.0.300\Extensions,C:\Program Files\dotnet\sdk\8.0.300
TpTrace Information: 0 : 21400, 1, 2024/05/31, 10:17:30.514, 435434300427, vstest.console.dll, AssemblyResolver.AddSearchDirectories: Adding more searchDirectories C:\Program Files\dotnet\sdk\8.0.300\Extensions,C:\Program Files\dotnet\sdk\8.0.300
TpTrace Information: 0 : 21400, 1, 2024/05/31, 10:17:30.514, 435434300809, vstest.console.dll, AssemblyResolver.AddSearchDirectories: Adding more searchDirectories C:\Program Files\dotnet\sdk\8.0.300\Extensions,C:\Program Files\dotnet\sdk\8.0.300
TpTrace Verbose: 0 : 21400, 1, 2024/05/31, 10:17:30.514, 435434301839, vstest.console.dll, MetadataReaderExtensionsHelper: Discovering extensions inside assembly 'Microsoft.Diagnostics.NETCore.Client, Version=0.2.10.15101, Culture=neutral, PublicKeyToken=31bf3856ad364e35' file path 'C:\Program Files\dotnet\sdk\8.0.300\Extensions\Microsoft.Diagnostics.NETCore.Client.dll'
TpTrace Information: 0 : 21400, 1, 2024/05/31, 10:17:30.515, 435434310485, vstest.console.dll, AssemblyResolver.OnResolve: Microsoft.Bcl.AsyncInterfaces: Resolving assembly.
TpTrace Information: 0 : 21400, 1, 2024/05/31, 10:17:30.515, 435434311413, vstest.console.dll, AssemblyResolver.OnResolve: Microsoft.Bcl.AsyncInterfaces: Resolved from cache.
TpTrace Verbose: 0 : 21400, 1, 2024/05/31, 10:17:30.515, 435434311796, vstest.console.dll, CurrentDomainAssemblyResolve: Resolving assembly 'Microsoft.Bcl.AsyncInterfaces'.
TpTrace Information: 0 : 21400, 1, 2024/05/31, 10:17:30.515, 435434312271, vstest.console.dll, AssemblyResolver.OnResolve: Microsoft.Bcl.AsyncInterfaces: Resolving assembly.
TpTrace Information: 0 : 21400, 1, 2024/05/31, 10:17:30.515, 435434312570, vstest.console.dll, AssemblyResolver.OnResolve: Microsoft.Bcl.AsyncInterfaces: Resolved from cache.
TpTrace Verbose: 0 : 21400, 1, 2024/05/31, 10:17:30.515, 435434312819, vstest.console.dll, CurrentDomainAssemblyResolve: Resolving assembly 'Microsoft.Bcl.AsyncInterfaces'.
TpTrace Verbose: 0 : 21400, 1, 2024/05/31, 10:17:30.516, 435434313078, vstest.console.dll, CurrentDomainAssemblyResolve: Failed to resolve assembly 'Microsoft.Bcl.AsyncInterfaces'.
TpTrace Verbose: 0 : 21400, 1, 2024/05/31, 10:17:30.516, 435434314588, vstest.console.dll, CurrentDomainAssemblyResolve: Failed to resolve assembly 'Microsoft.Bcl.AsyncInterfaces'.
TpTrace Warning: 0 : 21400, 1, 2024/05/31, 10:17:30.516, 435434317728, vstest.console.dll, TestPluginDiscoverer: Failed to get types from assembly 'Microsoft.Diagnostics.NETCore.Client, Version=0.2.10.15101, Culture=neutral, PublicKeyToken=31bf3856ad364e35'. Error: System.Reflection.ReflectionTypeLoadException: Unable to load one or more of the requested types.
Could not load file or assembly 'Microsoft.Bcl.AsyncInterfaces, Version=6.0.0.0, Culture=neutral, PublicKeyToken=cc7b13ffcd2ddd51'. The system cannot find the file specified.
   at System.Reflection.RuntimeModule.GetTypes(RuntimeModule module)
   at System.Reflection.RuntimeModule.GetTypes()
   at Microsoft.VisualStudio.TestPlatform.Common.ExtensionFramework.TestPluginDiscoverer.GetTestExtensionsFromAssembly[TPluginInfo,TExtension](Assembly assembly, Dictionary`2 pluginInfos, String filePath) in /_/src/Microsoft.TestPlatform.Common/ExtensionFramework/TestPluginDiscoverer.cs:line 158
System.IO.FileNotFoundException: Could not load file or assembly 'Microsoft.Bcl.AsyncInterfaces, Version=6.0.0.0, Culture=neutral, PublicKeyToken=cc7b13ffcd2ddd51'. The system cannot find the file specified.
File name: 'Microsoft.Bcl.AsyncInterfaces, Version=6.0.0.0, Culture=neutral, PublicKeyToken=cc7b13ffcd2ddd51'
 ---> System.IO.FileNotFoundException: Could not load file or assembly 'Microsoft.Bcl.AsyncInterfaces, Culture=neutral, PublicKeyToken=null'. The system cannot find the file specified.
File name: 'Microsoft.Bcl.AsyncInterfaces, Culture=neutral, PublicKeyToken=null'
   at System.Reflection.RuntimeAssembly.InternalLoad(AssemblyName assemblyName, StackCrawlMark& stackMark, AssemblyLoadContext assemblyLoadContext, RuntimeAssembly requestingAssembly, Boolean throwOnFileNotFound)
   at System.Reflection.Assembly.Load(AssemblyName assemblyRef)
   at Microsoft.VisualStudio.TestPlatform.Common.ExtensionFramework.TestPluginCache.CurrentDomainAssemblyResolve(Object sender, AssemblyResolveEventArgs args) in /_/src/Microsoft.TestPlatform.Common/ExtensionFramework/TestPluginCache.cs:line 513
   at System.Runtime.Loader.AssemblyLoadContext.GetFirstResolvedAssemblyFromResolvingEvent(AssemblyName assemblyName)
   at System.Runtime.Loader.AssemblyLoadContext.ResolveUsingEvent(AssemblyName assemblyName)
   at System.Runtime.Loader.AssemblyLoadContext.ResolveUsingResolvingEvent(IntPtr gchManagedAssemblyLoadContext, AssemblyName assemblyName)
TpTrace Warning: 0 : 21400, 1, 2024/05/31, 10:17:30.516, 435434319284, vstest.console.dll, LoaderExceptions: System.IO.FileNotFoundException: Could not load file or assembly 'Microsoft.Bcl.AsyncInterfaces, Version=6.0.0.0, Culture=neutral, PublicKeyToken=cc7b13ffcd2ddd51'. The system cannot find the file specified.
File name: 'Microsoft.Bcl.AsyncInterfaces, Version=6.0.0.0, Culture=neutral, PublicKeyToken=cc7b13ffcd2ddd51'
 ---> System.IO.FileNotFoundException: Could not load file or assembly 'Microsoft.Bcl.AsyncInterfaces, Culture=neutral, PublicKeyToken=null'. The system cannot find the file specified.
File name: 'Microsoft.Bcl.AsyncInterfaces, Culture=neutral, PublicKeyToken=null'
   at System.Reflection.RuntimeAssembly.InternalLoad(AssemblyName assemblyName, StackCrawlMark& stackMark, AssemblyLoadContext assemblyLoadContext, RuntimeAssembly requestingAssembly, Boolean throwOnFileNotFound)
   at System.Reflection.Assembly.Load(AssemblyName assemblyRef)
   at Microsoft.VisualStudio.TestPlatform.Common.ExtensionFramework.TestPluginCache.CurrentDomainAssemblyResolve(Object sender, AssemblyResolveEventArgs args) in /_/src/Microsoft.TestPlatform.Common/ExtensionFramework/TestPluginCache.cs:line 513
   at System.Runtime.Loader.AssemblyLoadContext.GetFirstResolvedAssemblyFromResolvingEvent(AssemblyName assemblyName)
   at System.Runtime.Loader.AssemblyLoadContext.ResolveUsingEvent(AssemblyName assemblyName)
   at System.Runtime.Loader.AssemblyLoadContext.ResolveUsingResolvingEvent(IntPtr gchManagedAssemblyLoadContext, AssemblyName assemblyName)
TpTrace Verbose: 0 : 21400, 1, 2024/05/31, 10:17:30.516, 435434320063, vstest.console.dll, MetadataReaderExtensionsHelper: Discovering extensions inside assembly 'Microsoft.TestPlatform.Extensions.BlameDataCollector, Version=15.0.0.0, Culture=neutral, PublicKeyToken=b03f5f7f11d50a3a' file path 'C:\Program Files\dotnet\sdk\8.0.300\Extensions\Microsoft.TestPlatform.Extensions.BlameDataCollector.dll'
TpTrace Information: 0 : 21400, 1, 2024/05/31, 10:17:30.517, 435434326372, vstest.console.dll, GetTestExtensionFromType: Register extension with identifier data 'logger://Microsoft/TestPlatform/Extensions/Blame/v1' and type 'Microsoft.TestPlatform.Extensions.BlameDataCollector.BlameLogger, Microsoft.TestPlatform.Extensions.BlameDataCollector, Version=15.0.0.0, Culture=neutral, PublicKeyToken=b03f5f7f11d50a3a' inside file 'C:\Program Files\dotnet\sdk\8.0.300\Extensions\Microsoft.TestPlatform.Extensions.BlameDataCollector.dll'
TpTrace Verbose: 0 : 21400, 1, 2024/05/31, 10:17:30.517, 435434327441, vstest.console.dll, MetadataReaderExtensionsHelper: Discovering extensions inside assembly 'Microsoft.TestPlatform.Extensions.EventLogCollector, Version=15.0.0.0, Culture=neutral, PublicKeyToken=b03f5f7f11d50a3a' file path 'C:\Program Files\dotnet\sdk\8.0.300\Extensions\Microsoft.TestPlatform.Extensions.EventLogCollector.dll'
TpTrace Verbose: 0 : 21400, 1, 2024/05/31, 10:17:30.517, 435434330374, vstest.console.dll, MetadataReaderExtensionsHelper: Discovering extensions inside assembly 'Microsoft.TestPlatform.TestHostRuntimeProvider, Version=15.0.0.0, Culture=neutral, PublicKeyToken=b03f5f7f11d50a3a' file path 'C:\Program Files\dotnet\sdk\8.0.300\Extensions\Microsoft.TestPlatform.TestHostRuntimeProvider.dll'
TpTrace Verbose: 0 : 21400, 1, 2024/05/31, 10:17:30.518, 435434333642, vstest.console.dll, MetadataReaderExtensionsHelper: Discovering extensions inside assembly 'Microsoft.VisualStudio.TestPlatform.Extensions.Html.TestLogger, Version=15.0.0.0, Culture=neutral, PublicKeyToken=b03f5f7f11d50a3a' file path 'C:\Program Files\dotnet\sdk\8.0.300\Extensions\Microsoft.VisualStudio.TestPlatform.Extensions.Html.TestLogger.dll'
TpTrace Information: 0 : 21400, 1, 2024/05/31, 10:17:30.518, 435434339733, vstest.console.dll, GetTestExtensionFromType: Register extension with identifier data 'logger://Microsoft/TestPlatform/HtmlLogger/v1' and type 'Microsoft.VisualStudio.TestPlatform.Extensions.HtmlLogger.HtmlLogger, Microsoft.VisualStudio.TestPlatform.Extensions.Html.TestLogger, Version=15.0.0.0, Culture=neutral, PublicKeyToken=b03f5f7f11d50a3a' inside file 'C:\Program Files\dotnet\sdk\8.0.300\Extensions\Microsoft.VisualStudio.TestPlatform.Extensions.Html.TestLogger.dll'
TpTrace Verbose: 0 : 21400, 1, 2024/05/31, 10:17:30.518, 435434340494, vstest.console.dll, MetadataReaderExtensionsHelper: Discovering extensions inside assembly 'Microsoft.VisualStudio.TestPlatform.Extensions.Trx.TestLogger, Version=15.0.0.0, Culture=neutral, PublicKeyToken=b03f5f7f11d50a3a' file path 'C:\Program Files\dotnet\sdk\8.0.300\Extensions\Microsoft.VisualStudio.TestPlatform.Extensions.Trx.TestLogger.dll'
TpTrace Information: 0 : 21400, 1, 2024/05/31, 10:17:30.519, 435434344432, vstest.console.dll, GetTestExtensionFromType: Register extension with identifier data 'logger://Microsoft/TestPlatform/TrxLogger/v1' and type 'Microsoft.VisualStudio.TestPlatform.Extensions.TrxLogger.TrxLogger, Microsoft.VisualStudio.TestPlatform.Extensions.Trx.TestLogger, Version=15.0.0.0, Culture=neutral, PublicKeyToken=b03f5f7f11d50a3a' inside file 'C:\Program Files\dotnet\sdk\8.0.300\Extensions\Microsoft.VisualStudio.TestPlatform.Extensions.Trx.TestLogger.dll'
TpTrace Verbose: 0 : 21400, 1, 2024/05/31, 10:17:30.519, 435434345354, vstest.console.dll, TestPluginCache: Discovered the extensions using extension path ''.
TpTrace Verbose: 0 : 21400, 1, 2024/05/31, 10:17:30.519, 435434345769, vstest.console.dll, TestPluginCache: Discoverers are ''.
TpTrace Verbose: 0 : 21400, 1, 2024/05/31, 10:17:30.519, 435434346116, vstest.console.dll, TestPluginCache: Executors are ''.
TpTrace Verbose: 0 : 21400, 1, 2024/05/31, 10:17:30.519, 435434346447, vstest.console.dll, TestPluginCache: Executors2 are ''.
TpTrace Verbose: 0 : 21400, 1, 2024/05/31, 10:17:30.519, 435434346813, vstest.console.dll, TestPluginCache: Setting providers are ''.
TpTrace Verbose: 0 : 21400, 1, 2024/05/31, 10:17:30.519, 435434347911, vstest.console.dll, TestPluginCache: Loggers are 'logger://Microsoft/TestPlatform/Extensions/Blame/v1,logger://Microsoft/TestPlatform/HtmlLogger/v1,logger://Microsoft/TestPlatform/TrxLogger/v1'.
TpTrace Verbose: 0 : 21400, 1, 2024/05/31, 10:17:30.519, 435434348554, vstest.console.dll, TestPluginCache: TestHosts are 'HostProvider://DefaultTestHost,HostProvider://DotnetTestHost'.
TpTrace Verbose: 0 : 21400, 1, 2024/05/31, 10:17:30.519, 435434348876, vstest.console.dll, TestPluginCache: DataCollectors are ''.
TpTrace Information: 0 : 21400, 1, 2024/05/31, 10:17:30.520, 435434359882, vstest.console.dll, TestPluginManager.CreateTestExtension: Attempting to load test extension: Microsoft.TestPlatform.Extensions.BlameDataCollector.BlameLogger
TpTrace Verbose: 0 : 21400, 1, 2024/05/31, 10:17:30.532, 435434475240, vstest.console.dll, TestEngine: Initializing Parallel Execution as MaxCpuCount is set to: 1
TpTrace Information: 0 : 21400, 1, 2024/05/31, 10:17:30.534, 435434501727, vstest.console.dll, TestPluginManager.CreateTestExtension: Attempting to load test extension: Microsoft.VisualStudio.TestPlatform.CrossPlatEngine.Hosting.DefaultTestHostManager
TpTrace Information: 0 : 21400, 1, 2024/05/31, 10:17:30.536, 435434517867, vstest.console.dll, TestPluginManager.CreateTestExtension: Attempting to load test extension: Microsoft.VisualStudio.TestPlatform.CrossPlatEngine.Hosting.DotnetTestHostManager
TpTrace Information: 0 : 21400, 1, 2024/05/31, 10:17:30.537, 435434528411, vstest.console.dll, InferRunSettingsHelper.IsTestSettingsEnabled: Unable to navigate to RunSettings/MSTest. Current node: RunSettings
TpTrace Verbose: 0 : 21400, 1, 2024/05/31, 10:17:30.538, 435434541658, vstest.console.dll, ParallelOperationManager.ClearSlots: Clearing all slots. Slots should accept more work: True
TpTrace Verbose: 0 : 21400, 1, 2024/05/31, 10:17:30.539, 435434549162, vstest.console.dll, ParallelOperationManager.SetOccupiedSlotCount: Setting slot counts AvailableSlotCount = 1, OccupiedSlotCount = 0.
TpTrace Verbose: 0 : 21400, 1, 2024/05/31, 10:17:30.539, 435434552665, vstest.console.dll, Occupied slots:

TpTrace Verbose: 0 : 21400, 1, 2024/05/31, 10:17:30.545, 435434604865, vstest.console.dll, TestEngine.GetExecutionManager: Chosen execution manager 'Microsoft.VisualStudio.TestPlatform.CrossPlatEngine.Client.Parallel.ParallelProxyExecutionManager, Microsoft.TestPlatform.CrossPlatEngine, Version=15.0.0.0, Culture=neutral, PublicKeyToken=b03f5f7f11d50a3a' ParallelLevel '1'.
TpTrace Verbose: 0 : 21400, 1, 2024/05/31, 10:17:30.545, 435434608702, vstest.console.dll, TestRunRequest.ExecuteAsync: Creating test run request.
TpTrace Verbose: 0 : 21400, 1, 2024/05/31, 10:17:30.545, 435434612528, vstest.console.dll, TestRunRequest.ExecuteAsync: Starting.
TpTrace Information: 0 : 21400, 1, 2024/05/31, 10:17:30.547, 435434629133, vstest.console.dll, TestRunRequest.ExecuteAsync: Starting run with settings:TestRunCriteria:
   KeepAlive=False,FrequencyOfRunStatsChangeEvent=10,RunStatsChangeEventTimeout=00:00:01.5000000,TestCaseFilter=,TestExecutorLauncher=
   Settingsxml=<RunSettings>
  <RunConfiguration>
    <ResultsDirectory>C:\Users\VC\Desktop\MiniProjectLibraryManagement\LibraryManagemetSln\RepositoryTesting\bin\Debug\net8.0\fine-code-coverage\coverage-tool-output</ResultsDirectory>
    <TargetPlatform>X64</TargetPlatform>
    <TargetFrameworkVersion>.NETCoreApp,Version=v8.0</TargetFrameworkVersion>
    <DesignMode>False</DesignMode>
    <CollectSourceInformation>False</CollectSourceInformation>
  </RunConfiguration>
  <LoggerRunSettings>
    <Loggers>
      <Logger friendlyName="blame" enabled="True" />
      <Logger friendlyName="Console" uri="logger://microsoft/TestPlatform/ConsoleLogger/v1" assemblyQualifiedName="Microsoft.VisualStudio.TestPlatform.CommandLine.Internal.ConsoleLogger, vstest.console, Version=15.0.0.0, Culture=neutral, PublicKeyToken=b03f5f7f11d50a3a" codeBase="C:\Program Files\dotnet\sdk\8.0.300\vstest.console.dll" enabled="True" />
    </Loggers>
  </LoggerRunSettings>
  <DataCollectionRunSettings>
    <DataCollectors>
      <DataCollector friendlyName="blame" enabled="True">
        <Configuration>
          <ResultsDirectory>C:\Users\VC\Desktop\MiniProjectLibraryManagement\LibraryManagemetSln\RepositoryTesting\bin\Debug\net8.0\fine-code-coverage\coverage-tool-output</ResultsDirectory>
        </Configuration>
      </DataCollector>
    </DataCollectors>
  </DataCollectionRunSettings>
</RunSettings>

TpTrace Verbose: 0 : 21400, 1, 2024/05/31, 10:17:30.547, 435434630773, vstest.console.dll, TestRunRequest.ExecuteAsync: Wait for the first run request is over.
TpTrace Verbose: 0 : 21400, 1, 2024/05/31, 10:17:30.548, 435434635379, vstest.console.dll, MulticastDelegateUtilities.SafeInvoke: TestRun.TestRunStart: Invoking callbacks was skipped because there are no subscribers.
TpTrace Verbose: 0 : 21400, 4, 2024/05/31, 10:17:30.548, 435434637862, vstest.console.dll, MulticastDelegateUtilities.SafeInvoke: InternalTestLoggerEvents.SendTestRunStart: Invoking callback 1/1 for Microsoft.VisualStudio.TestPlatform.CommandLine.Internal.ConsoleLogger., took 0 ms.
TpTrace Verbose: 0 : 21400, 1, 2024/05/31, 10:17:30.550, 435434654660, vstest.console.dll, ParallelProxyExecutionManager: Start execution. Total sources: 1
TpTrace Verbose: 0 : 21400, 1, 2024/05/31, 10:17:30.550, 435434659727, vstest.console.dll, ParallelOperationManager.StartWork: Starting adding 1 workloads.
TpTrace Verbose: 0 : 21400, 1, 2024/05/31, 10:17:30.550, 435434660604, vstest.console.dll, ParallelOperationManager.ClearSlots: Clearing all slots. Slots should accept more work: True
TpTrace Verbose: 0 : 21400, 1, 2024/05/31, 10:17:30.550, 435434661555, vstest.console.dll, ParallelOperationManager.SetOccupiedSlotCount: Setting slot counts AvailableSlotCount = 1, OccupiedSlotCount = 0.
TpTrace Verbose: 0 : 21400, 1, 2024/05/31, 10:17:30.550, 435434662113, vstest.console.dll, Occupied slots:

TpTrace Verbose: 0 : 21400, 1, 2024/05/31, 10:17:30.552, 435434679440, vstest.console.dll, TestRequestSender is acting as server.
TpTrace Verbose: 0 : 21400, 1, 2024/05/31, 10:17:30.554, 435434701335, vstest.console.dll, ParallelOperationManager.RunWorkInParallel: Adding 1 workload to slot, remaining workloads 0.
TpTrace Verbose: 0 : 21400, 1, 2024/05/31, 10:17:30.554, 435434702814, vstest.console.dll, ParallelOperationManager.SetOccupiedSlotCount: Setting slot counts AvailableSlotCount = 0, OccupiedSlotCount = 1.
TpTrace Verbose: 0 : 21400, 1, 2024/05/31, 10:17:30.555, 435434704302, vstest.console.dll, Occupied slots:
0: C:\Users\VC\Desktop\MiniProjectLibraryManagement\LibraryManagemetSln\RepositoryTesting\bin\Debug\net8.0\fine-code-coverage\build-output\RepositoryTesting.dll
TpTrace Verbose: 0 : 21400, 1, 2024/05/31, 10:17:30.556, 435434717310, vstest.console.dll, ParallelOperationManager.RunWorkInParallel: Started host in slot number 0 for work (source): C:\Users\VC\Desktop\MiniProjectLibraryManagement\LibraryManagemetSln\RepositoryTesting\bin\Debug\net8.0\fine-code-coverage\build-output\RepositoryTesting.dll.
TpTrace Verbose: 0 : 21400, 1, 2024/05/31, 10:17:30.558, 435434738208, vstest.console.dll, ParallelOperationManager.RunWorkInParallel: We started 1 work items, which is the max parallel level. Won't start more work.
TpTrace Verbose: 0 : 21400, 1, 2024/05/31, 10:17:30.558, 435434739664, vstest.console.dll, ParallelOperationManager.RunWorkInParallel: We started 1 work items in here, returning True.
TpTrace Information: 0 : 21400, 1, 2024/05/31, 10:17:30.558, 435434740051, vstest.console.dll, TestRunRequest.ExecuteAsync: Started.
TpTrace Verbose: 0 : 21400, 5, 2024/05/31, 10:17:30.558, 435434738458, vstest.console.dll, ParallelProxyExecutionManager.StartTestRunOnConcurrentManager: Initializing uninitialized client. Started clients: 0
TpTrace Verbose: 0 : 21400, 5, 2024/05/31, 10:17:30.558, 435434742386, vstest.console.dll, DataCollectionRequestSender.InitializeCommunication : Initialize communication. 
TpTrace Verbose: 0 : 21400, 1, 2024/05/31, 10:17:30.559, 435434745999, vstest.console.dll, TestRunRequest.WaitForCompletion: Waiting with timeout -1.
TpTrace Information: 0 : 21400, 5, 2024/05/31, 10:17:30.570, 435434860188, vstest.console.dll, Listening on Endpoint : 127.0.0.1:53496
TpTrace Verbose: 0 : 21400, 5, 2024/05/31, 10:17:30.580, 435434955881, vstest.console.dll, DotnetDataCollectionLauncher: Adding  --runtimeconfig "C:\Program Files\dotnet\sdk\8.0.300\datacollector.runtimeconfig.json" in args
TpTrace Verbose: 0 : 21400, 5, 2024/05/31, 10:17:30.580, 435434958500, vstest.console.dll, DotnetDataCollectionLauncher: Adding  --depsfile "C:\Program Files\dotnet\sdk\8.0.300\datacollector.deps.json" in args
TpTrace Verbose: 0 : 21400, 5, 2024/05/31, 10:17:30.581, 435434968138, vstest.console.dll, DotnetDataCollectionLauncher: Full path of dotnet.exe is C:\Program Files\dotnet\dotnet.exe
TpTrace Information: 0 : 21400, 5, 2024/05/31, 10:17:30.591, 435435065604, vstest.console.dll, ProxyDataCollectionManager.Initialize: Launched datacollector processId: 5580 port: 53496
TpTrace Information: 0 : 21400, 5, 2024/05/31, 10:17:30.591, 435435067928, vstest.console.dll, ProxyDataCollectionManager.Initialize: waiting for connection with timeout: 90 seconds
TpTrace Verbose: 0 : 21400, 5, 2024/05/31, 10:17:30.591, 435435068568, vstest.console.dll, DataCollectionRequestSender.WaitForRequestHandlerConnection : Waiting for connection with timeout: 90000
TpTrace Verbose: 0 : 21400, 5, 2024/05/31, 10:17:30.906, 435438219394, vstest.console.dll, SocketCommunicationManager.WaitForClientConnection took: 314 ms, with 90000 ms timeout, and finished with True.
TpTrace Verbose: 0 : 21400, 5, 2024/05/31, 10:17:30.906, 435438222136, vstest.console.dll, ProxyDataCollectionManager.InvokeDataCollectionServiceAction: Starting.
TpTrace Information: 0 : 21400, 5, 2024/05/31, 10:17:30.907, 435438225938, vstest.console.dll, ProxyDataCollectionManager.BeforeTestRunStart: Get environment variable and port for datacollector processId: 5580 port: 53496
TpTrace Information: 0 : 21400, 7, 2024/05/31, 10:17:30.907, 435438226414, vstest.console.dll, Using the buffer size of 16384 bytes
TpTrace Information: 0 : 21400, 7, 2024/05/31, 10:17:30.907, 435438227975, vstest.console.dll, Accepted Client request and set the flag
TpTrace Verbose: 0 : 21400, 5, 2024/05/31, 10:17:30.907, 435438229111, vstest.console.dll, DataCollectionRequestSender.SendBeforeTestRunStartAndGetResult: Send BeforeTestRunStart message with settingsXml <RunSettings><RunConfiguration><ResultsDirectory>C:\Users\VC\Desktop\MiniProjectLibraryManagement\LibraryManagemetSln\RepositoryTesting\bin\Debug\net8.0\fine-code-coverage\coverage-tool-output</ResultsDirectory><TargetPlatform>X64</TargetPlatform><TargetFrameworkVersion>.NETCoreApp,Version=v8.0</TargetFrameworkVersion><DesignMode>False</DesignMode><CollectSourceInformation>False</CollectSourceInformation><TestAdaptersPaths>C:\Program Files\dotnet\sdk\8.0.300\Extensions</TestAdaptersPaths></RunConfiguration><LoggerRunSettings><Loggers><Logger friendlyName="blame" enabled="True" /><Logger friendlyName="Console" uri="logger://microsoft/TestPlatform/ConsoleLogger/v1" assemblyQualifiedName="Microsoft.VisualStudio.TestPlatform.CommandLine.Internal.ConsoleLogger, vstest.console, Version=15.0.0.0, Culture=neutral, PublicKeyToken=b03f5f7f11d50a3a" codeBase="C:\Program Files\dotnet\sdk\8.0.300\vstest.console.dll" enabled="True" /></Loggers></LoggerRunSettings><DataCollectionRunSettings><DataCollectors><DataCollector friendlyName="blame" enabled="True"><Configuration><ResultsDirectory>C:\Users\VC\Desktop\MiniProjectLibraryManagement\LibraryManagemetSln\RepositoryTesting\bin\Debug\net8.0\fine-code-coverage\coverage-tool-output</ResultsDirectory></Configuration></DataCollector></DataCollectors></DataCollectionRunSettings></RunSettings> and sources System.Collections.Generic.List`1[System.String]: 
TpTrace Verbose: 0 : 21400, 5, 2024/05/31, 10:17:31.005, 435439211769, vstest.console.dll, DataCollectionRequestSender.SendBeforeTestRunStartAndGetResult: Received message: (DataCollection.SendMessage) -> {"MessageType":"DataCollection.SendMessage","Payload":{"FriendlyName":null,"Uri":null,"TestCaseId":"00000000-0000-0000-0000-000000000000","Message":"Logging DataCollector Diagnostics in file: C:\\Users\\VC\\Desktop\\MiniProjectLibraryManagement\\LibraryManagemetSln\\RepositoryTesting\\bin\\Debug\\net8.0\\fine-code-coverage\\coverage-tool-output\\diagnostics.datacollector.24-05-31_10-17-30_57914_5.log","Level":0}}
TpTrace Verbose: 0 : 21400, 5, 2024/05/31, 10:17:31.136, 435440519328, vstest.console.dll, DataCollectionRequestSender.SendBeforeTestRunStartAndGetResult: Received message: (DataCollection.BeforeTestRunStartResult) -> {"MessageType":"DataCollection.BeforeTestRunStartResult","Payload":{"EnvironmentVariables":{},"DataCollectionEventsPort":53498}}
TpTrace Information: 0 : 21400, 5, 2024/05/31, 10:17:31.141, 435440565818, vstest.console.dll, ProxyDataCollectionManager.BeforeTestRunStart: SendBeforeTestRunStartAndGetResult successful, env variable from datacollector:   and testhost port: 53498
TpTrace Information: 0 : 21400, 5, 2024/05/31, 10:17:31.141, 435440567373, vstest.console.dll, ProxyDataCollectionManager.InvokeDataCollectionServiceAction: Completed.
TpTrace Verbose: 0 : 21400, 5, 2024/05/31, 10:17:31.141, 435440567815, vstest.console.dll, ParallelProxyExecutionManager.StartTestRunOnConcurrentManager: Initializing test run. Started clients: 0
TpTrace Verbose: 0 : 21400, 5, 2024/05/31, 10:17:31.141, 435440568723, vstest.console.dll, ProxyExecutionManager: Test host is always Lazy initialize.
TpTrace Verbose: 0 : 21400, 5, 2024/05/31, 10:17:31.141, 435440571225, vstest.console.dll, TestRequestSender.InitializeCommunication: initialize communication. 
TpTrace Information: 0 : 21400, 5, 2024/05/31, 10:17:31.142, 435440577628, vstest.console.dll, SocketServer.Start: Listening on endpoint : 127.0.0.1:53499
TpTrace Verbose: 0 : 21400, 5, 2024/05/31, 10:17:31.143, 435440586096, vstest.console.dll, DotnetTestHostmanager.GetTestHostProcessStartInfo: Platform environment 'X64' target architecture 'X64' framework '.NETCoreApp,Version=v8.0' OS 'Windows'
TpTrace Verbose: 0 : 21400, 5, 2024/05/31, 10:17:31.143, 435440588715, vstest.console.dll, DotnetTestHostmanager: Adding  --runtimeconfig "C:\Users\VC\Desktop\MiniProjectLibraryManagement\LibraryManagemetSln\RepositoryTesting\bin\Debug\net8.0\fine-code-coverage\build-output\RepositoryTesting.runtimeconfig.json" in args
TpTrace Verbose: 0 : 21400, 5, 2024/05/31, 10:17:31.143, 435440589738, vstest.console.dll, DotnetTestHostmanager: Adding  --depsfile "C:\Users\VC\Desktop\MiniProjectLibraryManagement\LibraryManagemetSln\RepositoryTesting\bin\Debug\net8.0\fine-code-coverage\build-output\RepositoryTesting.deps.json" in args
TpTrace Verbose: 0 : 21400, 5, 2024/05/31, 10:17:31.143, 435440592486, vstest.console.dll, DotnetTestHostmanager.IsWinOnArm: Current PROCESSOR_ARCHITECTURE from environment variable 'AMD64'
TpTrace Verbose: 0 : 21400, 5, 2024/05/31, 10:17:31.144, 435440593262, vstest.console.dll, DotnetTestHostmanager.IsWinOnArm: Is Windows on ARM 'False'
TpTrace Verbose: 0 : 21400, 5, 2024/05/31, 10:17:31.144, 435440594212, vstest.console.dll, DotnetTestHostManager: testhost.exe found at path: C:\Users\VC\Desktop\MiniProjectLibraryManagement\LibraryManagemetSln\RepositoryTesting\bin\Debug\net8.0\fine-code-coverage\build-output\testhost.exe
TpTrace Verbose: 0 : 21400, 5, 2024/05/31, 10:17:31.144, 435440594740, vstest.console.dll, DotnetTestHostmanager: Full path of host exe is C:\Users\VC\Desktop\MiniProjectLibraryManagement\LibraryManagemetSln\RepositoryTesting\bin\Debug\net8.0\fine-code-coverage\build-output\testhost.exe
TpTrace Verbose: 0 : 21400, 5, 2024/05/31, 10:17:31.144, 435440595989, vstest.console.dll, DotnetTestHostmanager.LaunchTestHostAsync: Found 'VSTEST_WINAPPHOST_DOTNET_ROOT' in env variables, value 'C:\Program Files\dotnet', forwarding to 'DOTNET_ROOT'
TpTrace Verbose: 0 : 21400, 5, 2024/05/31, 10:17:31.144, 435440597385, vstest.console.dll, DotnetTestHostManager: Starting process 'C:\Users\VC\Desktop\MiniProjectLibraryManagement\LibraryManagemetSln\RepositoryTesting\bin\Debug\net8.0\fine-code-coverage\build-output\testhost.exe' with command line ' --runtimeconfig "C:\Users\VC\Desktop\MiniProjectLibraryManagement\LibraryManagemetSln\RepositoryTesting\bin\Debug\net8.0\fine-code-coverage\build-output\RepositoryTesting.runtimeconfig.json" --depsfile "C:\Users\VC\Desktop\MiniProjectLibraryManagement\LibraryManagemetSln\RepositoryTesting\bin\Debug\net8.0\fine-code-coverage\build-output\RepositoryTesting.deps.json" --port 53499 --endpoint 127.0.0.1:053499 --role client --parentprocessid 21400 --diag "C:\Users\VC\Desktop\MiniProjectLibraryManagement\LibraryManagemetSln\RepositoryTesting\bin\Debug\net8.0\fine-code-coverage\coverage-tool-output\diagnostics.host.24-05-31_10-17-31_14293_5.log" --tracelevel 4 --datacollectionport 53498 --telemetryoptedin false'
TpTrace Verbose: 0 : 21400, 5, 2024/05/31, 10:17:31.150, 435440657469, vstest.console.dll, MulticastDelegateUtilities.SafeInvoke: HostProviderEvents.OnHostLaunched: Invoking callback 1/2 for Microsoft.VisualStudio.TestPlatform.CrossPlatEngine.Client.ProxyExecutionManagerWithDataCollection., took 1 ms.
TpTrace Verbose: 0 : 21400, 5, 2024/05/31, 10:17:31.150, 435440661554, vstest.console.dll, Test Runtime launched
TpTrace Verbose: 0 : 21400, 5, 2024/05/31, 10:17:31.150, 435440662642, vstest.console.dll, MulticastDelegateUtilities.SafeInvoke: HostProviderEvents.OnHostLaunched: Invoking callback 2/2 for Microsoft.VisualStudio.TestPlatform.CrossPlatEngine.Client.ProxyOperationManager., took 0 ms.
TpTrace Verbose: 0 : 21400, 5, 2024/05/31, 10:17:31.151, 435440664361, vstest.console.dll, TestRequestSender.WaitForRequestHandlerConnection: waiting for connection with timeout: 90000.
TpTrace Verbose: 0 : 21400, 7, 2024/05/31, 10:17:31.483, 435443983304, vstest.console.dll, MulticastDelegateUtilities.SafeInvoke: SocketServer: ClientConnected: Invoking callback 1/1 for Microsoft.VisualStudio.TestPlatform.CommunicationUtilities.TestRequestSender., took 0 ms.
TpTrace Verbose: 0 : 21400, 5, 2024/05/31, 10:17:31.483, 435443983304, vstest.console.dll, TestRequestSender.WaitForRequestHandlerConnection: waiting took 331 ms, with timeout 90000 ms, and result 0, which is success.
TpTrace Verbose: 0 : 21400, 7, 2024/05/31, 10:17:31.483, 435443985589, vstest.console.dll, SocketServer.OnClientConnected: Client connected for endPoint: 127.0.0.1:53499, starting MessageLoopAsync:
TpTrace Verbose: 0 : 21400, 7, 2024/05/31, 10:17:31.484, 435444000469, vstest.console.dll, TcpClientExtensions.MessageLoopAsync: Polling on remoteEndPoint: 127.0.0.1:53500 localEndPoint: 127.0.0.1:53499 after 0 ms
TpTrace Verbose: 0 : 21400, 5, 2024/05/31, 10:17:31.485, 435444012081, vstest.console.dll, TestRequestSender.CheckVersionWithTestHost: Sending check version message: {"MessageType":"ProtocolVersion","Payload":7}
TpTrace Verbose: 0 : 21400, 7, 2024/05/31, 10:17:31.650, 435445655026, vstest.console.dll, TcpClientExtensions.MessageLoopAsync: NotifyDataAvailable remoteEndPoint: 127.0.0.1:53500 localEndPoint: 127.0.0.1:53499
TpTrace Verbose: 0 : 21400, 7, 2024/05/31, 10:17:31.650, 435445658714, vstest.console.dll, TestRequestSender.CheckVersionWithTestHost: onMessageReceived received message: (ProtocolVersion) -> {"MessageType":"ProtocolVersion","Payload":7}
TpTrace Verbose: 0 : 21400, 7, 2024/05/31, 10:17:31.651, 435445667030, vstest.console.dll, MulticastDelegateUtilities.SafeInvoke: LengthPrefixCommunicationChannel: MessageReceived: Invoking callback 1/1 for Microsoft.VisualStudio.TestPlatform.CommunicationUtilities.TestRequestSender+<>c__DisplayClass29_0., took 0 ms.
TpTrace Verbose: 0 : 21400, 7, 2024/05/31, 10:17:31.651, 435445668624, vstest.console.dll, TcpClientExtensions.MessageLoopAsync: Polling on remoteEndPoint: 127.0.0.1:53500 localEndPoint: 127.0.0.1:53499 after 166 ms
TpTrace Verbose: 0 : 21400, 5, 2024/05/31, 10:17:31.651, 435445669006, vstest.console.dll, TestPluginCache.GetExtensionPaths: Filtered extension paths: 
TpTrace Verbose: 0 : 21400, 5, 2024/05/31, 10:17:31.651, 435445670764, vstest.console.dll, TestPluginCache.GetExtensionPaths: Added default extension paths: C:\Program Files\dotnet\sdk\8.0.300\Extensions\Microsoft.Diagnostics.NETCore.Client.dll
C:\Program Files\dotnet\sdk\8.0.300\Extensions\Microsoft.TestPlatform.Extensions.BlameDataCollector.dll
C:\Program Files\dotnet\sdk\8.0.300\Extensions\Microsoft.TestPlatform.Extensions.EventLogCollector.dll
C:\Program Files\dotnet\sdk\8.0.300\Extensions\Microsoft.TestPlatform.TestHostRuntimeProvider.dll
C:\Program Files\dotnet\sdk\8.0.300\Extensions\Microsoft.VisualStudio.TestPlatform.Extensions.Html.TestLogger.dll
C:\Program Files\dotnet\sdk\8.0.300\Extensions\Microsoft.VisualStudio.TestPlatform.Extensions.Trx.TestLogger.dll
TpTrace Verbose: 0 : 21400, 5, 2024/05/31, 10:17:31.651, 435445672234, vstest.console.dll, TestPluginCache.GetExtensionPaths: Added unfilterableExtensionPaths: 
TpTrace Verbose: 0 : 21400, 5, 2024/05/31, 10:17:31.657, 435445729260, vstest.console.dll, TestRequestSender.InitializeExecution: Sending initialize execution with message: {"Version":7,"MessageType":"TestExecution.Initialize","Payload":["C:\\Users\\VC\\Desktop\\MiniProjectLibraryManagement\\LibraryManagemetSln\\RepositoryTesting\\bin\\Debug\\net8.0\\fine-code-coverage\\build-output\\NUnit3.TestAdapter.dll"]}
TpTrace Verbose: 0 : 21400, 5, 2024/05/31, 10:17:31.658, 435445734577, vstest.console.dll, ParallelProxyExecutionManager.StartTestRunOnConcurrentManager: Execution starting. Started clients: 1
TpTrace Verbose: 0 : 21400, 5, 2024/05/31, 10:17:31.658, 435445737939, vstest.console.dll, TestRunRequest:SendTestRunMessage: Starting.
TpTrace Verbose: 0 : 21400, 7, 2024/05/31, 10:17:31.658, 435445738692, vstest.console.dll, TcpClientExtensions.MessageLoopAsync: NotifyDataAvailable remoteEndPoint: 127.0.0.1:53500 localEndPoint: 127.0.0.1:53499
TpTrace Verbose: 0 : 21400, 4, 2024/05/31, 10:17:31.658, 435445741118, vstest.console.dll, MulticastDelegateUtilities.SafeInvoke: InternalTestLoggerEvents.SendTestRunMessage: Invoking callback 1/1 for Microsoft.VisualStudio.TestPlatform.CommandLine.Internal.ConsoleLogger., took 0 ms.
TpTrace Verbose: 0 : 21400, 5, 2024/05/31, 10:17:31.658, 435445741473, vstest.console.dll, MulticastDelegateUtilities.SafeInvoke: TestRun.LogMessages: Invoking callback 1/1 for Microsoft.VisualStudio.TestPlatform.CommandLine.TestRunResultAggregator., took 0 ms.
TpTrace Information: 0 : 21400, 5, 2024/05/31, 10:17:31.659, 435445743308, vstest.console.dll, TestRunRequest:SendTestRunMessage: Completed.
TpTrace Warning: 0 : 21400, 5, 2024/05/31, 10:17:31.660, 435445753163, vstest.console.dll, InferRunSettingsHelper.MakeRunsettingsCompatible: Removing the following settings: TargetPlatform from RunSettings file. To use those settings please move to latest version of Microsoft.NET.Test.Sdk
TpTrace Verbose: 0 : 21400, 7, 2024/05/31, 10:17:31.661, 435445765239, vstest.console.dll, TestRequestSender.OnExecutionMessageReceived: Received message: {"Version":7,"MessageType":"TestSession.Message","Payload":{"MessageLevel":0,"Message":"Logging TestHost Diagnostics in file: C:\\Users\\VC\\Desktop\\MiniProjectLibraryManagement\\LibraryManagemetSln\\RepositoryTesting\\bin\\Debug\\net8.0\\fine-code-coverage\\coverage-tool-output\\diagnostics.host.24-05-31_10-17-31_14293_5.log"}}
TpTrace Verbose: 0 : 21400, 7, 2024/05/31, 10:17:31.665, 435445807342, vstest.console.dll, TestRunRequest:SendTestRunMessage: Starting.
TpTrace Verbose: 0 : 21400, 7, 2024/05/31, 10:17:31.665, 435445812121, vstest.console.dll, MulticastDelegateUtilities.SafeInvoke: TestRun.LogMessages: Invoking callback 1/1 for Microsoft.VisualStudio.TestPlatform.CommandLine.TestRunResultAggregator., took 0 ms.
TpTrace Verbose: 0 : 21400, 4, 2024/05/31, 10:17:31.665, 435445812434, vstest.console.dll, MulticastDelegateUtilities.SafeInvoke: InternalTestLoggerEvents.SendTestRunMessage: Invoking callback 1/1 for Microsoft.VisualStudio.TestPlatform.CommandLine.Internal.ConsoleLogger., took 0 ms.
TpTrace Information: 0 : 21400, 7, 2024/05/31, 10:17:31.666, 435445813354, vstest.console.dll, TestRunRequest:SendTestRunMessage: Completed.
TpTrace Verbose: 0 : 21400, 7, 2024/05/31, 10:17:31.666, 435445815140, vstest.console.dll, MulticastDelegateUtilities.SafeInvoke: LengthPrefixCommunicationChannel: MessageReceived: Invoking callback 1/1 for Microsoft.VisualStudio.TestPlatform.CommunicationUtilities.TestRequestSender+<>c__DisplayClass34_0., took 5 ms.
TpTrace Verbose: 0 : 21400, 7, 2024/05/31, 10:17:31.666, 435445818472, vstest.console.dll, TcpClientExtensions.MessageLoopAsync: Polling on remoteEndPoint: 127.0.0.1:53500 localEndPoint: 127.0.0.1:53499 after 14 ms
TpTrace Verbose: 0 : 21400, 5, 2024/05/31, 10:17:31.679, 435445944166, vstest.console.dll, TestRequestSender.StartTestRun: Sending test run with message: {"Version":7,"MessageType":"TestExecution.StartWithSources","Payload":{"AdapterSourceMap":{"_none_":["C:\\Users\\VC\\Desktop\\MiniProjectLibraryManagement\\LibraryManagemetSln\\RepositoryTesting\\bin\\Debug\\net8.0\\fine-code-coverage\\build-output\\RepositoryTesting.dll"]},"RunSettings":"<RunSettings>\r\n  <RunConfiguration>\r\n    <ResultsDirectory>C:\\Users\\VC\\Desktop\\MiniProjectLibraryManagement\\LibraryManagemetSln\\RepositoryTesting\\bin\\Debug\\net8.0\\fine-code-coverage\\coverage-tool-output</ResultsDirectory>\r\n    <TargetFrameworkVersion>.NETCoreApp,Version=v8.0</TargetFrameworkVersion>\r\n    <DesignMode>False</DesignMode>\r\n    <CollectSourceInformation>False</CollectSourceInformation>\r\n  </RunConfiguration>\r\n  <LoggerRunSettings>\r\n    <Loggers>\r\n      <Logger friendlyName=\"blame\" enabled=\"True\" />\r\n      <Logger friendlyName=\"Console\" uri=\"logger://microsoft/TestPlatform/ConsoleLogger/v1\" assemblyQualifiedName=\"Microsoft.VisualStudio.TestPlatform.CommandLine.Internal.ConsoleLogger, vstest.console, Version=15.0.0.0, Culture=neutral, PublicKeyToken=b03f5f7f11d50a3a\" codeBase=\"C:\\Program Files\\dotnet\\sdk\\8.0.300\\vstest.console.dll\" enabled=\"True\" />\r\n    </Loggers>\r\n  </LoggerRunSettings>\r\n  <DataCollectionRunSettings>\r\n    <DataCollectors>\r\n      <DataCollector friendlyName=\"blame\" enabled=\"True\">\r\n        <Configuration>\r\n          <ResultsDirectory>C:\\Users\\VC\\Desktop\\MiniProjectLibraryManagement\\LibraryManagemetSln\\RepositoryTesting\\bin\\Debug\\net8.0\\fine-code-coverage\\coverage-tool-output</ResultsDirectory>\r\n        </Configuration>\r\n      </DataCollector>\r\n    </DataCollectors>\r\n  </DataCollectionRunSettings>\r\n</RunSettings>","TestExecutionContext":{"FrequencyOfRunStatsChangeEvent":10,"RunStatsChangeEventTimeout":"00:00:01.5000000","InIsolation":false,"KeepAlive":false,"AreTestCaseLevelEventsRequired":false,"IsDebug":false,"TestCaseFilter":null,"FilterOptions":null},"Package":null}}
TpTrace Verbose: 0 : 21400, 5, 2024/05/31, 10:17:31.679, 435445950593, vstest.console.dll, ParallelProxyExecutionManager.StartTestRunOnConcurrentManager: Execution started. Started clients: 1
TpTrace Verbose: 0 : 21400, 7, 2024/05/31, 10:17:31.887, 435448029432, vstest.console.dll, TcpClientExtensions.MessageLoopAsync: NotifyDataAvailable remoteEndPoint: 127.0.0.1:53500 localEndPoint: 127.0.0.1:53499
TpTrace Verbose: 0 : 21400, 7, 2024/05/31, 10:17:31.887, 435448031567, vstest.console.dll, TestRequestSender.OnExecutionMessageReceived: Received message: {"Version":7,"MessageType":"TestSession.Message","Payload":{"MessageLevel":0,"Message":"NUnit Adapter 4.5.0.0: Test execution started"}}
TpTrace Verbose: 0 : 21400, 7, 2024/05/31, 10:17:31.888, 435448033412, vstest.console.dll, TestRunRequest:SendTestRunMessage: Starting.
TpTrace Verbose: 0 : 21400, 7, 2024/05/31, 10:17:31.888, 435448034258, vstest.console.dll, MulticastDelegateUtilities.SafeInvoke: TestRun.LogMessages: Invoking callback 1/1 for Microsoft.VisualStudio.TestPlatform.CommandLine.TestRunResultAggregator., took 0 ms.
TpTrace Verbose: 0 : 21400, 4, 2024/05/31, 10:17:31.888, 435448034452, vstest.console.dll, MulticastDelegateUtilities.SafeInvoke: InternalTestLoggerEvents.SendTestRunMessage: Invoking callback 1/1 for Microsoft.VisualStudio.TestPlatform.CommandLine.Internal.ConsoleLogger., took 0 ms.
TpTrace Information: 0 : 21400, 7, 2024/05/31, 10:17:31.888, 435448034798, vstest.console.dll, TestRunRequest:SendTestRunMessage: Completed.
TpTrace Verbose: 0 : 21400, 7, 2024/05/31, 10:17:31.888, 435448036521, vstest.console.dll, MulticastDelegateUtilities.SafeInvoke: LengthPrefixCommunicationChannel: MessageReceived: Invoking callback 1/1 for Microsoft.VisualStudio.TestPlatform.CommunicationUtilities.TestRequestSender+<>c__DisplayClass34_0., took 0 ms.
TpTrace Verbose: 0 : 21400, 7, 2024/05/31, 10:17:31.888, 435448037077, vstest.console.dll, TcpClientExtensions.MessageLoopAsync: Polling on remoteEndPoint: 127.0.0.1:53500 localEndPoint: 127.0.0.1:53499 after 221 ms
TpTrace Verbose: 0 : 21400, 7, 2024/05/31, 10:17:31.914, 435448293720, vstest.console.dll, TcpClientExtensions.MessageLoopAsync: NotifyDataAvailable remoteEndPoint: 127.0.0.1:53500 localEndPoint: 127.0.0.1:53499
TpTrace Verbose: 0 : 21400, 7, 2024/05/31, 10:17:31.914, 435448295715, vstest.console.dll, TestRequestSender.OnExecutionMessageReceived: Received message: {"Version":7,"MessageType":"TestSession.Message","Payload":{"MessageLevel":0,"Message":"Running all tests in C:\\Users\\VC\\Desktop\\MiniProjectLibraryManagement\\LibraryManagemetSln\\RepositoryTesting\\bin\\Debug\\net8.0\\fine-code-coverage\\build-output\\RepositoryTesting.dll"}}
TpTrace Verbose: 0 : 21400, 7, 2024/05/31, 10:17:31.914, 435448297187, vstest.console.dll, TestRunRequest:SendTestRunMessage: Starting.
TpTrace Verbose: 0 : 21400, 7, 2024/05/31, 10:17:31.914, 435448297793, vstest.console.dll, MulticastDelegateUtilities.SafeInvoke: TestRun.LogMessages: Invoking callback 1/1 for Microsoft.VisualStudio.TestPlatform.CommandLine.TestRunResultAggregator., took 0 ms.
TpTrace Information: 0 : 21400, 7, 2024/05/31, 10:17:31.914, 435448298138, vstest.console.dll, TestRunRequest:SendTestRunMessage: Completed.
TpTrace Verbose: 0 : 21400, 7, 2024/05/31, 10:17:31.914, 435448298488, vstest.console.dll, MulticastDelegateUtilities.SafeInvoke: LengthPrefixCommunicationChannel: MessageReceived: Invoking callback 1/1 for Microsoft.VisualStudio.TestPlatform.CommunicationUtilities.TestRequestSender+<>c__DisplayClass34_0., took 0 ms.
TpTrace Verbose: 0 : 21400, 4, 2024/05/31, 10:17:31.914, 435448298497, vstest.console.dll, MulticastDelegateUtilities.SafeInvoke: InternalTestLoggerEvents.SendTestRunMessage: Invoking callback 1/1 for Microsoft.VisualStudio.TestPlatform.CommandLine.Internal.ConsoleLogger., took 0 ms.
TpTrace Verbose: 0 : 21400, 7, 2024/05/31, 10:17:31.914, 435448298841, vstest.console.dll, TcpClientExtensions.MessageLoopAsync: Polling on remoteEndPoint: 127.0.0.1:53500 localEndPoint: 127.0.0.1:53499 after 26 ms
TpTrace Verbose: 0 : 21400, 7, 2024/05/31, 10:17:32.056, 435449714601, vstest.console.dll, TcpClientExtensions.MessageLoopAsync: NotifyDataAvailable remoteEndPoint: 127.0.0.1:53500 localEndPoint: 127.0.0.1:53499
TpTrace Verbose: 0 : 21400, 7, 2024/05/31, 10:17:32.056, 435449717239, vstest.console.dll, TestRequestSender.OnExecutionMessageReceived: Received message: {"Version":7,"MessageType":"TestSession.Message","Payload":{"MessageLevel":0,"Message":"   NUnit3TestExecutor discovered 80 of 80 NUnit test cases using Current Discovery mode, Non-Explicit run"}}
TpTrace Verbose: 0 : 21400, 7, 2024/05/31, 10:17:32.056, 435449719508, vstest.console.dll, TestRunRequest:SendTestRunMessage: Starting.
TpTrace Verbose: 0 : 21400, 7, 2024/05/31, 10:17:32.056, 435449720652, vstest.console.dll, MulticastDelegateUtilities.SafeInvoke: TestRun.LogMessages: Invoking callback 1/1 for Microsoft.VisualStudio.TestPlatform.CommandLine.TestRunResultAggregator., took 0 ms.
TpTrace Information: 0 : 21400, 7, 2024/05/31, 10:17:32.056, 435449721199, vstest.console.dll, TestRunRequest:SendTestRunMessage: Completed.
TpTrace Verbose: 0 : 21400, 4, 2024/05/31, 10:17:32.056, 435449721303, vstest.console.dll, MulticastDelegateUtilities.SafeInvoke: InternalTestLoggerEvents.SendTestRunMessage: Invoking callback 1/1 for Microsoft.VisualStudio.TestPlatform.CommandLine.Internal.ConsoleLogger., took 0 ms.
TpTrace Verbose: 0 : 21400, 7, 2024/05/31, 10:17:32.056, 435449721793, vstest.console.dll, MulticastDelegateUtilities.SafeInvoke: LengthPrefixCommunicationChannel: MessageReceived: Invoking callback 1/1 for Microsoft.VisualStudio.TestPlatform.CommunicationUtilities.TestRequestSender+<>c__DisplayClass34_0., took 0 ms.
TpTrace Verbose: 0 : 21400, 7, 2024/05/31, 10:17:32.057, 435449723838, vstest.console.dll, TcpClientExtensions.MessageLoopAsync: Polling on remoteEndPoint: 127.0.0.1:53500 localEndPoint: 127.0.0.1:53499 after 142 ms
TpTrace Verbose: 0 : 21400, 7, 2024/05/31, 10:17:33.070, 435459853419, vstest.console.dll, TcpClientExtensions.MessageLoopAsync: Polling on remoteEndPoint: 127.0.0.1:53500 localEndPoint: 127.0.0.1:53499 after 1012 ms
TpTrace Verbose: 0 : 21400, 7, 2024/05/31, 10:17:33.333, 435462489383, vstest.console.dll, TcpClientExtensions.MessageLoopAsync: NotifyDataAvailable remoteEndPoint: 127.0.0.1:53500 localEndPoint: 127.0.0.1:53499
TpTrace Verbose: 0 : 21400, 7, 2024/05/31, 10:17:33.333, 435462492474, vstest.console.dll, TestRequestSender.OnExecutionMessageReceived: Received message: {"Version":7,"MessageType":"TestExecution.StatsChange","Payload":{"NewTestResults":[{"TestCase":{"Id":"0493113f-102f-f896-6f87-b29e44b88c6e","FullyQualifiedName":"RepositoryTesting.AuthorRepositoryTesting.AddAuthor","DisplayName":"AddAuthor","ExecutorUri":"executor://NUnit3TestExecutor","Source":"C:\\Users\\VC\\Desktop\\MiniProjectLibraryManagement\\LibraryManagemetSln\\RepositoryTesting\\bin\\Debug\\net8.0\\fine-code-coverage\\build-output\\RepositoryTesting.dll","CodeFilePath":null,"LineNumber":0,"Properties":[{"Key":{"Id":"NUnit.Seed","Label":"Seed","Category":"","Description":"","Attributes":0,"ValueType":"System.String"},"Value":"1137836029"}]},"Attachments":[],"Outcome":1,"ErrorMessage":null,"ErrorStackTrace":null,"DisplayName":"AddAuthor","Messages":[],"ComputerName":"794GBX3","Duration":"00:00:01.0229400","StartTime":"2024-05-31T04:47:32.0850972+00:00","EndTime":"2024-05-31T04:47:33.1079432+00:00","Properties":[{"Key":{"Id":"NUnit.Seed","Label":"Seed","Category":"","Description":"","Attributes":0,"ValueType":"System.String"},"Value":"1137836029"}]},{"TestCase":{"Id":"f2e8b7a3-85b1-6c2d-6047-779442f29653","FullyQualifiedName":"RepositoryTesting.AuthorRepositoryTesting.DeleteAuthor","DisplayName":"DeleteAuthor","ExecutorUri":"executor://NUnit3TestExecutor","Source":"C:\\Users\\VC\\Desktop\\MiniProjectLibraryManagement\\LibraryManagemetSln\\RepositoryTesting\\bin\\Debug\\net8.0\\fine-code-coverage\\build-output\\RepositoryTesting.dll","CodeFilePath":null,"LineNumber":0,"Properties":[{"Key":{"Id":"NUnit.Seed","Label":"Seed","Category":"","Description":"","Attributes":0,"ValueType":"System.String"},"Value":"1618865257"}]},"Attachments":[],"Outcome":1,"ErrorMessage":null,"ErrorStackTrace":null,"DisplayName":"DeleteAuthor","Messages":[],"ComputerName":"794GBX3","Duration":"00:00:00.0621700","StartTime":"2024-05-31T04:47:33.1096244+00:00","EndTime":"2024-05-31T04:47:33.1717938+00:00","Properties":[{"Key":{"Id":"NUnit.Seed","Label":"Seed","Category":"","Description":"","Attributes":0,"ValueType":"System.String"},"Value":"1618865257"}]}],"TestRunStatistics":{"ExecutedTests":2,"Stats":{"Passed":2}},"ActiveTests":[{"Id":"8eb66b15-cdac-5772-0294-072c52cfe9d5","FullyQualifiedName":"RepositoryTesting.AuthorRepositoryTesting.DeleteAuthorThrowsEntityNotFoundException","DisplayName":"DeleteAuthorThrowsEntityNotFoundException","ExecutorUri":"executor://NUnit3TestExecutor","Source":"C:\\Users\\VC\\Desktop\\MiniProjectLibraryManagement\\LibraryManagemetSln\\RepositoryTesting\\bin\\Debug\\net8.0\\fine-code-coverage\\build-output\\RepositoryTesting.dll","CodeFilePath":null,"LineNumber":0,"Properties":[{"Key":{"Id":"NUnit.Seed","Label":"Seed","Category":"","Description":"","Attributes":0,"ValueType":"System.String"},"Value":"30134716"}]}]}}
TpTrace Verbose: 0 : 21400, 7, 2024/05/31, 10:17:33.374, 435462897652, vstest.console.dll, TestRunRequest:SendTestRunStatsChange: Starting.
TpTrace Verbose: 0 : 21400, 7, 2024/05/31, 10:17:33.374, 435462900543, vstest.console.dll, InProgress is DeleteAuthorThrowsEntityNotFoundException
TpTrace Verbose: 0 : 21400, 7, 2024/05/31, 10:17:33.375, 435462903875, vstest.console.dll, MulticastDelegateUtilities.SafeInvoke: TestRun.RunStatsChanged: Invoking callbacks was skipped because there are no subscribers.
TpTrace Information: 0 : 21400, 7, 2024/05/31, 10:17:33.375, 435462904517, vstest.console.dll, TestRunRequest:SendTestRunStatsChange: Completed.
TpTrace Verbose: 0 : 21400, 7, 2024/05/31, 10:17:33.375, 435462905084, vstest.console.dll, MulticastDelegateUtilities.SafeInvoke: LengthPrefixCommunicationChannel: MessageReceived: Invoking callback 1/1 for Microsoft.VisualStudio.TestPlatform.CommunicationUtilities.TestRequestSender+<>c__DisplayClass34_0., took 41 ms.
TpTrace Verbose: 0 : 21400, 7, 2024/05/31, 10:17:33.375, 435462905676, vstest.console.dll, TcpClientExtensions.MessageLoopAsync: Polling on remoteEndPoint: 127.0.0.1:53500 localEndPoint: 127.0.0.1:53499 after 305 ms
TpTrace Verbose: 0 : 21400, 4, 2024/05/31, 10:17:33.378, 435462941800, vstest.console.dll, MulticastDelegateUtilities.SafeInvoke: InternalTestLoggerEvents.SendTestResult: Invoking callback 1/1 for Microsoft.VisualStudio.TestPlatform.CommandLine.Internal.ConsoleLogger., took 3 ms.
TpTrace Verbose: 0 : 21400, 4, 2024/05/31, 10:17:33.379, 435462948565, vstest.console.dll, MulticastDelegateUtilities.SafeInvoke: InternalTestLoggerEvents.SendTestResult: Invoking callback 1/1 for Microsoft.VisualStudio.TestPlatform.CommandLine.Internal.ConsoleLogger., took 0 ms.
TpTrace Verbose: 0 : 21400, 7, 2024/05/31, 10:17:33.690, 435466053105, vstest.console.dll, TcpClientExtensions.MessageLoopAsync: NotifyDataAvailable remoteEndPoint: 127.0.0.1:53500 localEndPoint: 127.0.0.1:53499
TpTrace Verbose: 0 : 21400, 7, 2024/05/31, 10:17:33.691, 435466063773, vstest.console.dll, TestRequestSender.OnExecutionMessageReceived: Received message: {"Version":7,"MessageType":"TestExecution.StatsChange","Payload":{"NewTestResults":[{"TestCase":{"Id":"8eb66b15-cdac-5772-0294-072c52cfe9d5","FullyQualifiedName":"RepositoryTesting.AuthorRepositoryTesting.DeleteAuthorThrowsEntityNotFoundException","DisplayName":"DeleteAuthorThrowsEntityNotFoundException","ExecutorUri":"executor://NUnit3TestExecutor","Source":"C:\\Users\\VC\\Desktop\\MiniProjectLibraryManagement\\LibraryManagemetSln\\RepositoryTesting\\bin\\Debug\\net8.0\\fine-code-coverage\\build-output\\RepositoryTesting.dll","CodeFilePath":null,"LineNumber":0,"Properties":[{"Key":{"Id":"NUnit.Seed","Label":"Seed","Category":"","Description":"","Attributes":0,"ValueType":"System.String"},"Value":"30134716"}]},"Attachments":[],"Outcome":1,"ErrorMessage":null,"ErrorStackTrace":null,"DisplayName":"DeleteAuthorThrowsEntityNotFoundException","Messages":[],"ComputerName":"794GBX3","Duration":"00:00:00.1903500","StartTime":"2024-05-31T04:47:33.1718981+00:00","EndTime":"2024-05-31T04:47:33.3622475+00:00","Properties":[{"Key":{"Id":"NUnit.Seed","Label":"Seed","Category":"","Description":"","Attributes":0,"ValueType":"System.String"},"Value":"30134716"}]},{"TestCase":{"Id":"27773ee9-4d7d-9162-1428-142c6ae9a90f","FullyQualifiedName":"RepositoryTesting.AuthorRepositoryTesting.GetAllAuthors","DisplayName":"GetAllAuthors","ExecutorUri":"executor://NUnit3TestExecutor","Source":"C:\\Users\\VC\\Desktop\\MiniProjectLibraryManagement\\LibraryManagemetSln\\RepositoryTesting\\bin\\Debug\\net8.0\\fine-code-coverage\\build-output\\RepositoryTesting.dll","CodeFilePath":null,"LineNumber":0,"Properties":[{"Key":{"Id":"NUnit.Seed","Label":"Seed","Category":"","Description":"","Attributes":0,"ValueType":"System.String"},"Value":"583948746"}]},"Attachments":[],"Outcome":1,"ErrorMessage":null,"ErrorStackTrace":null,"DisplayName":"GetAllAuthors","Messages":[],"ComputerName":"794GBX3","Duration":"00:00:00.0269580","StartTime":"2024-05-31T04:47:33.3623481+00:00","EndTime":"2024-05-31T04:47:33.3893053+00:00","Properties":[{"Key":{"Id":"NUnit.Seed","Label":"Seed","Category":"","Description":"","Attributes":0,"ValueType":"System.String"},"Value":"583948746"}]},{"TestCase":{"Id":"2a1d30c7-dea9-dfa2-b72d-0359f64a6e97","FullyQualifiedName":"RepositoryTesting.AuthorRepositoryTesting.GetAuthorById","DisplayName":"GetAuthorById","ExecutorUri":"executor://NUnit3TestExecutor","Source":"C:\\Users\\VC\\Desktop\\MiniProjectLibraryManagement\\LibraryManagemetSln\\RepositoryTesting\\bin\\Debug\\net8.0\\fine-code-coverage\\build-output\\RepositoryTesting.dll","CodeFilePath":null,"LineNumber":0,"Properties":[{"Key":{"Id":"NUnit.Seed","Label":"Seed","Category":"","Description":"","Attributes":0,"ValueType":"System.String"},"Value":"1613930117"}]},"Attachments":[],"Outcome":1,"ErrorMessage":null,"ErrorStackTrace":null,"DisplayName":"GetAuthorById","Messages":[],"ComputerName":"794GBX3","Duration":"00:00:00.0019490","StartTime":"2024-05-31T04:47:33.3893446+00:00","EndTime":"2024-05-31T04:47:33.3912932+00:00","Properties":[{"Key":{"Id":"NUnit.Seed","Label":"Seed","Category":"","Description":"","Attributes":0,"ValueType":"System.String"},"Value":"1613930117"}]},{"TestCase":{"Id":"6ff5aa85-e312-e407-805f-52fc84e4f240","FullyQualifiedName":"RepositoryTesting.AuthorRepositoryTesting.GetAuthorByIdThrowsEntityNotFoundException","DisplayName":"GetAuthorByIdThrowsEntityNotFoundException","ExecutorUri":"executor://NUnit3TestExecutor","Source":"C:\\Users\\VC\\Desktop\\MiniProjectLibraryManagement\\LibraryManagemetSln\\RepositoryTesting\\bin\\Debug\\net8.0\\fine-code-coverage\\build-output\\RepositoryTesting.dll","CodeFilePath":null,"LineNumber":0,"Properties":[{"Key":{"Id":"NUnit.Seed","Label":"Seed","Category":"","Description":"","Attributes":0,"ValueType":"System.String"},"Value":"768021020"}]},"Attachments":[],"Outcome":1,"ErrorMessage":null,"ErrorStackTrace":null,"DisplayName":"GetAuthorByIdThrowsEntityNotFoundException","Messages":[],"ComputerName":"794GBX3","Duration":"00:00:00.0068010","StartTime":"2024-05-31T04:47:33.3913322+00:00","EndTime":"2024-05-31T04:47:33.3981333+00:00","Properties":[{"Key":{"Id":"NUnit.Seed","Label":"Seed","Category":"","Description":"","Attributes":0,"ValueType":"System.String"},"Value":"768021020"}]},{"TestCase":{"Id":"8d332a33-5fd3-282d-b2ba-ec4d910b582c","FullyQualifiedName":"RepositoryTesting.AuthorRepositoryTesting.GetAuthorByName","DisplayName":"GetAuthorByName","ExecutorUri":"executor://NUnit3TestExecutor","Source":"C:\\Users\\VC\\Desktop\\MiniProjectLibraryManagement\\LibraryManagemetSln\\RepositoryTesting\\bin\\Debug\\net8.0\\fine-code-coverage\\build-output\\RepositoryTesting.dll","CodeFilePath":null,"LineNumber":0,"Properties":[{"Key":{"Id":"NUnit.Seed","Label":"Seed","Category":"","Description":"","Attributes":0,"ValueType":"System.String"},"Value":"1680798048"}]},"Attachments":[],"Outcome":1,"ErrorMessage":null,"ErrorStackTrace":null,"DisplayName":"GetAuthorByName","Messages":[],"ComputerName":"794GBX3","Duration":"00:00:00.0168750","StartTime":"2024-05-31T04:47:33.3981678+00:00","EndTime":"2024-05-31T04:47:33.4150422+00:00","Properties":[{"Key":{"Id":"NUnit.Seed","Label":"Seed","Category":"","Description":"","Attributes":0,"ValueType":"System.String"},"Value":"1680798048"}]},{"TestCase":{"Id":"69f34c1a-80f4-4be9-089a-573978c26993","FullyQualifiedName":"RepositoryTesting.AuthorRepositoryTesting.GetAuthorByNameThrowsEntityNotFoundException","DisplayName":"GetAuthorByNameThrowsEntityNotFoundException","ExecutorUri":"executor://NUnit3TestExecutor","Source":"C:\\Users\\VC\\Desktop\\MiniProjectLibraryManagement\\LibraryManagemetSln\\RepositoryTesting\\bin\\Debug\\net8.0\\fine-code-coverage\\build-output\\RepositoryTesting.dll","CodeFilePath":null,"LineNumber":0,"Properties":[{"Key":{"Id":"NUnit.Seed","Label":"Seed","Category":"","Description":"","Attributes":0,"ValueType":"System.String"},"Value":"956054464"}]},"Attachments":[],"Outcome":1,"ErrorMessage":null,"ErrorStackTrace":null,"DisplayName":"GetAuthorByNameThrowsEntityNotFoundException","Messages":[],"ComputerName":"794GBX3","Duration":"00:00:00.0031230","StartTime":"2024-05-31T04:47:33.4150901+00:00","EndTime":"2024-05-31T04:47:33.418213+00:00","Properties":[{"Key":{"Id":"NUnit.Seed","Label":"Seed","Category":"","Description":"","Attributes":0,"ValueType":"System.String"},"Value":"956054464"}]},{"TestCase":{"Id":"d6cf311b-ab3d-39ef-0a3c-1af85c33d617","FullyQualifiedName":"RepositoryTesting.AuthorRepositoryTesting.UpdateAuthor","DisplayName":"UpdateAuthor","ExecutorUri":"executor://NUnit3TestExecutor","Source":"C:\\Users\\VC\\Desktop\\MiniProjectLibraryManagement\\LibraryManagemetSln\\RepositoryTesting\\bin\\Debug\\net8.0\\fine-code-coverage\\build-output\\RepositoryTesting.dll","CodeFilePath":null,"LineNumber":0,"Properties":[{"Key":{"Id":"NUnit.Seed","Label":"Seed","Category":"","Description":"","Attributes":0,"ValueType":"System.String"},"Value":"1805847136"}]},"Attachments":[],"Outcome":1,"ErrorMessage":null,"ErrorStackTrace":null,"DisplayName":"UpdateAuthor","Messages":[],"ComputerName":"794GBX3","Duration":"00:00:00.0098110","StartTime":"2024-05-31T04:47:33.4182462+00:00","EndTime":"2024-05-31T04:47:33.4280562+00:00","Properties":[{"Key":{"Id":"NUnit.Seed","Label":"Seed","Category":"","Description":"","Attributes":0,"ValueType":"System.String"},"Value":"1805847136"}]},{"TestCase":{"Id":"c01653c3-5f43-2b8c-949c-e2c39437136a","FullyQualifiedName":"RepositoryTesting.AuthorRepositoryTesting.UpdateAuthorThrowsEntityNotFoundException","DisplayName":"UpdateAuthorThrowsEntityNotFoundException","ExecutorUri":"executor://NUnit3TestExecutor","Source":"C:\\Users\\VC\\Desktop\\MiniProjectLibraryManagement\\LibraryManagemetSln\\RepositoryTesting\\bin\\Debug\\net8.0\\fine-code-coverage\\build-output\\RepositoryTesting.dll","CodeFilePath":null,"LineNumber":0,"Properties":[{"Key":{"Id":"NUnit.Seed","Label":"Seed","Category":"","Description":"","Attributes":0,"ValueType":"System.String"},"Value":"1846984428"}]},"Attachments":[],"Outcome":1,"ErrorMessage":null,"ErrorStackTrace":null,"DisplayName":"UpdateAuthorThrowsEntityNotFoundException","Messages":[],"ComputerName":"794GBX3","Duration":"00:00:00.0082730","StartTime":"2024-05-31T04:47:33.4281019+00:00","EndTime":"2024-05-31T04:47:33.4363743+00:00","Properties":[{"Key":{"Id":"NUnit.Seed","Label":"Seed","Category":"","Description":"","Attributes":0,"ValueType":"System.String"},"Value":"1846984428"}]},{"TestCase":{"Id":"5ea58d06-82d7-b434-e475-47bf1118a32b","FullyQualifiedName":"RepositoryTesting.BorrowRepositoryTest.AddBorrowed","DisplayName":"AddBorrowed","ExecutorUri":"executor://NUnit3TestExecutor","Source":"C:\\Users\\VC\\Desktop\\MiniProjectLibraryManagement\\LibraryManagemetSln\\RepositoryTesting\\bin\\Debug\\net8.0\\fine-code-coverage\\build-output\\RepositoryTesting.dll","CodeFilePath":null,"LineNumber":0,"Properties":[{"Key":{"Id":"NUnit.Seed","Label":"Seed","Category":"","Description":"","Attributes":0,"ValueType":"System.String"},"Value":"663762420"}]},"Attachments":[],"Outcome":1,"ErrorMessage":null,"ErrorStackTrace":null,"DisplayName":"AddBorrowed","Messages":[],"ComputerName":"794GBX3","Duration":"00:00:00.2424050","StartTime":"2024-05-31T04:47:33.4404851+00:00","EndTime":"2024-05-31T04:47:33.6828892+00:00","Properties":[{"Key":{"Id":"NUnit.Seed","Label":"Seed","Category":"","Description":"","Attributes":0,"ValueType":"System.String"},"Value":"663762420"}]}],"TestRunStatistics":{"ExecutedTests":11,"Stats":{"Passed":11}},"ActiveTests":[{"Id":"ef325b6d-7e70-d7d4-3da7-3b9cc674dd49","FullyQualifiedName":"RepositoryTesting.BorrowRepositoryTest.DeleteBorrowed","DisplayName":"DeleteBorrowed","ExecutorUri":"executor://NUnit3TestExecutor","Source":"C:\\Users\\VC\\Desktop\\MiniProjectLibraryManagement\\LibraryManagemetSln\\RepositoryTesting\\bin\\Debug\\net8.0\\fine-code-coverage\\build-output\\RepositoryTesting.dll","CodeFilePath":null,"LineNumber":0,"Properties":[{"Key":{"Id":"NUnit.Seed","Label":"Seed","Category":"","Description":"","Attributes":0,"ValueType":"System.String"},"Value":"2057871090"}]}]}}
TpTrace Verbose: 0 : 21400, 7, 2024/05/31, 10:17:33.694, 435466100689, vstest.console.dll, TestRunRequest:SendTestRunStatsChange: Starting.
TpTrace Verbose: 0 : 21400, 7, 2024/05/31, 10:17:33.694, 435466102403, vstest.console.dll, InProgress is DeleteBorrowed
TpTrace Verbose: 0 : 21400, 7, 2024/05/31, 10:17:33.695, 435466103608, vstest.console.dll, MulticastDelegateUtilities.SafeInvoke: TestRun.RunStatsChanged: Invoking callbacks was skipped because there are no subscribers.
TpTrace Information: 0 : 21400, 7, 2024/05/31, 10:17:33.695, 435466104207, vstest.console.dll, TestRunRequest:SendTestRunStatsChange: Completed.
TpTrace Verbose: 0 : 21400, 7, 2024/05/31, 10:17:33.695, 435466104758, vstest.console.dll, MulticastDelegateUtilities.SafeInvoke: LengthPrefixCommunicationChannel: MessageReceived: Invoking callback 1/1 for Microsoft.VisualStudio.TestPlatform.CommunicationUtilities.TestRequestSender+<>c__DisplayClass34_0., took 4 ms.
TpTrace Verbose: 0 : 21400, 7, 2024/05/31, 10:17:33.695, 435466105300, vstest.console.dll, TcpClientExtensions.MessageLoopAsync: Polling on remoteEndPoint: 127.0.0.1:53500 localEndPoint: 127.0.0.1:53499 after 319 ms
TpTrace Verbose: 0 : 21400, 4, 2024/05/31, 10:17:33.695, 435466107068, vstest.console.dll, MulticastDelegateUtilities.SafeInvoke: InternalTestLoggerEvents.SendTestResult: Invoking callback 1/1 for Microsoft.VisualStudio.TestPlatform.CommandLine.Internal.ConsoleLogger., took 0 ms.
TpTrace Verbose: 0 : 21400, 4, 2024/05/31, 10:17:33.695, 435466108081, vstest.console.dll, MulticastDelegateUtilities.SafeInvoke: InternalTestLoggerEvents.SendTestResult: Invoking callback 1/1 for Microsoft.VisualStudio.TestPlatform.CommandLine.Internal.ConsoleLogger., took 0 ms.
TpTrace Verbose: 0 : 21400, 4, 2024/05/31, 10:17:33.695, 435466108839, vstest.console.dll, MulticastDelegateUtilities.SafeInvoke: InternalTestLoggerEvents.SendTestResult: Invoking callback 1/1 for Microsoft.VisualStudio.TestPlatform.CommandLine.Internal.ConsoleLogger., took 0 ms.
TpTrace Verbose: 0 : 21400, 4, 2024/05/31, 10:17:33.695, 435466109981, vstest.console.dll, MulticastDelegateUtilities.SafeInvoke: InternalTestLoggerEvents.SendTestResult: Invoking callback 1/1 for Microsoft.VisualStudio.TestPlatform.CommandLine.Internal.ConsoleLogger., took 0 ms.
TpTrace Verbose: 0 : 21400, 4, 2024/05/31, 10:17:33.696, 435466114169, vstest.console.dll, MulticastDelegateUtilities.SafeInvoke: InternalTestLoggerEvents.SendTestResult: Invoking callback 1/1 for Microsoft.VisualStudio.TestPlatform.CommandLine.Internal.ConsoleLogger., took 0 ms.
TpTrace Verbose: 0 : 21400, 4, 2024/05/31, 10:17:33.696, 435466117296, vstest.console.dll, MulticastDelegateUtilities.SafeInvoke: InternalTestLoggerEvents.SendTestResult: Invoking callback 1/1 for Microsoft.VisualStudio.TestPlatform.CommandLine.Internal.ConsoleLogger., took 0 ms.
TpTrace Verbose: 0 : 21400, 4, 2024/05/31, 10:17:33.696, 435466120311, vstest.console.dll, MulticastDelegateUtilities.SafeInvoke: InternalTestLoggerEvents.SendTestResult: Invoking callback 1/1 for Microsoft.VisualStudio.TestPlatform.CommandLine.Internal.ConsoleLogger., took 0 ms.
TpTrace Verbose: 0 : 21400, 4, 2024/05/31, 10:17:33.696, 435466121149, vstest.console.dll, MulticastDelegateUtilities.SafeInvoke: InternalTestLoggerEvents.SendTestResult: Invoking callback 1/1 for Microsoft.VisualStudio.TestPlatform.CommandLine.Internal.ConsoleLogger., took 0 ms.
TpTrace Verbose: 0 : 21400, 4, 2024/05/31, 10:17:33.696, 435466121768, vstest.console.dll, MulticastDelegateUtilities.SafeInvoke: InternalTestLoggerEvents.SendTestResult: Invoking callback 1/1 for Microsoft.VisualStudio.TestPlatform.CommandLine.Internal.ConsoleLogger., took 0 ms.
TpTrace Verbose: 0 : 21400, 7, 2024/05/31, 10:17:33.768, 435466834299, vstest.console.dll, TcpClientExtensions.MessageLoopAsync: NotifyDataAvailable remoteEndPoint: 127.0.0.1:53500 localEndPoint: 127.0.0.1:53499
TpTrace Verbose: 0 : 21400, 7, 2024/05/31, 10:17:33.768, 435466838546, vstest.console.dll, TestRequestSender.OnExecutionMessageReceived: Received message: {"Version":7,"MessageType":"TestExecution.StatsChange","Payload":{"NewTestResults":[{"TestCase":{"Id":"ef325b6d-7e70-d7d4-3da7-3b9cc674dd49","FullyQualifiedName":"RepositoryTesting.BorrowRepositoryTest.DeleteBorrowed","DisplayName":"DeleteBorrowed","ExecutorUri":"executor://NUnit3TestExecutor","Source":"C:\\Users\\VC\\Desktop\\MiniProjectLibraryManagement\\LibraryManagemetSln\\RepositoryTesting\\bin\\Debug\\net8.0\\fine-code-coverage\\build-output\\RepositoryTesting.dll","CodeFilePath":null,"LineNumber":0,"Properties":[{"Key":{"Id":"NUnit.Seed","Label":"Seed","Category":"","Description":"","Attributes":0,"ValueType":"System.String"},"Value":"2057871090"}]},"Attachments":[],"Outcome":1,"ErrorMessage":null,"ErrorStackTrace":null,"DisplayName":"DeleteBorrowed","Messages":[],"ComputerName":"794GBX3","Duration":"00:00:00.0073320","StartTime":"2024-05-31T04:47:33.6829584+00:00","EndTime":"2024-05-31T04:47:33.6902901+00:00","Properties":[{"Key":{"Id":"NUnit.Seed","Label":"Seed","Category":"","Description":"","Attributes":0,"ValueType":"System.String"},"Value":"2057871090"}]},{"TestCase":{"Id":"9636549a-d275-cbca-662a-f897da0ec375","FullyQualifiedName":"RepositoryTesting.BorrowRepositoryTest.DeleteBorrowedExcetion","DisplayName":"DeleteBorrowedExcetion","ExecutorUri":"executor://NUnit3TestExecutor","Source":"C:\\Users\\VC\\Desktop\\MiniProjectLibraryManagement\\LibraryManagemetSln\\RepositoryTesting\\bin\\Debug\\net8.0\\fine-code-coverage\\build-output\\RepositoryTesting.dll","CodeFilePath":null,"LineNumber":0,"Properties":[{"Key":{"Id":"NUnit.Seed","Label":"Seed","Category":"","Description":"","Attributes":0,"ValueType":"System.String"},"Value":"1481639514"}]},"Attachments":[],"Outcome":1,"ErrorMessage":null,"ErrorStackTrace":null,"DisplayName":"DeleteBorrowedExcetion","Messages":[],"ComputerName":"794GBX3","Duration":"00:00:00.0198290","StartTime":"2024-05-31T04:47:33.6903292+00:00","EndTime":"2024-05-31T04:47:33.7101578+00:00","Properties":[{"Key":{"Id":"NUnit.Seed","Label":"Seed","Category":"","Description":"","Attributes":0,"ValueType":"System.String"},"Value":"1481639514"}]},{"TestCase":{"Id":"a08f6f9e-4cc3-fb34-8361-2f3a86c836a1","FullyQualifiedName":"RepositoryTesting.BorrowRepositoryTest.GetAllBorrowedByDate","DisplayName":"GetAllBorrowedByDate","ExecutorUri":"executor://NUnit3TestExecutor","Source":"C:\\Users\\VC\\Desktop\\MiniProjectLibraryManagement\\LibraryManagemetSln\\RepositoryTesting\\bin\\Debug\\net8.0\\fine-code-coverage\\build-output\\RepositoryTesting.dll","CodeFilePath":null,"LineNumber":0,"Properties":[{"Key":{"Id":"NUnit.Seed","Label":"Seed","Category":"","Description":"","Attributes":0,"ValueType":"System.String"},"Value":"883858685"}]},"Attachments":[],"Outcome":1,"ErrorMessage":null,"ErrorStackTrace":null,"DisplayName":"GetAllBorrowedByDate","Messages":[],"ComputerName":"794GBX3","Duration":"00:00:00.0182930","StartTime":"2024-05-31T04:47:33.7102174+00:00","EndTime":"2024-05-31T04:47:33.7285098+00:00","Properties":[{"Key":{"Id":"NUnit.Seed","Label":"Seed","Category":"","Description":"","Attributes":0,"ValueType":"System.String"},"Value":"883858685"}]},{"TestCase":{"Id":"b4ffcf73-b3dd-43a8-4e3f-d7cbeefd9125","FullyQualifiedName":"RepositoryTesting.BorrowRepositoryTest.GetBorrowedById","DisplayName":"GetBorrowedById","ExecutorUri":"executor://NUnit3TestExecutor","Source":"C:\\Users\\VC\\Desktop\\MiniProjectLibraryManagement\\LibraryManagemetSln\\RepositoryTesting\\bin\\Debug\\net8.0\\fine-code-coverage\\build-output\\RepositoryTesting.dll","CodeFilePath":null,"LineNumber":0,"Properties":[{"Key":{"Id":"NUnit.Seed","Label":"Seed","Category":"","Description":"","Attributes":0,"ValueType":"System.String"},"Value":"317694089"}]},"Attachments":[],"Outcome":1,"ErrorMessage":null,"ErrorStackTrace":null,"DisplayName":"GetBorrowedById","Messages":[],"ComputerName":"794GBX3","Duration":"00:00:00.0025110","StartTime":"2024-05-31T04:47:33.7285615+00:00","EndTime":"2024-05-31T04:47:33.7310722+00:00","Properties":[{"Key":{"Id":"NUnit.Seed","Label":"Seed","Category":"","Description":"","Attributes":0,"ValueType":"System.String"},"Value":"317694089"}]},{"TestCase":{"Id":"0d78560d-236a-896c-b011-2404f6a1c086","FullyQualifiedName":"RepositoryTesting.BorrowRepositoryTest.UpdateBorrowed","DisplayName":"UpdateBorrowed","ExecutorUri":"executor://NUnit3TestExecutor","Source":"C:\\Users\\VC\\Desktop\\MiniProjectLibraryManagement\\LibraryManagemetSln\\RepositoryTesting\\bin\\Debug\\net8.0\\fine-code-coverage\\build-output\\RepositoryTesting.dll","CodeFilePath":null,"LineNumber":0,"Properties":[{"Key":{"Id":"NUnit.Seed","Label":"Seed","Category":"","Description":"","Attributes":0,"ValueType":"System.String"},"Value":"989950568"}]},"Attachments":[],"Outcome":1,"ErrorMessage":null,"ErrorStackTrace":null,"DisplayName":"UpdateBorrowed","Messages":[],"ComputerName":"794GBX3","Duration":"00:00:00.0050890","StartTime":"2024-05-31T04:47:33.7310985+00:00","EndTime":"2024-05-31T04:47:33.7361869+00:00","Properties":[{"Key":{"Id":"NUnit.Seed","Label":"Seed","Category":"","Description":"","Attributes":0,"ValueType":"System.String"},"Value":"989950568"}]},{"TestCase":{"Id":"8b602377-0e1d-6a2c-0827-d1bdddd90407","FullyQualifiedName":"RepositoryTesting.CardRespositoryTesting.AddCard","DisplayName":"AddCard","ExecutorUri":"executor://NUnit3TestExecutor","Source":"C:\\Users\\VC\\Desktop\\MiniProjectLibraryManagement\\LibraryManagemetSln\\RepositoryTesting\\bin\\Debug\\net8.0\\fine-code-coverage\\build-output\\RepositoryTesting.dll","CodeFilePath":null,"LineNumber":0,"Properties":[{"Key":{"Id":"NUnit.Seed","Label":"Seed","Category":"","Description":"","Attributes":0,"ValueType":"System.String"},"Value":"1393195687"}]},"Attachments":[],"Outcome":1,"ErrorMessage":null,"ErrorStackTrace":null,"DisplayName":"AddCard","Messages":[],"ComputerName":"794GBX3","Duration":"00:00:00.0126800","StartTime":"2024-05-31T04:47:33.7366054+00:00","EndTime":"2024-05-31T04:47:33.7492845+00:00","Properties":[{"Key":{"Id":"NUnit.Seed","Label":"Seed","Category":"","Description":"","Attributes":0,"ValueType":"System.String"},"Value":"1393195687"}]},{"TestCase":{"Id":"b65a4f06-9455-86f9-99e6-42f8bf1beed6","FullyQualifiedName":"RepositoryTesting.CardRespositoryTesting.DeleteCard","DisplayName":"DeleteCard","ExecutorUri":"executor://NUnit3TestExecutor","Source":"C:\\Users\\VC\\Desktop\\MiniProjectLibraryManagement\\LibraryManagemetSln\\RepositoryTesting\\bin\\Debug\\net8.0\\fine-code-coverage\\build-output\\RepositoryTesting.dll","CodeFilePath":null,"LineNumber":0,"Properties":[{"Key":{"Id":"NUnit.Seed","Label":"Seed","Category":"","Description":"","Attributes":0,"ValueType":"System.String"},"Value":"1879362992"}]},"Attachments":[],"Outcome":1,"ErrorMessage":null,"ErrorStackTrace":null,"DisplayName":"DeleteCard","Messages":[],"ComputerName":"794GBX3","Duration":"00:00:00.0026189","StartTime":"2024-05-31T04:47:33.7493277+00:00","EndTime":"2024-05-31T04:47:33.7519469+00:00","Properties":[{"Key":{"Id":"NUnit.Seed","Label":"Seed","Category":"","Description":"","Attributes":0,"ValueType":"System.String"},"Value":"1879362992"}]},{"TestCase":{"Id":"6cfa7618-f799-fa34-ca2c-8ff194321e33","FullyQualifiedName":"RepositoryTesting.CardRespositoryTesting.DeleteCardThrowsNotFoundException","DisplayName":"DeleteCardThrowsNotFoundException","ExecutorUri":"executor://NUnit3TestExecutor","Source":"C:\\Users\\VC\\Desktop\\MiniProjectLibraryManagement\\LibraryManagemetSln\\RepositoryTesting\\bin\\Debug\\net8.0\\fine-code-coverage\\build-output\\RepositoryTesting.dll","CodeFilePath":null,"LineNumber":0,"Properties":[{"Key":{"Id":"NUnit.Seed","Label":"Seed","Category":"","Description":"","Attributes":0,"ValueType":"System.String"},"Value":"323508086"}]},"Attachments":[],"Outcome":1,"ErrorMessage":null,"ErrorStackTrace":null,"DisplayName":"DeleteCardThrowsNotFoundException","Messages":[],"ComputerName":"794GBX3","Duration":"00:00:00.0069760","StartTime":"2024-05-31T04:47:33.7519759+00:00","EndTime":"2024-05-31T04:47:33.7589511+00:00","Properties":[{"Key":{"Id":"NUnit.Seed","Label":"Seed","Category":"","Description":"","Attributes":0,"ValueType":"System.String"},"Value":"323508086"}]},{"TestCase":{"Id":"4b3b60f4-1174-d6f0-008f-c85e6af5c2e0","FullyQualifiedName":"RepositoryTesting.CardRespositoryTesting.GetAllCards","DisplayName":"GetAllCards","ExecutorUri":"executor://NUnit3TestExecutor","Source":"C:\\Users\\VC\\Desktop\\MiniProjectLibraryManagement\\LibraryManagemetSln\\RepositoryTesting\\bin\\Debug\\net8.0\\fine-code-coverage\\build-output\\RepositoryTesting.dll","CodeFilePath":null,"LineNumber":0,"Properties":[{"Key":{"Id":"NUnit.Seed","Label":"Seed","Category":"","Description":"","Attributes":0,"ValueType":"System.String"},"Value":"1310503308"}]},"Attachments":[],"Outcome":1,"ErrorMessage":null,"ErrorStackTrace":null,"DisplayName":"GetAllCards","Messages":[],"ComputerName":"794GBX3","Duration":"00:00:00.0056680","StartTime":"2024-05-31T04:47:33.7589903+00:00","EndTime":"2024-05-31T04:47:33.7646586+00:00","Properties":[{"Key":{"Id":"NUnit.Seed","Label":"Seed","Category":"","Description":"","Attributes":0,"ValueType":"System.String"},"Value":"1310503308"}]}],"TestRunStatistics":{"ExecutedTests":20,"Stats":{"Passed":20}},"ActiveTests":[{"Id":"618e8ce0-f045-4eef-591d-031ff3ec1b42","FullyQualifiedName":"RepositoryTesting.CardRespositoryTesting.GetCardById","DisplayName":"GetCardById","ExecutorUri":"executor://NUnit3TestExecutor","Source":"C:\\Users\\VC\\Desktop\\MiniProjectLibraryManagement\\LibraryManagemetSln\\RepositoryTesting\\bin\\Debug\\net8.0\\fine-code-coverage\\build-output\\RepositoryTesting.dll","CodeFilePath":null,"LineNumber":0,"Properties":[{"Key":{"Id":"NUnit.Seed","Label":"Seed","Category":"","Description":"","Attributes":0,"ValueType":"System.String"},"Value":"249253641"}]}]}}
TpTrace Verbose: 0 : 21400, 7, 2024/05/31, 10:17:33.770, 435466853995, vstest.console.dll, TestRunRequest:SendTestRunStatsChange: Starting.
TpTrace Verbose: 0 : 21400, 7, 2024/05/31, 10:17:33.770, 435466855001, vstest.console.dll, InProgress is GetCardById
TpTrace Verbose: 0 : 21400, 7, 2024/05/31, 10:17:33.770, 435466855725, vstest.console.dll, MulticastDelegateUtilities.SafeInvoke: TestRun.RunStatsChanged: Invoking callbacks was skipped because there are no subscribers.
TpTrace Information: 0 : 21400, 7, 2024/05/31, 10:17:33.770, 435466856042, vstest.console.dll, TestRunRequest:SendTestRunStatsChange: Completed.
TpTrace Verbose: 0 : 21400, 7, 2024/05/31, 10:17:33.770, 435466856454, vstest.console.dll, MulticastDelegateUtilities.SafeInvoke: LengthPrefixCommunicationChannel: MessageReceived: Invoking callback 1/1 for Microsoft.VisualStudio.TestPlatform.CommunicationUtilities.TestRequestSender+<>c__DisplayClass34_0., took 1 ms.
TpTrace Verbose: 0 : 21400, 4, 2024/05/31, 10:17:33.770, 435466856814, vstest.console.dll, MulticastDelegateUtilities.SafeInvoke: InternalTestLoggerEvents.SendTestResult: Invoking callback 1/1 for Microsoft.VisualStudio.TestPlatform.CommandLine.Internal.ConsoleLogger., took 0 ms.
TpTrace Verbose: 0 : 21400, 7, 2024/05/31, 10:17:33.770, 435466856983, vstest.console.dll, TcpClientExtensions.MessageLoopAsync: Polling on remoteEndPoint: 127.0.0.1:53500 localEndPoint: 127.0.0.1:53499 after 75 ms
TpTrace Verbose: 0 : 21400, 4, 2024/05/31, 10:17:33.770, 435466857942, vstest.console.dll, MulticastDelegateUtilities.SafeInvoke: InternalTestLoggerEvents.SendTestResult: Invoking callback 1/1 for Microsoft.VisualStudio.TestPlatform.CommandLine.Internal.ConsoleLogger., took 0 ms.
TpTrace Verbose: 0 : 21400, 4, 2024/05/31, 10:17:33.770, 435466859189, vstest.console.dll, MulticastDelegateUtilities.SafeInvoke: InternalTestLoggerEvents.SendTestResult: Invoking callback 1/1 for Microsoft.VisualStudio.TestPlatform.CommandLine.Internal.ConsoleLogger., took 0 ms.
TpTrace Verbose: 0 : 21400, 4, 2024/05/31, 10:17:33.770, 435466859630, vstest.console.dll, MulticastDelegateUtilities.SafeInvoke: InternalTestLoggerEvents.SendTestResult: Invoking callback 1/1 for Microsoft.VisualStudio.TestPlatform.CommandLine.Internal.ConsoleLogger., took 0 ms.
TpTrace Verbose: 0 : 21400, 4, 2024/05/31, 10:17:33.770, 435466860016, vstest.console.dll, MulticastDelegateUtilities.SafeInvoke: InternalTestLoggerEvents.SendTestResult: Invoking callback 1/1 for Microsoft.VisualStudio.TestPlatform.CommandLine.Internal.ConsoleLogger., took 0 ms.
TpTrace Verbose: 0 : 21400, 4, 2024/05/31, 10:17:33.770, 435466860424, vstest.console.dll, MulticastDelegateUtilities.SafeInvoke: InternalTestLoggerEvents.SendTestResult: Invoking callback 1/1 for Microsoft.VisualStudio.TestPlatform.CommandLine.Internal.ConsoleLogger., took 0 ms.
TpTrace Verbose: 0 : 21400, 4, 2024/05/31, 10:17:33.770, 435466860842, vstest.console.dll, MulticastDelegateUtilities.SafeInvoke: InternalTestLoggerEvents.SendTestResult: Invoking callback 1/1 for Microsoft.VisualStudio.TestPlatform.CommandLine.Internal.ConsoleLogger., took 0 ms.
TpTrace Verbose: 0 : 21400, 4, 2024/05/31, 10:17:33.770, 435466861267, vstest.console.dll, MulticastDelegateUtilities.SafeInvoke: InternalTestLoggerEvents.SendTestResult: Invoking callback 1/1 for Microsoft.VisualStudio.TestPlatform.CommandLine.Internal.ConsoleLogger., took 0 ms.
TpTrace Verbose: 0 : 21400, 4, 2024/05/31, 10:17:33.771, 435466872051, vstest.console.dll, MulticastDelegateUtilities.SafeInvoke: InternalTestLoggerEvents.SendTestResult: Invoking callback 1/1 for Microsoft.VisualStudio.TestPlatform.CommandLine.Internal.ConsoleLogger., took 1 ms.
TpTrace Verbose: 0 : 21400, 7, 2024/05/31, 10:17:33.807, 435467225539, vstest.console.dll, TcpClientExtensions.MessageLoopAsync: NotifyDataAvailable remoteEndPoint: 127.0.0.1:53500 localEndPoint: 127.0.0.1:53499
TpTrace Verbose: 0 : 21400, 7, 2024/05/31, 10:17:33.807, 435467230038, vstest.console.dll, TestRequestSender.OnExecutionMessageReceived: Received message: {"Version":7,"MessageType":"TestExecution.StatsChange","Payload":{"NewTestResults":[{"TestCase":{"Id":"618e8ce0-f045-4eef-591d-031ff3ec1b42","FullyQualifiedName":"RepositoryTesting.CardRespositoryTesting.GetCardById","DisplayName":"GetCardById","ExecutorUri":"executor://NUnit3TestExecutor","Source":"C:\\Users\\VC\\Desktop\\MiniProjectLibraryManagement\\LibraryManagemetSln\\RepositoryTesting\\bin\\Debug\\net8.0\\fine-code-coverage\\build-output\\RepositoryTesting.dll","CodeFilePath":null,"LineNumber":0,"Properties":[{"Key":{"Id":"NUnit.Seed","Label":"Seed","Category":"","Description":"","Attributes":0,"ValueType":"System.String"},"Value":"249253641"}]},"Attachments":[],"Outcome":1,"ErrorMessage":null,"ErrorStackTrace":null,"DisplayName":"GetCardById","Messages":[],"ComputerName":"794GBX3","Duration":"00:00:00.0021150","StartTime":"2024-05-31T04:47:33.7647119+00:00","EndTime":"2024-05-31T04:47:33.7668269+00:00","Properties":[{"Key":{"Id":"NUnit.Seed","Label":"Seed","Category":"","Description":"","Attributes":0,"ValueType":"System.String"},"Value":"249253641"}]},{"TestCase":{"Id":"3cfeeb3f-6fd3-01c0-e6b7-0edc995c7020","FullyQualifiedName":"RepositoryTesting.CardRespositoryTesting.UpdateCard","DisplayName":"UpdateCard","ExecutorUri":"executor://NUnit3TestExecutor","Source":"C:\\Users\\VC\\Desktop\\MiniProjectLibraryManagement\\LibraryManagemetSln\\RepositoryTesting\\bin\\Debug\\net8.0\\fine-code-coverage\\build-output\\RepositoryTesting.dll","CodeFilePath":null,"LineNumber":0,"Properties":[{"Key":{"Id":"NUnit.Seed","Label":"Seed","Category":"","Description":"","Attributes":0,"ValueType":"System.String"},"Value":"408016759"}]},"Attachments":[],"Outcome":1,"ErrorMessage":null,"ErrorStackTrace":null,"DisplayName":"UpdateCard","Messages":[],"ComputerName":"794GBX3","Duration":"00:00:00.0017020","StartTime":"2024-05-31T04:47:33.7668629+00:00","EndTime":"2024-05-31T04:47:33.7685648+00:00","Properties":[{"Key":{"Id":"NUnit.Seed","Label":"Seed","Category":"","Description":"","Attributes":0,"ValueType":"System.String"},"Value":"408016759"}]},{"TestCase":{"Id":"20032cc8-bc55-938d-32fa-8ffe14e0ff53","FullyQualifiedName":"RepositoryTesting.CategoryReposotiryTest.AddCategory","DisplayName":"AddCategory","ExecutorUri":"executor://NUnit3TestExecutor","Source":"C:\\Users\\VC\\Desktop\\MiniProjectLibraryManagement\\LibraryManagemetSln\\RepositoryTesting\\bin\\Debug\\net8.0\\fine-code-coverage\\build-output\\RepositoryTesting.dll","CodeFilePath":null,"LineNumber":0,"Properties":[{"Key":{"Id":"NUnit.Seed","Label":"Seed","Category":"","Description":"","Attributes":0,"ValueType":"System.String"},"Value":"922939175"}]},"Attachments":[],"Outcome":1,"ErrorMessage":null,"ErrorStackTrace":null,"DisplayName":"AddCategory","Messages":[],"ComputerName":"794GBX3","Duration":"00:00:00.0072500","StartTime":"2024-05-31T04:47:33.7688666+00:00","EndTime":"2024-05-31T04:47:33.7761159+00:00","Properties":[{"Key":{"Id":"NUnit.Seed","Label":"Seed","Category":"","Description":"","Attributes":0,"ValueType":"System.String"},"Value":"922939175"}]},{"TestCase":{"Id":"4b09224f-ab47-a22c-7cf0-7cc89d5f1405","FullyQualifiedName":"RepositoryTesting.CategoryReposotiryTest.DeleteCardThrowsEntityNotFondExcetion","DisplayName":"DeleteCardThrowsEntityNotFondExcetion","ExecutorUri":"executor://NUnit3TestExecutor","Source":"C:\\Users\\VC\\Desktop\\MiniProjectLibraryManagement\\LibraryManagemetSln\\RepositoryTesting\\bin\\Debug\\net8.0\\fine-code-coverage\\build-output\\RepositoryTesting.dll","CodeFilePath":null,"LineNumber":0,"Properties":[{"Key":{"Id":"NUnit.Seed","Label":"Seed","Category":"","Description":"","Attributes":0,"ValueType":"System.String"},"Value":"193739509"}]},"Attachments":[],"Outcome":1,"ErrorMessage":null,"ErrorStackTrace":null,"DisplayName":"DeleteCardThrowsEntityNotFondExcetion","Messages":[],"ComputerName":"794GBX3","Duration":"00:00:00.0084710","StartTime":"2024-05-31T04:47:33.7761516+00:00","EndTime":"2024-05-31T04:47:33.7846224+00:00","Properties":[{"Key":{"Id":"NUnit.Seed","Label":"Seed","Category":"","Description":"","Attributes":0,"ValueType":"System.String"},"Value":"193739509"}]},{"TestCase":{"Id":"48925311-6aae-0b5d-cda6-891bc83cd9ad","FullyQualifiedName":"RepositoryTesting.CategoryReposotiryTest.DeleteCategory","DisplayName":"DeleteCategory","ExecutorUri":"executor://NUnit3TestExecutor","Source":"C:\\Users\\VC\\Desktop\\MiniProjectLibraryManagement\\LibraryManagemetSln\\RepositoryTesting\\bin\\Debug\\net8.0\\fine-code-coverage\\build-output\\RepositoryTesting.dll","CodeFilePath":null,"LineNumber":0,"Properties":[{"Key":{"Id":"NUnit.Seed","Label":"Seed","Category":"","Description":"","Attributes":0,"ValueType":"System.String"},"Value":"325204794"}]},"Attachments":[],"Outcome":1,"ErrorMessage":null,"ErrorStackTrace":null,"DisplayName":"DeleteCategory","Messages":[],"ComputerName":"794GBX3","Duration":"00:00:00.0019330","StartTime":"2024-05-31T04:47:33.7846578+00:00","EndTime":"2024-05-31T04:47:33.78659+00:00","Properties":[{"Key":{"Id":"NUnit.Seed","Label":"Seed","Category":"","Description":"","Attributes":0,"ValueType":"System.String"},"Value":"325204794"}]},{"TestCase":{"Id":"9d4935dc-09dd-9ee7-4c80-a20b8bda6b3d","FullyQualifiedName":"RepositoryTesting.CategoryReposotiryTest.GetAllCategories","DisplayName":"GetAllCategories","ExecutorUri":"executor://NUnit3TestExecutor","Source":"C:\\Users\\VC\\Desktop\\MiniProjectLibraryManagement\\LibraryManagemetSln\\RepositoryTesting\\bin\\Debug\\net8.0\\fine-code-coverage\\build-output\\RepositoryTesting.dll","CodeFilePath":null,"LineNumber":0,"Properties":[{"Key":{"Id":"NUnit.Seed","Label":"Seed","Category":"","Description":"","Attributes":0,"ValueType":"System.String"},"Value":"89850737"}]},"Attachments":[],"Outcome":1,"ErrorMessage":null,"ErrorStackTrace":null,"DisplayName":"GetAllCategories","Messages":[],"ComputerName":"794GBX3","Duration":"00:00:00.0048730","StartTime":"2024-05-31T04:47:33.7866316+00:00","EndTime":"2024-05-31T04:47:33.7915041+00:00","Properties":[{"Key":{"Id":"NUnit.Seed","Label":"Seed","Category":"","Description":"","Attributes":0,"ValueType":"System.String"},"Value":"89850737"}]},{"TestCase":{"Id":"dbb2aef8-1291-0b4b-06fd-c6fee4a0fdb6","FullyQualifiedName":"RepositoryTesting.CategoryReposotiryTest.GetCategoryById","DisplayName":"GetCategoryById","ExecutorUri":"executor://NUnit3TestExecutor","Source":"C:\\Users\\VC\\Desktop\\MiniProjectLibraryManagement\\LibraryManagemetSln\\RepositoryTesting\\bin\\Debug\\net8.0\\fine-code-coverage\\build-output\\RepositoryTesting.dll","CodeFilePath":null,"LineNumber":0,"Properties":[{"Key":{"Id":"NUnit.Seed","Label":"Seed","Category":"","Description":"","Attributes":0,"ValueType":"System.String"},"Value":"960857628"}]},"Attachments":[],"Outcome":1,"ErrorMessage":null,"ErrorStackTrace":null,"DisplayName":"GetCategoryById","Messages":[],"ComputerName":"794GBX3","Duration":"00:00:00.0013550","StartTime":"2024-05-31T04:47:33.7915307+00:00","EndTime":"2024-05-31T04:47:33.7928858+00:00","Properties":[{"Key":{"Id":"NUnit.Seed","Label":"Seed","Category":"","Description":"","Attributes":0,"ValueType":"System.String"},"Value":"960857628"}]},{"TestCase":{"Id":"1e606cee-d21f-0a4c-0514-0bd6fbfc9b2b","FullyQualifiedName":"RepositoryTesting.CategoryReposotiryTest.GetCategoryByName","DisplayName":"GetCategoryByName","ExecutorUri":"executor://NUnit3TestExecutor","Source":"C:\\Users\\VC\\Desktop\\MiniProjectLibraryManagement\\LibraryManagemetSln\\RepositoryTesting\\bin\\Debug\\net8.0\\fine-code-coverage\\build-output\\RepositoryTesting.dll","CodeFilePath":null,"LineNumber":0,"Properties":[{"Key":{"Id":"NUnit.Seed","Label":"Seed","Category":"","Description":"","Attributes":0,"ValueType":"System.String"},"Value":"833727741"}]},"Attachments":[],"Outcome":1,"ErrorMessage":null,"ErrorStackTrace":null,"DisplayName":"GetCategoryByName","Messages":[],"ComputerName":"794GBX3","Duration":"00:00:00.0074020","StartTime":"2024-05-31T04:47:33.7929164+00:00","EndTime":"2024-05-31T04:47:33.8003175+00:00","Properties":[{"Key":{"Id":"NUnit.Seed","Label":"Seed","Category":"","Description":"","Attributes":0,"ValueType":"System.String"},"Value":"833727741"}]},{"TestCase":{"Id":"d604b2a5-cf09-8d34-e146-610b92846f2c","FullyQualifiedName":"RepositoryTesting.CategoryReposotiryTest.GetCategoryByNameEntityNotFoundException","DisplayName":"GetCategoryByNameEntityNotFoundException","ExecutorUri":"executor://NUnit3TestExecutor","Source":"C:\\Users\\VC\\Desktop\\MiniProjectLibraryManagement\\LibraryManagemetSln\\RepositoryTesting\\bin\\Debug\\net8.0\\fine-code-coverage\\build-output\\RepositoryTesting.dll","CodeFilePath":null,"LineNumber":0,"Properties":[{"Key":{"Id":"NUnit.Seed","Label":"Seed","Category":"","Description":"","Attributes":0,"ValueType":"System.String"},"Value":"40892889"}]},"Attachments":[],"Outcome":1,"ErrorMessage":null,"ErrorStackTrace":null,"DisplayName":"GetCategoryByNameEntityNotFoundException","Messages":[],"ComputerName":"794GBX3","Duration":"00:00:00.0018410","StartTime":"2024-05-31T04:47:33.8003553+00:00","EndTime":"2024-05-31T04:47:33.8021957+00:00","Properties":[{"Key":{"Id":"NUnit.Seed","Label":"Seed","Category":"","Description":"","Attributes":0,"ValueType":"System.String"},"Value":"40892889"}]}],"TestRunStatistics":{"ExecutedTests":29,"Stats":{"Passed":29}},"ActiveTests":[{"Id":"e7dc72fb-cf54-183d-88d1-02db3821a9cd","FullyQualifiedName":"RepositoryTesting.CategoryReposotiryTest.UpdateCategory","DisplayName":"UpdateCategory","ExecutorUri":"executor://NUnit3TestExecutor","Source":"C:\\Users\\VC\\Desktop\\MiniProjectLibraryManagement\\LibraryManagemetSln\\RepositoryTesting\\bin\\Debug\\net8.0\\fine-code-coverage\\build-output\\RepositoryTesting.dll","CodeFilePath":null,"LineNumber":0,"Properties":[{"Key":{"Id":"NUnit.Seed","Label":"Seed","Category":"","Description":"","Attributes":0,"ValueType":"System.String"},"Value":"129602083"}]}]}}
TpTrace Verbose: 0 : 21400, 7, 2024/05/31, 10:17:33.809, 435467248937, vstest.console.dll, TestRunRequest:SendTestRunStatsChange: Starting.
TpTrace Verbose: 0 : 21400, 7, 2024/05/31, 10:17:33.809, 435467250788, vstest.console.dll, InProgress is UpdateCategory
TpTrace Verbose: 0 : 21400, 7, 2024/05/31, 10:17:33.809, 435467251769, vstest.console.dll, MulticastDelegateUtilities.SafeInvoke: TestRun.RunStatsChanged: Invoking callbacks was skipped because there are no subscribers.
TpTrace Information: 0 : 21400, 7, 2024/05/31, 10:17:33.809, 435467252840, vstest.console.dll, TestRunRequest:SendTestRunStatsChange: Completed.
TpTrace Verbose: 0 : 21400, 4, 2024/05/31, 10:17:33.810, 435467253378, vstest.console.dll, MulticastDelegateUtilities.SafeInvoke: InternalTestLoggerEvents.SendTestResult: Invoking callback 1/1 for Microsoft.VisualStudio.TestPlatform.CommandLine.Internal.ConsoleLogger., took 0 ms.
TpTrace Verbose: 0 : 21400, 7, 2024/05/31, 10:17:33.810, 435467253983, vstest.console.dll, MulticastDelegateUtilities.SafeInvoke: LengthPrefixCommunicationChannel: MessageReceived: Invoking callback 1/1 for Microsoft.VisualStudio.TestPlatform.CommunicationUtilities.TestRequestSender+<>c__DisplayClass34_0., took 2 ms.
TpTrace Verbose: 0 : 21400, 4, 2024/05/31, 10:17:33.810, 435467255178, vstest.console.dll, MulticastDelegateUtilities.SafeInvoke: InternalTestLoggerEvents.SendTestResult: Invoking callback 1/1 for Microsoft.VisualStudio.TestPlatform.CommandLine.Internal.ConsoleLogger., took 0 ms.
TpTrace Verbose: 0 : 21400, 7, 2024/05/31, 10:17:33.810, 435467255515, vstest.console.dll, TcpClientExtensions.MessageLoopAsync: Polling on remoteEndPoint: 127.0.0.1:53500 localEndPoint: 127.0.0.1:53499 after 39 ms
TpTrace Verbose: 0 : 21400, 4, 2024/05/31, 10:17:33.810, 435467256380, vstest.console.dll, MulticastDelegateUtilities.SafeInvoke: InternalTestLoggerEvents.SendTestResult: Invoking callback 1/1 for Microsoft.VisualStudio.TestPlatform.CommandLine.Internal.ConsoleLogger., took 0 ms.
TpTrace Verbose: 0 : 21400, 4, 2024/05/31, 10:17:33.810, 435467257522, vstest.console.dll, MulticastDelegateUtilities.SafeInvoke: InternalTestLoggerEvents.SendTestResult: Invoking callback 1/1 for Microsoft.VisualStudio.TestPlatform.CommandLine.Internal.ConsoleLogger., took 0 ms.
TpTrace Verbose: 0 : 21400, 4, 2024/05/31, 10:17:33.810, 435467258285, vstest.console.dll, MulticastDelegateUtilities.SafeInvoke: InternalTestLoggerEvents.SendTestResult: Invoking callback 1/1 for Microsoft.VisualStudio.TestPlatform.CommandLine.Internal.ConsoleLogger., took 0 ms.
TpTrace Verbose: 0 : 21400, 4, 2024/05/31, 10:17:33.810, 435467258953, vstest.console.dll, MulticastDelegateUtilities.SafeInvoke: InternalTestLoggerEvents.SendTestResult: Invoking callback 1/1 for Microsoft.VisualStudio.TestPlatform.CommandLine.Internal.ConsoleLogger., took 0 ms.
TpTrace Verbose: 0 : 21400, 4, 2024/05/31, 10:17:33.810, 435467259593, vstest.console.dll, MulticastDelegateUtilities.SafeInvoke: InternalTestLoggerEvents.SendTestResult: Invoking callback 1/1 for Microsoft.VisualStudio.TestPlatform.CommandLine.Internal.ConsoleLogger., took 0 ms.
TpTrace Verbose: 0 : 21400, 4, 2024/05/31, 10:17:33.810, 435467260350, vstest.console.dll, MulticastDelegateUtilities.SafeInvoke: InternalTestLoggerEvents.SendTestResult: Invoking callback 1/1 for Microsoft.VisualStudio.TestPlatform.CommandLine.Internal.ConsoleLogger., took 0 ms.
TpTrace Verbose: 0 : 21400, 4, 2024/05/31, 10:17:33.810, 435467261072, vstest.console.dll, MulticastDelegateUtilities.SafeInvoke: InternalTestLoggerEvents.SendTestResult: Invoking callback 1/1 for Microsoft.VisualStudio.TestPlatform.CommandLine.Internal.ConsoleLogger., took 0 ms.
TpTrace Verbose: 0 : 21400, 7, 2024/05/31, 10:17:33.863, 435467783250, vstest.console.dll, TcpClientExtensions.MessageLoopAsync: NotifyDataAvailable remoteEndPoint: 127.0.0.1:53500 localEndPoint: 127.0.0.1:53499
TpTrace Verbose: 0 : 21400, 7, 2024/05/31, 10:17:33.863, 435467786808, vstest.console.dll, TestRequestSender.OnExecutionMessageReceived: Received message: {"Version":7,"MessageType":"TestExecution.StatsChange","Payload":{"NewTestResults":[{"TestCase":{"Id":"e7dc72fb-cf54-183d-88d1-02db3821a9cd","FullyQualifiedName":"RepositoryTesting.CategoryReposotiryTest.UpdateCategory","DisplayName":"UpdateCategory","ExecutorUri":"executor://NUnit3TestExecutor","Source":"C:\\Users\\VC\\Desktop\\MiniProjectLibraryManagement\\LibraryManagemetSln\\RepositoryTesting\\bin\\Debug\\net8.0\\fine-code-coverage\\build-output\\RepositoryTesting.dll","CodeFilePath":null,"LineNumber":0,"Properties":[{"Key":{"Id":"NUnit.Seed","Label":"Seed","Category":"","Description":"","Attributes":0,"ValueType":"System.String"},"Value":"129602083"}]},"Attachments":[],"Outcome":1,"ErrorMessage":null,"ErrorStackTrace":null,"DisplayName":"UpdateCategory","Messages":[],"ComputerName":"794GBX3","Duration":"00:00:00.0013250","StartTime":"2024-05-31T04:47:33.8022226+00:00","EndTime":"2024-05-31T04:47:33.8035477+00:00","Properties":[{"Key":{"Id":"NUnit.Seed","Label":"Seed","Category":"","Description":"","Attributes":0,"ValueType":"System.String"},"Value":"129602083"}]},{"TestCase":{"Id":"2cbec824-1783-7c27-0b2b-ede2a182ae47","FullyQualifiedName":"RepositoryTesting.PaymentRepositoryTest.AddPayment","DisplayName":"AddPayment","ExecutorUri":"executor://NUnit3TestExecutor","Source":"C:\\Users\\VC\\Desktop\\MiniProjectLibraryManagement\\LibraryManagemetSln\\RepositoryTesting\\bin\\Debug\\net8.0\\fine-code-coverage\\build-output\\RepositoryTesting.dll","CodeFilePath":null,"LineNumber":0,"Properties":[{"Key":{"Id":"NUnit.Seed","Label":"Seed","Category":"","Description":"","Attributes":0,"ValueType":"System.String"},"Value":"2012946594"}]},"Attachments":[],"Outcome":1,"ErrorMessage":null,"ErrorStackTrace":null,"DisplayName":"AddPayment","Messages":[],"ComputerName":"794GBX3","Duration":"00:00:00.0222570","StartTime":"2024-05-31T04:47:33.8037337+00:00","EndTime":"2024-05-31T04:47:33.82599+00:00","Properties":[{"Key":{"Id":"NUnit.Seed","Label":"Seed","Category":"","Description":"","Attributes":0,"ValueType":"System.String"},"Value":"2012946594"}]},{"TestCase":{"Id":"f9a94f54-631f-7682-29e6-c5973821b654","FullyQualifiedName":"RepositoryTesting.PaymentRepositoryTest.DeletePayment","DisplayName":"DeletePayment","ExecutorUri":"executor://NUnit3TestExecutor","Source":"C:\\Users\\VC\\Desktop\\MiniProjectLibraryManagement\\LibraryManagemetSln\\RepositoryTesting\\bin\\Debug\\net8.0\\fine-code-coverage\\build-output\\RepositoryTesting.dll","CodeFilePath":null,"LineNumber":0,"Properties":[{"Key":{"Id":"NUnit.Seed","Label":"Seed","Category":"","Description":"","Attributes":0,"ValueType":"System.String"},"Value":"487001829"}]},"Attachments":[],"Outcome":1,"ErrorMessage":null,"ErrorStackTrace":null,"DisplayName":"DeletePayment","Messages":[],"ComputerName":"794GBX3","Duration":"00:00:00.0102450","StartTime":"2024-05-31T04:47:33.8260265+00:00","EndTime":"2024-05-31T04:47:33.8362707+00:00","Properties":[{"Key":{"Id":"NUnit.Seed","Label":"Seed","Category":"","Description":"","Attributes":0,"ValueType":"System.String"},"Value":"487001829"}]},{"TestCase":{"Id":"951b362d-aa60-3a38-ad1a-66598f168a9b","FullyQualifiedName":"RepositoryTesting.PaymentRepositoryTest.DeletePaymentThrowsEntityNotFoundException","DisplayName":"DeletePaymentThrowsEntityNotFoundException","ExecutorUri":"executor://NUnit3TestExecutor","Source":"C:\\Users\\VC\\Desktop\\MiniProjectLibraryManagement\\LibraryManagemetSln\\RepositoryTesting\\bin\\Debug\\net8.0\\fine-code-coverage\\build-output\\RepositoryTesting.dll","CodeFilePath":null,"LineNumber":0,"Properties":[{"Key":{"Id":"NUnit.Seed","Label":"Seed","Category":"","Description":"","Attributes":0,"ValueType":"System.String"},"Value":"454582984"}]},"Attachments":[],"Outcome":1,"ErrorMessage":null,"ErrorStackTrace":null,"DisplayName":"DeletePaymentThrowsEntityNotFoundException","Messages":[],"ComputerName":"794GBX3","Duration":"00:00:00.0037390","StartTime":"2024-05-31T04:47:33.8363214+00:00","EndTime":"2024-05-31T04:47:33.8400596+00:00","Properties":[{"Key":{"Id":"NUnit.Seed","Label":"Seed","Category":"","Description":"","Attributes":0,"ValueType":"System.String"},"Value":"454582984"}]},{"TestCase":{"Id":"e1aaad6c-c028-25af-a560-1fc53402bd0b","FullyQualifiedName":"RepositoryTesting.PaymentRepositoryTest.GetPaymentById","DisplayName":"GetPaymentById","ExecutorUri":"executor://NUnit3TestExecutor","Source":"C:\\Users\\VC\\Desktop\\MiniProjectLibraryManagement\\LibraryManagemetSln\\RepositoryTesting\\bin\\Debug\\net8.0\\fine-code-coverage\\build-output\\RepositoryTesting.dll","CodeFilePath":null,"LineNumber":0,"Properties":[{"Key":{"Id":"NUnit.Seed","Label":"Seed","Category":"","Description":"","Attributes":0,"ValueType":"System.String"},"Value":"494379403"}]},"Attachments":[],"Outcome":1,"ErrorMessage":null,"ErrorStackTrace":null,"DisplayName":"GetPaymentById","Messages":[],"ComputerName":"794GBX3","Duration":"00:00:00.0036520","StartTime":"2024-05-31T04:47:33.8400914+00:00","EndTime":"2024-05-31T04:47:33.8437428+00:00","Properties":[{"Key":{"Id":"NUnit.Seed","Label":"Seed","Category":"","Description":"","Attributes":0,"ValueType":"System.String"},"Value":"494379403"}]},{"TestCase":{"Id":"e5256487-7507-16b9-e171-9e8338f2af08","FullyQualifiedName":"RepositoryTesting.PaymentRepositoryTest.GetPayments","DisplayName":"GetPayments","ExecutorUri":"executor://NUnit3TestExecutor","Source":"C:\\Users\\VC\\Desktop\\MiniProjectLibraryManagement\\LibraryManagemetSln\\RepositoryTesting\\bin\\Debug\\net8.0\\fine-code-coverage\\build-output\\RepositoryTesting.dll","CodeFilePath":null,"LineNumber":0,"Properties":[{"Key":{"Id":"NUnit.Seed","Label":"Seed","Category":"","Description":"","Attributes":0,"ValueType":"System.String"},"Value":"2125913737"}]},"Attachments":[],"Outcome":1,"ErrorMessage":null,"ErrorStackTrace":null,"DisplayName":"GetPayments","Messages":[],"ComputerName":"794GBX3","Duration":"00:00:00.0072900","StartTime":"2024-05-31T04:47:33.8437733+00:00","EndTime":"2024-05-31T04:47:33.8510631+00:00","Properties":[{"Key":{"Id":"NUnit.Seed","Label":"Seed","Category":"","Description":"","Attributes":0,"ValueType":"System.String"},"Value":"2125913737"}]},{"TestCase":{"Id":"428149ea-6380-b913-dea0-f7e2f6b455dd","FullyQualifiedName":"RepositoryTesting.PaymentRepositoryTest.UpdatePayment","DisplayName":"UpdatePayment","ExecutorUri":"executor://NUnit3TestExecutor","Source":"C:\\Users\\VC\\Desktop\\MiniProjectLibraryManagement\\LibraryManagemetSln\\RepositoryTesting\\bin\\Debug\\net8.0\\fine-code-coverage\\build-output\\RepositoryTesting.dll","CodeFilePath":null,"LineNumber":0,"Properties":[{"Key":{"Id":"NUnit.Seed","Label":"Seed","Category":"","Description":"","Attributes":0,"ValueType":"System.String"},"Value":"213453061"}]},"Attachments":[],"Outcome":1,"ErrorMessage":null,"ErrorStackTrace":null,"DisplayName":"UpdatePayment","Messages":[],"ComputerName":"794GBX3","Duration":"00:00:00.0036010","StartTime":"2024-05-31T04:47:33.8511028+00:00","EndTime":"2024-05-31T04:47:33.8547035+00:00","Properties":[{"Key":{"Id":"NUnit.Seed","Label":"Seed","Category":"","Description":"","Attributes":0,"ValueType":"System.String"},"Value":"213453061"}]},{"TestCase":{"Id":"8b9c92ae-e3e1-5297-8e4c-0de5fd0bc0eb","FullyQualifiedName":"RepositoryTesting.PublisherRepositoryTesting.AddPublisher","DisplayName":"AddPublisher","ExecutorUri":"executor://NUnit3TestExecutor","Source":"C:\\Users\\VC\\Desktop\\MiniProjectLibraryManagement\\LibraryManagemetSln\\RepositoryTesting\\bin\\Debug\\net8.0\\fine-code-coverage\\build-output\\RepositoryTesting.dll","CodeFilePath":null,"LineNumber":0,"Properties":[{"Key":{"Id":"NUnit.Seed","Label":"Seed","Category":"","Description":"","Attributes":0,"ValueType":"System.String"},"Value":"86606051"}]},"Attachments":[],"Outcome":1,"ErrorMessage":null,"ErrorStackTrace":null,"DisplayName":"AddPublisher","Messages":[],"ComputerName":"794GBX3","Duration":"00:00:00.0014240","StartTime":"2024-05-31T04:47:33.8548453+00:00","EndTime":"2024-05-31T04:47:33.8562687+00:00","Properties":[{"Key":{"Id":"NUnit.Seed","Label":"Seed","Category":"","Description":"","Attributes":0,"ValueType":"System.String"},"Value":"86606051"}]},{"TestCase":{"Id":"50b57244-cd9b-31e4-9647-4f102c26e4d2","FullyQualifiedName":"RepositoryTesting.PublisherRepositoryTesting.DeletePublisher","DisplayName":"DeletePublisher","ExecutorUri":"executor://NUnit3TestExecutor","Source":"C:\\Users\\VC\\Desktop\\MiniProjectLibraryManagement\\LibraryManagemetSln\\RepositoryTesting\\bin\\Debug\\net8.0\\fine-code-coverage\\build-output\\RepositoryTesting.dll","CodeFilePath":null,"LineNumber":0,"Properties":[{"Key":{"Id":"NUnit.Seed","Label":"Seed","Category":"","Description":"","Attributes":0,"ValueType":"System.String"},"Value":"1156900602"}]},"Attachments":[],"Outcome":1,"ErrorMessage":null,"ErrorStackTrace":null,"DisplayName":"DeletePublisher","Messages":[],"ComputerName":"794GBX3","Duration":"00:00:00.0022120","StartTime":"2024-05-31T04:47:33.8562926+00:00","EndTime":"2024-05-31T04:47:33.8585049+00:00","Properties":[{"Key":{"Id":"NUnit.Seed","Label":"Seed","Category":"","Description":"","Attributes":0,"ValueType":"System.String"},"Value":"1156900602"}]}],"TestRunStatistics":{"ExecutedTests":38,"Stats":{"Passed":38}},"ActiveTests":[{"Id":"9279388e-fd0a-caff-6ead-4704a13fe50d","FullyQualifiedName":"RepositoryTesting.PublisherRepositoryTesting.DeletePublisherThrowEntityNotFoundException","DisplayName":"DeletePublisherThrowEntityNotFoundException","ExecutorUri":"executor://NUnit3TestExecutor","Source":"C:\\Users\\VC\\Desktop\\MiniProjectLibraryManagement\\LibraryManagemetSln\\RepositoryTesting\\bin\\Debug\\net8.0\\fine-code-coverage\\build-output\\RepositoryTesting.dll","CodeFilePath":null,"LineNumber":0,"Properties":[{"Key":{"Id":"NUnit.Seed","Label":"Seed","Category":"","Description":"","Attributes":0,"ValueType":"System.String"},"Value":"421023655"}]}]}}
TpTrace Verbose: 0 : 21400, 7, 2024/05/31, 10:17:33.864, 435467800912, vstest.console.dll, TestRunRequest:SendTestRunStatsChange: Starting.
TpTrace Verbose: 0 : 21400, 7, 2024/05/31, 10:17:33.864, 435467802019, vstest.console.dll, InProgress is DeletePublisherThrowEntityNotFoundException
TpTrace Verbose: 0 : 21400, 7, 2024/05/31, 10:17:33.865, 435467803065, vstest.console.dll, MulticastDelegateUtilities.SafeInvoke: TestRun.RunStatsChanged: Invoking callbacks was skipped because there are no subscribers.
TpTrace Information: 0 : 21400, 7, 2024/05/31, 10:17:33.865, 435467803450, vstest.console.dll, TestRunRequest:SendTestRunStatsChange: Completed.
TpTrace Verbose: 0 : 21400, 4, 2024/05/31, 10:17:33.865, 435467803685, vstest.console.dll, MulticastDelegateUtilities.SafeInvoke: InternalTestLoggerEvents.SendTestResult: Invoking callback 1/1 for Microsoft.VisualStudio.TestPlatform.CommandLine.Internal.ConsoleLogger., took 0 ms.
TpTrace Verbose: 0 : 21400, 4, 2024/05/31, 10:17:33.865, 435467804481, vstest.console.dll, MulticastDelegateUtilities.SafeInvoke: InternalTestLoggerEvents.SendTestResult: Invoking callback 1/1 for Microsoft.VisualStudio.TestPlatform.CommandLine.Internal.ConsoleLogger., took 0 ms.
TpTrace Verbose: 0 : 21400, 4, 2024/05/31, 10:17:33.865, 435467804968, vstest.console.dll, MulticastDelegateUtilities.SafeInvoke: InternalTestLoggerEvents.SendTestResult: Invoking callback 1/1 for Microsoft.VisualStudio.TestPlatform.CommandLine.Internal.ConsoleLogger., took 0 ms.
TpTrace Verbose: 0 : 21400, 4, 2024/05/31, 10:17:33.865, 435467805307, vstest.console.dll, MulticastDelegateUtilities.SafeInvoke: InternalTestLoggerEvents.SendTestResult: Invoking callback 1/1 for Microsoft.VisualStudio.TestPlatform.CommandLine.Internal.ConsoleLogger., took 0 ms.
TpTrace Verbose: 0 : 21400, 7, 2024/05/31, 10:17:33.865, 435467803830, vstest.console.dll, MulticastDelegateUtilities.SafeInvoke: LengthPrefixCommunicationChannel: MessageReceived: Invoking callback 1/1 for Microsoft.VisualStudio.TestPlatform.CommunicationUtilities.TestRequestSender+<>c__DisplayClass34_0., took 1 ms.
TpTrace Verbose: 0 : 21400, 4, 2024/05/31, 10:17:33.865, 435467805736, vstest.console.dll, MulticastDelegateUtilities.SafeInvoke: InternalTestLoggerEvents.SendTestResult: Invoking callback 1/1 for Microsoft.VisualStudio.TestPlatform.CommandLine.Internal.ConsoleLogger., took 0 ms.
TpTrace Verbose: 0 : 21400, 7, 2024/05/31, 10:17:33.865, 435467806478, vstest.console.dll, TcpClientExtensions.MessageLoopAsync: Polling on remoteEndPoint: 127.0.0.1:53500 localEndPoint: 127.0.0.1:53499 after 54 ms
TpTrace Verbose: 0 : 21400, 4, 2024/05/31, 10:17:33.865, 435467807792, vstest.console.dll, MulticastDelegateUtilities.SafeInvoke: InternalTestLoggerEvents.SendTestResult: Invoking callback 1/1 for Microsoft.VisualStudio.TestPlatform.CommandLine.Internal.ConsoleLogger., took 0 ms.
TpTrace Verbose: 0 : 21400, 4, 2024/05/31, 10:17:33.865, 435467808787, vstest.console.dll, MulticastDelegateUtilities.SafeInvoke: InternalTestLoggerEvents.SendTestResult: Invoking callback 1/1 for Microsoft.VisualStudio.TestPlatform.CommandLine.Internal.ConsoleLogger., took 0 ms.
TpTrace Verbose: 0 : 21400, 4, 2024/05/31, 10:17:33.865, 435467809817, vstest.console.dll, MulticastDelegateUtilities.SafeInvoke: InternalTestLoggerEvents.SendTestResult: Invoking callback 1/1 for Microsoft.VisualStudio.TestPlatform.CommandLine.Internal.ConsoleLogger., took 0 ms.
TpTrace Verbose: 0 : 21400, 4, 2024/05/31, 10:17:33.865, 435467810749, vstest.console.dll, MulticastDelegateUtilities.SafeInvoke: InternalTestLoggerEvents.SendTestResult: Invoking callback 1/1 for Microsoft.VisualStudio.TestPlatform.CommandLine.Internal.ConsoleLogger., took 0 ms.
TpTrace Verbose: 0 : 21400, 7, 2024/05/31, 10:17:33.931, 435468471635, vstest.console.dll, TcpClientExtensions.MessageLoopAsync: NotifyDataAvailable remoteEndPoint: 127.0.0.1:53500 localEndPoint: 127.0.0.1:53499
TpTrace Verbose: 0 : 21400, 7, 2024/05/31, 10:17:33.932, 435468476883, vstest.console.dll, TestRequestSender.OnExecutionMessageReceived: Received message: {"Version":7,"MessageType":"TestExecution.StatsChange","Payload":{"NewTestResults":[{"TestCase":{"Id":"9279388e-fd0a-caff-6ead-4704a13fe50d","FullyQualifiedName":"RepositoryTesting.PublisherRepositoryTesting.DeletePublisherThrowEntityNotFoundException","DisplayName":"DeletePublisherThrowEntityNotFoundException","ExecutorUri":"executor://NUnit3TestExecutor","Source":"C:\\Users\\VC\\Desktop\\MiniProjectLibraryManagement\\LibraryManagemetSln\\RepositoryTesting\\bin\\Debug\\net8.0\\fine-code-coverage\\build-output\\RepositoryTesting.dll","CodeFilePath":null,"LineNumber":0,"Properties":[{"Key":{"Id":"NUnit.Seed","Label":"Seed","Category":"","Description":"","Attributes":0,"ValueType":"System.String"},"Value":"421023655"}]},"Attachments":[],"Outcome":1,"ErrorMessage":null,"ErrorStackTrace":null,"DisplayName":"DeletePublisherThrowEntityNotFoundException","Messages":[],"ComputerName":"794GBX3","Duration":"00:00:00.0069570","StartTime":"2024-05-31T04:47:33.858533+00:00","EndTime":"2024-05-31T04:47:33.8654897+00:00","Properties":[{"Key":{"Id":"NUnit.Seed","Label":"Seed","Category":"","Description":"","Attributes":0,"ValueType":"System.String"},"Value":"421023655"}]},{"TestCase":{"Id":"2b21d284-e478-5915-5c4e-f9aa3ebdbfee","FullyQualifiedName":"RepositoryTesting.PublisherRepositoryTesting.GetAllPublishers","DisplayName":"GetAllPublishers","ExecutorUri":"executor://NUnit3TestExecutor","Source":"C:\\Users\\VC\\Desktop\\MiniProjectLibraryManagement\\LibraryManagemetSln\\RepositoryTesting\\bin\\Debug\\net8.0\\fine-code-coverage\\build-output\\RepositoryTesting.dll","CodeFilePath":null,"LineNumber":0,"Properties":[{"Key":{"Id":"NUnit.Seed","Label":"Seed","Category":"","Description":"","Attributes":0,"ValueType":"System.String"},"Value":"2095860223"}]},"Attachments":[],"Outcome":1,"ErrorMessage":null,"ErrorStackTrace":null,"DisplayName":"GetAllPublishers","Messages":[],"ComputerName":"794GBX3","Duration":"00:00:00.0059070","StartTime":"2024-05-31T04:47:33.8655322+00:00","EndTime":"2024-05-31T04:47:33.8714393+00:00","Properties":[{"Key":{"Id":"NUnit.Seed","Label":"Seed","Category":"","Description":"","Attributes":0,"ValueType":"System.String"},"Value":"2095860223"}]},{"TestCase":{"Id":"f741f265-3be8-8cd2-4e15-304a54424952","FullyQualifiedName":"RepositoryTesting.PublisherRepositoryTesting.GetPublisherById","DisplayName":"GetPublisherById","ExecutorUri":"executor://NUnit3TestExecutor","Source":"C:\\Users\\VC\\Desktop\\MiniProjectLibraryManagement\\LibraryManagemetSln\\RepositoryTesting\\bin\\Debug\\net8.0\\fine-code-coverage\\build-output\\RepositoryTesting.dll","CodeFilePath":null,"LineNumber":0,"Properties":[{"Key":{"Id":"NUnit.Seed","Label":"Seed","Category":"","Description":"","Attributes":0,"ValueType":"System.String"},"Value":"961301263"}]},"Attachments":[],"Outcome":1,"ErrorMessage":null,"ErrorStackTrace":null,"DisplayName":"GetPublisherById","Messages":[],"ComputerName":"794GBX3","Duration":"00:00:00.0174619","StartTime":"2024-05-31T04:47:33.8714757+00:00","EndTime":"2024-05-31T04:47:33.8889372+00:00","Properties":[{"Key":{"Id":"NUnit.Seed","Label":"Seed","Category":"","Description":"","Attributes":0,"ValueType":"System.String"},"Value":"961301263"}]},{"TestCase":{"Id":"f85d5dfe-304b-bbe9-0ecd-e7fd15221511","FullyQualifiedName":"RepositoryTesting.PublisherRepositoryTesting.GetPublisherByName","DisplayName":"GetPublisherByName","ExecutorUri":"executor://NUnit3TestExecutor","Source":"C:\\Users\\VC\\Desktop\\MiniProjectLibraryManagement\\LibraryManagemetSln\\RepositoryTesting\\bin\\Debug\\net8.0\\fine-code-coverage\\build-output\\RepositoryTesting.dll","CodeFilePath":null,"LineNumber":0,"Properties":[{"Key":{"Id":"NUnit.Seed","Label":"Seed","Category":"","Description":"","Attributes":0,"ValueType":"System.String"},"Value":"642256601"}]},"Attachments":[],"Outcome":1,"ErrorMessage":null,"ErrorStackTrace":null,"DisplayName":"GetPublisherByName","Messages":[],"ComputerName":"794GBX3","Duration":"00:00:00.0067210","StartTime":"2024-05-31T04:47:33.8889675+00:00","EndTime":"2024-05-31T04:47:33.8956881+00:00","Properties":[{"Key":{"Id":"NUnit.Seed","Label":"Seed","Category":"","Description":"","Attributes":0,"ValueType":"System.String"},"Value":"642256601"}]},{"TestCase":{"Id":"c29482a8-b22e-875c-c74b-c2eca80dbc3f","FullyQualifiedName":"RepositoryTesting.PublisherRepositoryTesting.UpdatePublisher","DisplayName":"UpdatePublisher","ExecutorUri":"executor://NUnit3TestExecutor","Source":"C:\\Users\\VC\\Desktop\\MiniProjectLibraryManagement\\LibraryManagemetSln\\RepositoryTesting\\bin\\Debug\\net8.0\\fine-code-coverage\\build-output\\RepositoryTesting.dll","CodeFilePath":null,"LineNumber":0,"Properties":[{"Key":{"Id":"NUnit.Seed","Label":"Seed","Category":"","Description":"","Attributes":0,"ValueType":"System.String"},"Value":"56044199"}]},"Attachments":[],"Outcome":1,"ErrorMessage":null,"ErrorStackTrace":null,"DisplayName":"UpdatePublisher","Messages":[],"ComputerName":"794GBX3","Duration":"00:00:00.0030920","StartTime":"2024-05-31T04:47:33.8957263+00:00","EndTime":"2024-05-31T04:47:33.8988176+00:00","Properties":[{"Key":{"Id":"NUnit.Seed","Label":"Seed","Category":"","Description":"","Attributes":0,"ValueType":"System.String"},"Value":"56044199"}]},{"TestCase":{"Id":"bd444c2d-f58e-8c93-11ee-3783d817745e","FullyQualifiedName":"RepositoryTesting.ReservatopnRepositoryTest.TestDelete","DisplayName":"TestDelete","ExecutorUri":"executor://NUnit3TestExecutor","Source":"C:\\Users\\VC\\Desktop\\MiniProjectLibraryManagement\\LibraryManagemetSln\\RepositoryTesting\\bin\\Debug\\net8.0\\fine-code-coverage\\build-output\\RepositoryTesting.dll","CodeFilePath":null,"LineNumber":0,"Properties":[{"Key":{"Id":"NUnit.Seed","Label":"Seed","Category":"","Description":"","Attributes":0,"ValueType":"System.String"},"Value":"1170767060"}]},"Attachments":[],"Outcome":1,"ErrorMessage":null,"ErrorStackTrace":null,"DisplayName":"TestDelete","Messages":[],"ComputerName":"794GBX3","Duration":"00:00:00.0161380","StartTime":"2024-05-31T04:47:33.8990679+00:00","EndTime":"2024-05-31T04:47:33.915205+00:00","Properties":[{"Key":{"Id":"NUnit.Seed","Label":"Seed","Category":"","Description":"","Attributes":0,"ValueType":"System.String"},"Value":"1170767060"}]},{"TestCase":{"Id":"eb9ea530-da36-51de-719f-ccf47c2c5f30","FullyQualifiedName":"RepositoryTesting.ReservatopnRepositoryTest.TestDeleteException","DisplayName":"TestDeleteException","ExecutorUri":"executor://NUnit3TestExecutor","Source":"C:\\Users\\VC\\Desktop\\MiniProjectLibraryManagement\\LibraryManagemetSln\\RepositoryTesting\\bin\\Debug\\net8.0\\fine-code-coverage\\build-output\\RepositoryTesting.dll","CodeFilePath":null,"LineNumber":0,"Properties":[{"Key":{"Id":"NUnit.Seed","Label":"Seed","Category":"","Description":"","Attributes":0,"ValueType":"System.String"},"Value":"748898846"}]},"Attachments":[],"Outcome":1,"ErrorMessage":null,"ErrorStackTrace":null,"DisplayName":"TestDeleteException","Messages":[],"ComputerName":"794GBX3","Duration":"00:00:00.0024210","StartTime":"2024-05-31T04:47:33.9152511+00:00","EndTime":"2024-05-31T04:47:33.9176718+00:00","Properties":[{"Key":{"Id":"NUnit.Seed","Label":"Seed","Category":"","Description":"","Attributes":0,"ValueType":"System.String"},"Value":"748898846"}]},{"TestCase":{"Id":"59a6bc77-815f-6615-5b65-794abc4c5610","FullyQualifiedName":"RepositoryTesting.ReservatopnRepositoryTest.TestGetAll","DisplayName":"TestGetAll","ExecutorUri":"executor://NUnit3TestExecutor","Source":"C:\\Users\\VC\\Desktop\\MiniProjectLibraryManagement\\LibraryManagemetSln\\RepositoryTesting\\bin\\Debug\\net8.0\\fine-code-coverage\\build-output\\RepositoryTesting.dll","CodeFilePath":null,"LineNumber":0,"Properties":[{"Key":{"Id":"NUnit.Seed","Label":"Seed","Category":"","Description":"","Attributes":0,"ValueType":"System.String"},"Value":"199678392"}]},"Attachments":[],"Outcome":1,"ErrorMessage":null,"ErrorStackTrace":null,"DisplayName":"TestGetAll","Messages":[],"ComputerName":"794GBX3","Duration":"00:00:00.0062379","StartTime":"2024-05-31T04:47:33.917697+00:00","EndTime":"2024-05-31T04:47:33.9239352+00:00","Properties":[{"Key":{"Id":"NUnit.Seed","Label":"Seed","Category":"","Description":"","Attributes":0,"ValueType":"System.String"},"Value":"199678392"}]},{"TestCase":{"Id":"6990c265-c4ee-7bb4-8e52-863cd53d42bf","FullyQualifiedName":"RepositoryTesting.ReservatopnRepositoryTest.TestGetOneById","DisplayName":"TestGetOneById","ExecutorUri":"executor://NUnit3TestExecutor","Source":"C:\\Users\\VC\\Desktop\\MiniProjectLibraryManagement\\LibraryManagemetSln\\RepositoryTesting\\bin\\Debug\\net8.0\\fine-code-coverage\\build-output\\RepositoryTesting.dll","CodeFilePath":null,"LineNumber":0,"Properties":[{"Key":{"Id":"NUnit.Seed","Label":"Seed","Category":"","Description":"","Attributes":0,"ValueType":"System.String"},"Value":"1304688557"}]},"Attachments":[],"Outcome":1,"ErrorMessage":null,"ErrorStackTrace":null,"DisplayName":"TestGetOneById","Messages":[],"ComputerName":"794GBX3","Duration":"00:00:00.0022269","StartTime":"2024-05-31T04:47:33.9239674+00:00","EndTime":"2024-05-31T04:47:33.9261939+00:00","Properties":[{"Key":{"Id":"NUnit.Seed","Label":"Seed","Category":"","Description":"","Attributes":0,"ValueType":"System.String"},"Value":"1304688557"}]}],"TestRunStatistics":{"ExecutedTests":47,"Stats":{"Passed":47}},"ActiveTests":[{"Id":"f1319ebd-7a12-caf4-e8d2-00ad9f85de1c","FullyQualifiedName":"RepositoryTesting.ReservatopnRepositoryTest.TestInsert","DisplayName":"TestInsert","ExecutorUri":"executor://NUnit3TestExecutor","Source":"C:\\Users\\VC\\Desktop\\MiniProjectLibraryManagement\\LibraryManagemetSln\\RepositoryTesting\\bin\\Debug\\net8.0\\fine-code-coverage\\build-output\\RepositoryTesting.dll","CodeFilePath":null,"LineNumber":0,"Properties":[{"Key":{"Id":"NUnit.Seed","Label":"Seed","Category":"","Description":"","Attributes":0,"ValueType":"System.String"},"Value":"1177405214"}]}]}}
TpTrace Verbose: 0 : 21400, 7, 2024/05/31, 10:17:33.934, 435468497500, vstest.console.dll, TestRunRequest:SendTestRunStatsChange: Starting.
TpTrace Verbose: 0 : 21400, 7, 2024/05/31, 10:17:33.934, 435468498875, vstest.console.dll, InProgress is TestInsert
TpTrace Verbose: 0 : 21400, 7, 2024/05/31, 10:17:33.934, 435468499875, vstest.console.dll, MulticastDelegateUtilities.SafeInvoke: TestRun.RunStatsChanged: Invoking callbacks was skipped because there are no subscribers.
TpTrace Information: 0 : 21400, 7, 2024/05/31, 10:17:33.934, 435468500789, vstest.console.dll, TestRunRequest:SendTestRunStatsChange: Completed.
TpTrace Verbose: 0 : 21400, 4, 2024/05/31, 10:17:33.934, 435468500838, vstest.console.dll, MulticastDelegateUtilities.SafeInvoke: InternalTestLoggerEvents.SendTestResult: Invoking callback 1/1 for Microsoft.VisualStudio.TestPlatform.CommandLine.Internal.ConsoleLogger., took 0 ms.
TpTrace Verbose: 0 : 21400, 7, 2024/05/31, 10:17:33.934, 435468501438, vstest.console.dll, MulticastDelegateUtilities.SafeInvoke: LengthPrefixCommunicationChannel: MessageReceived: Invoking callback 1/1 for Microsoft.VisualStudio.TestPlatform.CommunicationUtilities.TestRequestSender+<>c__DisplayClass34_0., took 2 ms.
TpTrace Verbose: 0 : 21400, 4, 2024/05/31, 10:17:33.934, 435468502258, vstest.console.dll, MulticastDelegateUtilities.SafeInvoke: InternalTestLoggerEvents.SendTestResult: Invoking callback 1/1 for Microsoft.VisualStudio.TestPlatform.CommandLine.Internal.ConsoleLogger., took 0 ms.
TpTrace Verbose: 0 : 21400, 7, 2024/05/31, 10:17:33.934, 435468502347, vstest.console.dll, TcpClientExtensions.MessageLoopAsync: Polling on remoteEndPoint: 127.0.0.1:53500 localEndPoint: 127.0.0.1:53499 after 69 ms
TpTrace Verbose: 0 : 21400, 4, 2024/05/31, 10:17:33.934, 435468502838, vstest.console.dll, MulticastDelegateUtilities.SafeInvoke: InternalTestLoggerEvents.SendTestResult: Invoking callback 1/1 for Microsoft.VisualStudio.TestPlatform.CommandLine.Internal.ConsoleLogger., took 0 ms.
TpTrace Verbose: 0 : 21400, 4, 2024/05/31, 10:17:33.935, 435468504173, vstest.console.dll, MulticastDelegateUtilities.SafeInvoke: InternalTestLoggerEvents.SendTestResult: Invoking callback 1/1 for Microsoft.VisualStudio.TestPlatform.CommandLine.Internal.ConsoleLogger., took 0 ms.
TpTrace Verbose: 0 : 21400, 4, 2024/05/31, 10:17:33.935, 435468504777, vstest.console.dll, MulticastDelegateUtilities.SafeInvoke: InternalTestLoggerEvents.SendTestResult: Invoking callback 1/1 for Microsoft.VisualStudio.TestPlatform.CommandLine.Internal.ConsoleLogger., took 0 ms.
TpTrace Verbose: 0 : 21400, 4, 2024/05/31, 10:17:33.935, 435468505253, vstest.console.dll, MulticastDelegateUtilities.SafeInvoke: InternalTestLoggerEvents.SendTestResult: Invoking callback 1/1 for Microsoft.VisualStudio.TestPlatform.CommandLine.Internal.ConsoleLogger., took 0 ms.
TpTrace Verbose: 0 : 21400, 4, 2024/05/31, 10:17:33.935, 435468505800, vstest.console.dll, MulticastDelegateUtilities.SafeInvoke: InternalTestLoggerEvents.SendTestResult: Invoking callback 1/1 for Microsoft.VisualStudio.TestPlatform.CommandLine.Internal.ConsoleLogger., took 0 ms.
TpTrace Verbose: 0 : 21400, 4, 2024/05/31, 10:17:33.935, 435468506303, vstest.console.dll, MulticastDelegateUtilities.SafeInvoke: InternalTestLoggerEvents.SendTestResult: Invoking callback 1/1 for Microsoft.VisualStudio.TestPlatform.CommandLine.Internal.ConsoleLogger., took 0 ms.
TpTrace Verbose: 0 : 21400, 4, 2024/05/31, 10:17:33.935, 435468506965, vstest.console.dll, MulticastDelegateUtilities.SafeInvoke: InternalTestLoggerEvents.SendTestResult: Invoking callback 1/1 for Microsoft.VisualStudio.TestPlatform.CommandLine.Internal.ConsoleLogger., took 0 ms.
TpTrace Verbose: 0 : 21400, 7, 2024/05/31, 10:17:34.076, 435469918985, vstest.console.dll, TcpClientExtensions.MessageLoopAsync: NotifyDataAvailable remoteEndPoint: 127.0.0.1:53500 localEndPoint: 127.0.0.1:53499
TpTrace Verbose: 0 : 21400, 7, 2024/05/31, 10:17:34.077, 435469926170, vstest.console.dll, TestRequestSender.OnExecutionMessageReceived: Received message: {"Version":7,"MessageType":"TestExecution.StatsChange","Payload":{"NewTestResults":[{"TestCase":{"Id":"f1319ebd-7a12-caf4-e8d2-00ad9f85de1c","FullyQualifiedName":"RepositoryTesting.ReservatopnRepositoryTest.TestInsert","DisplayName":"TestInsert","ExecutorUri":"executor://NUnit3TestExecutor","Source":"C:\\Users\\VC\\Desktop\\MiniProjectLibraryManagement\\LibraryManagemetSln\\RepositoryTesting\\bin\\Debug\\net8.0\\fine-code-coverage\\build-output\\RepositoryTesting.dll","CodeFilePath":null,"LineNumber":0,"Properties":[{"Key":{"Id":"NUnit.Seed","Label":"Seed","Category":"","Description":"","Attributes":0,"ValueType":"System.String"},"Value":"1177405214"}]},"Attachments":[],"Outcome":1,"ErrorMessage":null,"ErrorStackTrace":null,"DisplayName":"TestInsert","Messages":[],"ComputerName":"794GBX3","Duration":"00:00:00.0026000","StartTime":"2024-05-31T04:47:33.9262258+00:00","EndTime":"2024-05-31T04:47:33.9288257+00:00","Properties":[{"Key":{"Id":"NUnit.Seed","Label":"Seed","Category":"","Description":"","Attributes":0,"ValueType":"System.String"},"Value":"1177405214"}]},{"TestCase":{"Id":"35c0764a-cea3-d3d4-42a4-b9ed21e7ce0e","FullyQualifiedName":"RepositoryTesting.ReservatopnRepositoryTest.TestUpdate","DisplayName":"TestUpdate","ExecutorUri":"executor://NUnit3TestExecutor","Source":"C:\\Users\\VC\\Desktop\\MiniProjectLibraryManagement\\LibraryManagemetSln\\RepositoryTesting\\bin\\Debug\\net8.0\\fine-code-coverage\\build-output\\RepositoryTesting.dll","CodeFilePath":null,"LineNumber":0,"Properties":[{"Key":{"Id":"NUnit.Seed","Label":"Seed","Category":"","Description":"","Attributes":0,"ValueType":"System.String"},"Value":"1734282943"}]},"Attachments":[],"Outcome":1,"ErrorMessage":null,"ErrorStackTrace":null,"DisplayName":"TestUpdate","Messages":[],"ComputerName":"794GBX3","Duration":"00:00:00.0022600","StartTime":"2024-05-31T04:47:33.9288575+00:00","EndTime":"2024-05-31T04:47:33.9311169+00:00","Properties":[{"Key":{"Id":"NUnit.Seed","Label":"Seed","Category":"","Description":"","Attributes":0,"ValueType":"System.String"},"Value":"1734282943"}]},{"TestCase":{"Id":"03ef467b-e3ca-b197-a3b0-417d4c6da2d8","FullyQualifiedName":"RepositoryTesting.ReviewRepositoryTest.DeleteReview","DisplayName":"DeleteReview","ExecutorUri":"executor://NUnit3TestExecutor","Source":"C:\\Users\\VC\\Desktop\\MiniProjectLibraryManagement\\LibraryManagemetSln\\RepositoryTesting\\bin\\Debug\\net8.0\\fine-code-coverage\\build-output\\RepositoryTesting.dll","CodeFilePath":null,"LineNumber":0,"Properties":[{"Key":{"Id":"NUnit.Seed","Label":"Seed","Category":"","Description":"","Attributes":0,"ValueType":"System.String"},"Value":"243267126"}]},"Attachments":[],"Outcome":1,"ErrorMessage":null,"ErrorStackTrace":null,"DisplayName":"DeleteReview","Messages":[],"ComputerName":"794GBX3","Duration":"00:00:00.0337540","StartTime":"2024-05-31T04:47:33.9313705+00:00","EndTime":"2024-05-31T04:47:33.9651235+00:00","Properties":[{"Key":{"Id":"NUnit.Seed","Label":"Seed","Category":"","Description":"","Attributes":0,"ValueType":"System.String"},"Value":"243267126"}]},{"TestCase":{"Id":"257e7a9b-d85a-268c-d1cc-54a2159bba89","FullyQualifiedName":"RepositoryTesting.ReviewRepositoryTest.DeleteReviewException","DisplayName":"DeleteReviewException","ExecutorUri":"executor://NUnit3TestExecutor","Source":"C:\\Users\\VC\\Desktop\\MiniProjectLibraryManagement\\LibraryManagemetSln\\RepositoryTesting\\bin\\Debug\\net8.0\\fine-code-coverage\\build-output\\RepositoryTesting.dll","CodeFilePath":null,"LineNumber":0,"Properties":[{"Key":{"Id":"NUnit.Seed","Label":"Seed","Category":"","Description":"","Attributes":0,"ValueType":"System.String"},"Value":"1548977047"}]},"Attachments":[],"Outcome":1,"ErrorMessage":null,"ErrorStackTrace":null,"DisplayName":"DeleteReviewException","Messages":[],"ComputerName":"794GBX3","Duration":"00:00:00.0047620","StartTime":"2024-05-31T04:47:33.9651899+00:00","EndTime":"2024-05-31T04:47:33.9699514+00:00","Properties":[{"Key":{"Id":"NUnit.Seed","Label":"Seed","Category":"","Description":"","Attributes":0,"ValueType":"System.String"},"Value":"1548977047"}]},{"TestCase":{"Id":"05051be3-43a6-62f7-496c-d5bd7acb3d7c","FullyQualifiedName":"RepositoryTesting.ReviewRepositoryTest.GetAll","DisplayName":"GetAll","ExecutorUri":"executor://NUnit3TestExecutor","Source":"C:\\Users\\VC\\Desktop\\MiniProjectLibraryManagement\\LibraryManagemetSln\\RepositoryTesting\\bin\\Debug\\net8.0\\fine-code-coverage\\build-output\\RepositoryTesting.dll","CodeFilePath":null,"LineNumber":0,"Properties":[{"Key":{"Id":"NUnit.Seed","Label":"Seed","Category":"","Description":"","Attributes":0,"ValueType":"System.String"},"Value":"2073833227"}]},"Attachments":[],"Outcome":1,"ErrorMessage":null,"ErrorStackTrace":null,"DisplayName":"GetAll","Messages":[],"ComputerName":"794GBX3","Duration":"00:00:00.0129010","StartTime":"2024-05-31T04:47:33.9699977+00:00","EndTime":"2024-05-31T04:47:33.9828967+00:00","Properties":[{"Key":{"Id":"NUnit.Seed","Label":"Seed","Category":"","Description":"","Attributes":0,"ValueType":"System.String"},"Value":"2073833227"}]},{"TestCase":{"Id":"bd2b3d53-ffa9-c433-e285-7800eed59258","FullyQualifiedName":"RepositoryTesting.ReviewRepositoryTest.GetAvgRatingOfBook","DisplayName":"GetAvgRatingOfBook","ExecutorUri":"executor://NUnit3TestExecutor","Source":"C:\\Users\\VC\\Desktop\\MiniProjectLibraryManagement\\LibraryManagemetSln\\RepositoryTesting\\bin\\Debug\\net8.0\\fine-code-coverage\\build-output\\RepositoryTesting.dll","CodeFilePath":null,"LineNumber":0,"Properties":[{"Key":{"Id":"NUnit.Seed","Label":"Seed","Category":"","Description":"","Attributes":0,"ValueType":"System.String"},"Value":"2061117732"}]},"Attachments":[],"Outcome":1,"ErrorMessage":null,"ErrorStackTrace":null,"DisplayName":"GetAvgRatingOfBook","Messages":[],"ComputerName":"794GBX3","Duration":"00:00:00.0654769","StartTime":"2024-05-31T04:47:33.9830341+00:00","EndTime":"2024-05-31T04:47:34.0485104+00:00","Properties":[{"Key":{"Id":"NUnit.Seed","Label":"Seed","Category":"","Description":"","Attributes":0,"ValueType":"System.String"},"Value":"2061117732"}]},{"TestCase":{"Id":"494185ea-4c9b-c951-9bd2-aee12f39aad8","FullyQualifiedName":"RepositoryTesting.ReviewRepositoryTest.GetNoOfReviews","DisplayName":"GetNoOfReviews","ExecutorUri":"executor://NUnit3TestExecutor","Source":"C:\\Users\\VC\\Desktop\\MiniProjectLibraryManagement\\LibraryManagemetSln\\RepositoryTesting\\bin\\Debug\\net8.0\\fine-code-coverage\\build-output\\RepositoryTesting.dll","CodeFilePath":null,"LineNumber":0,"Properties":[{"Key":{"Id":"NUnit.Seed","Label":"Seed","Category":"","Description":"","Attributes":0,"ValueType":"System.String"},"Value":"1178057134"}]},"Attachments":[],"Outcome":1,"ErrorMessage":null,"ErrorStackTrace":null,"DisplayName":"GetNoOfReviews","Messages":[],"ComputerName":"794GBX3","Duration":"00:00:00.0130400","StartTime":"2024-05-31T04:47:34.0485662+00:00","EndTime":"2024-05-31T04:47:34.0616053+00:00","Properties":[{"Key":{"Id":"NUnit.Seed","Label":"Seed","Category":"","Description":"","Attributes":0,"ValueType":"System.String"},"Value":"1178057134"}]},{"TestCase":{"Id":"208d8440-1373-a055-023b-0b02cde95cd6","FullyQualifiedName":"RepositoryTesting.ReviewRepositoryTest.GetOneById","DisplayName":"GetOneById","ExecutorUri":"executor://NUnit3TestExecutor","Source":"C:\\Users\\VC\\Desktop\\MiniProjectLibraryManagement\\LibraryManagemetSln\\RepositoryTesting\\bin\\Debug\\net8.0\\fine-code-coverage\\build-output\\RepositoryTesting.dll","CodeFilePath":null,"LineNumber":0,"Properties":[{"Key":{"Id":"NUnit.Seed","Label":"Seed","Category":"","Description":"","Attributes":0,"ValueType":"System.String"},"Value":"166711656"}]},"Attachments":[],"Outcome":1,"ErrorMessage":null,"ErrorStackTrace":null,"DisplayName":"GetOneById","Messages":[],"ComputerName":"794GBX3","Duration":"00:00:00.0030410","StartTime":"2024-05-31T04:47:34.0616553+00:00","EndTime":"2024-05-31T04:47:34.0646965+00:00","Properties":[{"Key":{"Id":"NUnit.Seed","Label":"Seed","Category":"","Description":"","Attributes":0,"ValueType":"System.String"},"Value":"166711656"}]},{"TestCase":{"Id":"518bcf8a-dfb5-dd9b-6099-ffe49214c047","FullyQualifiedName":"RepositoryTesting.ReviewRepositoryTest.InsertReview","DisplayName":"InsertReview","ExecutorUri":"executor://NUnit3TestExecutor","Source":"C:\\Users\\VC\\Desktop\\MiniProjectLibraryManagement\\LibraryManagemetSln\\RepositoryTesting\\bin\\Debug\\net8.0\\fine-code-coverage\\build-output\\RepositoryTesting.dll","CodeFilePath":null,"LineNumber":0,"Properties":[{"Key":{"Id":"NUnit.Seed","Label":"Seed","Category":"","Description":"","Attributes":0,"ValueType":"System.String"},"Value":"1743711805"}]},"Attachments":[],"Outcome":1,"ErrorMessage":null,"ErrorStackTrace":null,"DisplayName":"InsertReview","Messages":[],"ComputerName":"794GBX3","Duration":"00:00:00.0037790","StartTime":"2024-05-31T04:47:34.0647409+00:00","EndTime":"2024-05-31T04:47:34.0685194+00:00","Properties":[{"Key":{"Id":"NUnit.Seed","Label":"Seed","Category":"","Description":"","Attributes":0,"ValueType":"System.String"},"Value":"1743711805"}]}],"TestRunStatistics":{"ExecutedTests":56,"Stats":{"Passed":56}},"ActiveTests":[{"Id":"7261ea03-2006-395d-883d-70c85e69dbeb","FullyQualifiedName":"RepositoryTesting.ReviewRepositoryTest.UpdateReview","DisplayName":"UpdateReview","ExecutorUri":"executor://NUnit3TestExecutor","Source":"C:\\Users\\VC\\Desktop\\MiniProjectLibraryManagement\\LibraryManagemetSln\\RepositoryTesting\\bin\\Debug\\net8.0\\fine-code-coverage\\build-output\\RepositoryTesting.dll","CodeFilePath":null,"LineNumber":0,"Properties":[{"Key":{"Id":"NUnit.Seed","Label":"Seed","Category":"","Description":"","Attributes":0,"ValueType":"System.String"},"Value":"726053913"}]}]}}
TpTrace Verbose: 0 : 21400, 7, 2024/05/31, 10:17:34.079, 435469947385, vstest.console.dll, TestRunRequest:SendTestRunStatsChange: Starting.
TpTrace Verbose: 0 : 21400, 7, 2024/05/31, 10:17:34.079, 435469948614, vstest.console.dll, InProgress is UpdateReview
TpTrace Verbose: 0 : 21400, 7, 2024/05/31, 10:17:34.079, 435469949589, vstest.console.dll, MulticastDelegateUtilities.SafeInvoke: TestRun.RunStatsChanged: Invoking callbacks was skipped because there are no subscribers.
TpTrace Information: 0 : 21400, 7, 2024/05/31, 10:17:34.079, 435469950157, vstest.console.dll, TestRunRequest:SendTestRunStatsChange: Completed.
TpTrace Verbose: 0 : 21400, 4, 2024/05/31, 10:17:34.079, 435469950548, vstest.console.dll, MulticastDelegateUtilities.SafeInvoke: InternalTestLoggerEvents.SendTestResult: Invoking callback 1/1 for Microsoft.VisualStudio.TestPlatform.CommandLine.Internal.ConsoleLogger., took 0 ms.
TpTrace Verbose: 0 : 21400, 7, 2024/05/31, 10:17:34.079, 435469950692, vstest.console.dll, MulticastDelegateUtilities.SafeInvoke: LengthPrefixCommunicationChannel: MessageReceived: Invoking callback 1/1 for Microsoft.VisualStudio.TestPlatform.CommunicationUtilities.TestRequestSender+<>c__DisplayClass34_0., took 2 ms.
TpTrace Verbose: 0 : 21400, 4, 2024/05/31, 10:17:34.079, 435469951498, vstest.console.dll, MulticastDelegateUtilities.SafeInvoke: InternalTestLoggerEvents.SendTestResult: Invoking callback 1/1 for Microsoft.VisualStudio.TestPlatform.CommandLine.Internal.ConsoleLogger., took 0 ms.
TpTrace Verbose: 0 : 21400, 7, 2024/05/31, 10:17:34.079, 435469952027, vstest.console.dll, TcpClientExtensions.MessageLoopAsync: Polling on remoteEndPoint: 127.0.0.1:53500 localEndPoint: 127.0.0.1:53499 after 144 ms
TpTrace Verbose: 0 : 21400, 4, 2024/05/31, 10:17:34.079, 435469952827, vstest.console.dll, MulticastDelegateUtilities.SafeInvoke: InternalTestLoggerEvents.SendTestResult: Invoking callback 1/1 for Microsoft.VisualStudio.TestPlatform.CommandLine.Internal.ConsoleLogger., took 0 ms.
TpTrace Verbose: 0 : 21400, 4, 2024/05/31, 10:17:34.080, 435469954909, vstest.console.dll, MulticastDelegateUtilities.SafeInvoke: InternalTestLoggerEvents.SendTestResult: Invoking callback 1/1 for Microsoft.VisualStudio.TestPlatform.CommandLine.Internal.ConsoleLogger., took 0 ms.
TpTrace Verbose: 0 : 21400, 4, 2024/05/31, 10:17:34.080, 435469955596, vstest.console.dll, MulticastDelegateUtilities.SafeInvoke: InternalTestLoggerEvents.SendTestResult: Invoking callback 1/1 for Microsoft.VisualStudio.TestPlatform.CommandLine.Internal.ConsoleLogger., took 0 ms.
TpTrace Verbose: 0 : 21400, 4, 2024/05/31, 10:17:34.080, 435469956192, vstest.console.dll, MulticastDelegateUtilities.SafeInvoke: InternalTestLoggerEvents.SendTestResult: Invoking callback 1/1 for Microsoft.VisualStudio.TestPlatform.CommandLine.Internal.ConsoleLogger., took 0 ms.
TpTrace Verbose: 0 : 21400, 4, 2024/05/31, 10:17:34.080, 435469956714, vstest.console.dll, MulticastDelegateUtilities.SafeInvoke: InternalTestLoggerEvents.SendTestResult: Invoking callback 1/1 for Microsoft.VisualStudio.TestPlatform.CommandLine.Internal.ConsoleLogger., took 0 ms.
TpTrace Verbose: 0 : 21400, 4, 2024/05/31, 10:17:34.080, 435469957088, vstest.console.dll, MulticastDelegateUtilities.SafeInvoke: InternalTestLoggerEvents.SendTestResult: Invoking callback 1/1 for Microsoft.VisualStudio.TestPlatform.CommandLine.Internal.ConsoleLogger., took 0 ms.
TpTrace Verbose: 0 : 21400, 4, 2024/05/31, 10:17:34.080, 435469957672, vstest.console.dll, MulticastDelegateUtilities.SafeInvoke: InternalTestLoggerEvents.SendTestResult: Invoking callback 1/1 for Microsoft.VisualStudio.TestPlatform.CommandLine.Internal.ConsoleLogger., took 0 ms.
TpTrace Verbose: 0 : 21400, 7, 2024/05/31, 10:17:34.123, 435470388226, vstest.console.dll, TcpClientExtensions.MessageLoopAsync: NotifyDataAvailable remoteEndPoint: 127.0.0.1:53500 localEndPoint: 127.0.0.1:53499
TpTrace Verbose: 0 : 21400, 7, 2024/05/31, 10:17:34.123, 435470391369, vstest.console.dll, TestRequestSender.OnExecutionMessageReceived: Received message: {"Version":7,"MessageType":"TestExecution.StatsChange","Payload":{"NewTestResults":[{"TestCase":{"Id":"7261ea03-2006-395d-883d-70c85e69dbeb","FullyQualifiedName":"RepositoryTesting.ReviewRepositoryTest.UpdateReview","DisplayName":"UpdateReview","ExecutorUri":"executor://NUnit3TestExecutor","Source":"C:\\Users\\VC\\Desktop\\MiniProjectLibraryManagement\\LibraryManagemetSln\\RepositoryTesting\\bin\\Debug\\net8.0\\fine-code-coverage\\build-output\\RepositoryTesting.dll","CodeFilePath":null,"LineNumber":0,"Properties":[{"Key":{"Id":"NUnit.Seed","Label":"Seed","Category":"","Description":"","Attributes":0,"ValueType":"System.String"},"Value":"726053913"}]},"Attachments":[],"Outcome":1,"ErrorMessage":null,"ErrorStackTrace":null,"DisplayName":"UpdateReview","Messages":[],"ComputerName":"794GBX3","Duration":"00:00:00.0028010","StartTime":"2024-05-31T04:47:34.068556+00:00","EndTime":"2024-05-31T04:47:34.0713559+00:00","Properties":[{"Key":{"Id":"NUnit.Seed","Label":"Seed","Category":"","Description":"","Attributes":0,"ValueType":"System.String"},"Value":"726053913"}]},{"TestCase":{"Id":"9ba94046-35b5-8618-9585-6b0971baae9b","FullyQualifiedName":"RepositoryTesting.StockRepositoryTest.AddStock","DisplayName":"AddStock","ExecutorUri":"executor://NUnit3TestExecutor","Source":"C:\\Users\\VC\\Desktop\\MiniProjectLibraryManagement\\LibraryManagemetSln\\RepositoryTesting\\bin\\Debug\\net8.0\\fine-code-coverage\\build-output\\RepositoryTesting.dll","CodeFilePath":null,"LineNumber":0,"Properties":[{"Key":{"Id":"NUnit.Seed","Label":"Seed","Category":"","Description":"","Attributes":0,"ValueType":"System.String"},"Value":"991671366"}]},"Attachments":[],"Outcome":1,"ErrorMessage":null,"ErrorStackTrace":null,"DisplayName":"AddStock","Messages":[],"ComputerName":"794GBX3","Duration":"00:00:00.0131740","StartTime":"2024-05-31T04:47:34.0716475+00:00","EndTime":"2024-05-31T04:47:34.0848214+00:00","Properties":[{"Key":{"Id":"NUnit.Seed","Label":"Seed","Category":"","Description":"","Attributes":0,"ValueType":"System.String"},"Value":"991671366"}]},{"TestCase":{"Id":"e283af20-79c3-e1cf-591a-139cc23c44c7","FullyQualifiedName":"RepositoryTesting.StockRepositoryTest.DeleteException","DisplayName":"DeleteException","ExecutorUri":"executor://NUnit3TestExecutor","Source":"C:\\Users\\VC\\Desktop\\MiniProjectLibraryManagement\\LibraryManagemetSln\\RepositoryTesting\\bin\\Debug\\net8.0\\fine-code-coverage\\build-output\\RepositoryTesting.dll","CodeFilePath":null,"LineNumber":0,"Properties":[{"Key":{"Id":"NUnit.Seed","Label":"Seed","Category":"","Description":"","Attributes":0,"ValueType":"System.String"},"Value":"1665755737"}]},"Attachments":[],"Outcome":1,"ErrorMessage":null,"ErrorStackTrace":null,"DisplayName":"DeleteException","Messages":[],"ComputerName":"794GBX3","Duration":"00:00:00.0090220","StartTime":"2024-05-31T04:47:34.084857+00:00","EndTime":"2024-05-31T04:47:34.0938782+00:00","Properties":[{"Key":{"Id":"NUnit.Seed","Label":"Seed","Category":"","Description":"","Attributes":0,"ValueType":"System.String"},"Value":"1665755737"}]},{"TestCase":{"Id":"686d9524-0817-885a-3a74-4ddba5cdbaef","FullyQualifiedName":"RepositoryTesting.StockRepositoryTest.DeleteStock","DisplayName":"DeleteStock","ExecutorUri":"executor://NUnit3TestExecutor","Source":"C:\\Users\\VC\\Desktop\\MiniProjectLibraryManagement\\LibraryManagemetSln\\RepositoryTesting\\bin\\Debug\\net8.0\\fine-code-coverage\\build-output\\RepositoryTesting.dll","CodeFilePath":null,"LineNumber":0,"Properties":[{"Key":{"Id":"NUnit.Seed","Label":"Seed","Category":"","Description":"","Attributes":0,"ValueType":"System.String"},"Value":"1257768433"}]},"Attachments":[],"Outcome":1,"ErrorMessage":null,"ErrorStackTrace":null,"DisplayName":"DeleteStock","Messages":[],"ComputerName":"794GBX3","Duration":"00:00:00.0036210","StartTime":"2024-05-31T04:47:34.0939216+00:00","EndTime":"2024-05-31T04:47:34.0975425+00:00","Properties":[{"Key":{"Id":"NUnit.Seed","Label":"Seed","Category":"","Description":"","Attributes":0,"ValueType":"System.String"},"Value":"1257768433"}]},{"TestCase":{"Id":"593c89a8-e75f-2568-d9fc-7c027040255d","FullyQualifiedName":"RepositoryTesting.StockRepositoryTest.GetAllStock","DisplayName":"GetAllStock","ExecutorUri":"executor://NUnit3TestExecutor","Source":"C:\\Users\\VC\\Desktop\\MiniProjectLibraryManagement\\LibraryManagemetSln\\RepositoryTesting\\bin\\Debug\\net8.0\\fine-code-coverage\\build-output\\RepositoryTesting.dll","CodeFilePath":null,"LineNumber":0,"Properties":[{"Key":{"Id":"NUnit.Seed","Label":"Seed","Category":"","Description":"","Attributes":0,"ValueType":"System.String"},"Value":"364742103"}]},"Attachments":[],"Outcome":1,"ErrorMessage":null,"ErrorStackTrace":null,"DisplayName":"GetAllStock","Messages":[],"ComputerName":"794GBX3","Duration":"00:00:00.0077950","StartTime":"2024-05-31T04:47:34.0975845+00:00","EndTime":"2024-05-31T04:47:34.1053787+00:00","Properties":[{"Key":{"Id":"NUnit.Seed","Label":"Seed","Category":"","Description":"","Attributes":0,"ValueType":"System.String"},"Value":"364742103"}]},{"TestCase":{"Id":"e692227c-a7be-942a-c203-89b81437efa2","FullyQualifiedName":"RepositoryTesting.StockRepositoryTest.GetOneById","DisplayName":"GetOneById","ExecutorUri":"executor://NUnit3TestExecutor","Source":"C:\\Users\\VC\\Desktop\\MiniProjectLibraryManagement\\LibraryManagemetSln\\RepositoryTesting\\bin\\Debug\\net8.0\\fine-code-coverage\\build-output\\RepositoryTesting.dll","CodeFilePath":null,"LineNumber":0,"Properties":[{"Key":{"Id":"NUnit.Seed","Label":"Seed","Category":"","Description":"","Attributes":0,"ValueType":"System.String"},"Value":"899624135"}]},"Attachments":[],"Outcome":1,"ErrorMessage":null,"ErrorStackTrace":null,"DisplayName":"GetOneById","Messages":[],"ComputerName":"794GBX3","Duration":"00:00:00.0029450","StartTime":"2024-05-31T04:47:34.1054422+00:00","EndTime":"2024-05-31T04:47:34.1083869+00:00","Properties":[{"Key":{"Id":"NUnit.Seed","Label":"Seed","Category":"","Description":"","Attributes":0,"ValueType":"System.String"},"Value":"899624135"}]},{"TestCase":{"Id":"03ef3697-6c07-b9cd-0762-d265e9a3f72d","FullyQualifiedName":"RepositoryTesting.StockRepositoryTest.GetStockByBookId","DisplayName":"GetStockByBookId","ExecutorUri":"executor://NUnit3TestExecutor","Source":"C:\\Users\\VC\\Desktop\\MiniProjectLibraryManagement\\LibraryManagemetSln\\RepositoryTesting\\bin\\Debug\\net8.0\\fine-code-coverage\\build-output\\RepositoryTesting.dll","CodeFilePath":null,"LineNumber":0,"Properties":[{"Key":{"Id":"NUnit.Seed","Label":"Seed","Category":"","Description":"","Attributes":0,"ValueType":"System.String"},"Value":"715982024"}]},"Attachments":[],"Outcome":1,"ErrorMessage":null,"ErrorStackTrace":null,"DisplayName":"GetStockByBookId","Messages":[],"ComputerName":"794GBX3","Duration":"00:00:00.0067200","StartTime":"2024-05-31T04:47:34.108422+00:00","EndTime":"2024-05-31T04:47:34.1151417+00:00","Properties":[{"Key":{"Id":"NUnit.Seed","Label":"Seed","Category":"","Description":"","Attributes":0,"ValueType":"System.String"},"Value":"715982024"}]},{"TestCase":{"Id":"7759bf9d-3bb2-a5c7-c549-2aefea4b6e55","FullyQualifiedName":"RepositoryTesting.StockRepositoryTest.GetStockByBookIdException","DisplayName":"GetStockByBookIdException","ExecutorUri":"executor://NUnit3TestExecutor","Source":"C:\\Users\\VC\\Desktop\\MiniProjectLibraryManagement\\LibraryManagemetSln\\RepositoryTesting\\bin\\Debug\\net8.0\\fine-code-coverage\\build-output\\RepositoryTesting.dll","CodeFilePath":null,"LineNumber":0,"Properties":[{"Key":{"Id":"NUnit.Seed","Label":"Seed","Category":"","Description":"","Attributes":0,"ValueType":"System.String"},"Value":"354440640"}]},"Attachments":[],"Outcome":1,"ErrorMessage":null,"ErrorStackTrace":null,"DisplayName":"GetStockByBookIdException","Messages":[],"ComputerName":"794GBX3","Duration":"00:00:00.0019730","StartTime":"2024-05-31T04:47:34.1151769+00:00","EndTime":"2024-05-31T04:47:34.1171494+00:00","Properties":[{"Key":{"Id":"NUnit.Seed","Label":"Seed","Category":"","Description":"","Attributes":0,"ValueType":"System.String"},"Value":"354440640"}]},{"TestCase":{"Id":"89ccc4d0-2b06-65bd-0bd6-b43e436f7b1c","FullyQualifiedName":"RepositoryTesting.StockRepositoryTest.UpdateStock","DisplayName":"UpdateStock","ExecutorUri":"executor://NUnit3TestExecutor","Source":"C:\\Users\\VC\\Desktop\\MiniProjectLibraryManagement\\LibraryManagemetSln\\RepositoryTesting\\bin\\Debug\\net8.0\\fine-code-coverage\\build-output\\RepositoryTesting.dll","CodeFilePath":null,"LineNumber":0,"Properties":[{"Key":{"Id":"NUnit.Seed","Label":"Seed","Category":"","Description":"","Attributes":0,"ValueType":"System.String"},"Value":"2115206439"}]},"Attachments":[],"Outcome":1,"ErrorMessage":null,"ErrorStackTrace":null,"DisplayName":"UpdateStock","Messages":[],"ComputerName":"794GBX3","Duration":"00:00:00.0016740","StartTime":"2024-05-31T04:47:34.1171721+00:00","EndTime":"2024-05-31T04:47:34.1188458+00:00","Properties":[{"Key":{"Id":"NUnit.Seed","Label":"Seed","Category":"","Description":"","Attributes":0,"ValueType":"System.String"},"Value":"2115206439"}]}],"TestRunStatistics":{"ExecutedTests":65,"Stats":{"Passed":65}},"ActiveTests":[{"Id":"b2272959-2ca2-d5d0-810e-dd9f3474306a","FullyQualifiedName":"RepositoryTestProj.Tests.AddBook","DisplayName":"AddBook","ExecutorUri":"executor://NUnit3TestExecutor","Source":"C:\\Users\\VC\\Desktop\\MiniProjectLibraryManagement\\LibraryManagemetSln\\RepositoryTesting\\bin\\Debug\\net8.0\\fine-code-coverage\\build-output\\RepositoryTesting.dll","CodeFilePath":null,"LineNumber":0,"Properties":[{"Key":{"Id":"NUnit.Seed","Label":"Seed","Category":"","Description":"","Attributes":0,"ValueType":"System.String"},"Value":"1999513124"}]}]}}
TpTrace Verbose: 0 : 21400, 7, 2024/05/31, 10:17:34.125, 435470403111, vstest.console.dll, TestRunRequest:SendTestRunStatsChange: Starting.
TpTrace Verbose: 0 : 21400, 7, 2024/05/31, 10:17:34.125, 435470403816, vstest.console.dll, InProgress is AddBook
TpTrace Verbose: 0 : 21400, 7, 2024/05/31, 10:17:34.125, 435470404496, vstest.console.dll, MulticastDelegateUtilities.SafeInvoke: TestRun.RunStatsChanged: Invoking callbacks was skipped because there are no subscribers.
TpTrace Information: 0 : 21400, 7, 2024/05/31, 10:17:34.125, 435470404837, vstest.console.dll, TestRunRequest:SendTestRunStatsChange: Completed.
TpTrace Verbose: 0 : 21400, 4, 2024/05/31, 10:17:34.125, 435470405079, vstest.console.dll, MulticastDelegateUtilities.SafeInvoke: InternalTestLoggerEvents.SendTestResult: Invoking callback 1/1 for Microsoft.VisualStudio.TestPlatform.CommandLine.Internal.ConsoleLogger., took 0 ms.
TpTrace Verbose: 0 : 21400, 7, 2024/05/31, 10:17:34.125, 435470405230, vstest.console.dll, MulticastDelegateUtilities.SafeInvoke: LengthPrefixCommunicationChannel: MessageReceived: Invoking callback 1/1 for Microsoft.VisualStudio.TestPlatform.CommunicationUtilities.TestRequestSender+<>c__DisplayClass34_0., took 1 ms.
TpTrace Verbose: 0 : 21400, 4, 2024/05/31, 10:17:34.125, 435470405788, vstest.console.dll, MulticastDelegateUtilities.SafeInvoke: InternalTestLoggerEvents.SendTestResult: Invoking callback 1/1 for Microsoft.VisualStudio.TestPlatform.CommandLine.Internal.ConsoleLogger., took 0 ms.
TpTrace Verbose: 0 : 21400, 7, 2024/05/31, 10:17:34.125, 435470406182, vstest.console.dll, TcpClientExtensions.MessageLoopAsync: Polling on remoteEndPoint: 127.0.0.1:53500 localEndPoint: 127.0.0.1:53499 after 45 ms
TpTrace Verbose: 0 : 21400, 4, 2024/05/31, 10:17:34.125, 435470406750, vstest.console.dll, MulticastDelegateUtilities.SafeInvoke: InternalTestLoggerEvents.SendTestResult: Invoking callback 1/1 for Microsoft.VisualStudio.TestPlatform.CommandLine.Internal.ConsoleLogger., took 0 ms.
TpTrace Verbose: 0 : 21400, 4, 2024/05/31, 10:17:34.125, 435470407191, vstest.console.dll, MulticastDelegateUtilities.SafeInvoke: InternalTestLoggerEvents.SendTestResult: Invoking callback 1/1 for Microsoft.VisualStudio.TestPlatform.CommandLine.Internal.ConsoleLogger., took 0 ms.
TpTrace Verbose: 0 : 21400, 4, 2024/05/31, 10:17:34.125, 435470407549, vstest.console.dll, MulticastDelegateUtilities.SafeInvoke: InternalTestLoggerEvents.SendTestResult: Invoking callback 1/1 for Microsoft.VisualStudio.TestPlatform.CommandLine.Internal.ConsoleLogger., took 0 ms.
TpTrace Verbose: 0 : 21400, 4, 2024/05/31, 10:17:34.125, 435470407902, vstest.console.dll, MulticastDelegateUtilities.SafeInvoke: InternalTestLoggerEvents.SendTestResult: Invoking callback 1/1 for Microsoft.VisualStudio.TestPlatform.CommandLine.Internal.ConsoleLogger., took 0 ms.
TpTrace Verbose: 0 : 21400, 4, 2024/05/31, 10:17:34.125, 435470408304, vstest.console.dll, MulticastDelegateUtilities.SafeInvoke: InternalTestLoggerEvents.SendTestResult: Invoking callback 1/1 for Microsoft.VisualStudio.TestPlatform.CommandLine.Internal.ConsoleLogger., took 0 ms.
TpTrace Verbose: 0 : 21400, 4, 2024/05/31, 10:17:34.125, 435470409938, vstest.console.dll, MulticastDelegateUtilities.SafeInvoke: InternalTestLoggerEvents.SendTestResult: Invoking callback 1/1 for Microsoft.VisualStudio.TestPlatform.CommandLine.Internal.ConsoleLogger., took 0 ms.
TpTrace Verbose: 0 : 21400, 4, 2024/05/31, 10:17:34.125, 435470410526, vstest.console.dll, MulticastDelegateUtilities.SafeInvoke: InternalTestLoggerEvents.SendTestResult: Invoking callback 1/1 for Microsoft.VisualStudio.TestPlatform.CommandLine.Internal.ConsoleLogger., took 0 ms.
TpTrace Verbose: 0 : 21400, 7, 2024/05/31, 10:17:34.331, 435472466456, vstest.console.dll, TcpClientExtensions.MessageLoopAsync: NotifyDataAvailable remoteEndPoint: 127.0.0.1:53500 localEndPoint: 127.0.0.1:53499
TpTrace Verbose: 0 : 21400, 7, 2024/05/31, 10:17:34.331, 435472470329, vstest.console.dll, TestRequestSender.OnExecutionMessageReceived: Received message: {"Version":7,"MessageType":"TestExecution.StatsChange","Payload":{"NewTestResults":[{"TestCase":{"Id":"b2272959-2ca2-d5d0-810e-dd9f3474306a","FullyQualifiedName":"RepositoryTestProj.Tests.AddBook","DisplayName":"AddBook","ExecutorUri":"executor://NUnit3TestExecutor","Source":"C:\\Users\\VC\\Desktop\\MiniProjectLibraryManagement\\LibraryManagemetSln\\RepositoryTesting\\bin\\Debug\\net8.0\\fine-code-coverage\\build-output\\RepositoryTesting.dll","CodeFilePath":null,"LineNumber":0,"Properties":[{"Key":{"Id":"NUnit.Seed","Label":"Seed","Category":"","Description":"","Attributes":0,"ValueType":"System.String"},"Value":"1999513124"}]},"Attachments":[],"Outcome":1,"ErrorMessage":null,"ErrorStackTrace":null,"DisplayName":"AddBook","Messages":[],"ComputerName":"794GBX3","Duration":"00:00:00.0581670","StartTime":"2024-05-31T04:47:34.1190194+00:00","EndTime":"2024-05-31T04:47:34.1771856+00:00","Properties":[{"Key":{"Id":"NUnit.Seed","Label":"Seed","Category":"","Description":"","Attributes":0,"ValueType":"System.String"},"Value":"1999513124"}]},{"TestCase":{"Id":"cdfc19f0-2dd6-8b2d-8ad3-da064cd1165c","FullyQualifiedName":"RepositoryTestProj.Tests.DeleteBook","DisplayName":"DeleteBook","ExecutorUri":"executor://NUnit3TestExecutor","Source":"C:\\Users\\VC\\Desktop\\MiniProjectLibraryManagement\\LibraryManagemetSln\\RepositoryTesting\\bin\\Debug\\net8.0\\fine-code-coverage\\build-output\\RepositoryTesting.dll","CodeFilePath":null,"LineNumber":0,"Properties":[{"Key":{"Id":"NUnit.Seed","Label":"Seed","Category":"","Description":"","Attributes":0,"ValueType":"System.String"},"Value":"523173621"}]},"Attachments":[],"Outcome":1,"ErrorMessage":null,"ErrorStackTrace":null,"DisplayName":"DeleteBook","Messages":[],"ComputerName":"794GBX3","Duration":"00:00:00.0053400","StartTime":"2024-05-31T04:47:34.1772332+00:00","EndTime":"2024-05-31T04:47:34.1825729+00:00","Properties":[{"Key":{"Id":"NUnit.Seed","Label":"Seed","Category":"","Description":"","Attributes":0,"ValueType":"System.String"},"Value":"523173621"}]},{"TestCase":{"Id":"fb9dfa0f-02e6-84b4-1d3e-0a571889a39f","FullyQualifiedName":"RepositoryTestProj.Tests.DeleteBookThrowsEntityNotFoundException","DisplayName":"DeleteBookThrowsEntityNotFoundException","ExecutorUri":"executor://NUnit3TestExecutor","Source":"C:\\Users\\VC\\Desktop\\MiniProjectLibraryManagement\\LibraryManagemetSln\\RepositoryTesting\\bin\\Debug\\net8.0\\fine-code-coverage\\build-output\\RepositoryTesting.dll","CodeFilePath":null,"LineNumber":0,"Properties":[{"Key":{"Id":"NUnit.Seed","Label":"Seed","Category":"","Description":"","Attributes":0,"ValueType":"System.String"},"Value":"2608010"}]},"Attachments":[],"Outcome":1,"ErrorMessage":null,"ErrorStackTrace":null,"DisplayName":"DeleteBookThrowsEntityNotFoundException","Messages":[],"ComputerName":"794GBX3","Duration":"00:00:00.0048440","StartTime":"2024-05-31T04:47:34.1826198+00:00","EndTime":"2024-05-31T04:47:34.1874635+00:00","Properties":[{"Key":{"Id":"NUnit.Seed","Label":"Seed","Category":"","Description":"","Attributes":0,"ValueType":"System.String"},"Value":"2608010"}]},{"TestCase":{"Id":"52b03577-6ea1-220b-1310-48afe27d876b","FullyQualifiedName":"RepositoryTestProj.Tests.GetBookById","DisplayName":"GetBookById","ExecutorUri":"executor://NUnit3TestExecutor","Source":"C:\\Users\\VC\\Desktop\\MiniProjectLibraryManagement\\LibraryManagemetSln\\RepositoryTesting\\bin\\Debug\\net8.0\\fine-code-coverage\\build-output\\RepositoryTesting.dll","CodeFilePath":null,"LineNumber":0,"Properties":[{"Key":{"Id":"NUnit.Seed","Label":"Seed","Category":"","Description":"","Attributes":0,"ValueType":"System.String"},"Value":"1609598057"}]},"Attachments":[],"Outcome":1,"ErrorMessage":null,"ErrorStackTrace":null,"DisplayName":"GetBookById","Messages":[],"ComputerName":"794GBX3","Duration":"00:00:00.0056440","StartTime":"2024-05-31T04:47:34.1875001+00:00","EndTime":"2024-05-31T04:47:34.1931434+00:00","Properties":[{"Key":{"Id":"NUnit.Seed","Label":"Seed","Category":"","Description":"","Attributes":0,"ValueType":"System.String"},"Value":"1609598057"}]},{"TestCase":{"Id":"ef323155-f0e9-b074-7557-daea5f725ef1","FullyQualifiedName":"RepositoryTestProj.Tests.GetBookByTitle","DisplayName":"GetBookByTitle","ExecutorUri":"executor://NUnit3TestExecutor","Source":"C:\\Users\\VC\\Desktop\\MiniProjectLibraryManagement\\LibraryManagemetSln\\RepositoryTesting\\bin\\Debug\\net8.0\\fine-code-coverage\\build-output\\RepositoryTesting.dll","CodeFilePath":null,"LineNumber":0,"Properties":[{"Key":{"Id":"NUnit.Seed","Label":"Seed","Category":"","Description":"","Attributes":0,"ValueType":"System.String"},"Value":"440676643"}]},"Attachments":[],"Outcome":1,"ErrorMessage":null,"ErrorStackTrace":null,"DisplayName":"GetBookByTitle","Messages":[],"ComputerName":"794GBX3","Duration":"00:00:00.0477410","StartTime":"2024-05-31T04:47:34.1931987+00:00","EndTime":"2024-05-31T04:47:34.240939+00:00","Properties":[{"Key":{"Id":"NUnit.Seed","Label":"Seed","Category":"","Description":"","Attributes":0,"ValueType":"System.String"},"Value":"440676643"}]},{"TestCase":{"Id":"f56908f5-42c4-c0c3-9c59-07661782664e","FullyQualifiedName":"RepositoryTestProj.Tests.GetBooks","DisplayName":"GetBooks","ExecutorUri":"executor://NUnit3TestExecutor","Source":"C:\\Users\\VC\\Desktop\\MiniProjectLibraryManagement\\LibraryManagemetSln\\RepositoryTesting\\bin\\Debug\\net8.0\\fine-code-coverage\\build-output\\RepositoryTesting.dll","CodeFilePath":null,"LineNumber":0,"Properties":[{"Key":{"Id":"NUnit.Seed","Label":"Seed","Category":"","Description":"","Attributes":0,"ValueType":"System.String"},"Value":"700949845"}]},"Attachments":[],"Outcome":1,"ErrorMessage":null,"ErrorStackTrace":null,"DisplayName":"GetBooks","Messages":[],"ComputerName":"794GBX3","Duration":"00:00:00.0497730","StartTime":"2024-05-31T04:47:34.2410048+00:00","EndTime":"2024-05-31T04:47:34.2907772+00:00","Properties":[{"Key":{"Id":"NUnit.Seed","Label":"Seed","Category":"","Description":"","Attributes":0,"ValueType":"System.String"},"Value":"700949845"}]},{"TestCase":{"Id":"160b12cd-58b0-b4e1-6936-17900f35af3c","FullyQualifiedName":"RepositoryTestProj.Tests.GetPaginatedBooks","DisplayName":"GetPaginatedBooks","ExecutorUri":"executor://NUnit3TestExecutor","Source":"C:\\Users\\VC\\Desktop\\MiniProjectLibraryManagement\\LibraryManagemetSln\\RepositoryTesting\\bin\\Debug\\net8.0\\fine-code-coverage\\build-output\\RepositoryTesting.dll","CodeFilePath":null,"LineNumber":0,"Properties":[{"Key":{"Id":"NUnit.Seed","Label":"Seed","Category":"","Description":"","Attributes":0,"ValueType":"System.String"},"Value":"672155927"}]},"Attachments":[],"Outcome":1,"ErrorMessage":null,"ErrorStackTrace":null,"DisplayName":"GetPaginatedBooks","Messages":[],"ComputerName":"794GBX3","Duration":"00:00:00.0297280","StartTime":"2024-05-31T04:47:34.2908274+00:00","EndTime":"2024-05-31T04:47:34.3205547+00:00","Properties":[{"Key":{"Id":"NUnit.Seed","Label":"Seed","Category":"","Description":"","Attributes":0,"ValueType":"System.String"},"Value":"672155927"}]},{"TestCase":{"Id":"d62b0515-2be5-b1dc-03c4-74321eedd03b","FullyQualifiedName":"RepositoryTestProj.Tests.UpdateBook","DisplayName":"UpdateBook","ExecutorUri":"executor://NUnit3TestExecutor","Source":"C:\\Users\\VC\\Desktop\\MiniProjectLibraryManagement\\LibraryManagemetSln\\RepositoryTesting\\bin\\Debug\\net8.0\\fine-code-coverage\\build-output\\RepositoryTesting.dll","CodeFilePath":null,"LineNumber":0,"Properties":[{"Key":{"Id":"NUnit.Seed","Label":"Seed","Category":"","Description":"","Attributes":0,"ValueType":"System.String"},"Value":"1671532397"}]},"Attachments":[],"Outcome":1,"ErrorMessage":null,"ErrorStackTrace":null,"DisplayName":"UpdateBook","Messages":[],"ComputerName":"794GBX3","Duration":"00:00:00.0031310","StartTime":"2024-05-31T04:47:34.3206001+00:00","EndTime":"2024-05-31T04:47:34.3237312+00:00","Properties":[{"Key":{"Id":"NUnit.Seed","Label":"Seed","Category":"","Description":"","Attributes":0,"ValueType":"System.String"},"Value":"1671532397"}]},{"TestCase":{"Id":"ff32e37a-fd92-2288-9e8c-38cf5902fdff","FullyQualifiedName":"TestProj.UserRepoTest.AddUser","DisplayName":"AddUser","ExecutorUri":"executor://NUnit3TestExecutor","Source":"C:\\Users\\VC\\Desktop\\MiniProjectLibraryManagement\\LibraryManagemetSln\\RepositoryTesting\\bin\\Debug\\net8.0\\fine-code-coverage\\build-output\\RepositoryTesting.dll","CodeFilePath":null,"LineNumber":0,"Properties":[{"Key":{"Id":"NUnit.Seed","Label":"Seed","Category":"","Description":"","Attributes":0,"ValueType":"System.String"},"Value":"214477484"}]},"Attachments":[],"Outcome":1,"ErrorMessage":null,"ErrorStackTrace":null,"DisplayName":"AddUser","Messages":[],"ComputerName":"794GBX3","Duration":"00:00:00.0030590","StartTime":"2024-05-31T04:47:34.3247425+00:00","EndTime":"2024-05-31T04:47:34.3278013+00:00","Properties":[{"Key":{"Id":"NUnit.Seed","Label":"Seed","Category":"","Description":"","Attributes":0,"ValueType":"System.String"},"Value":"214477484"}]}],"TestRunStatistics":{"ExecutedTests":74,"Stats":{"Passed":74}},"ActiveTests":[{"Id":"3af3c7f8-6e2a-d45c-013f-3fc304229a8d","FullyQualifiedName":"TestProj.UserRepoTest.DeleteUser","DisplayName":"DeleteUser","ExecutorUri":"executor://NUnit3TestExecutor","Source":"C:\\Users\\VC\\Desktop\\MiniProjectLibraryManagement\\LibraryManagemetSln\\RepositoryTesting\\bin\\Debug\\net8.0\\fine-code-coverage\\build-output\\RepositoryTesting.dll","CodeFilePath":null,"LineNumber":0,"Properties":[{"Key":{"Id":"NUnit.Seed","Label":"Seed","Category":"","Description":"","Attributes":0,"ValueType":"System.String"},"Value":"87557574"}]}]}}
TpTrace Verbose: 0 : 21400, 7, 2024/05/31, 10:17:34.333, 435472483931, vstest.console.dll, TestRunRequest:SendTestRunStatsChange: Starting.
TpTrace Verbose: 0 : 21400, 7, 2024/05/31, 10:17:34.333, 435472484753, vstest.console.dll, InProgress is DeleteUser
TpTrace Verbose: 0 : 21400, 7, 2024/05/31, 10:17:34.333, 435472485419, vstest.console.dll, MulticastDelegateUtilities.SafeInvoke: TestRun.RunStatsChanged: Invoking callbacks was skipped because there are no subscribers.
TpTrace Information: 0 : 21400, 7, 2024/05/31, 10:17:34.333, 435472485731, vstest.console.dll, TestRunRequest:SendTestRunStatsChange: Completed.
TpTrace Verbose: 0 : 21400, 7, 2024/05/31, 10:17:34.333, 435472486061, vstest.console.dll, MulticastDelegateUtilities.SafeInvoke: LengthPrefixCommunicationChannel: MessageReceived: Invoking callback 1/1 for Microsoft.VisualStudio.TestPlatform.CommunicationUtilities.TestRequestSender+<>c__DisplayClass34_0., took 1 ms.
TpTrace Verbose: 0 : 21400, 4, 2024/05/31, 10:17:34.333, 435472486159, vstest.console.dll, MulticastDelegateUtilities.SafeInvoke: InternalTestLoggerEvents.SendTestResult: Invoking callback 1/1 for Microsoft.VisualStudio.TestPlatform.CommandLine.Internal.ConsoleLogger., took 0 ms.
TpTrace Verbose: 0 : 21400, 7, 2024/05/31, 10:17:34.333, 435472486464, vstest.console.dll, TcpClientExtensions.MessageLoopAsync: Polling on remoteEndPoint: 127.0.0.1:53500 localEndPoint: 127.0.0.1:53499 after 207 ms
TpTrace Verbose: 0 : 21400, 4, 2024/05/31, 10:17:34.333, 435472487201, vstest.console.dll, MulticastDelegateUtilities.SafeInvoke: InternalTestLoggerEvents.SendTestResult: Invoking callback 1/1 for Microsoft.VisualStudio.TestPlatform.CommandLine.Internal.ConsoleLogger., took 0 ms.
TpTrace Verbose: 0 : 21400, 4, 2024/05/31, 10:17:34.333, 435472487895, vstest.console.dll, MulticastDelegateUtilities.SafeInvoke: InternalTestLoggerEvents.SendTestResult: Invoking callback 1/1 for Microsoft.VisualStudio.TestPlatform.CommandLine.Internal.ConsoleLogger., took 0 ms.
TpTrace Verbose: 0 : 21400, 4, 2024/05/31, 10:17:34.333, 435472488317, vstest.console.dll, MulticastDelegateUtilities.SafeInvoke: InternalTestLoggerEvents.SendTestResult: Invoking callback 1/1 for Microsoft.VisualStudio.TestPlatform.CommandLine.Internal.ConsoleLogger., took 0 ms.
TpTrace Verbose: 0 : 21400, 4, 2024/05/31, 10:17:34.333, 435472488740, vstest.console.dll, MulticastDelegateUtilities.SafeInvoke: InternalTestLoggerEvents.SendTestResult: Invoking callback 1/1 for Microsoft.VisualStudio.TestPlatform.CommandLine.Internal.ConsoleLogger., took 0 ms.
TpTrace Verbose: 0 : 21400, 4, 2024/05/31, 10:17:34.333, 435472489110, vstest.console.dll, MulticastDelegateUtilities.SafeInvoke: InternalTestLoggerEvents.SendTestResult: Invoking callback 1/1 for Microsoft.VisualStudio.TestPlatform.CommandLine.Internal.ConsoleLogger., took 0 ms.
TpTrace Verbose: 0 : 21400, 4, 2024/05/31, 10:17:34.333, 435472489477, vstest.console.dll, MulticastDelegateUtilities.SafeInvoke: InternalTestLoggerEvents.SendTestResult: Invoking callback 1/1 for Microsoft.VisualStudio.TestPlatform.CommandLine.Internal.ConsoleLogger., took 0 ms.
TpTrace Verbose: 0 : 21400, 4, 2024/05/31, 10:17:34.333, 435472489857, vstest.console.dll, MulticastDelegateUtilities.SafeInvoke: InternalTestLoggerEvents.SendTestResult: Invoking callback 1/1 for Microsoft.VisualStudio.TestPlatform.CommandLine.Internal.ConsoleLogger., took 0 ms.
TpTrace Verbose: 0 : 21400, 4, 2024/05/31, 10:17:34.333, 435472490225, vstest.console.dll, MulticastDelegateUtilities.SafeInvoke: InternalTestLoggerEvents.SendTestResult: Invoking callback 1/1 for Microsoft.VisualStudio.TestPlatform.CommandLine.Internal.ConsoleLogger., took 0 ms.
TpTrace Verbose: 0 : 21400, 7, 2024/05/31, 10:17:34.387, 435473024231, vstest.console.dll, TcpClientExtensions.MessageLoopAsync: NotifyDataAvailable remoteEndPoint: 127.0.0.1:53500 localEndPoint: 127.0.0.1:53499
TpTrace Verbose: 0 : 21400, 7, 2024/05/31, 10:17:34.387, 435473026032, vstest.console.dll, TestRequestSender.OnExecutionMessageReceived: Received message: {"Version":7,"MessageType":"TestSession.Message","Payload":{"MessageLevel":0,"Message":"NUnit Adapter 4.5.0.0: Test execution complete"}}
TpTrace Verbose: 0 : 21400, 7, 2024/05/31, 10:17:34.387, 435473027292, vstest.console.dll, TestRunRequest:SendTestRunMessage: Starting.
TpTrace Verbose: 0 : 21400, 7, 2024/05/31, 10:17:34.387, 435473027849, vstest.console.dll, MulticastDelegateUtilities.SafeInvoke: TestRun.LogMessages: Invoking callback 1/1 for Microsoft.VisualStudio.TestPlatform.CommandLine.TestRunResultAggregator., took 0 ms.
TpTrace Information: 0 : 21400, 7, 2024/05/31, 10:17:34.387, 435473028145, vstest.console.dll, TestRunRequest:SendTestRunMessage: Completed.
TpTrace Verbose: 0 : 21400, 7, 2024/05/31, 10:17:34.387, 435473028436, vstest.console.dll, MulticastDelegateUtilities.SafeInvoke: LengthPrefixCommunicationChannel: MessageReceived: Invoking callback 1/1 for Microsoft.VisualStudio.TestPlatform.CommunicationUtilities.TestRequestSender+<>c__DisplayClass34_0., took 0 ms.
TpTrace Verbose: 0 : 21400, 4, 2024/05/31, 10:17:34.387, 435473028444, vstest.console.dll, MulticastDelegateUtilities.SafeInvoke: InternalTestLoggerEvents.SendTestRunMessage: Invoking callback 1/1 for Microsoft.VisualStudio.TestPlatform.CommandLine.Internal.ConsoleLogger., took 0 ms.
TpTrace Verbose: 0 : 21400, 7, 2024/05/31, 10:17:34.387, 435473028780, vstest.console.dll, TcpClientExtensions.MessageLoopAsync: Polling on remoteEndPoint: 127.0.0.1:53500 localEndPoint: 127.0.0.1:53499 after 54 ms
TpTrace Verbose: 0 : 21400, 7, 2024/05/31, 10:17:34.404, 435473199571, vstest.console.dll, TcpClientExtensions.MessageLoopAsync: NotifyDataAvailable remoteEndPoint: 127.0.0.1:53500 localEndPoint: 127.0.0.1:53499
TpTrace Verbose: 0 : 21400, 7, 2024/05/31, 10:17:34.405, 435473203314, vstest.console.dll, TestRequestSender.OnExecutionMessageReceived: Received message: {"Version":7,"MessageType":"TestExecution.Completed","Payload":{"TestRunCompleteArgs":{"TestRunStatistics":{"ExecutedTests":80,"Stats":{"Passed":80}},"IsCanceled":false,"IsAborted":false,"Error":null,"AttachmentSets":[],"InvokedDataCollectors":[],"ElapsedTimeInRunningTests":"00:00:02.5325423","Metrics":{},"DiscoveredExtensions":{"TestDiscoverers":["NUnit.VisualStudio.TestAdapter.NUnit3TestDiscoverer, NUnit3.TestAdapter, Version=4.5.0.0, Culture=neutral, PublicKeyToken=4cb40d35494691ac"],"TestExecutors":["executor://NUnit3TestExecutor"],"TestExecutors2":[],"TestSettingsProviders":[]}},"LastRunTests":{"NewTestResults":[{"TestCase":{"Id":"3af3c7f8-6e2a-d45c-013f-3fc304229a8d","FullyQualifiedName":"TestProj.UserRepoTest.DeleteUser","DisplayName":"DeleteUser","ExecutorUri":"executor://NUnit3TestExecutor","Source":"C:\\Users\\VC\\Desktop\\MiniProjectLibraryManagement\\LibraryManagemetSln\\RepositoryTesting\\bin\\Debug\\net8.0\\fine-code-coverage\\build-output\\RepositoryTesting.dll","CodeFilePath":null,"LineNumber":0,"Properties":[{"Key":{"Id":"NUnit.Seed","Label":"Seed","Category":"","Description":"","Attributes":0,"ValueType":"System.String"},"Value":"87557574"}]},"Attachments":[],"Outcome":1,"ErrorMessage":null,"ErrorStackTrace":null,"DisplayName":"DeleteUser","Messages":[],"ComputerName":"794GBX3","Duration":"00:00:00.0152730","StartTime":"2024-05-31T04:47:34.3278446+00:00","EndTime":"2024-05-31T04:47:34.343117+00:00","Properties":[{"Key":{"Id":"NUnit.Seed","Label":"Seed","Category":"","Description":"","Attributes":0,"ValueType":"System.String"},"Value":"87557574"}]},{"TestCase":{"Id":"eb544905-1527-962a-0841-8166164ab168","FullyQualifiedName":"TestProj.UserRepoTest.DelteuserThrowsEntityNotFoundException","DisplayName":"DelteuserThrowsEntityNotFoundException","ExecutorUri":"executor://NUnit3TestExecutor","Source":"C:\\Users\\VC\\Desktop\\MiniProjectLibraryManagement\\LibraryManagemetSln\\RepositoryTesting\\bin\\Debug\\net8.0\\fine-code-coverage\\build-output\\RepositoryTesting.dll","CodeFilePath":null,"LineNumber":0,"Properties":[{"Key":{"Id":"NUnit.Seed","Label":"Seed","Category":"","Description":"","Attributes":0,"ValueType":"System.String"},"Value":"1648330060"}]},"Attachments":[],"Outcome":1,"ErrorMessage":null,"ErrorStackTrace":null,"DisplayName":"DelteuserThrowsEntityNotFoundException","Messages":[],"ComputerName":"794GBX3","Duration":"00:00:00.0022750","StartTime":"2024-05-31T04:47:34.3431591+00:00","EndTime":"2024-05-31T04:47:34.3454334+00:00","Properties":[{"Key":{"Id":"NUnit.Seed","Label":"Seed","Category":"","Description":"","Attributes":0,"ValueType":"System.String"},"Value":"1648330060"}]},{"TestCase":{"Id":"1b04bbaa-c09a-a481-ea71-acf83788cc91","FullyQualifiedName":"TestProj.UserRepoTest.GetUserByEmail","DisplayName":"GetUserByEmail","ExecutorUri":"executor://NUnit3TestExecutor","Source":"C:\\Users\\VC\\Desktop\\MiniProjectLibraryManagement\\LibraryManagemetSln\\RepositoryTesting\\bin\\Debug\\net8.0\\fine-code-coverage\\build-output\\RepositoryTesting.dll","CodeFilePath":null,"LineNumber":0,"Properties":[{"Key":{"Id":"NUnit.Seed","Label":"Seed","Category":"","Description":"","Attributes":0,"ValueType":"System.String"},"Value":"1249107557"}]},"Attachments":[],"Outcome":1,"ErrorMessage":null,"ErrorStackTrace":null,"DisplayName":"GetUserByEmail","Messages":[],"ComputerName":"794GBX3","Duration":"00:00:00.0105800","StartTime":"2024-05-31T04:47:34.3454657+00:00","EndTime":"2024-05-31T04:47:34.3560449+00:00","Properties":[{"Key":{"Id":"NUnit.Seed","Label":"Seed","Category":"","Description":"","Attributes":0,"ValueType":"System.String"},"Value":"1249107557"}]},{"TestCase":{"Id":"4839768a-f882-96df-1c6d-f225a8ab82ca","FullyQualifiedName":"TestProj.UserRepoTest.GetUserByEmailThrowsEntityNotFoundException","DisplayName":"GetUserByEmailThrowsEntityNotFoundException","ExecutorUri":"executor://NUnit3TestExecutor","Source":"C:\\Users\\VC\\Desktop\\MiniProjectLibraryManagement\\LibraryManagemetSln\\RepositoryTesting\\bin\\Debug\\net8.0\\fine-code-coverage\\build-output\\RepositoryTesting.dll","CodeFilePath":null,"LineNumber":0,"Properties":[{"Key":{"Id":"NUnit.Seed","Label":"Seed","Category":"","Description":"","Attributes":0,"ValueType":"System.String"},"Value":"2063890213"}]},"Attachments":[],"Outcome":1,"ErrorMessage":null,"ErrorStackTrace":null,"DisplayName":"GetUserByEmailThrowsEntityNotFoundException","Messages":[],"ComputerName":"794GBX3","Duration":"00:00:00.0027930","StartTime":"2024-05-31T04:47:34.3560901+00:00","EndTime":"2024-05-31T04:47:34.3588824+00:00","Properties":[{"Key":{"Id":"NUnit.Seed","Label":"Seed","Category":"","Description":"","Attributes":0,"ValueType":"System.String"},"Value":"2063890213"}]},{"TestCase":{"Id":"804768e3-6d02-1e61-c58e-73d064d21eb2","FullyQualifiedName":"TestProj.UserRepoTest.GetUsers","DisplayName":"GetUsers","ExecutorUri":"executor://NUnit3TestExecutor","Source":"C:\\Users\\VC\\Desktop\\MiniProjectLibraryManagement\\LibraryManagemetSln\\RepositoryTesting\\bin\\Debug\\net8.0\\fine-code-coverage\\build-output\\RepositoryTesting.dll","CodeFilePath":null,"LineNumber":0,"Properties":[{"Key":{"Id":"NUnit.Seed","Label":"Seed","Category":"","Description":"","Attributes":0,"ValueType":"System.String"},"Value":"887595394"}]},"Attachments":[],"Outcome":1,"ErrorMessage":null,"ErrorStackTrace":null,"DisplayName":"GetUsers","Messages":[],"ComputerName":"794GBX3","Duration":"00:00:00.0085440","StartTime":"2024-05-31T04:47:34.3589104+00:00","EndTime":"2024-05-31T04:47:34.3674531+00:00","Properties":[{"Key":{"Id":"NUnit.Seed","Label":"Seed","Category":"","Description":"","Attributes":0,"ValueType":"System.String"},"Value":"887595394"}]},{"TestCase":{"Id":"b288eba5-583d-8152-8d11-4dc8ed12bf85","FullyQualifiedName":"TestProj.UserRepoTest.UpdateUser","DisplayName":"UpdateUser","ExecutorUri":"executor://NUnit3TestExecutor","Source":"C:\\Users\\VC\\Desktop\\MiniProjectLibraryManagement\\LibraryManagemetSln\\RepositoryTesting\\bin\\Debug\\net8.0\\fine-code-coverage\\build-output\\RepositoryTesting.dll","CodeFilePath":null,"LineNumber":0,"Properties":[{"Key":{"Id":"NUnit.Seed","Label":"Seed","Category":"","Description":"","Attributes":0,"ValueType":"System.String"},"Value":"1082924752"}]},"Attachments":[],"Outcome":1,"ErrorMessage":null,"ErrorStackTrace":null,"DisplayName":"UpdateUser","Messages":[],"ComputerName":"794GBX3","Duration":"00:00:00.0037340","StartTime":"2024-05-31T04:47:34.3675086+00:00","EndTime":"2024-05-31T04:47:34.3712419+00:00","Properties":[{"Key":{"Id":"NUnit.Seed","Label":"Seed","Category":"","Description":"","Attributes":0,"ValueType":"System.String"},"Value":"1082924752"}]}],"TestRunStatistics":{"ExecutedTests":80,"Stats":{"Passed":80}},"ActiveTests":[]},"RunAttachments":[],"ExecutorUris":["executor://nunit3testexecutor/"]}}
TpTrace Verbose: 0 : 21400, 7, 2024/05/31, 10:17:34.405, 435473207083, vstest.console.dll, TestRequestSender.EndSession: Sending end session.
TpTrace Verbose: 0 : 21400, 7, 2024/05/31, 10:17:34.405, 435473210696, vstest.console.dll, ProxyOperationManager.Close: waiting for test host to exit for 100 ms
TpTrace Verbose: 0 : 21400, 12, 2024/05/31, 10:17:34.436, 435473514656, vstest.console.dll, TestHostManagerCallbacks.ctor: Experimental forwarding output is disabled.
TpTrace Warning: 0 : 21400, 12, 2024/05/31, 10:17:34.436, 435473516419, vstest.console.dll, TestHostManagerCallbacks.ErrorReceivedCallback Test host standard error line: 
TpTrace Verbose: 0 : 21400, 12, 2024/05/31, 10:17:34.453, 435473692530, vstest.console.dll, TestHostProvider.ExitCallBack: Host exited starting callback.
TpTrace Information: 0 : 21400, 12, 2024/05/31, 10:17:34.454, 435473695420, vstest.console.dll, TestHostManagerCallbacks.ExitCallBack: Testhost processId: 28052 exited with exitcode: 0 error: ''
TpTrace Verbose: 0 : 21400, 12, 2024/05/31, 10:17:34.454, 435473695901, vstest.console.dll, DotnetTestHostManager.OnHostExited: invoking OnHostExited callback
TpTrace Verbose: 0 : 21400, 12, 2024/05/31, 10:17:34.454, 435473696415, vstest.console.dll, CrossPlatEngine.TestHostManagerHostExited: calling on client process exit callback.
TpTrace Information: 0 : 21400, 12, 2024/05/31, 10:17:34.454, 435473697829, vstest.console.dll, TestRequestSender.OnClientProcessExit: Test host process exited. Standard error: 
TpTrace Information: 0 : 21400, 12, 2024/05/31, 10:17:34.454, 435473698379, vstest.console.dll, SocketServer.Stop: Stop server endPoint: 127.0.0.1:53499
TpTrace Information: 0 : 21400, 7, 2024/05/31, 10:17:34.454, 435473698414, vstest.console.dll, SocketServer.Stop: Stop server endPoint: 127.0.0.1:53499
TpTrace Information: 0 : 21400, 12, 2024/05/31, 10:17:34.454, 435473701152, vstest.console.dll, SocketServer.Stop: Cancellation requested. Stopping message loop.
TpTrace Information: 0 : 21400, 7, 2024/05/31, 10:17:34.454, 435473701590, vstest.console.dll, SocketServer.Stop: Cancellation requested. Stopping message loop.
TpTrace Information: 0 : 21400, 7, 2024/05/31, 10:17:34.454, 435473702618, vstest.console.dll, Closing the connection
TpTrace Verbose: 0 : 21400, 12, 2024/05/31, 10:17:34.455, 435473703107, vstest.console.dll, MulticastDelegateUtilities.SafeInvoke: HostProviderEvents.OnHostExited: Invoking callback 1/1 for Microsoft.VisualStudio.TestPlatform.CrossPlatEngine.Client.ProxyOperationManager., took 0 ms.
TpTrace Verbose: 0 : 21400, 7, 2024/05/31, 10:17:34.455, 435473706329, vstest.console.dll, ProxyDataCollectionManager.InvokeDataCollectionServiceAction: Starting.
TpTrace Information: 0 : 21400, 7, 2024/05/31, 10:17:34.455, 435473706766, vstest.console.dll, ProxyDataCollectionManager.AfterTestRunEnd: Get attachment set and invoked data collectors processId: 5580 port: 53496
TpTrace Verbose: 0 : 21400, 7, 2024/05/31, 10:17:34.455, 435473707300, vstest.console.dll, DataCollectionRequestSender.SendAfterTestRunStartAndGetResult: Send AfterTestRunEnd message with isCancelled: False
TpTrace Verbose: 0 : 21400, 7, 2024/05/31, 10:17:34.463, 435473791132, vstest.console.dll, DataCollectionRequestSender.SendAfterTestRunStartAndGetResult: Received message: (DataCollection.AfterTestRunEndResult) -> {"MessageType":"DataCollection.AfterTestRunEndResult","Payload":{"AttachmentSets":[],"InvokedDataCollectors":[{"Uri":"datacollector://Microsoft/TestPlatform/Extensions/Blame/v1","FriendlyName":"Blame","AssemblyQualifiedName":"Microsoft.TestPlatform.Extensions.BlameDataCollector.BlameCollector, Microsoft.TestPlatform.Extensions.BlameDataCollector, Version=15.0.0.0, Culture=neutral, PublicKeyToken=b03f5f7f11d50a3a","FilePath":"C:\\Program Files\\dotnet\\sdk\\8.0.300\\Extensions\\Microsoft.TestPlatform.Extensions.BlameDataCollector.dll","HasAttachmentProcessor":false}],"Metrics":{}}}
TpTrace Information: 0 : 21400, 7, 2024/05/31, 10:17:34.472, 435473874329, vstest.console.dll, ProxyDataCollectionManager.InvokeDataCollectionServiceAction: Completed.
TpTrace Warning: 0 : 21400, 10, 2024/05/31, 10:17:34.482, 435473978019, vstest.console.dll, DataCollectionLauncher.ErrorReceivedCallback datacollector standard error line: 
TpTrace Information: 0 : 21400, 10, 2024/05/31, 10:17:34.492, 435474078549, vstest.console.dll, DataCollectionLauncher.ExitCallBack: Data collector exited with exitcode: 0 error: ''
TpTrace Verbose: 0 : 21400, 7, 2024/05/31, 10:17:34.515, 435474303653, vstest.console.dll, TestRunRequest:SendTestRunStatsChange: Starting.
TpTrace Verbose: 0 : 21400, 7, 2024/05/31, 10:17:34.515, 435474306205, vstest.console.dll, MulticastDelegateUtilities.SafeInvoke: TestRun.RunStatsChanged: Invoking callbacks was skipped because there are no subscribers.
TpTrace Information: 0 : 21400, 7, 2024/05/31, 10:17:34.515, 435474306733, vstest.console.dll, TestRunRequest:SendTestRunStatsChange: Completed.
TpTrace Verbose: 0 : 21400, 4, 2024/05/31, 10:17:34.515, 435474308537, vstest.console.dll, MulticastDelegateUtilities.SafeInvoke: InternalTestLoggerEvents.SendTestResult: Invoking callback 1/1 for Microsoft.VisualStudio.TestPlatform.CommandLine.Internal.ConsoleLogger., took 0 ms.
TpTrace Verbose: 0 : 21400, 4, 2024/05/31, 10:17:34.515, 435474309793, vstest.console.dll, MulticastDelegateUtilities.SafeInvoke: InternalTestLoggerEvents.SendTestResult: Invoking callback 1/1 for Microsoft.VisualStudio.TestPlatform.CommandLine.Internal.ConsoleLogger., took 0 ms.
TpTrace Verbose: 0 : 21400, 4, 2024/05/31, 10:17:34.515, 435474310410, vstest.console.dll, MulticastDelegateUtilities.SafeInvoke: InternalTestLoggerEvents.SendTestResult: Invoking callback 1/1 for Microsoft.VisualStudio.TestPlatform.CommandLine.Internal.ConsoleLogger., took 0 ms.
TpTrace Verbose: 0 : 21400, 4, 2024/05/31, 10:17:34.515, 435474311054, vstest.console.dll, MulticastDelegateUtilities.SafeInvoke: InternalTestLoggerEvents.SendTestResult: Invoking callback 1/1 for Microsoft.VisualStudio.TestPlatform.CommandLine.Internal.ConsoleLogger., took 0 ms.
TpTrace Verbose: 0 : 21400, 4, 2024/05/31, 10:17:34.515, 435474311573, vstest.console.dll, MulticastDelegateUtilities.SafeInvoke: InternalTestLoggerEvents.SendTestResult: Invoking callback 1/1 for Microsoft.VisualStudio.TestPlatform.CommandLine.Internal.ConsoleLogger., took 0 ms.
TpTrace Verbose: 0 : 21400, 4, 2024/05/31, 10:17:34.515, 435474312143, vstest.console.dll, MulticastDelegateUtilities.SafeInvoke: InternalTestLoggerEvents.SendTestResult: Invoking callback 1/1 for Microsoft.VisualStudio.TestPlatform.CommandLine.Internal.ConsoleLogger., took 0 ms.
TpTrace Verbose: 0 : 21400, 7, 2024/05/31, 10:17:34.516, 435474315758, vstest.console.dll, ParallelProxyExecutionManager: HandlePartialRunComplete: Total workloads = 1, Total started clients = 1 Total completed clients = 1, Run complete = True, Run canceled: False.
TpTrace Verbose: 0 : 21400, 7, 2024/05/31, 10:17:34.516, 435474316842, vstest.console.dll, ParallelProxyExecutionManager: HandlePartialRunComplete: All runs completed stopping all managers.
TpTrace Verbose: 0 : 21400, 7, 2024/05/31, 10:17:34.516, 435474317511, vstest.console.dll, ParallelOperationManager.StopAllManagers: Stopping all managers.
TpTrace Verbose: 0 : 21400, 7, 2024/05/31, 10:17:34.516, 435474318038, vstest.console.dll, ParallelOperationManager.ClearSlots: Clearing all slots. Slots should accept more work: False
TpTrace Verbose: 0 : 21400, 7, 2024/05/31, 10:17:34.516, 435474318780, vstest.console.dll, ParallelOperationManager.SetOccupiedSlotCount: Setting slot counts AvailableSlotCount = 1, OccupiedSlotCount = 0.
TpTrace Verbose: 0 : 21400, 7, 2024/05/31, 10:17:34.516, 435474319574, vstest.console.dll, Occupied slots:

TpTrace Verbose: 0 : 21400, 4, 2024/05/31, 10:17:34.529, 435474450743, vstest.console.dll, MulticastDelegateUtilities.SafeInvoke: InternalTestLoggerEvents.SendTestRunComplete: Invoking callback 1/2 for Microsoft.TestPlatform.Extensions.BlameDataCollector.BlameLogger., took 0 ms.
TpTrace Verbose: 0 : 21400, 4, 2024/05/31, 10:17:34.539, 435474546377, vstest.console.dll, MulticastDelegateUtilities.SafeInvoke: InternalTestLoggerEvents.SendTestRunComplete: Invoking callback 2/2 for Microsoft.VisualStudio.TestPlatform.CommandLine.Internal.ConsoleLogger., took 9 ms.
TpTrace Verbose: 0 : 21400, 7, 2024/05/31, 10:17:34.539, 435474551810, vstest.console.dll, TestRunRequest:TestRunComplete: Starting. IsAborted:False IsCanceled:False.
TpTrace Verbose: 0 : 21400, 7, 2024/05/31, 10:17:34.540, 435474554443, vstest.console.dll, ParallelOperationManager.DoActionOnAllManagers: Calling an action on all managers.
TpTrace Verbose: 0 : 21400, 7, 2024/05/31, 10:17:34.541, 435474570460, vstest.console.dll, TestLoggerManager.HandleTestRunComplete: Ignoring as the object is disposed.
TpTrace Verbose: 0 : 21400, 7, 2024/05/31, 10:17:34.542, 435474575216, vstest.console.dll, MulticastDelegateUtilities.SafeInvoke: TestRun.TestRunComplete: Invoking callback 1/2 for Microsoft.VisualStudio.TestPlatform.CommandLine.TestRunResultAggregator., took 0 ms.
TpTrace Verbose: 0 : 21400, 7, 2024/05/31, 10:17:34.542, 435474577202, vstest.console.dll, MulticastDelegateUtilities.SafeInvoke: TestRun.TestRunComplete: Invoking callback 2/2 for Microsoft.VisualStudio.TestPlatform.CommandLine.Processors.RunTestsArgumentExecutor+TestRunRequestEventsRegistrar., took 0 ms.
TpTrace Information: 0 : 21400, 7, 2024/05/31, 10:17:34.542, 435474578782, vstest.console.dll, TestRunRequest:TestRunComplete: Completed.
TpTrace Verbose: 0 : 21400, 1, 2024/05/31, 10:17:34.542, 435474579059, vstest.console.dll, TestRunRequest.Dispose: Starting.
TpTrace Information: 0 : 21400, 1, 2024/05/31, 10:17:34.542, 435474580947, vstest.console.dll, TestRunRequest.Dispose: Completed.
TpTrace Verbose: 0 : 21400, 7, 2024/05/31, 10:17:34.542, 435474579394, vstest.console.dll, TestRequestSender.SetOperationComplete: Setting operation complete.
TpTrace Information: 0 : 21400, 1, 2024/05/31, 10:17:34.542, 435474581674, vstest.console.dll, TestRequestManager.RunTests: run tests completed.
TpTrace Information: 0 : 21400, 7, 2024/05/31, 10:17:34.542, 435474582322, vstest.console.dll, SocketServer.Stop: Stop server endPoint: 127.0.0.1:53499
TpTrace Information: 0 : 21400, 7, 2024/05/31, 10:17:34.542, 435474582858, vstest.console.dll, SocketServer.Stop: Cancellation requested. Stopping message loop.
TpTrace Verbose: 0 : 21400, 7, 2024/05/31, 10:17:34.543, 435474583406, vstest.console.dll, MulticastDelegateUtilities.SafeInvoke: LengthPrefixCommunicationChannel: MessageReceived: Invoking callback 1/1 for Microsoft.VisualStudio.TestPlatform.CommunicationUtilities.TestRequestSender+<>c__DisplayClass34_0., took 138 ms.
TpTrace Information: 0 : 21400, 7, 2024/05/31, 10:17:34.543, 435474584145, vstest.console.dll, SocketServer.PrivateStop: Stopping server endPoint: 127.0.0.1:53499 error: 
TpTrace Information: 0 : 21400, 1, 2024/05/31, 10:17:34.543, 435474584369, vstest.console.dll, RunTestsArgumentProcessor:Execute: Test run is completed.
TpTrace Verbose: 0 : 21400, 1, 2024/05/31, 10:17:34.543, 435474589103, vstest.console.dll, Executor.Execute: Exiting with exit code of 0
TpTrace Verbose: 0 : 21400, 7, 2024/05/31, 10:17:34.543, 435474591983, vstest.console.dll, LengthPrefixCommunicationChannel.Dispose: Dispose reader and writer.
TpTrace Information: 0 : 21400, 7, 2024/05/31, 10:17:34.544, 435474593305, vstest.console.dll, SocketServer.Stop: Raise disconnected event endPoint: 127.0.0.1:53499 error: 
TpTrace Verbose: 0 : 21400, 7, 2024/05/31, 10:17:34.544, 435474594871, vstest.console.dll, TestRequestSender: OnTestRunAbort: Operation is already complete. Skip error message.
TpTrace Verbose: 0 : 21400, 7, 2024/05/31, 10:17:34.544, 435474595447, vstest.console.dll, MulticastDelegateUtilities.SafeInvoke: SocketServer: ClientDisconnected: Invoking callback 1/1 for Microsoft.VisualStudio.TestPlatform.CommunicationUtilities.TestRequestSender., took 0 ms.
TpTrace Verbose: 0 : 21400, 7, 2024/05/31, 10:17:34.544, 435474595891, vstest.console.dll, TcpClientExtensions.MessageLoopAsync: exiting MessageLoopAsync remoteEndPoint: 127.0.0.1:53500 localEndPoint: 127.0.0.1:53499
