TpTrace Verbose: 0 : 12664, 1, 2024/05/31, 10:17:37.364, 435502794785, vstest.console.dll, Version: 17.10.0-release-24203-04 Current process architecture: X64
TpTrace Verbose: 0 : 12664, 1, 2024/05/31, 10:17:37.369, 435502851353, vstest.console.dll, Runtime location: C:\Program Files\dotnet\shared\Microsoft.NETCore.App\8.0.5
TpTrace Verbose: 0 : 12664, 1, 2024/05/31, 10:17:37.373, 435502883316, vstest.console.dll, ArtifactProcessingPostProcessModeProcessorExecutor.Initialize: ArtifactProcessingMode.Collect
TpTrace Verbose: 0 : 12664, 1, 2024/05/31, 10:17:37.373, 435502885328, vstest.console.dll, TestSessionCorrelationIdProcessorModeProcessorExecutor.Initialize: TestSessionCorrelationId '11244_492f3a9d-250b-431e-bdd9-d19a57e81414'
TpTrace Information: 0 : 12664, 1, 2024/05/31, 10:17:37.386, 435503017765, vstest.console.dll, FilePatternParser: The given file C:\Users\VC\Desktop\MiniProjectLibraryManagement\LibraryManagemetSln\BLTestProj\bin\Debug\net8.0\fine-code-coverage\build-output\BLTestProj.dll is a full path.
TpTrace Verbose: 0 : 12664, 1, 2024/05/31, 10:17:37.394, 435503094751, vstest.console.dll, TestPluginCache.DiscoverTestExtensions: finding test extensions in assemblies ends with: RuntimeProvider.dll TPluginInfo: Microsoft.VisualStudio.TestPlatform.Common.ExtensionFramework.Utilities.TestRuntimePluginInformation TExtension: Microsoft.VisualStudio.TestPlatform.ObjectModel.Host.ITestRuntimeProvider
TpTrace Verbose: 0 : 12664, 1, 2024/05/31, 10:17:37.394, 435503099040, vstest.console.dll, TestPluginCache.GetExtensionPaths: Filtered extension paths: 
TpTrace Verbose: 0 : 12664, 1, 2024/05/31, 10:17:37.394, 435503100134, vstest.console.dll, TestPluginCache.GetExtensionPaths: Added default extension paths: C:\Program Files\dotnet\sdk\8.0.300\Extensions\Microsoft.Diagnostics.NETCore.Client.dll
C:\Program Files\dotnet\sdk\8.0.300\Extensions\Microsoft.TestPlatform.Extensions.BlameDataCollector.dll
C:\Program Files\dotnet\sdk\8.0.300\Extensions\Microsoft.TestPlatform.Extensions.EventLogCollector.dll
C:\Program Files\dotnet\sdk\8.0.300\Extensions\Microsoft.TestPlatform.TestHostRuntimeProvider.dll
C:\Program Files\dotnet\sdk\8.0.300\Extensions\Microsoft.VisualStudio.TestPlatform.Extensions.Html.TestLogger.dll
C:\Program Files\dotnet\sdk\8.0.300\Extensions\Microsoft.VisualStudio.TestPlatform.Extensions.Trx.TestLogger.dll
TpTrace Verbose: 0 : 12664, 1, 2024/05/31, 10:17:37.394, 435503100583, vstest.console.dll, TestPluginCache.GetExtensionPaths: Added unfilterableExtensionPaths: 
TpTrace Information: 0 : 12664, 1, 2024/05/31, 10:17:37.395, 435503109755, vstest.console.dll, AssemblyResolver.ctor: Creating AssemblyResolver with searchDirectories C:\Program Files\dotnet\sdk\8.0.300\Extensions,C:\Program Files\dotnet\sdk\8.0.300
TpTrace Verbose: 0 : 12664, 1, 2024/05/31, 10:17:37.398, 435503136155, vstest.console.dll, TestPluginCache.DiscoverTestExtensions: Discovering the extensions using extension path.
TpTrace Verbose: 0 : 12664, 1, 2024/05/31, 10:17:37.398, 435503139272, vstest.console.dll, TestPluginCache.GetExtensionPaths: Filtered extension paths: 
TpTrace Verbose: 0 : 12664, 1, 2024/05/31, 10:17:37.398, 435503140202, vstest.console.dll, TestPluginCache.GetExtensionPaths: Added default extension paths: C:\Program Files\dotnet\sdk\8.0.300\Extensions\Microsoft.Diagnostics.NETCore.Client.dll
C:\Program Files\dotnet\sdk\8.0.300\Extensions\Microsoft.TestPlatform.Extensions.BlameDataCollector.dll
C:\Program Files\dotnet\sdk\8.0.300\Extensions\Microsoft.TestPlatform.Extensions.EventLogCollector.dll
C:\Program Files\dotnet\sdk\8.0.300\Extensions\Microsoft.TestPlatform.TestHostRuntimeProvider.dll
C:\Program Files\dotnet\sdk\8.0.300\Extensions\Microsoft.VisualStudio.TestPlatform.Extensions.Html.TestLogger.dll
C:\Program Files\dotnet\sdk\8.0.300\Extensions\Microsoft.VisualStudio.TestPlatform.Extensions.Trx.TestLogger.dll
TpTrace Verbose: 0 : 12664, 1, 2024/05/31, 10:17:37.398, 435503140769, vstest.console.dll, TestPluginCache.GetExtensionPaths: Added unfilterableExtensionPaths: 
TpTrace Verbose: 0 : 12664, 1, 2024/05/31, 10:17:37.398, 435503142037, vstest.console.dll, TestPluginCache.DiscoverTestExtensions: Discovering the extensions using allExtensionPaths: C:\Program Files\dotnet\sdk\8.0.300\Extensions\Microsoft.Diagnostics.NETCore.Client.dll
C:\Program Files\dotnet\sdk\8.0.300\Extensions\Microsoft.TestPlatform.Extensions.BlameDataCollector.dll
C:\Program Files\dotnet\sdk\8.0.300\Extensions\Microsoft.TestPlatform.Extensions.EventLogCollector.dll
C:\Program Files\dotnet\sdk\8.0.300\Extensions\Microsoft.TestPlatform.TestHostRuntimeProvider.dll
C:\Program Files\dotnet\sdk\8.0.300\Extensions\Microsoft.VisualStudio.TestPlatform.Extensions.Html.TestLogger.dll
C:\Program Files\dotnet\sdk\8.0.300\Extensions\Microsoft.VisualStudio.TestPlatform.Extensions.Trx.TestLogger.dll
TpTrace Information: 0 : 12664, 1, 2024/05/31, 10:17:37.399, 435503145459, vstest.console.dll, AssemblyResolver.AddSearchDirectories: Adding more searchDirectories C:\Program Files\dotnet\sdk\8.0.300\Extensions,C:\Program Files\dotnet\sdk\8.0.300
TpTrace Information: 0 : 12664, 1, 2024/05/31, 10:17:37.399, 435503146543, vstest.console.dll, AssemblyResolver.AddSearchDirectories: Adding more searchDirectories C:\Program Files\dotnet\sdk\8.0.300\Extensions,C:\Program Files\dotnet\sdk\8.0.300
TpTrace Information: 0 : 12664, 1, 2024/05/31, 10:17:37.399, 435503147271, vstest.console.dll, AssemblyResolver.AddSearchDirectories: Adding more searchDirectories C:\Program Files\dotnet\sdk\8.0.300\Extensions,C:\Program Files\dotnet\sdk\8.0.300
TpTrace Information: 0 : 12664, 1, 2024/05/31, 10:17:37.399, 435503147810, vstest.console.dll, AssemblyResolver.AddSearchDirectories: Adding more searchDirectories C:\Program Files\dotnet\sdk\8.0.300\Extensions,C:\Program Files\dotnet\sdk\8.0.300
TpTrace Information: 0 : 12664, 1, 2024/05/31, 10:17:37.399, 435503148320, vstest.console.dll, AssemblyResolver.AddSearchDirectories: Adding more searchDirectories C:\Program Files\dotnet\sdk\8.0.300\Extensions,C:\Program Files\dotnet\sdk\8.0.300
TpTrace Information: 0 : 12664, 1, 2024/05/31, 10:17:37.399, 435503148863, vstest.console.dll, AssemblyResolver.AddSearchDirectories: Adding more searchDirectories C:\Program Files\dotnet\sdk\8.0.300\Extensions,C:\Program Files\dotnet\sdk\8.0.300
TpTrace Information: 0 : 12664, 1, 2024/05/31, 10:17:37.400, 435503158418, vstest.console.dll, AssemblyResolver.OnResolve: Microsoft.Diagnostics.NETCore.Client: Resolving assembly.
TpTrace Information: 0 : 12664, 1, 2024/05/31, 10:17:37.400, 435503160303, vstest.console.dll, AssemblyResolver.OnResolve: Microsoft.Diagnostics.NETCore.Client: Searching in: 'C:\Program Files\dotnet\sdk\8.0.300\Extensions'.
TpTrace Information: 0 : 12664, 1, 2024/05/31, 10:17:37.422, 435503379732, vstest.console.dll, AssemblyResolver.OnResolve: Microsoft.Diagnostics.NETCore.Client: Loading assembly 'C:\Program Files\dotnet\sdk\8.0.300\Extensions\Microsoft.Diagnostics.NETCore.Client.dll'.
TpTrace Information: 0 : 12664, 1, 2024/05/31, 10:17:37.424, 435503399458, vstest.console.dll, AssemblyResolver.OnResolve: Resolved assembly: Microsoft.Diagnostics.NETCore.Client, from path: C:\Program Files\dotnet\sdk\8.0.300\Extensions\Microsoft.Diagnostics.NETCore.Client.dll
TpTrace Verbose: 0 : 12664, 1, 2024/05/31, 10:17:37.438, 435503533249, vstest.console.dll, MetadataReaderExtensionsHelper: Discovering extensions inside assembly 'Microsoft.Diagnostics.NETCore.Client, Version=0.2.10.15101, Culture=neutral, PublicKeyToken=31bf3856ad364e35' file path 'C:\Program Files\dotnet\sdk\8.0.300\Extensions\Microsoft.Diagnostics.NETCore.Client.dll'
TpTrace Information: 0 : 12664, 1, 2024/05/31, 10:17:37.451, 435503664186, vstest.console.dll, AssemblyResolver.OnResolve: Microsoft.Bcl.AsyncInterfaces: Resolving assembly.
TpTrace Information: 0 : 12664, 1, 2024/05/31, 10:17:37.451, 435503666311, vstest.console.dll, AssemblyResolver.OnResolve: Microsoft.Bcl.AsyncInterfaces: Searching in: 'C:\Program Files\dotnet\sdk\8.0.300\Extensions'.
TpTrace Information: 0 : 12664, 1, 2024/05/31, 10:17:37.451, 435503667853, vstest.console.dll, AssemblyResolver.OnResolve: Microsoft.Bcl.AsyncInterfaces: Assembly path does not exist: 'C:\Program Files\dotnet\sdk\8.0.300\Extensions\Microsoft.Bcl.AsyncInterfaces.dll', returning.
TpTrace Information: 0 : 12664, 1, 2024/05/31, 10:17:37.451, 435503669615, vstest.console.dll, AssemblyResolver.OnResolve: Microsoft.Bcl.AsyncInterfaces: Assembly path does not exist: 'C:\Program Files\dotnet\sdk\8.0.300\Extensions\Microsoft.Bcl.AsyncInterfaces.exe', returning.
TpTrace Information: 0 : 12664, 1, 2024/05/31, 10:17:37.451, 435503670868, vstest.console.dll, AssemblyResolver.OnResolve: Microsoft.Bcl.AsyncInterfaces: Searching in: 'C:\Program Files\dotnet\sdk\8.0.300'.
TpTrace Information: 0 : 12664, 1, 2024/05/31, 10:17:37.451, 435503671861, vstest.console.dll, AssemblyResolver.OnResolve: Microsoft.Bcl.AsyncInterfaces: Assembly path does not exist: 'C:\Program Files\dotnet\sdk\8.0.300\Microsoft.Bcl.AsyncInterfaces.dll', returning.
TpTrace Information: 0 : 12664, 1, 2024/05/31, 10:17:37.451, 435503672776, vstest.console.dll, AssemblyResolver.OnResolve: Microsoft.Bcl.AsyncInterfaces: Assembly path does not exist: 'C:\Program Files\dotnet\sdk\8.0.300\Microsoft.Bcl.AsyncInterfaces.exe', returning.
TpTrace Information: 0 : 12664, 1, 2024/05/31, 10:17:37.452, 435503673327, vstest.console.dll, AssemblyResolver.OnResolve: Microsoft.Bcl.AsyncInterfaces: Failed to load assembly.
TpTrace Verbose: 0 : 12664, 1, 2024/05/31, 10:17:37.452, 435503674226, vstest.console.dll, CurrentDomainAssemblyResolve: Resolving assembly 'Microsoft.Bcl.AsyncInterfaces'.
TpTrace Information: 0 : 12664, 1, 2024/05/31, 10:17:37.452, 435503675247, vstest.console.dll, AssemblyResolver.OnResolve: Microsoft.Bcl.AsyncInterfaces: Resolving assembly.
TpTrace Information: 0 : 12664, 1, 2024/05/31, 10:17:37.452, 435503676107, vstest.console.dll, AssemblyResolver.OnResolve: Microsoft.Bcl.AsyncInterfaces: Resolved from cache.
TpTrace Verbose: 0 : 12664, 1, 2024/05/31, 10:17:37.452, 435503676674, vstest.console.dll, CurrentDomainAssemblyResolve: Resolving assembly 'Microsoft.Bcl.AsyncInterfaces'.
TpTrace Verbose: 0 : 12664, 1, 2024/05/31, 10:17:37.452, 435503677285, vstest.console.dll, CurrentDomainAssemblyResolve: Failed to resolve assembly 'Microsoft.Bcl.AsyncInterfaces'.
TpTrace Verbose: 0 : 12664, 1, 2024/05/31, 10:17:37.453, 435503687056, vstest.console.dll, CurrentDomainAssemblyResolve: Failed to resolve assembly 'Microsoft.Bcl.AsyncInterfaces'.
TpTrace Warning: 0 : 12664, 1, 2024/05/31, 10:17:37.470, 435503854526, vstest.console.dll, TestPluginDiscoverer: Failed to get types from assembly 'Microsoft.Diagnostics.NETCore.Client, Version=0.2.10.15101, Culture=neutral, PublicKeyToken=31bf3856ad364e35'. Error: System.Reflection.ReflectionTypeLoadException: Unable to load one or more of the requested types.
Could not load file or assembly 'Microsoft.Bcl.AsyncInterfaces, Version=6.0.0.0, Culture=neutral, PublicKeyToken=cc7b13ffcd2ddd51'. The system cannot find the file specified.
   at System.Reflection.RuntimeModule.GetTypes(RuntimeModule module)
   at System.Reflection.RuntimeModule.GetTypes()
   at Microsoft.VisualStudio.TestPlatform.Common.ExtensionFramework.TestPluginDiscoverer.GetTestExtensionsFromAssembly[TPluginInfo,TExtension](Assembly assembly, Dictionary`2 pluginInfos, String filePath) in /_/src/Microsoft.TestPlatform.Common/ExtensionFramework/TestPluginDiscoverer.cs:line 158
System.IO.FileNotFoundException: Could not load file or assembly 'Microsoft.Bcl.AsyncInterfaces, Version=6.0.0.0, Culture=neutral, PublicKeyToken=cc7b13ffcd2ddd51'. The system cannot find the file specified.
File name: 'Microsoft.Bcl.AsyncInterfaces, Version=6.0.0.0, Culture=neutral, PublicKeyToken=cc7b13ffcd2ddd51'
 ---> System.IO.FileNotFoundException: Could not load file or assembly 'Microsoft.Bcl.AsyncInterfaces, Culture=neutral, PublicKeyToken=null'. The system cannot find the file specified.
File name: 'Microsoft.Bcl.AsyncInterfaces, Culture=neutral, PublicKeyToken=null'
   at System.Reflection.RuntimeAssembly.InternalLoad(AssemblyName assemblyName, StackCrawlMark& stackMark, AssemblyLoadContext assemblyLoadContext, RuntimeAssembly requestingAssembly, Boolean throwOnFileNotFound)
   at System.Reflection.Assembly.Load(AssemblyName assemblyRef)
   at Microsoft.VisualStudio.TestPlatform.Common.ExtensionFramework.TestPluginCache.CurrentDomainAssemblyResolve(Object sender, AssemblyResolveEventArgs args) in /_/src/Microsoft.TestPlatform.Common/ExtensionFramework/TestPluginCache.cs:line 513
   at System.Runtime.Loader.AssemblyLoadContext.GetFirstResolvedAssemblyFromResolvingEvent(AssemblyName assemblyName)
   at System.Runtime.Loader.AssemblyLoadContext.ResolveUsingEvent(AssemblyName assemblyName)
   at System.Runtime.Loader.AssemblyLoadContext.ResolveUsingResolvingEvent(IntPtr gchManagedAssemblyLoadContext, AssemblyName assemblyName)
TpTrace Warning: 0 : 12664, 1, 2024/05/31, 10:17:37.470, 435503859648, vstest.console.dll, LoaderExceptions: System.IO.FileNotFoundException: Could not load file or assembly 'Microsoft.Bcl.AsyncInterfaces, Version=6.0.0.0, Culture=neutral, PublicKeyToken=cc7b13ffcd2ddd51'. The system cannot find the file specified.
File name: 'Microsoft.Bcl.AsyncInterfaces, Version=6.0.0.0, Culture=neutral, PublicKeyToken=cc7b13ffcd2ddd51'
 ---> System.IO.FileNotFoundException: Could not load file or assembly 'Microsoft.Bcl.AsyncInterfaces, Culture=neutral, PublicKeyToken=null'. The system cannot find the file specified.
File name: 'Microsoft.Bcl.AsyncInterfaces, Culture=neutral, PublicKeyToken=null'
   at System.Reflection.RuntimeAssembly.InternalLoad(AssemblyName assemblyName, StackCrawlMark& stackMark, AssemblyLoadContext assemblyLoadContext, RuntimeAssembly requestingAssembly, Boolean throwOnFileNotFound)
   at System.Reflection.Assembly.Load(AssemblyName assemblyRef)
   at Microsoft.VisualStudio.TestPlatform.Common.ExtensionFramework.TestPluginCache.CurrentDomainAssemblyResolve(Object sender, AssemblyResolveEventArgs args) in /_/src/Microsoft.TestPlatform.Common/ExtensionFramework/TestPluginCache.cs:line 513
   at System.Runtime.Loader.AssemblyLoadContext.GetFirstResolvedAssemblyFromResolvingEvent(AssemblyName assemblyName)
   at System.Runtime.Loader.AssemblyLoadContext.ResolveUsingEvent(AssemblyName assemblyName)
   at System.Runtime.Loader.AssemblyLoadContext.ResolveUsingResolvingEvent(IntPtr gchManagedAssemblyLoadContext, AssemblyName assemblyName)
TpTrace Information: 0 : 12664, 1, 2024/05/31, 10:17:37.470, 435503861596, vstest.console.dll, AssemblyResolver.OnResolve: Microsoft.TestPlatform.Extensions.BlameDataCollector: Resolving assembly.
TpTrace Information: 0 : 12664, 1, 2024/05/31, 10:17:37.470, 435503862117, vstest.console.dll, AssemblyResolver.OnResolve: Microsoft.TestPlatform.Extensions.BlameDataCollector: Searching in: 'C:\Program Files\dotnet\sdk\8.0.300\Extensions'.
TpTrace Information: 0 : 12664, 1, 2024/05/31, 10:17:37.471, 435503866186, vstest.console.dll, AssemblyResolver.OnResolve: Microsoft.TestPlatform.Extensions.BlameDataCollector: Loading assembly 'C:\Program Files\dotnet\sdk\8.0.300\Extensions\Microsoft.TestPlatform.Extensions.BlameDataCollector.dll'.
TpTrace Information: 0 : 12664, 1, 2024/05/31, 10:17:37.472, 435503875957, vstest.console.dll, AssemblyResolver.OnResolve: Resolved assembly: Microsoft.TestPlatform.Extensions.BlameDataCollector, from path: C:\Program Files\dotnet\sdk\8.0.300\Extensions\Microsoft.TestPlatform.Extensions.BlameDataCollector.dll
TpTrace Verbose: 0 : 12664, 1, 2024/05/31, 10:17:37.472, 435503878214, vstest.console.dll, MetadataReaderExtensionsHelper: Discovering extensions inside assembly 'Microsoft.TestPlatform.Extensions.BlameDataCollector, Version=15.0.0.0, Culture=neutral, PublicKeyToken=b03f5f7f11d50a3a' file path 'C:\Program Files\dotnet\sdk\8.0.300\Extensions\Microsoft.TestPlatform.Extensions.BlameDataCollector.dll'
TpTrace Information: 0 : 12664, 1, 2024/05/31, 10:17:37.475, 435503909312, vstest.console.dll, AssemblyResolver.OnResolve: Microsoft.TestPlatform.Extensions.EventLogCollector: Resolving assembly.
TpTrace Information: 0 : 12664, 1, 2024/05/31, 10:17:37.475, 435503911223, vstest.console.dll, AssemblyResolver.OnResolve: Microsoft.TestPlatform.Extensions.EventLogCollector: Searching in: 'C:\Program Files\dotnet\sdk\8.0.300\Extensions'.
TpTrace Information: 0 : 12664, 1, 2024/05/31, 10:17:37.476, 435503916971, vstest.console.dll, AssemblyResolver.OnResolve: Microsoft.TestPlatform.Extensions.EventLogCollector: Loading assembly 'C:\Program Files\dotnet\sdk\8.0.300\Extensions\Microsoft.TestPlatform.Extensions.EventLogCollector.dll'.
TpTrace Information: 0 : 12664, 1, 2024/05/31, 10:17:37.477, 435503928342, vstest.console.dll, AssemblyResolver.OnResolve: Resolved assembly: Microsoft.TestPlatform.Extensions.EventLogCollector, from path: C:\Program Files\dotnet\sdk\8.0.300\Extensions\Microsoft.TestPlatform.Extensions.EventLogCollector.dll
TpTrace Verbose: 0 : 12664, 1, 2024/05/31, 10:17:37.477, 435503930148, vstest.console.dll, MetadataReaderExtensionsHelper: Discovering extensions inside assembly 'Microsoft.TestPlatform.Extensions.EventLogCollector, Version=15.0.0.0, Culture=neutral, PublicKeyToken=b03f5f7f11d50a3a' file path 'C:\Program Files\dotnet\sdk\8.0.300\Extensions\Microsoft.TestPlatform.Extensions.EventLogCollector.dll'
TpTrace Information: 0 : 12664, 1, 2024/05/31, 10:17:37.481, 435503965176, vstest.console.dll, AssemblyResolver.OnResolve: Microsoft.TestPlatform.TestHostRuntimeProvider: Resolving assembly.
TpTrace Information: 0 : 12664, 1, 2024/05/31, 10:17:37.481, 435503966595, vstest.console.dll, AssemblyResolver.OnResolve: Microsoft.TestPlatform.TestHostRuntimeProvider: Searching in: 'C:\Program Files\dotnet\sdk\8.0.300\Extensions'.
TpTrace Information: 0 : 12664, 1, 2024/05/31, 10:17:37.481, 435503971055, vstest.console.dll, AssemblyResolver.OnResolve: Microsoft.TestPlatform.TestHostRuntimeProvider: Loading assembly 'C:\Program Files\dotnet\sdk\8.0.300\Extensions\Microsoft.TestPlatform.TestHostRuntimeProvider.dll'.
TpTrace Information: 0 : 12664, 1, 2024/05/31, 10:17:37.482, 435503981243, vstest.console.dll, AssemblyResolver.OnResolve: Resolved assembly: Microsoft.TestPlatform.TestHostRuntimeProvider, from path: C:\Program Files\dotnet\sdk\8.0.300\Extensions\Microsoft.TestPlatform.TestHostRuntimeProvider.dll
TpTrace Verbose: 0 : 12664, 1, 2024/05/31, 10:17:37.482, 435503982595, vstest.console.dll, MetadataReaderExtensionsHelper: Discovering extensions inside assembly 'Microsoft.TestPlatform.TestHostRuntimeProvider, Version=15.0.0.0, Culture=neutral, PublicKeyToken=b03f5f7f11d50a3a' file path 'C:\Program Files\dotnet\sdk\8.0.300\Extensions\Microsoft.TestPlatform.TestHostRuntimeProvider.dll'
TpTrace Information: 0 : 12664, 1, 2024/05/31, 10:17:37.485, 435504007815, vstest.console.dll, GetTestExtensionFromType: Register extension with identifier data 'HostProvider://DefaultTestHost' and type 'Microsoft.VisualStudio.TestPlatform.CrossPlatEngine.Hosting.DefaultTestHostManager, Microsoft.TestPlatform.TestHostRuntimeProvider, Version=15.0.0.0, Culture=neutral, PublicKeyToken=b03f5f7f11d50a3a' inside file 'C:\Program Files\dotnet\sdk\8.0.300\Extensions\Microsoft.TestPlatform.TestHostRuntimeProvider.dll'
TpTrace Information: 0 : 12664, 1, 2024/05/31, 10:17:37.486, 435504012952, vstest.console.dll, GetTestExtensionFromType: Register extension with identifier data 'HostProvider://DotnetTestHost' and type 'Microsoft.VisualStudio.TestPlatform.CrossPlatEngine.Hosting.DotnetTestHostManager, Microsoft.TestPlatform.TestHostRuntimeProvider, Version=15.0.0.0, Culture=neutral, PublicKeyToken=b03f5f7f11d50a3a' inside file 'C:\Program Files\dotnet\sdk\8.0.300\Extensions\Microsoft.TestPlatform.TestHostRuntimeProvider.dll'
TpTrace Information: 0 : 12664, 1, 2024/05/31, 10:17:37.486, 435504014623, vstest.console.dll, AssemblyResolver.OnResolve: Microsoft.VisualStudio.TestPlatform.Extensions.Html.TestLogger: Resolving assembly.
TpTrace Information: 0 : 12664, 1, 2024/05/31, 10:17:37.486, 435504015259, vstest.console.dll, AssemblyResolver.OnResolve: Microsoft.VisualStudio.TestPlatform.Extensions.Html.TestLogger: Searching in: 'C:\Program Files\dotnet\sdk\8.0.300\Extensions'.
TpTrace Information: 0 : 12664, 1, 2024/05/31, 10:17:37.486, 435504020525, vstest.console.dll, AssemblyResolver.OnResolve: Microsoft.VisualStudio.TestPlatform.Extensions.Html.TestLogger: Loading assembly 'C:\Program Files\dotnet\sdk\8.0.300\Extensions\Microsoft.VisualStudio.TestPlatform.Extensions.Html.TestLogger.dll'.
TpTrace Information: 0 : 12664, 1, 2024/05/31, 10:17:37.487, 435504032066, vstest.console.dll, AssemblyResolver.OnResolve: Resolved assembly: Microsoft.VisualStudio.TestPlatform.Extensions.Html.TestLogger, from path: C:\Program Files\dotnet\sdk\8.0.300\Extensions\Microsoft.VisualStudio.TestPlatform.Extensions.Html.TestLogger.dll
TpTrace Verbose: 0 : 12664, 1, 2024/05/31, 10:17:37.488, 435504033670, vstest.console.dll, MetadataReaderExtensionsHelper: Discovering extensions inside assembly 'Microsoft.VisualStudio.TestPlatform.Extensions.Html.TestLogger, Version=15.0.0.0, Culture=neutral, PublicKeyToken=b03f5f7f11d50a3a' file path 'C:\Program Files\dotnet\sdk\8.0.300\Extensions\Microsoft.VisualStudio.TestPlatform.Extensions.Html.TestLogger.dll'
TpTrace Information: 0 : 12664, 1, 2024/05/31, 10:17:37.489, 435504046731, vstest.console.dll, AssemblyResolver.OnResolve: Microsoft.VisualStudio.TestPlatform.Extensions.Trx.TestLogger: Resolving assembly.
TpTrace Information: 0 : 12664, 1, 2024/05/31, 10:17:37.489, 435504048352, vstest.console.dll, AssemblyResolver.OnResolve: Microsoft.VisualStudio.TestPlatform.Extensions.Trx.TestLogger: Searching in: 'C:\Program Files\dotnet\sdk\8.0.300\Extensions'.
TpTrace Information: 0 : 12664, 1, 2024/05/31, 10:17:37.489, 435504052117, vstest.console.dll, AssemblyResolver.OnResolve: Microsoft.VisualStudio.TestPlatform.Extensions.Trx.TestLogger: Loading assembly 'C:\Program Files\dotnet\sdk\8.0.300\Extensions\Microsoft.VisualStudio.TestPlatform.Extensions.Trx.TestLogger.dll'.
TpTrace Information: 0 : 12664, 1, 2024/05/31, 10:17:37.490, 435504060309, vstest.console.dll, AssemblyResolver.OnResolve: Resolved assembly: Microsoft.VisualStudio.TestPlatform.Extensions.Trx.TestLogger, from path: C:\Program Files\dotnet\sdk\8.0.300\Extensions\Microsoft.VisualStudio.TestPlatform.Extensions.Trx.TestLogger.dll
TpTrace Verbose: 0 : 12664, 1, 2024/05/31, 10:17:37.490, 435504061335, vstest.console.dll, MetadataReaderExtensionsHelper: Discovering extensions inside assembly 'Microsoft.VisualStudio.TestPlatform.Extensions.Trx.TestLogger, Version=15.0.0.0, Culture=neutral, PublicKeyToken=b03f5f7f11d50a3a' file path 'C:\Program Files\dotnet\sdk\8.0.300\Extensions\Microsoft.VisualStudio.TestPlatform.Extensions.Trx.TestLogger.dll'
TpTrace Verbose: 0 : 12664, 1, 2024/05/31, 10:17:37.492, 435504082233, vstest.console.dll, TestPluginCache: Discovered the extensions using extension path ''.
TpTrace Verbose: 0 : 12664, 1, 2024/05/31, 10:17:37.493, 435504086419, vstest.console.dll, TestPluginCache: Discoverers are ''.
TpTrace Verbose: 0 : 12664, 1, 2024/05/31, 10:17:37.493, 435504088997, vstest.console.dll, TestPluginCache: Executors are ''.
TpTrace Verbose: 0 : 12664, 1, 2024/05/31, 10:17:37.493, 435504090072, vstest.console.dll, TestPluginCache: Executors2 are ''.
TpTrace Verbose: 0 : 12664, 1, 2024/05/31, 10:17:37.493, 435504092081, vstest.console.dll, TestPluginCache: Setting providers are ''.
TpTrace Verbose: 0 : 12664, 1, 2024/05/31, 10:17:37.493, 435504092812, vstest.console.dll, TestPluginCache: Loggers are ''.
TpTrace Verbose: 0 : 12664, 1, 2024/05/31, 10:17:37.494, 435504098809, vstest.console.dll, TestPluginCache: TestHosts are 'HostProvider://DefaultTestHost,HostProvider://DotnetTestHost'.
TpTrace Verbose: 0 : 12664, 1, 2024/05/31, 10:17:37.494, 435504101435, vstest.console.dll, TestPluginCache: DataCollectors are ''.
TpTrace Information: 0 : 12664, 1, 2024/05/31, 10:17:37.520, 435504361911, vstest.console.dll, RunTestsArgumentProcessor:Execute: Test run is starting.
TpTrace Verbose: 0 : 12664, 1, 2024/05/31, 10:17:37.521, 435504363816, vstest.console.dll, RunTestsArgumentProcessor:Execute: Queuing Test run.
TpTrace Information: 0 : 12664, 1, 2024/05/31, 10:17:37.521, 435504370180, vstest.console.dll, TestRequestManager.RunTests: run tests started.
TpTrace Information: 0 : 12664, 1, 2024/05/31, 10:17:37.523, 435504387216, vstest.console.dll, AssemblyMetadataProvider.GetFrameworkName: Determined framework:'.NETCoreApp,Version=v8.0' for source: 'C:\Users\VC\Desktop\MiniProjectLibraryManagement\LibraryManagemetSln\BLTestProj\bin\Debug\net8.0\fine-code-coverage\build-output\BLTestProj.dll'
TpTrace Information: 0 : 12664, 1, 2024/05/31, 10:17:37.523, 435504389299, vstest.console.dll, Determined framework for all sources: .NETCoreApp,Version=v8.0
TpTrace Verbose: 0 : 12664, 1, 2024/05/31, 10:17:37.524, 435504393445, vstest.console.dll, TestRequestManager.UpdateRunSettingsIfRequired: Default architecture: X64 IsDefaultTargetArchitecture: True, Current process architecture: X64 OperatingSystem: Windows.
TpTrace Information: 0 : 12664, 1, 2024/05/31, 10:17:37.527, 435504430302, vstest.console.dll, AssemblyMetadataProvider.GetArchitecture: Determined architecture:AnyCPU info for assembly: C:\Users\VC\Desktop\MiniProjectLibraryManagement\LibraryManagemetSln\BLTestProj\bin\Debug\net8.0\fine-code-coverage\build-output\BLTestProj.dll
TpTrace Information: 0 : 12664, 1, 2024/05/31, 10:17:37.528, 435504433275, vstest.console.dll, Determined platform for source 'C:\Users\VC\Desktop\MiniProjectLibraryManagement\LibraryManagemetSln\BLTestProj\bin\Debug\net8.0\fine-code-coverage\build-output\BLTestProj.dll' was AnyCPU and it will use the default plaform X64.
TpTrace Information: 0 : 12664, 1, 2024/05/31, 10:17:37.528, 435504434838, vstest.console.dll, None of the sources provided any runnable platform, using the default platform: X64
TpTrace Information: 0 : 12664, 1, 2024/05/31, 10:17:37.528, 435504437410, vstest.console.dll, Platform was updated to 'X64'.
TpTrace Information: 0 : 12664, 1, 2024/05/31, 10:17:37.535, 435504505293, vstest.console.dll, InferRunSettingsHelper.IsTestSettingsEnabled: Unable to navigate to RunSettings/MSTest. Current node: RunSettings
TpTrace Information: 0 : 12664, 1, 2024/05/31, 10:17:37.536, 435504516218, vstest.console.dll, AssemblyResolver.OnResolve: Microsoft.VisualStudio.TestPlatform.Fakes: Resolving assembly.
TpTrace Information: 0 : 12664, 1, 2024/05/31, 10:17:37.536, 435504517397, vstest.console.dll, AssemblyResolver.OnResolve: Microsoft.VisualStudio.TestPlatform.Fakes: Searching in: 'C:\Program Files\dotnet\sdk\8.0.300\Extensions'.
TpTrace Information: 0 : 12664, 1, 2024/05/31, 10:17:37.536, 435504518393, vstest.console.dll, AssemblyResolver.OnResolve: Microsoft.VisualStudio.TestPlatform.Fakes: Assembly path does not exist: 'C:\Program Files\dotnet\sdk\8.0.300\Extensions\Microsoft.VisualStudio.TestPlatform.Fakes.dll', returning.
TpTrace Information: 0 : 12664, 1, 2024/05/31, 10:17:37.536, 435504519001, vstest.console.dll, AssemblyResolver.OnResolve: Microsoft.VisualStudio.TestPlatform.Fakes: Assembly path does not exist: 'C:\Program Files\dotnet\sdk\8.0.300\Extensions\Microsoft.VisualStudio.TestPlatform.Fakes.exe', returning.
TpTrace Information: 0 : 12664, 1, 2024/05/31, 10:17:37.536, 435504519506, vstest.console.dll, AssemblyResolver.OnResolve: Microsoft.VisualStudio.TestPlatform.Fakes: Searching in: 'C:\Program Files\dotnet\sdk\8.0.300'.
TpTrace Information: 0 : 12664, 1, 2024/05/31, 10:17:37.536, 435504520105, vstest.console.dll, AssemblyResolver.OnResolve: Microsoft.VisualStudio.TestPlatform.Fakes: Assembly path does not exist: 'C:\Program Files\dotnet\sdk\8.0.300\Microsoft.VisualStudio.TestPlatform.Fakes.dll', returning.
TpTrace Information: 0 : 12664, 1, 2024/05/31, 10:17:37.536, 435504520628, vstest.console.dll, AssemblyResolver.OnResolve: Microsoft.VisualStudio.TestPlatform.Fakes: Assembly path does not exist: 'C:\Program Files\dotnet\sdk\8.0.300\Microsoft.VisualStudio.TestPlatform.Fakes.exe', returning.
TpTrace Information: 0 : 12664, 1, 2024/05/31, 10:17:37.536, 435504520976, vstest.console.dll, AssemblyResolver.OnResolve: Microsoft.VisualStudio.TestPlatform.Fakes: Failed to load assembly.
TpTrace Information: 0 : 12664, 1, 2024/05/31, 10:17:37.537, 435504524208, vstest.console.dll, Failed to load assembly Microsoft.VisualStudio.TestPlatform.Fakes, Version=17.0.0.0, Culture=neutral. Reason:System.IO.FileNotFoundException: Could not load file or assembly 'Microsoft.VisualStudio.TestPlatform.Fakes, Version=17.0.0.0, Culture=neutral, PublicKeyToken=null'. The system cannot find the file specified.
File name: 'Microsoft.VisualStudio.TestPlatform.Fakes, Version=17.0.0.0, Culture=neutral, PublicKeyToken=null'
   at System.Reflection.RuntimeAssembly.InternalLoad(AssemblyName assemblyName, StackCrawlMark& stackMark, AssemblyLoadContext assemblyLoadContext, RuntimeAssembly requestingAssembly, Boolean throwOnFileNotFound)
   at System.Reflection.Assembly.Load(AssemblyName assemblyRef)
   at Microsoft.VisualStudio.TestPlatform.Common.Utilities.FakesUtilities.LoadTestPlatformAssembly() in /_/src/Microsoft.TestPlatform.Common/Utilities/FakesUtilities.cs:line 272
TpTrace Verbose: 0 : 12664, 1, 2024/05/31, 10:17:37.541, 435504564611, vstest.console.dll, TestPluginCache.DiscoverTestExtensions: finding test extensions in assemblies ends with: TestLogger.dll TPluginInfo: Microsoft.VisualStudio.TestPlatform.Common.ExtensionFramework.Utilities.TestLoggerPluginInformation TExtension: Microsoft.VisualStudio.TestPlatform.ObjectModel.Client.ITestLogger
TpTrace Verbose: 0 : 12664, 1, 2024/05/31, 10:17:37.541, 435504566597, vstest.console.dll, TestPluginCache.GetExtensionPaths: Filtered extension paths: 
TpTrace Verbose: 0 : 12664, 1, 2024/05/31, 10:17:37.541, 435504567690, vstest.console.dll, TestPluginCache.GetExtensionPaths: Added default extension paths: C:\Program Files\dotnet\sdk\8.0.300\Extensions\Microsoft.Diagnostics.NETCore.Client.dll
C:\Program Files\dotnet\sdk\8.0.300\Extensions\Microsoft.TestPlatform.Extensions.BlameDataCollector.dll
C:\Program Files\dotnet\sdk\8.0.300\Extensions\Microsoft.TestPlatform.Extensions.EventLogCollector.dll
C:\Program Files\dotnet\sdk\8.0.300\Extensions\Microsoft.TestPlatform.TestHostRuntimeProvider.dll
C:\Program Files\dotnet\sdk\8.0.300\Extensions\Microsoft.VisualStudio.TestPlatform.Extensions.Html.TestLogger.dll
C:\Program Files\dotnet\sdk\8.0.300\Extensions\Microsoft.VisualStudio.TestPlatform.Extensions.Trx.TestLogger.dll
TpTrace Verbose: 0 : 12664, 1, 2024/05/31, 10:17:37.541, 435504569858, vstest.console.dll, TestPluginCache.GetExtensionPaths: Added unfilterableExtensionPaths: 
TpTrace Information: 0 : 12664, 1, 2024/05/31, 10:17:37.541, 435504571915, vstest.console.dll, AssemblyResolver.AddSearchDirectories: Adding more searchDirectories C:\Program Files\dotnet\sdk\8.0.300\Extensions,C:\Program Files\dotnet\sdk\8.0.300
TpTrace Verbose: 0 : 12664, 1, 2024/05/31, 10:17:37.541, 435504572520, vstest.console.dll, TestPluginCache.DiscoverTestExtensions: Discovering the extensions using extension path.
TpTrace Verbose: 0 : 12664, 1, 2024/05/31, 10:17:37.542, 435504572961, vstest.console.dll, TestPluginCache.GetExtensionPaths: Filtered extension paths: 
TpTrace Verbose: 0 : 12664, 1, 2024/05/31, 10:17:37.542, 435504573406, vstest.console.dll, TestPluginCache.GetExtensionPaths: Added default extension paths: C:\Program Files\dotnet\sdk\8.0.300\Extensions\Microsoft.Diagnostics.NETCore.Client.dll
C:\Program Files\dotnet\sdk\8.0.300\Extensions\Microsoft.TestPlatform.Extensions.BlameDataCollector.dll
C:\Program Files\dotnet\sdk\8.0.300\Extensions\Microsoft.TestPlatform.Extensions.EventLogCollector.dll
C:\Program Files\dotnet\sdk\8.0.300\Extensions\Microsoft.TestPlatform.TestHostRuntimeProvider.dll
C:\Program Files\dotnet\sdk\8.0.300\Extensions\Microsoft.VisualStudio.TestPlatform.Extensions.Html.TestLogger.dll
C:\Program Files\dotnet\sdk\8.0.300\Extensions\Microsoft.VisualStudio.TestPlatform.Extensions.Trx.TestLogger.dll
TpTrace Verbose: 0 : 12664, 1, 2024/05/31, 10:17:37.542, 435504573774, vstest.console.dll, TestPluginCache.GetExtensionPaths: Added unfilterableExtensionPaths: 
TpTrace Verbose: 0 : 12664, 1, 2024/05/31, 10:17:37.542, 435504574195, vstest.console.dll, TestPluginCache.DiscoverTestExtensions: Discovering the extensions using allExtensionPaths: C:\Program Files\dotnet\sdk\8.0.300\Extensions\Microsoft.Diagnostics.NETCore.Client.dll
C:\Program Files\dotnet\sdk\8.0.300\Extensions\Microsoft.TestPlatform.Extensions.BlameDataCollector.dll
C:\Program Files\dotnet\sdk\8.0.300\Extensions\Microsoft.TestPlatform.Extensions.EventLogCollector.dll
C:\Program Files\dotnet\sdk\8.0.300\Extensions\Microsoft.TestPlatform.TestHostRuntimeProvider.dll
C:\Program Files\dotnet\sdk\8.0.300\Extensions\Microsoft.VisualStudio.TestPlatform.Extensions.Html.TestLogger.dll
C:\Program Files\dotnet\sdk\8.0.300\Extensions\Microsoft.VisualStudio.TestPlatform.Extensions.Trx.TestLogger.dll
TpTrace Information: 0 : 12664, 1, 2024/05/31, 10:17:37.542, 435504575728, vstest.console.dll, AssemblyResolver.AddSearchDirectories: Adding more searchDirectories C:\Program Files\dotnet\sdk\8.0.300\Extensions,C:\Program Files\dotnet\sdk\8.0.300
TpTrace Information: 0 : 12664, 1, 2024/05/31, 10:17:37.542, 435504576293, vstest.console.dll, AssemblyResolver.AddSearchDirectories: Adding more searchDirectories C:\Program Files\dotnet\sdk\8.0.300\Extensions,C:\Program Files\dotnet\sdk\8.0.300
TpTrace Information: 0 : 12664, 1, 2024/05/31, 10:17:37.542, 435504576660, vstest.console.dll, AssemblyResolver.AddSearchDirectories: Adding more searchDirectories C:\Program Files\dotnet\sdk\8.0.300\Extensions,C:\Program Files\dotnet\sdk\8.0.300
TpTrace Information: 0 : 12664, 1, 2024/05/31, 10:17:37.542, 435504577079, vstest.console.dll, AssemblyResolver.AddSearchDirectories: Adding more searchDirectories C:\Program Files\dotnet\sdk\8.0.300\Extensions,C:\Program Files\dotnet\sdk\8.0.300
TpTrace Information: 0 : 12664, 1, 2024/05/31, 10:17:37.542, 435504577590, vstest.console.dll, AssemblyResolver.AddSearchDirectories: Adding more searchDirectories C:\Program Files\dotnet\sdk\8.0.300\Extensions,C:\Program Files\dotnet\sdk\8.0.300
TpTrace Information: 0 : 12664, 1, 2024/05/31, 10:17:37.542, 435504577985, vstest.console.dll, AssemblyResolver.AddSearchDirectories: Adding more searchDirectories C:\Program Files\dotnet\sdk\8.0.300\Extensions,C:\Program Files\dotnet\sdk\8.0.300
TpTrace Verbose: 0 : 12664, 1, 2024/05/31, 10:17:37.542, 435504579336, vstest.console.dll, MetadataReaderExtensionsHelper: Discovering extensions inside assembly 'Microsoft.Diagnostics.NETCore.Client, Version=0.2.10.15101, Culture=neutral, PublicKeyToken=31bf3856ad364e35' file path 'C:\Program Files\dotnet\sdk\8.0.300\Extensions\Microsoft.Diagnostics.NETCore.Client.dll'
TpTrace Information: 0 : 12664, 1, 2024/05/31, 10:17:37.543, 435504589197, vstest.console.dll, AssemblyResolver.OnResolve: Microsoft.Bcl.AsyncInterfaces: Resolving assembly.
TpTrace Information: 0 : 12664, 1, 2024/05/31, 10:17:37.543, 435504590098, vstest.console.dll, AssemblyResolver.OnResolve: Microsoft.Bcl.AsyncInterfaces: Resolved from cache.
TpTrace Verbose: 0 : 12664, 1, 2024/05/31, 10:17:37.543, 435504590460, vstest.console.dll, CurrentDomainAssemblyResolve: Resolving assembly 'Microsoft.Bcl.AsyncInterfaces'.
TpTrace Information: 0 : 12664, 1, 2024/05/31, 10:17:37.543, 435504591007, vstest.console.dll, AssemblyResolver.OnResolve: Microsoft.Bcl.AsyncInterfaces: Resolving assembly.
TpTrace Information: 0 : 12664, 1, 2024/05/31, 10:17:37.543, 435504591436, vstest.console.dll, AssemblyResolver.OnResolve: Microsoft.Bcl.AsyncInterfaces: Resolved from cache.
TpTrace Verbose: 0 : 12664, 1, 2024/05/31, 10:17:37.543, 435504591845, vstest.console.dll, CurrentDomainAssemblyResolve: Resolving assembly 'Microsoft.Bcl.AsyncInterfaces'.
TpTrace Verbose: 0 : 12664, 1, 2024/05/31, 10:17:37.543, 435504592292, vstest.console.dll, CurrentDomainAssemblyResolve: Failed to resolve assembly 'Microsoft.Bcl.AsyncInterfaces'.
TpTrace Verbose: 0 : 12664, 1, 2024/05/31, 10:17:37.544, 435504594098, vstest.console.dll, CurrentDomainAssemblyResolve: Failed to resolve assembly 'Microsoft.Bcl.AsyncInterfaces'.
TpTrace Warning: 0 : 12664, 1, 2024/05/31, 10:17:37.544, 435504599972, vstest.console.dll, TestPluginDiscoverer: Failed to get types from assembly 'Microsoft.Diagnostics.NETCore.Client, Version=0.2.10.15101, Culture=neutral, PublicKeyToken=31bf3856ad364e35'. Error: System.Reflection.ReflectionTypeLoadException: Unable to load one or more of the requested types.
Could not load file or assembly 'Microsoft.Bcl.AsyncInterfaces, Version=6.0.0.0, Culture=neutral, PublicKeyToken=cc7b13ffcd2ddd51'. The system cannot find the file specified.
   at System.Reflection.RuntimeModule.GetTypes(RuntimeModule module)
   at System.Reflection.RuntimeModule.GetTypes()
   at Microsoft.VisualStudio.TestPlatform.Common.ExtensionFramework.TestPluginDiscoverer.GetTestExtensionsFromAssembly[TPluginInfo,TExtension](Assembly assembly, Dictionary`2 pluginInfos, String filePath) in /_/src/Microsoft.TestPlatform.Common/ExtensionFramework/TestPluginDiscoverer.cs:line 158
System.IO.FileNotFoundException: Could not load file or assembly 'Microsoft.Bcl.AsyncInterfaces, Version=6.0.0.0, Culture=neutral, PublicKeyToken=cc7b13ffcd2ddd51'. The system cannot find the file specified.
File name: 'Microsoft.Bcl.AsyncInterfaces, Version=6.0.0.0, Culture=neutral, PublicKeyToken=cc7b13ffcd2ddd51'
 ---> System.IO.FileNotFoundException: Could not load file or assembly 'Microsoft.Bcl.AsyncInterfaces, Culture=neutral, PublicKeyToken=null'. The system cannot find the file specified.
File name: 'Microsoft.Bcl.AsyncInterfaces, Culture=neutral, PublicKeyToken=null'
   at System.Reflection.RuntimeAssembly.InternalLoad(AssemblyName assemblyName, StackCrawlMark& stackMark, AssemblyLoadContext assemblyLoadContext, RuntimeAssembly requestingAssembly, Boolean throwOnFileNotFound)
   at System.Reflection.Assembly.Load(AssemblyName assemblyRef)
   at Microsoft.VisualStudio.TestPlatform.Common.ExtensionFramework.TestPluginCache.CurrentDomainAssemblyResolve(Object sender, AssemblyResolveEventArgs args) in /_/src/Microsoft.TestPlatform.Common/ExtensionFramework/TestPluginCache.cs:line 513
   at System.Runtime.Loader.AssemblyLoadContext.GetFirstResolvedAssemblyFromResolvingEvent(AssemblyName assemblyName)
   at System.Runtime.Loader.AssemblyLoadContext.ResolveUsingEvent(AssemblyName assemblyName)
   at System.Runtime.Loader.AssemblyLoadContext.ResolveUsingResolvingEvent(IntPtr gchManagedAssemblyLoadContext, AssemblyName assemblyName)
TpTrace Warning: 0 : 12664, 1, 2024/05/31, 10:17:37.544, 435504602431, vstest.console.dll, LoaderExceptions: System.IO.FileNotFoundException: Could not load file or assembly 'Microsoft.Bcl.AsyncInterfaces, Version=6.0.0.0, Culture=neutral, PublicKeyToken=cc7b13ffcd2ddd51'. The system cannot find the file specified.
File name: 'Microsoft.Bcl.AsyncInterfaces, Version=6.0.0.0, Culture=neutral, PublicKeyToken=cc7b13ffcd2ddd51'
 ---> System.IO.FileNotFoundException: Could not load file or assembly 'Microsoft.Bcl.AsyncInterfaces, Culture=neutral, PublicKeyToken=null'. The system cannot find the file specified.
File name: 'Microsoft.Bcl.AsyncInterfaces, Culture=neutral, PublicKeyToken=null'
   at System.Reflection.RuntimeAssembly.InternalLoad(AssemblyName assemblyName, StackCrawlMark& stackMark, AssemblyLoadContext assemblyLoadContext, RuntimeAssembly requestingAssembly, Boolean throwOnFileNotFound)
   at System.Reflection.Assembly.Load(AssemblyName assemblyRef)
   at Microsoft.VisualStudio.TestPlatform.Common.ExtensionFramework.TestPluginCache.CurrentDomainAssemblyResolve(Object sender, AssemblyResolveEventArgs args) in /_/src/Microsoft.TestPlatform.Common/ExtensionFramework/TestPluginCache.cs:line 513
   at System.Runtime.Loader.AssemblyLoadContext.GetFirstResolvedAssemblyFromResolvingEvent(AssemblyName assemblyName)
   at System.Runtime.Loader.AssemblyLoadContext.ResolveUsingEvent(AssemblyName assemblyName)
   at System.Runtime.Loader.AssemblyLoadContext.ResolveUsingResolvingEvent(IntPtr gchManagedAssemblyLoadContext, AssemblyName assemblyName)
TpTrace Verbose: 0 : 12664, 1, 2024/05/31, 10:17:37.545, 435504605810, vstest.console.dll, MetadataReaderExtensionsHelper: Discovering extensions inside assembly 'Microsoft.TestPlatform.Extensions.BlameDataCollector, Version=15.0.0.0, Culture=neutral, PublicKeyToken=b03f5f7f11d50a3a' file path 'C:\Program Files\dotnet\sdk\8.0.300\Extensions\Microsoft.TestPlatform.Extensions.BlameDataCollector.dll'
TpTrace Information: 0 : 12664, 1, 2024/05/31, 10:17:37.546, 435504615274, vstest.console.dll, GetTestExtensionFromType: Register extension with identifier data 'logger://Microsoft/TestPlatform/Extensions/Blame/v1' and type 'Microsoft.TestPlatform.Extensions.BlameDataCollector.BlameLogger, Microsoft.TestPlatform.Extensions.BlameDataCollector, Version=15.0.0.0, Culture=neutral, PublicKeyToken=b03f5f7f11d50a3a' inside file 'C:\Program Files\dotnet\sdk\8.0.300\Extensions\Microsoft.TestPlatform.Extensions.BlameDataCollector.dll'
TpTrace Verbose: 0 : 12664, 1, 2024/05/31, 10:17:37.546, 435504617913, vstest.console.dll, MetadataReaderExtensionsHelper: Discovering extensions inside assembly 'Microsoft.TestPlatform.Extensions.EventLogCollector, Version=15.0.0.0, Culture=neutral, PublicKeyToken=b03f5f7f11d50a3a' file path 'C:\Program Files\dotnet\sdk\8.0.300\Extensions\Microsoft.TestPlatform.Extensions.EventLogCollector.dll'
TpTrace Verbose: 0 : 12664, 1, 2024/05/31, 10:17:37.547, 435504623769, vstest.console.dll, MetadataReaderExtensionsHelper: Discovering extensions inside assembly 'Microsoft.TestPlatform.TestHostRuntimeProvider, Version=15.0.0.0, Culture=neutral, PublicKeyToken=b03f5f7f11d50a3a' file path 'C:\Program Files\dotnet\sdk\8.0.300\Extensions\Microsoft.TestPlatform.TestHostRuntimeProvider.dll'
TpTrace Verbose: 0 : 12664, 1, 2024/05/31, 10:17:37.547, 435504628140, vstest.console.dll, MetadataReaderExtensionsHelper: Discovering extensions inside assembly 'Microsoft.VisualStudio.TestPlatform.Extensions.Html.TestLogger, Version=15.0.0.0, Culture=neutral, PublicKeyToken=b03f5f7f11d50a3a' file path 'C:\Program Files\dotnet\sdk\8.0.300\Extensions\Microsoft.VisualStudio.TestPlatform.Extensions.Html.TestLogger.dll'
TpTrace Information: 0 : 12664, 1, 2024/05/31, 10:17:37.548, 435504636397, vstest.console.dll, GetTestExtensionFromType: Register extension with identifier data 'logger://Microsoft/TestPlatform/HtmlLogger/v1' and type 'Microsoft.VisualStudio.TestPlatform.Extensions.HtmlLogger.HtmlLogger, Microsoft.VisualStudio.TestPlatform.Extensions.Html.TestLogger, Version=15.0.0.0, Culture=neutral, PublicKeyToken=b03f5f7f11d50a3a' inside file 'C:\Program Files\dotnet\sdk\8.0.300\Extensions\Microsoft.VisualStudio.TestPlatform.Extensions.Html.TestLogger.dll'
TpTrace Verbose: 0 : 12664, 1, 2024/05/31, 10:17:37.548, 435504637573, vstest.console.dll, MetadataReaderExtensionsHelper: Discovering extensions inside assembly 'Microsoft.VisualStudio.TestPlatform.Extensions.Trx.TestLogger, Version=15.0.0.0, Culture=neutral, PublicKeyToken=b03f5f7f11d50a3a' file path 'C:\Program Files\dotnet\sdk\8.0.300\Extensions\Microsoft.VisualStudio.TestPlatform.Extensions.Trx.TestLogger.dll'
TpTrace Information: 0 : 12664, 1, 2024/05/31, 10:17:37.549, 435504644289, vstest.console.dll, GetTestExtensionFromType: Register extension with identifier data 'logger://Microsoft/TestPlatform/TrxLogger/v1' and type 'Microsoft.VisualStudio.TestPlatform.Extensions.TrxLogger.TrxLogger, Microsoft.VisualStudio.TestPlatform.Extensions.Trx.TestLogger, Version=15.0.0.0, Culture=neutral, PublicKeyToken=b03f5f7f11d50a3a' inside file 'C:\Program Files\dotnet\sdk\8.0.300\Extensions\Microsoft.VisualStudio.TestPlatform.Extensions.Trx.TestLogger.dll'
TpTrace Verbose: 0 : 12664, 1, 2024/05/31, 10:17:37.549, 435504645447, vstest.console.dll, TestPluginCache: Discovered the extensions using extension path ''.
TpTrace Verbose: 0 : 12664, 1, 2024/05/31, 10:17:37.549, 435504645854, vstest.console.dll, TestPluginCache: Discoverers are ''.
TpTrace Verbose: 0 : 12664, 1, 2024/05/31, 10:17:37.549, 435504646183, vstest.console.dll, TestPluginCache: Executors are ''.
TpTrace Verbose: 0 : 12664, 1, 2024/05/31, 10:17:37.549, 435504646500, vstest.console.dll, TestPluginCache: Executors2 are ''.
TpTrace Verbose: 0 : 12664, 1, 2024/05/31, 10:17:37.549, 435504646844, vstest.console.dll, TestPluginCache: Setting providers are ''.
TpTrace Verbose: 0 : 12664, 1, 2024/05/31, 10:17:37.549, 435504647914, vstest.console.dll, TestPluginCache: Loggers are 'logger://Microsoft/TestPlatform/Extensions/Blame/v1,logger://Microsoft/TestPlatform/HtmlLogger/v1,logger://Microsoft/TestPlatform/TrxLogger/v1'.
TpTrace Verbose: 0 : 12664, 1, 2024/05/31, 10:17:37.549, 435504648494, vstest.console.dll, TestPluginCache: TestHosts are 'HostProvider://DefaultTestHost,HostProvider://DotnetTestHost'.
TpTrace Verbose: 0 : 12664, 1, 2024/05/31, 10:17:37.549, 435504648864, vstest.console.dll, TestPluginCache: DataCollectors are ''.
TpTrace Information: 0 : 12664, 1, 2024/05/31, 10:17:37.550, 435504662155, vstest.console.dll, TestPluginManager.CreateTestExtension: Attempting to load test extension: Microsoft.TestPlatform.Extensions.BlameDataCollector.BlameLogger
TpTrace Verbose: 0 : 12664, 1, 2024/05/31, 10:17:37.560, 435504754914, vstest.console.dll, TestEngine: Initializing Parallel Execution as MaxCpuCount is set to: 1
TpTrace Information: 0 : 12664, 1, 2024/05/31, 10:17:37.562, 435504774798, vstest.console.dll, TestPluginManager.CreateTestExtension: Attempting to load test extension: Microsoft.VisualStudio.TestPlatform.CrossPlatEngine.Hosting.DefaultTestHostManager
TpTrace Information: 0 : 12664, 1, 2024/05/31, 10:17:37.563, 435504786733, vstest.console.dll, TestPluginManager.CreateTestExtension: Attempting to load test extension: Microsoft.VisualStudio.TestPlatform.CrossPlatEngine.Hosting.DotnetTestHostManager
TpTrace Information: 0 : 12664, 1, 2024/05/31, 10:17:37.564, 435504792946, vstest.console.dll, InferRunSettingsHelper.IsTestSettingsEnabled: Unable to navigate to RunSettings/MSTest. Current node: RunSettings
TpTrace Verbose: 0 : 12664, 1, 2024/05/31, 10:17:37.566, 435504815449, vstest.console.dll, ParallelOperationManager.ClearSlots: Clearing all slots. Slots should accept more work: True
TpTrace Verbose: 0 : 12664, 1, 2024/05/31, 10:17:37.567, 435504832387, vstest.console.dll, ParallelOperationManager.SetOccupiedSlotCount: Setting slot counts AvailableSlotCount = 1, OccupiedSlotCount = 0.
TpTrace Verbose: 0 : 12664, 1, 2024/05/31, 10:17:37.568, 435504837377, vstest.console.dll, Occupied slots:

TpTrace Verbose: 0 : 12664, 1, 2024/05/31, 10:17:37.572, 435504875381, vstest.console.dll, TestEngine.GetExecutionManager: Chosen execution manager 'Microsoft.VisualStudio.TestPlatform.CrossPlatEngine.Client.Parallel.ParallelProxyExecutionManager, Microsoft.TestPlatform.CrossPlatEngine, Version=15.0.0.0, Culture=neutral, PublicKeyToken=b03f5f7f11d50a3a' ParallelLevel '1'.
TpTrace Verbose: 0 : 12664, 1, 2024/05/31, 10:17:37.572, 435504877076, vstest.console.dll, TestRunRequest.ExecuteAsync: Creating test run request.
TpTrace Verbose: 0 : 12664, 1, 2024/05/31, 10:17:37.572, 435504879656, vstest.console.dll, TestRunRequest.ExecuteAsync: Starting.
TpTrace Information: 0 : 12664, 1, 2024/05/31, 10:17:37.574, 435504899556, vstest.console.dll, TestRunRequest.ExecuteAsync: Starting run with settings:TestRunCriteria:
   KeepAlive=False,FrequencyOfRunStatsChangeEvent=10,RunStatsChangeEventTimeout=00:00:01.5000000,TestCaseFilter=,TestExecutorLauncher=
   Settingsxml=<RunSettings>
  <RunConfiguration>
    <ResultsDirectory>C:\Users\VC\Desktop\MiniProjectLibraryManagement\LibraryManagemetSln\BLTestProj\bin\Debug\net8.0\fine-code-coverage\coverage-tool-output</ResultsDirectory>
    <TargetPlatform>X64</TargetPlatform>
    <TargetFrameworkVersion>.NETCoreApp,Version=v8.0</TargetFrameworkVersion>
    <DesignMode>False</DesignMode>
    <CollectSourceInformation>False</CollectSourceInformation>
  </RunConfiguration>
  <LoggerRunSettings>
    <Loggers>
      <Logger friendlyName="blame" enabled="True" />
      <Logger friendlyName="Console" uri="logger://microsoft/TestPlatform/ConsoleLogger/v1" assemblyQualifiedName="Microsoft.VisualStudio.TestPlatform.CommandLine.Internal.ConsoleLogger, vstest.console, Version=15.0.0.0, Culture=neutral, PublicKeyToken=b03f5f7f11d50a3a" codeBase="C:\Program Files\dotnet\sdk\8.0.300\vstest.console.dll" enabled="True" />
    </Loggers>
  </LoggerRunSettings>
  <DataCollectionRunSettings>
    <DataCollectors>
      <DataCollector friendlyName="blame" enabled="True">
        <Configuration>
          <ResultsDirectory>C:\Users\VC\Desktop\MiniProjectLibraryManagement\LibraryManagemetSln\BLTestProj\bin\Debug\net8.0\fine-code-coverage\coverage-tool-output</ResultsDirectory>
        </Configuration>
      </DataCollector>
    </DataCollectors>
  </DataCollectionRunSettings>
</RunSettings>

TpTrace Verbose: 0 : 12664, 1, 2024/05/31, 10:17:37.574, 435504900797, vstest.console.dll, TestRunRequest.ExecuteAsync: Wait for the first run request is over.
TpTrace Verbose: 0 : 12664, 1, 2024/05/31, 10:17:37.575, 435504904894, vstest.console.dll, MulticastDelegateUtilities.SafeInvoke: TestRun.TestRunStart: Invoking callbacks was skipped because there are no subscribers.
TpTrace Verbose: 0 : 12664, 4, 2024/05/31, 10:17:37.575, 435504907357, vstest.console.dll, MulticastDelegateUtilities.SafeInvoke: InternalTestLoggerEvents.SendTestRunStart: Invoking callback 1/1 for Microsoft.VisualStudio.TestPlatform.CommandLine.Internal.ConsoleLogger., took 0 ms.
TpTrace Verbose: 0 : 12664, 1, 2024/05/31, 10:17:37.577, 435504929117, vstest.console.dll, ParallelProxyExecutionManager: Start execution. Total sources: 1
TpTrace Verbose: 0 : 12664, 1, 2024/05/31, 10:17:37.580, 435504955420, vstest.console.dll, ParallelOperationManager.StartWork: Starting adding 1 workloads.
TpTrace Verbose: 0 : 12664, 1, 2024/05/31, 10:17:37.580, 435504957547, vstest.console.dll, ParallelOperationManager.ClearSlots: Clearing all slots. Slots should accept more work: True
TpTrace Verbose: 0 : 12664, 1, 2024/05/31, 10:17:37.580, 435504959006, vstest.console.dll, ParallelOperationManager.SetOccupiedSlotCount: Setting slot counts AvailableSlotCount = 1, OccupiedSlotCount = 0.
TpTrace Verbose: 0 : 12664, 1, 2024/05/31, 10:17:37.580, 435504959816, vstest.console.dll, Occupied slots:

TpTrace Verbose: 0 : 12664, 1, 2024/05/31, 10:17:37.583, 435504986324, vstest.console.dll, TestRequestSender is acting as server.
TpTrace Verbose: 0 : 12664, 1, 2024/05/31, 10:17:37.585, 435505012877, vstest.console.dll, ParallelOperationManager.RunWorkInParallel: Adding 1 workload to slot, remaining workloads 0.
TpTrace Verbose: 0 : 12664, 1, 2024/05/31, 10:17:37.586, 435505014959, vstest.console.dll, ParallelOperationManager.SetOccupiedSlotCount: Setting slot counts AvailableSlotCount = 0, OccupiedSlotCount = 1.
TpTrace Verbose: 0 : 12664, 1, 2024/05/31, 10:17:37.586, 435505017824, vstest.console.dll, Occupied slots:
0: C:\Users\VC\Desktop\MiniProjectLibraryManagement\LibraryManagemetSln\BLTestProj\bin\Debug\net8.0\fine-code-coverage\build-output\BLTestProj.dll
TpTrace Verbose: 0 : 12664, 1, 2024/05/31, 10:17:37.588, 435505039624, vstest.console.dll, ParallelOperationManager.RunWorkInParallel: Started host in slot number 0 for work (source): C:\Users\VC\Desktop\MiniProjectLibraryManagement\LibraryManagemetSln\BLTestProj\bin\Debug\net8.0\fine-code-coverage\build-output\BLTestProj.dll.
TpTrace Verbose: 0 : 12664, 1, 2024/05/31, 10:17:37.590, 435505054686, vstest.console.dll, ParallelOperationManager.RunWorkInParallel: We started 1 work items, which is the max parallel level. Won't start more work.
TpTrace Verbose: 0 : 12664, 1, 2024/05/31, 10:17:37.590, 435505056269, vstest.console.dll, ParallelOperationManager.RunWorkInParallel: We started 1 work items in here, returning True.
TpTrace Information: 0 : 12664, 1, 2024/05/31, 10:17:37.590, 435505057002, vstest.console.dll, TestRunRequest.ExecuteAsync: Started.
TpTrace Verbose: 0 : 12664, 5, 2024/05/31, 10:17:37.590, 435505058691, vstest.console.dll, ParallelProxyExecutionManager.StartTestRunOnConcurrentManager: Initializing uninitialized client. Started clients: 0
TpTrace Verbose: 0 : 12664, 5, 2024/05/31, 10:17:37.590, 435505061729, vstest.console.dll, DataCollectionRequestSender.InitializeCommunication : Initialize communication. 
TpTrace Verbose: 0 : 12664, 1, 2024/05/31, 10:17:37.591, 435505068445, vstest.console.dll, TestRunRequest.WaitForCompletion: Waiting with timeout -1.
TpTrace Information: 0 : 12664, 5, 2024/05/31, 10:17:37.605, 435505207311, vstest.console.dll, Listening on Endpoint : 127.0.0.1:53504
TpTrace Verbose: 0 : 12664, 5, 2024/05/31, 10:17:37.615, 435505307090, vstest.console.dll, DotnetDataCollectionLauncher: Adding  --runtimeconfig "C:\Program Files\dotnet\sdk\8.0.300\datacollector.runtimeconfig.json" in args
TpTrace Verbose: 0 : 12664, 5, 2024/05/31, 10:17:37.615, 435505308946, vstest.console.dll, DotnetDataCollectionLauncher: Adding  --depsfile "C:\Program Files\dotnet\sdk\8.0.300\datacollector.deps.json" in args
TpTrace Verbose: 0 : 12664, 5, 2024/05/31, 10:17:37.616, 435505317632, vstest.console.dll, DotnetDataCollectionLauncher: Full path of dotnet.exe is C:\Program Files\dotnet\dotnet.exe
TpTrace Information: 0 : 12664, 5, 2024/05/31, 10:17:37.626, 435505415096, vstest.console.dll, ProxyDataCollectionManager.Initialize: Launched datacollector processId: 8152 port: 53504
TpTrace Information: 0 : 12664, 5, 2024/05/31, 10:17:37.626, 435505418568, vstest.console.dll, ProxyDataCollectionManager.Initialize: waiting for connection with timeout: 90 seconds
TpTrace Verbose: 0 : 12664, 5, 2024/05/31, 10:17:37.626, 435505419717, vstest.console.dll, DataCollectionRequestSender.WaitForRequestHandlerConnection : Waiting for connection with timeout: 90000
TpTrace Information: 0 : 12664, 7, 2024/05/31, 10:17:37.918, 435508336076, vstest.console.dll, Using the buffer size of 16384 bytes
TpTrace Verbose: 0 : 12664, 5, 2024/05/31, 10:17:37.918, 435508336124, vstest.console.dll, SocketCommunicationManager.WaitForClientConnection took: 291 ms, with 90000 ms timeout, and finished with True.
TpTrace Information: 0 : 12664, 7, 2024/05/31, 10:17:37.918, 435508338166, vstest.console.dll, Accepted Client request and set the flag
TpTrace Verbose: 0 : 12664, 5, 2024/05/31, 10:17:37.918, 435508339706, vstest.console.dll, ProxyDataCollectionManager.InvokeDataCollectionServiceAction: Starting.
TpTrace Information: 0 : 12664, 5, 2024/05/31, 10:17:37.918, 435508340669, vstest.console.dll, ProxyDataCollectionManager.BeforeTestRunStart: Get environment variable and port for datacollector processId: 8152 port: 53504
TpTrace Verbose: 0 : 12664, 5, 2024/05/31, 10:17:37.918, 435508342022, vstest.console.dll, DataCollectionRequestSender.SendBeforeTestRunStartAndGetResult: Send BeforeTestRunStart message with settingsXml <RunSettings><RunConfiguration><ResultsDirectory>C:\Users\VC\Desktop\MiniProjectLibraryManagement\LibraryManagemetSln\BLTestProj\bin\Debug\net8.0\fine-code-coverage\coverage-tool-output</ResultsDirectory><TargetPlatform>X64</TargetPlatform><TargetFrameworkVersion>.NETCoreApp,Version=v8.0</TargetFrameworkVersion><DesignMode>False</DesignMode><CollectSourceInformation>False</CollectSourceInformation><TestAdaptersPaths>C:\Program Files\dotnet\sdk\8.0.300\Extensions</TestAdaptersPaths></RunConfiguration><LoggerRunSettings><Loggers><Logger friendlyName="blame" enabled="True" /><Logger friendlyName="Console" uri="logger://microsoft/TestPlatform/ConsoleLogger/v1" assemblyQualifiedName="Microsoft.VisualStudio.TestPlatform.CommandLine.Internal.ConsoleLogger, vstest.console, Version=15.0.0.0, Culture=neutral, PublicKeyToken=b03f5f7f11d50a3a" codeBase="C:\Program Files\dotnet\sdk\8.0.300\vstest.console.dll" enabled="True" /></Loggers></LoggerRunSettings><DataCollectionRunSettings><DataCollectors><DataCollector friendlyName="blame" enabled="True"><Configuration><ResultsDirectory>C:\Users\VC\Desktop\MiniProjectLibraryManagement\LibraryManagemetSln\BLTestProj\bin\Debug\net8.0\fine-code-coverage\coverage-tool-output</ResultsDirectory></Configuration></DataCollector></DataCollectors></DataCollectionRunSettings></RunSettings> and sources System.Collections.Generic.List`1[System.String]: 
TpTrace Verbose: 0 : 12664, 5, 2024/05/31, 10:17:37.999, 435509148217, vstest.console.dll, DataCollectionRequestSender.SendBeforeTestRunStartAndGetResult: Received message: (DataCollection.SendMessage) -> {"MessageType":"DataCollection.SendMessage","Payload":{"FriendlyName":null,"Uri":null,"TestCaseId":"00000000-0000-0000-0000-000000000000","Message":"Logging DataCollector Diagnostics in file: C:\\Users\\VC\\Desktop\\MiniProjectLibraryManagement\\LibraryManagemetSln\\BLTestProj\\bin\\Debug\\net8.0\\fine-code-coverage\\coverage-tool-output\\diagnostics.datacollector.24-05-31_10-17-37_61499_5.log","Level":0}}
TpTrace Verbose: 0 : 12664, 5, 2024/05/31, 10:17:38.107, 435510227523, vstest.console.dll, DataCollectionRequestSender.SendBeforeTestRunStartAndGetResult: Received message: (DataCollection.BeforeTestRunStartResult) -> {"MessageType":"DataCollection.BeforeTestRunStartResult","Payload":{"EnvironmentVariables":{},"DataCollectionEventsPort":53506}}
TpTrace Information: 0 : 12664, 5, 2024/05/31, 10:17:38.116, 435510315017, vstest.console.dll, ProxyDataCollectionManager.BeforeTestRunStart: SendBeforeTestRunStartAndGetResult successful, env variable from datacollector:   and testhost port: 53506
TpTrace Information: 0 : 12664, 5, 2024/05/31, 10:17:38.116, 435510316742, vstest.console.dll, ProxyDataCollectionManager.InvokeDataCollectionServiceAction: Completed.
TpTrace Verbose: 0 : 12664, 5, 2024/05/31, 10:17:38.116, 435510317331, vstest.console.dll, ParallelProxyExecutionManager.StartTestRunOnConcurrentManager: Initializing test run. Started clients: 0
TpTrace Verbose: 0 : 12664, 5, 2024/05/31, 10:17:38.116, 435510318367, vstest.console.dll, ProxyExecutionManager: Test host is always Lazy initialize.
TpTrace Verbose: 0 : 12664, 5, 2024/05/31, 10:17:38.116, 435510320672, vstest.console.dll, TestRequestSender.InitializeCommunication: initialize communication. 
TpTrace Information: 0 : 12664, 5, 2024/05/31, 10:17:38.117, 435510326792, vstest.console.dll, SocketServer.Start: Listening on endpoint : 127.0.0.1:53507
TpTrace Verbose: 0 : 12664, 5, 2024/05/31, 10:17:38.118, 435510336368, vstest.console.dll, DotnetTestHostmanager.GetTestHostProcessStartInfo: Platform environment 'X64' target architecture 'X64' framework '.NETCoreApp,Version=v8.0' OS 'Windows'
TpTrace Verbose: 0 : 12664, 5, 2024/05/31, 10:17:38.118, 435510339375, vstest.console.dll, DotnetTestHostmanager: Adding  --runtimeconfig "C:\Users\VC\Desktop\MiniProjectLibraryManagement\LibraryManagemetSln\BLTestProj\bin\Debug\net8.0\fine-code-coverage\build-output\BLTestProj.runtimeconfig.json" in args
TpTrace Verbose: 0 : 12664, 5, 2024/05/31, 10:17:38.118, 435510340535, vstest.console.dll, DotnetTestHostmanager: Adding  --depsfile "C:\Users\VC\Desktop\MiniProjectLibraryManagement\LibraryManagemetSln\BLTestProj\bin\Debug\net8.0\fine-code-coverage\build-output\BLTestProj.deps.json" in args
TpTrace Verbose: 0 : 12664, 5, 2024/05/31, 10:17:38.119, 435510344538, vstest.console.dll, DotnetTestHostmanager.IsWinOnArm: Current PROCESSOR_ARCHITECTURE from environment variable 'AMD64'
TpTrace Verbose: 0 : 12664, 5, 2024/05/31, 10:17:38.119, 435510345471, vstest.console.dll, DotnetTestHostmanager.IsWinOnArm: Is Windows on ARM 'False'
TpTrace Verbose: 0 : 12664, 5, 2024/05/31, 10:17:38.119, 435510346756, vstest.console.dll, DotnetTestHostManager: testhost.exe found at path: C:\Users\VC\Desktop\MiniProjectLibraryManagement\LibraryManagemetSln\BLTestProj\bin\Debug\net8.0\fine-code-coverage\build-output\testhost.exe
TpTrace Verbose: 0 : 12664, 5, 2024/05/31, 10:17:38.119, 435510347275, vstest.console.dll, DotnetTestHostmanager: Full path of host exe is C:\Users\VC\Desktop\MiniProjectLibraryManagement\LibraryManagemetSln\BLTestProj\bin\Debug\net8.0\fine-code-coverage\build-output\testhost.exe
TpTrace Verbose: 0 : 12664, 5, 2024/05/31, 10:17:38.119, 435510348772, vstest.console.dll, DotnetTestHostmanager.LaunchTestHostAsync: Found 'VSTEST_WINAPPHOST_DOTNET_ROOT' in env variables, value 'C:\Program Files\dotnet', forwarding to 'DOTNET_ROOT'
TpTrace Verbose: 0 : 12664, 5, 2024/05/31, 10:17:38.119, 435510350841, vstest.console.dll, DotnetTestHostManager: Starting process 'C:\Users\VC\Desktop\MiniProjectLibraryManagement\LibraryManagemetSln\BLTestProj\bin\Debug\net8.0\fine-code-coverage\build-output\testhost.exe' with command line ' --runtimeconfig "C:\Users\VC\Desktop\MiniProjectLibraryManagement\LibraryManagemetSln\BLTestProj\bin\Debug\net8.0\fine-code-coverage\build-output\BLTestProj.runtimeconfig.json" --depsfile "C:\Users\VC\Desktop\MiniProjectLibraryManagement\LibraryManagemetSln\BLTestProj\bin\Debug\net8.0\fine-code-coverage\build-output\BLTestProj.deps.json" --port 53507 --endpoint 127.0.0.1:053507 --role client --parentprocessid 12664 --diag "C:\Users\VC\Desktop\MiniProjectLibraryManagement\LibraryManagemetSln\BLTestProj\bin\Debug\net8.0\fine-code-coverage\coverage-tool-output\diagnostics.host.24-05-31_10-17-38_11789_5.log" --tracelevel 4 --datacollectionport 53506 --telemetryoptedin false'
TpTrace Verbose: 0 : 12664, 5, 2024/05/31, 10:17:38.128, 435510434900, vstest.console.dll, MulticastDelegateUtilities.SafeInvoke: HostProviderEvents.OnHostLaunched: Invoking callback 1/2 for Microsoft.VisualStudio.TestPlatform.CrossPlatEngine.Client.ProxyExecutionManagerWithDataCollection., took 2 ms.
TpTrace Verbose: 0 : 12664, 5, 2024/05/31, 10:17:38.128, 435510440534, vstest.console.dll, Test Runtime launched
TpTrace Verbose: 0 : 12664, 5, 2024/05/31, 10:17:38.128, 435510441800, vstest.console.dll, MulticastDelegateUtilities.SafeInvoke: HostProviderEvents.OnHostLaunched: Invoking callback 2/2 for Microsoft.VisualStudio.TestPlatform.CrossPlatEngine.Client.ProxyOperationManager., took 0 ms.
TpTrace Verbose: 0 : 12664, 5, 2024/05/31, 10:17:38.129, 435510443920, vstest.console.dll, TestRequestSender.WaitForRequestHandlerConnection: waiting for connection with timeout: 90000.
TpTrace Verbose: 0 : 12664, 7, 2024/05/31, 10:17:38.477, 435513930071, vstest.console.dll, MulticastDelegateUtilities.SafeInvoke: SocketServer: ClientConnected: Invoking callback 1/1 for Microsoft.VisualStudio.TestPlatform.CommunicationUtilities.TestRequestSender., took 0 ms.
TpTrace Verbose: 0 : 12664, 5, 2024/05/31, 10:17:38.477, 435513929960, vstest.console.dll, TestRequestSender.WaitForRequestHandlerConnection: waiting took 348 ms, with timeout 90000 ms, and result 0, which is success.
TpTrace Verbose: 0 : 12664, 7, 2024/05/31, 10:17:38.478, 435513933616, vstest.console.dll, SocketServer.OnClientConnected: Client connected for endPoint: 127.0.0.1:53507, starting MessageLoopAsync:
TpTrace Verbose: 0 : 12664, 7, 2024/05/31, 10:17:38.479, 435513944327, vstest.console.dll, TcpClientExtensions.MessageLoopAsync: Polling on remoteEndPoint: 127.0.0.1:53508 localEndPoint: 127.0.0.1:53507 after 0 ms
TpTrace Verbose: 0 : 12664, 5, 2024/05/31, 10:17:38.480, 435513955637, vstest.console.dll, TestRequestSender.CheckVersionWithTestHost: Sending check version message: {"MessageType":"ProtocolVersion","Payload":7}
TpTrace Verbose: 0 : 12664, 7, 2024/05/31, 10:17:38.671, 435515870075, vstest.console.dll, TcpClientExtensions.MessageLoopAsync: NotifyDataAvailable remoteEndPoint: 127.0.0.1:53508 localEndPoint: 127.0.0.1:53507
TpTrace Verbose: 0 : 12664, 7, 2024/05/31, 10:17:38.672, 435515873790, vstest.console.dll, TestRequestSender.CheckVersionWithTestHost: onMessageReceived received message: (ProtocolVersion) -> {"MessageType":"ProtocolVersion","Payload":7}
TpTrace Verbose: 0 : 12664, 7, 2024/05/31, 10:17:38.673, 435515882995, vstest.console.dll, MulticastDelegateUtilities.SafeInvoke: LengthPrefixCommunicationChannel: MessageReceived: Invoking callback 1/1 for Microsoft.VisualStudio.TestPlatform.CommunicationUtilities.TestRequestSender+<>c__DisplayClass29_0., took 0 ms.
TpTrace Verbose: 0 : 12664, 5, 2024/05/31, 10:17:38.673, 435515884265, vstest.console.dll, TestPluginCache.GetExtensionPaths: Filtered extension paths: 
TpTrace Verbose: 0 : 12664, 7, 2024/05/31, 10:17:38.673, 435515884941, vstest.console.dll, TcpClientExtensions.MessageLoopAsync: Polling on remoteEndPoint: 127.0.0.1:53508 localEndPoint: 127.0.0.1:53507 after 193 ms
TpTrace Verbose: 0 : 12664, 5, 2024/05/31, 10:17:38.673, 435515885694, vstest.console.dll, TestPluginCache.GetExtensionPaths: Added default extension paths: C:\Program Files\dotnet\sdk\8.0.300\Extensions\Microsoft.Diagnostics.NETCore.Client.dll
C:\Program Files\dotnet\sdk\8.0.300\Extensions\Microsoft.TestPlatform.Extensions.BlameDataCollector.dll
C:\Program Files\dotnet\sdk\8.0.300\Extensions\Microsoft.TestPlatform.Extensions.EventLogCollector.dll
C:\Program Files\dotnet\sdk\8.0.300\Extensions\Microsoft.TestPlatform.TestHostRuntimeProvider.dll
C:\Program Files\dotnet\sdk\8.0.300\Extensions\Microsoft.VisualStudio.TestPlatform.Extensions.Html.TestLogger.dll
C:\Program Files\dotnet\sdk\8.0.300\Extensions\Microsoft.VisualStudio.TestPlatform.Extensions.Trx.TestLogger.dll
TpTrace Verbose: 0 : 12664, 5, 2024/05/31, 10:17:38.673, 435515887864, vstest.console.dll, TestPluginCache.GetExtensionPaths: Added unfilterableExtensionPaths: 
TpTrace Verbose: 0 : 12664, 5, 2024/05/31, 10:17:38.678, 435515938120, vstest.console.dll, TestRequestSender.InitializeExecution: Sending initialize execution with message: {"Version":7,"MessageType":"TestExecution.Initialize","Payload":["C:\\Users\\VC\\Desktop\\MiniProjectLibraryManagement\\LibraryManagemetSln\\BLTestProj\\bin\\Debug\\net8.0\\fine-code-coverage\\build-output\\NUnit3.TestAdapter.dll"]}
TpTrace Verbose: 0 : 12664, 5, 2024/05/31, 10:17:38.678, 435515940944, vstest.console.dll, ParallelProxyExecutionManager.StartTestRunOnConcurrentManager: Execution starting. Started clients: 1
TpTrace Verbose: 0 : 12664, 5, 2024/05/31, 10:17:38.679, 435515944359, vstest.console.dll, TestRunRequest:SendTestRunMessage: Starting.
TpTrace Verbose: 0 : 12664, 5, 2024/05/31, 10:17:38.679, 435515946483, vstest.console.dll, MulticastDelegateUtilities.SafeInvoke: TestRun.LogMessages: Invoking callback 1/1 for Microsoft.VisualStudio.TestPlatform.CommandLine.TestRunResultAggregator., took 0 ms.
TpTrace Information: 0 : 12664, 5, 2024/05/31, 10:17:38.679, 435515947133, vstest.console.dll, TestRunRequest:SendTestRunMessage: Completed.
TpTrace Verbose: 0 : 12664, 7, 2024/05/31, 10:17:38.679, 435515947588, vstest.console.dll, TcpClientExtensions.MessageLoopAsync: NotifyDataAvailable remoteEndPoint: 127.0.0.1:53508 localEndPoint: 127.0.0.1:53507
TpTrace Verbose: 0 : 12664, 4, 2024/05/31, 10:17:38.679, 435515949299, vstest.console.dll, MulticastDelegateUtilities.SafeInvoke: InternalTestLoggerEvents.SendTestRunMessage: Invoking callback 1/1 for Microsoft.VisualStudio.TestPlatform.CommandLine.Internal.ConsoleLogger., took 0 ms.
TpTrace Warning: 0 : 12664, 5, 2024/05/31, 10:17:38.680, 435515955325, vstest.console.dll, InferRunSettingsHelper.MakeRunsettingsCompatible: Removing the following settings: TargetPlatform from RunSettings file. To use those settings please move to latest version of Microsoft.NET.Test.Sdk
TpTrace Verbose: 0 : 12664, 7, 2024/05/31, 10:17:38.681, 435515965894, vstest.console.dll, TestRequestSender.OnExecutionMessageReceived: Received message: {"Version":7,"MessageType":"TestSession.Message","Payload":{"MessageLevel":0,"Message":"Logging TestHost Diagnostics in file: C:\\Users\\VC\\Desktop\\MiniProjectLibraryManagement\\LibraryManagemetSln\\BLTestProj\\bin\\Debug\\net8.0\\fine-code-coverage\\coverage-tool-output\\diagnostics.host.24-05-31_10-17-38_11789_5.log"}}
TpTrace Verbose: 0 : 12664, 7, 2024/05/31, 10:17:38.685, 435516007827, vstest.console.dll, TestRunRequest:SendTestRunMessage: Starting.
TpTrace Verbose: 0 : 12664, 7, 2024/05/31, 10:17:38.685, 435516010918, vstest.console.dll, MulticastDelegateUtilities.SafeInvoke: TestRun.LogMessages: Invoking callback 1/1 for Microsoft.VisualStudio.TestPlatform.CommandLine.TestRunResultAggregator., took 0 ms.
TpTrace Verbose: 0 : 12664, 4, 2024/05/31, 10:17:38.685, 435516011077, vstest.console.dll, MulticastDelegateUtilities.SafeInvoke: InternalTestLoggerEvents.SendTestRunMessage: Invoking callback 1/1 for Microsoft.VisualStudio.TestPlatform.CommandLine.Internal.ConsoleLogger., took 0 ms.
TpTrace Information: 0 : 12664, 7, 2024/05/31, 10:17:38.685, 435516011651, vstest.console.dll, TestRunRequest:SendTestRunMessage: Completed.
TpTrace Verbose: 0 : 12664, 7, 2024/05/31, 10:17:38.686, 435516016630, vstest.console.dll, MulticastDelegateUtilities.SafeInvoke: LengthPrefixCommunicationChannel: MessageReceived: Invoking callback 1/1 for Microsoft.VisualStudio.TestPlatform.CommunicationUtilities.TestRequestSender+<>c__DisplayClass34_0., took 5 ms.
TpTrace Verbose: 0 : 12664, 7, 2024/05/31, 10:17:38.686, 435516017634, vstest.console.dll, TcpClientExtensions.MessageLoopAsync: Polling on remoteEndPoint: 127.0.0.1:53508 localEndPoint: 127.0.0.1:53507 after 13 ms
TpTrace Verbose: 0 : 12664, 5, 2024/05/31, 10:17:38.698, 435516133209, vstest.console.dll, TestRequestSender.StartTestRun: Sending test run with message: {"Version":7,"MessageType":"TestExecution.StartWithSources","Payload":{"AdapterSourceMap":{"_none_":["C:\\Users\\VC\\Desktop\\MiniProjectLibraryManagement\\LibraryManagemetSln\\BLTestProj\\bin\\Debug\\net8.0\\fine-code-coverage\\build-output\\BLTestProj.dll"]},"RunSettings":"<RunSettings>\r\n  <RunConfiguration>\r\n    <ResultsDirectory>C:\\Users\\VC\\Desktop\\MiniProjectLibraryManagement\\LibraryManagemetSln\\BLTestProj\\bin\\Debug\\net8.0\\fine-code-coverage\\coverage-tool-output</ResultsDirectory>\r\n    <TargetFrameworkVersion>.NETCoreApp,Version=v8.0</TargetFrameworkVersion>\r\n    <DesignMode>False</DesignMode>\r\n    <CollectSourceInformation>False</CollectSourceInformation>\r\n  </RunConfiguration>\r\n  <LoggerRunSettings>\r\n    <Loggers>\r\n      <Logger friendlyName=\"blame\" enabled=\"True\" />\r\n      <Logger friendlyName=\"Console\" uri=\"logger://microsoft/TestPlatform/ConsoleLogger/v1\" assemblyQualifiedName=\"Microsoft.VisualStudio.TestPlatform.CommandLine.Internal.ConsoleLogger, vstest.console, Version=15.0.0.0, Culture=neutral, PublicKeyToken=b03f5f7f11d50a3a\" codeBase=\"C:\\Program Files\\dotnet\\sdk\\8.0.300\\vstest.console.dll\" enabled=\"True\" />\r\n    </Loggers>\r\n  </LoggerRunSettings>\r\n  <DataCollectionRunSettings>\r\n    <DataCollectors>\r\n      <DataCollector friendlyName=\"blame\" enabled=\"True\">\r\n        <Configuration>\r\n          <ResultsDirectory>C:\\Users\\VC\\Desktop\\MiniProjectLibraryManagement\\LibraryManagemetSln\\BLTestProj\\bin\\Debug\\net8.0\\fine-code-coverage\\coverage-tool-output</ResultsDirectory>\r\n        </Configuration>\r\n      </DataCollector>\r\n    </DataCollectors>\r\n  </DataCollectionRunSettings>\r\n</RunSettings>","TestExecutionContext":{"FrequencyOfRunStatsChangeEvent":10,"RunStatsChangeEventTimeout":"00:00:01.5000000","InIsolation":false,"KeepAlive":false,"AreTestCaseLevelEventsRequired":false,"IsDebug":false,"TestCaseFilter":null,"FilterOptions":null},"Package":null}}
TpTrace Verbose: 0 : 12664, 5, 2024/05/31, 10:17:38.698, 435516136245, vstest.console.dll, ParallelProxyExecutionManager.StartTestRunOnConcurrentManager: Execution started. Started clients: 1
TpTrace Verbose: 0 : 12664, 7, 2024/05/31, 10:17:38.890, 435518053378, vstest.console.dll, TcpClientExtensions.MessageLoopAsync: NotifyDataAvailable remoteEndPoint: 127.0.0.1:53508 localEndPoint: 127.0.0.1:53507
TpTrace Verbose: 0 : 12664, 7, 2024/05/31, 10:17:38.890, 435518055782, vstest.console.dll, TestRequestSender.OnExecutionMessageReceived: Received message: {"Version":7,"MessageType":"TestSession.Message","Payload":{"MessageLevel":0,"Message":"NUnit Adapter 4.5.0.0: Test execution started"}}
TpTrace Verbose: 0 : 12664, 7, 2024/05/31, 10:17:38.890, 435518058986, vstest.console.dll, TestRunRequest:SendTestRunMessage: Starting.
TpTrace Verbose: 0 : 12664, 7, 2024/05/31, 10:17:38.890, 435518059801, vstest.console.dll, MulticastDelegateUtilities.SafeInvoke: TestRun.LogMessages: Invoking callback 1/1 for Microsoft.VisualStudio.TestPlatform.CommandLine.TestRunResultAggregator., took 0 ms.
TpTrace Information: 0 : 12664, 7, 2024/05/31, 10:17:38.890, 435518060185, vstest.console.dll, TestRunRequest:SendTestRunMessage: Completed.
TpTrace Verbose: 0 : 12664, 7, 2024/05/31, 10:17:38.890, 435518060611, vstest.console.dll, MulticastDelegateUtilities.SafeInvoke: LengthPrefixCommunicationChannel: MessageReceived: Invoking callback 1/1 for Microsoft.VisualStudio.TestPlatform.CommunicationUtilities.TestRequestSender+<>c__DisplayClass34_0., took 0 ms.
TpTrace Verbose: 0 : 12664, 4, 2024/05/31, 10:17:38.890, 435518060651, vstest.console.dll, MulticastDelegateUtilities.SafeInvoke: InternalTestLoggerEvents.SendTestRunMessage: Invoking callback 1/1 for Microsoft.VisualStudio.TestPlatform.CommandLine.Internal.ConsoleLogger., took 0 ms.
TpTrace Verbose: 0 : 12664, 7, 2024/05/31, 10:17:38.890, 435518061063, vstest.console.dll, TcpClientExtensions.MessageLoopAsync: Polling on remoteEndPoint: 127.0.0.1:53508 localEndPoint: 127.0.0.1:53507 after 204 ms
TpTrace Verbose: 0 : 12664, 7, 2024/05/31, 10:17:38.923, 435518391492, vstest.console.dll, TcpClientExtensions.MessageLoopAsync: NotifyDataAvailable remoteEndPoint: 127.0.0.1:53508 localEndPoint: 127.0.0.1:53507
TpTrace Verbose: 0 : 12664, 7, 2024/05/31, 10:17:38.924, 435518393720, vstest.console.dll, TestRequestSender.OnExecutionMessageReceived: Received message: {"Version":7,"MessageType":"TestSession.Message","Payload":{"MessageLevel":0,"Message":"Running all tests in C:\\Users\\VC\\Desktop\\MiniProjectLibraryManagement\\LibraryManagemetSln\\BLTestProj\\bin\\Debug\\net8.0\\fine-code-coverage\\build-output\\BLTestProj.dll"}}
TpTrace Verbose: 0 : 12664, 7, 2024/05/31, 10:17:38.924, 435518396743, vstest.console.dll, TestRunRequest:SendTestRunMessage: Starting.
TpTrace Verbose: 0 : 12664, 7, 2024/05/31, 10:17:38.924, 435518397823, vstest.console.dll, MulticastDelegateUtilities.SafeInvoke: TestRun.LogMessages: Invoking callback 1/1 for Microsoft.VisualStudio.TestPlatform.CommandLine.TestRunResultAggregator., took 0 ms.
TpTrace Verbose: 0 : 12664, 4, 2024/05/31, 10:17:38.924, 435518398204, vstest.console.dll, MulticastDelegateUtilities.SafeInvoke: InternalTestLoggerEvents.SendTestRunMessage: Invoking callback 1/1 for Microsoft.VisualStudio.TestPlatform.CommandLine.Internal.ConsoleLogger., took 0 ms.
TpTrace Information: 0 : 12664, 7, 2024/05/31, 10:17:38.924, 435518398348, vstest.console.dll, TestRunRequest:SendTestRunMessage: Completed.
TpTrace Verbose: 0 : 12664, 7, 2024/05/31, 10:17:38.924, 435518400502, vstest.console.dll, MulticastDelegateUtilities.SafeInvoke: LengthPrefixCommunicationChannel: MessageReceived: Invoking callback 1/1 for Microsoft.VisualStudio.TestPlatform.CommunicationUtilities.TestRequestSender+<>c__DisplayClass34_0., took 0 ms.
TpTrace Verbose: 0 : 12664, 7, 2024/05/31, 10:17:38.924, 435518401040, vstest.console.dll, TcpClientExtensions.MessageLoopAsync: Polling on remoteEndPoint: 127.0.0.1:53508 localEndPoint: 127.0.0.1:53507 after 33 ms
TpTrace Verbose: 0 : 12664, 7, 2024/05/31, 10:17:39.073, 435519886536, vstest.console.dll, TcpClientExtensions.MessageLoopAsync: NotifyDataAvailable remoteEndPoint: 127.0.0.1:53508 localEndPoint: 127.0.0.1:53507
TpTrace Verbose: 0 : 12664, 7, 2024/05/31, 10:17:39.073, 435519888469, vstest.console.dll, TestRequestSender.OnExecutionMessageReceived: Received message: {"Version":7,"MessageType":"TestSession.Message","Payload":{"MessageLevel":0,"Message":"   NUnit3TestExecutor discovered 43 of 43 NUnit test cases using Current Discovery mode, Non-Explicit run"}}
TpTrace Verbose: 0 : 12664, 7, 2024/05/31, 10:17:39.073, 435519889810, vstest.console.dll, TestRunRequest:SendTestRunMessage: Starting.
TpTrace Verbose: 0 : 12664, 7, 2024/05/31, 10:17:39.073, 435519890586, vstest.console.dll, MulticastDelegateUtilities.SafeInvoke: TestRun.LogMessages: Invoking callback 1/1 for Microsoft.VisualStudio.TestPlatform.CommandLine.TestRunResultAggregator., took 0 ms.
TpTrace Information: 0 : 12664, 7, 2024/05/31, 10:17:39.073, 435519890953, vstest.console.dll, TestRunRequest:SendTestRunMessage: Completed.
TpTrace Verbose: 0 : 12664, 7, 2024/05/31, 10:17:39.073, 435519891291, vstest.console.dll, MulticastDelegateUtilities.SafeInvoke: LengthPrefixCommunicationChannel: MessageReceived: Invoking callback 1/1 for Microsoft.VisualStudio.TestPlatform.CommunicationUtilities.TestRequestSender+<>c__DisplayClass34_0., took 0 ms.
TpTrace Verbose: 0 : 12664, 7, 2024/05/31, 10:17:39.073, 435519891668, vstest.console.dll, TcpClientExtensions.MessageLoopAsync: Polling on remoteEndPoint: 127.0.0.1:53508 localEndPoint: 127.0.0.1:53507 after 149 ms
TpTrace Verbose: 0 : 12664, 4, 2024/05/31, 10:17:39.073, 435519891357, vstest.console.dll, MulticastDelegateUtilities.SafeInvoke: InternalTestLoggerEvents.SendTestRunMessage: Invoking callback 1/1 for Microsoft.VisualStudio.TestPlatform.CommandLine.Internal.ConsoleLogger., took 0 ms.
TpTrace Verbose: 0 : 12664, 7, 2024/05/31, 10:17:40.083, 435529990194, vstest.console.dll, TcpClientExtensions.MessageLoopAsync: Polling on remoteEndPoint: 127.0.0.1:53508 localEndPoint: 127.0.0.1:53507 after 1009 ms
TpTrace Verbose: 0 : 12664, 7, 2024/05/31, 10:17:40.323, 435532387852, vstest.console.dll, TcpClientExtensions.MessageLoopAsync: NotifyDataAvailable remoteEndPoint: 127.0.0.1:53508 localEndPoint: 127.0.0.1:53507
TpTrace Verbose: 0 : 12664, 7, 2024/05/31, 10:17:40.323, 435532390710, vstest.console.dll, TestRequestSender.OnExecutionMessageReceived: Received message: {"Version":7,"MessageType":"TestExecution.StatsChange","Payload":{"NewTestResults":[],"TestRunStatistics":{"ExecutedTests":0,"Stats":{}},"ActiveTests":[{"Id":"2310f8ac-c320-d59f-5e82-05d0b36af6aa","FullyQualifiedName":"BLTestProj.AnalyticsBLTest.GetAnalyticsTest","DisplayName":"GetAnalyticsTest","ExecutorUri":"executor://NUnit3TestExecutor","Source":"C:\\Users\\VC\\Desktop\\MiniProjectLibraryManagement\\LibraryManagemetSln\\BLTestProj\\bin\\Debug\\net8.0\\fine-code-coverage\\build-output\\BLTestProj.dll","CodeFilePath":null,"LineNumber":0,"Properties":[{"Key":{"Id":"NUnit.Seed","Label":"Seed","Category":"","Description":"","Attributes":0,"ValueType":"System.String"},"Value":"903323853"}]}]}}
TpTrace Verbose: 0 : 12664, 7, 2024/05/31, 10:17:40.347, 435532625882, vstest.console.dll, TestRunRequest:SendTestRunStatsChange: Starting.
TpTrace Verbose: 0 : 12664, 7, 2024/05/31, 10:17:40.347, 435532628814, vstest.console.dll, InProgress is GetAnalyticsTest
TpTrace Verbose: 0 : 12664, 7, 2024/05/31, 10:17:40.347, 435532630348, vstest.console.dll, MulticastDelegateUtilities.SafeInvoke: TestRun.RunStatsChanged: Invoking callbacks was skipped because there are no subscribers.
TpTrace Information: 0 : 12664, 7, 2024/05/31, 10:17:40.347, 435532630902, vstest.console.dll, TestRunRequest:SendTestRunStatsChange: Completed.
TpTrace Verbose: 0 : 12664, 7, 2024/05/31, 10:17:40.347, 435532631379, vstest.console.dll, MulticastDelegateUtilities.SafeInvoke: LengthPrefixCommunicationChannel: MessageReceived: Invoking callback 1/1 for Microsoft.VisualStudio.TestPlatform.CommunicationUtilities.TestRequestSender+<>c__DisplayClass34_0., took 24 ms.
TpTrace Verbose: 0 : 12664, 7, 2024/05/31, 10:17:40.347, 435532631868, vstest.console.dll, TcpClientExtensions.MessageLoopAsync: Polling on remoteEndPoint: 127.0.0.1:53508 localEndPoint: 127.0.0.1:53507 after 263 ms
TpTrace Verbose: 0 : 12664, 7, 2024/05/31, 10:17:40.959, 435538752854, vstest.console.dll, TcpClientExtensions.MessageLoopAsync: NotifyDataAvailable remoteEndPoint: 127.0.0.1:53508 localEndPoint: 127.0.0.1:53507
TpTrace Verbose: 0 : 12664, 7, 2024/05/31, 10:17:40.960, 435538760068, vstest.console.dll, TestRequestSender.OnExecutionMessageReceived: Received message: {"Version":7,"MessageType":"TestExecution.StatsChange","Payload":{"NewTestResults":[{"TestCase":{"Id":"2310f8ac-c320-d59f-5e82-05d0b36af6aa","FullyQualifiedName":"BLTestProj.AnalyticsBLTest.GetAnalyticsTest","DisplayName":"GetAnalyticsTest","ExecutorUri":"executor://NUnit3TestExecutor","Source":"C:\\Users\\VC\\Desktop\\MiniProjectLibraryManagement\\LibraryManagemetSln\\BLTestProj\\bin\\Debug\\net8.0\\fine-code-coverage\\build-output\\BLTestProj.dll","CodeFilePath":null,"LineNumber":0,"Properties":[{"Key":{"Id":"NUnit.Seed","Label":"Seed","Category":"","Description":"","Attributes":0,"ValueType":"System.String"},"Value":"903323853"}]},"Attachments":[],"Outcome":1,"ErrorMessage":null,"ErrorStackTrace":null,"DisplayName":"GetAnalyticsTest","Messages":[],"ComputerName":"794GBX3","Duration":"00:00:01.4427750","StartTime":"2024-05-31T04:47:39.1040117+00:00","EndTime":"2024-05-31T04:47:40.5466854+00:00","Properties":[{"Key":{"Id":"NUnit.Seed","Label":"Seed","Category":"","Description":"","Attributes":0,"ValueType":"System.String"},"Value":"903323853"}]},{"TestCase":{"Id":"fe9e75a6-19db-4318-fd73-c646b52a046b","FullyQualifiedName":"BLTestProj.AnalyticsBLTest.OverDueAnalytics","DisplayName":"OverDueAnalytics","ExecutorUri":"executor://NUnit3TestExecutor","Source":"C:\\Users\\VC\\Desktop\\MiniProjectLibraryManagement\\LibraryManagemetSln\\BLTestProj\\bin\\Debug\\net8.0\\fine-code-coverage\\build-output\\BLTestProj.dll","CodeFilePath":null,"LineNumber":0,"Properties":[{"Key":{"Id":"NUnit.Seed","Label":"Seed","Category":"","Description":"","Attributes":0,"ValueType":"System.String"},"Value":"31433724"}]},"Attachments":[],"Outcome":1,"ErrorMessage":null,"ErrorStackTrace":null,"DisplayName":"OverDueAnalytics","Messages":[],"ComputerName":"794GBX3","Duration":"00:00:00.0351280","StartTime":"2024-05-31T04:47:40.549017+00:00","EndTime":"2024-05-31T04:47:40.5841454+00:00","Properties":[{"Key":{"Id":"NUnit.Seed","Label":"Seed","Category":"","Description":"","Attributes":0,"ValueType":"System.String"},"Value":"31433724"}]},{"TestCase":{"Id":"4a4fa630-e7a3-dffc-9b01-4b559514de6d","FullyQualifiedName":"BLTestProj.BookBLTest.AddBookTest","DisplayName":"AddBookTest","ExecutorUri":"executor://NUnit3TestExecutor","Source":"C:\\Users\\VC\\Desktop\\MiniProjectLibraryManagement\\LibraryManagemetSln\\BLTestProj\\bin\\Debug\\net8.0\\fine-code-coverage\\build-output\\BLTestProj.dll","CodeFilePath":null,"LineNumber":0,"Properties":[{"Key":{"Id":"NUnit.Seed","Label":"Seed","Category":"","Description":"","Attributes":0,"ValueType":"System.String"},"Value":"60960527"}]},"Attachments":[],"Outcome":1,"ErrorMessage":null,"ErrorStackTrace":null,"DisplayName":"AddBookTest","Messages":[],"ComputerName":"794GBX3","Duration":"00:00:00.1869720","StartTime":"2024-05-31T04:47:40.5881615+00:00","EndTime":"2024-05-31T04:47:40.7751332+00:00","Properties":[{"Key":{"Id":"NUnit.Seed","Label":"Seed","Category":"","Description":"","Attributes":0,"ValueType":"System.String"},"Value":"60960527"}]},{"TestCase":{"Id":"a9287d0e-7b3d-3fa4-6d66-1efe2bff41b0","FullyQualifiedName":"BLTestProj.BookBLTest.DeleteBook","DisplayName":"DeleteBook","ExecutorUri":"executor://NUnit3TestExecutor","Source":"C:\\Users\\VC\\Desktop\\MiniProjectLibraryManagement\\LibraryManagemetSln\\BLTestProj\\bin\\Debug\\net8.0\\fine-code-coverage\\build-output\\BLTestProj.dll","CodeFilePath":null,"LineNumber":0,"Properties":[{"Key":{"Id":"NUnit.Seed","Label":"Seed","Category":"","Description":"","Attributes":0,"ValueType":"System.String"},"Value":"1805205394"}]},"Attachments":[],"Outcome":1,"ErrorMessage":null,"ErrorStackTrace":null,"DisplayName":"DeleteBook","Messages":[],"ComputerName":"794GBX3","Duration":"00:00:00.0690810","StartTime":"2024-05-31T04:47:40.7751751+00:00","EndTime":"2024-05-31T04:47:40.8442561+00:00","Properties":[{"Key":{"Id":"NUnit.Seed","Label":"Seed","Category":"","Description":"","Attributes":0,"ValueType":"System.String"},"Value":"1805205394"}]},{"TestCase":{"Id":"445e3a0e-9753-726d-95c0-7c1c3353dfd7","FullyQualifiedName":"BLTestProj.BookBLTest.EditAuthor","DisplayName":"EditAuthor","ExecutorUri":"executor://NUnit3TestExecutor","Source":"C:\\Users\\VC\\Desktop\\MiniProjectLibraryManagement\\LibraryManagemetSln\\BLTestProj\\bin\\Debug\\net8.0\\fine-code-coverage\\build-output\\BLTestProj.dll","CodeFilePath":null,"LineNumber":0,"Properties":[{"Key":{"Id":"NUnit.Seed","Label":"Seed","Category":"","Description":"","Attributes":0,"ValueType":"System.String"},"Value":"511044776"}]},"Attachments":[],"Outcome":1,"ErrorMessage":null,"ErrorStackTrace":null,"DisplayName":"EditAuthor","Messages":[],"ComputerName":"794GBX3","Duration":"00:00:00.0098060","StartTime":"2024-05-31T04:47:40.8442916+00:00","EndTime":"2024-05-31T04:47:40.854097+00:00","Properties":[{"Key":{"Id":"NUnit.Seed","Label":"Seed","Category":"","Description":"","Attributes":0,"ValueType":"System.String"},"Value":"511044776"}]},{"TestCase":{"Id":"c0d55125-4895-7274-23ed-ce037b6ff84f","FullyQualifiedName":"BLTestProj.BookBLTest.EditAuthorThrowsException","DisplayName":"EditAuthorThrowsException","ExecutorUri":"executor://NUnit3TestExecutor","Source":"C:\\Users\\VC\\Desktop\\MiniProjectLibraryManagement\\LibraryManagemetSln\\BLTestProj\\bin\\Debug\\net8.0\\fine-code-coverage\\build-output\\BLTestProj.dll","CodeFilePath":null,"LineNumber":0,"Properties":[{"Key":{"Id":"NUnit.Seed","Label":"Seed","Category":"","Description":"","Attributes":0,"ValueType":"System.String"},"Value":"1192063083"}]},"Attachments":[],"Outcome":1,"ErrorMessage":null,"ErrorStackTrace":null,"DisplayName":"EditAuthorThrowsException","Messages":[],"ComputerName":"794GBX3","Duration":"00:00:00.0089970","StartTime":"2024-05-31T04:47:40.8541335+00:00","EndTime":"2024-05-31T04:47:40.8631301+00:00","Properties":[{"Key":{"Id":"NUnit.Seed","Label":"Seed","Category":"","Description":"","Attributes":0,"ValueType":"System.String"},"Value":"1192063083"}]},{"TestCase":{"Id":"f99c58ef-2fe2-1d29-fde6-37c6a4e2cee5","FullyQualifiedName":"BLTestProj.BookBLTest.EditBook","DisplayName":"EditBook","ExecutorUri":"executor://NUnit3TestExecutor","Source":"C:\\Users\\VC\\Desktop\\MiniProjectLibraryManagement\\LibraryManagemetSln\\BLTestProj\\bin\\Debug\\net8.0\\fine-code-coverage\\build-output\\BLTestProj.dll","CodeFilePath":null,"LineNumber":0,"Properties":[{"Key":{"Id":"NUnit.Seed","Label":"Seed","Category":"","Description":"","Attributes":0,"ValueType":"System.String"},"Value":"1738165216"}]},"Attachments":[],"Outcome":1,"ErrorMessage":null,"ErrorStackTrace":null,"DisplayName":"EditBook","Messages":[],"ComputerName":"794GBX3","Duration":"00:00:00.0058150","StartTime":"2024-05-31T04:47:40.8631902+00:00","EndTime":"2024-05-31T04:47:40.8690053+00:00","Properties":[{"Key":{"Id":"NUnit.Seed","Label":"Seed","Category":"","Description":"","Attributes":0,"ValueType":"System.String"},"Value":"1738165216"}]},{"TestCase":{"Id":"c1a31015-b4ff-5a00-28d0-1452bd3dd4a5","FullyQualifiedName":"BLTestProj.BookBLTest.EditPublisher","DisplayName":"EditPublisher","ExecutorUri":"executor://NUnit3TestExecutor","Source":"C:\\Users\\VC\\Desktop\\MiniProjectLibraryManagement\\LibraryManagemetSln\\BLTestProj\\bin\\Debug\\net8.0\\fine-code-coverage\\build-output\\BLTestProj.dll","CodeFilePath":null,"LineNumber":0,"Properties":[{"Key":{"Id":"NUnit.Seed","Label":"Seed","Category":"","Description":"","Attributes":0,"ValueType":"System.String"},"Value":"1721200801"}]},"Attachments":[],"Outcome":1,"ErrorMessage":null,"ErrorStackTrace":null,"DisplayName":"EditPublisher","Messages":[],"ComputerName":"794GBX3","Duration":"00:00:00.0026530","StartTime":"2024-05-31T04:47:40.8690406+00:00","EndTime":"2024-05-31T04:47:40.8716932+00:00","Properties":[{"Key":{"Id":"NUnit.Seed","Label":"Seed","Category":"","Description":"","Attributes":0,"ValueType":"System.String"},"Value":"1721200801"}]},{"TestCase":{"Id":"6093fd15-9ebb-bec3-6705-a4c9594f7f67","FullyQualifiedName":"BLTestProj.BookBLTest.GetAllBooks","DisplayName":"GetAllBooks","ExecutorUri":"executor://NUnit3TestExecutor","Source":"C:\\Users\\VC\\Desktop\\MiniProjectLibraryManagement\\LibraryManagemetSln\\BLTestProj\\bin\\Debug\\net8.0\\fine-code-coverage\\build-output\\BLTestProj.dll","CodeFilePath":null,"LineNumber":0,"Properties":[{"Key":{"Id":"NUnit.Seed","Label":"Seed","Category":"","Description":"","Attributes":0,"ValueType":"System.String"},"Value":"1029744772"}]},"Attachments":[],"Outcome":1,"ErrorMessage":null,"ErrorStackTrace":null,"DisplayName":"GetAllBooks","Messages":[],"ComputerName":"794GBX3","Duration":"00:00:00.0765060","StartTime":"2024-05-31T04:47:40.871727+00:00","EndTime":"2024-05-31T04:47:40.9482323+00:00","Properties":[{"Key":{"Id":"NUnit.Seed","Label":"Seed","Category":"","Description":"","Attributes":0,"ValueType":"System.String"},"Value":"1029744772"}]}],"TestRunStatistics":{"ExecutedTests":9,"Stats":{"Passed":9}},"ActiveTests":[{"Id":"b8785895-983a-785a-afd6-91bad69e6d5c","FullyQualifiedName":"BLTestProj.BookBLTest.GetBookById","DisplayName":"GetBookById","ExecutorUri":"executor://NUnit3TestExecutor","Source":"C:\\Users\\VC\\Desktop\\MiniProjectLibraryManagement\\LibraryManagemetSln\\BLTestProj\\bin\\Debug\\net8.0\\fine-code-coverage\\build-output\\BLTestProj.dll","CodeFilePath":null,"LineNumber":0,"Properties":[{"Key":{"Id":"NUnit.Seed","Label":"Seed","Category":"","Description":"","Attributes":0,"ValueType":"System.String"},"Value":"125934979"}]}]}}
TpTrace Verbose: 0 : 12664, 7, 2024/05/31, 10:17:40.970, 435538860602, vstest.console.dll, TestRunRequest:SendTestRunStatsChange: Starting.
TpTrace Verbose: 0 : 12664, 7, 2024/05/31, 10:17:40.970, 435538861943, vstest.console.dll, InProgress is GetBookById
TpTrace Verbose: 0 : 12664, 7, 2024/05/31, 10:17:40.971, 435538863785, vstest.console.dll, MulticastDelegateUtilities.SafeInvoke: TestRun.RunStatsChanged: Invoking callbacks was skipped because there are no subscribers.
TpTrace Information: 0 : 12664, 7, 2024/05/31, 10:17:40.971, 435538864158, vstest.console.dll, TestRunRequest:SendTestRunStatsChange: Completed.
TpTrace Verbose: 0 : 12664, 7, 2024/05/31, 10:17:40.971, 435538864508, vstest.console.dll, MulticastDelegateUtilities.SafeInvoke: LengthPrefixCommunicationChannel: MessageReceived: Invoking callback 1/1 for Microsoft.VisualStudio.TestPlatform.CommunicationUtilities.TestRequestSender+<>c__DisplayClass34_0., took 10 ms.
TpTrace Verbose: 0 : 12664, 7, 2024/05/31, 10:17:40.971, 435538864865, vstest.console.dll, TcpClientExtensions.MessageLoopAsync: Polling on remoteEndPoint: 127.0.0.1:53508 localEndPoint: 127.0.0.1:53507 after 623 ms
TpTrace Verbose: 0 : 12664, 4, 2024/05/31, 10:17:40.973, 435538890234, vstest.console.dll, MulticastDelegateUtilities.SafeInvoke: InternalTestLoggerEvents.SendTestResult: Invoking callback 1/1 for Microsoft.VisualStudio.TestPlatform.CommandLine.Internal.ConsoleLogger., took 2 ms.
TpTrace Verbose: 0 : 12664, 4, 2024/05/31, 10:17:40.974, 435538894618, vstest.console.dll, MulticastDelegateUtilities.SafeInvoke: InternalTestLoggerEvents.SendTestResult: Invoking callback 1/1 for Microsoft.VisualStudio.TestPlatform.CommandLine.Internal.ConsoleLogger., took 0 ms.
TpTrace Verbose: 0 : 12664, 4, 2024/05/31, 10:17:40.974, 435538895595, vstest.console.dll, MulticastDelegateUtilities.SafeInvoke: InternalTestLoggerEvents.SendTestResult: Invoking callback 1/1 for Microsoft.VisualStudio.TestPlatform.CommandLine.Internal.ConsoleLogger., took 0 ms.
TpTrace Verbose: 0 : 12664, 4, 2024/05/31, 10:17:40.974, 435538896049, vstest.console.dll, MulticastDelegateUtilities.SafeInvoke: InternalTestLoggerEvents.SendTestResult: Invoking callback 1/1 for Microsoft.VisualStudio.TestPlatform.CommandLine.Internal.ConsoleLogger., took 0 ms.
TpTrace Verbose: 0 : 12664, 4, 2024/05/31, 10:17:40.974, 435538896488, vstest.console.dll, MulticastDelegateUtilities.SafeInvoke: InternalTestLoggerEvents.SendTestResult: Invoking callback 1/1 for Microsoft.VisualStudio.TestPlatform.CommandLine.Internal.ConsoleLogger., took 0 ms.
TpTrace Verbose: 0 : 12664, 4, 2024/05/31, 10:17:40.974, 435538897114, vstest.console.dll, MulticastDelegateUtilities.SafeInvoke: InternalTestLoggerEvents.SendTestResult: Invoking callback 1/1 for Microsoft.VisualStudio.TestPlatform.CommandLine.Internal.ConsoleLogger., took 0 ms.
TpTrace Verbose: 0 : 12664, 4, 2024/05/31, 10:17:40.974, 435538897512, vstest.console.dll, MulticastDelegateUtilities.SafeInvoke: InternalTestLoggerEvents.SendTestResult: Invoking callback 1/1 for Microsoft.VisualStudio.TestPlatform.CommandLine.Internal.ConsoleLogger., took 0 ms.
TpTrace Verbose: 0 : 12664, 4, 2024/05/31, 10:17:40.974, 435538897923, vstest.console.dll, MulticastDelegateUtilities.SafeInvoke: InternalTestLoggerEvents.SendTestResult: Invoking callback 1/1 for Microsoft.VisualStudio.TestPlatform.CommandLine.Internal.ConsoleLogger., took 0 ms.
TpTrace Verbose: 0 : 12664, 4, 2024/05/31, 10:17:40.974, 435538898295, vstest.console.dll, MulticastDelegateUtilities.SafeInvoke: InternalTestLoggerEvents.SendTestResult: Invoking callback 1/1 for Microsoft.VisualStudio.TestPlatform.CommandLine.Internal.ConsoleLogger., took 0 ms.
TpTrace Verbose: 0 : 12664, 7, 2024/05/31, 10:17:41.091, 435540065701, vstest.console.dll, TcpClientExtensions.MessageLoopAsync: NotifyDataAvailable remoteEndPoint: 127.0.0.1:53508 localEndPoint: 127.0.0.1:53507
TpTrace Verbose: 0 : 12664, 7, 2024/05/31, 10:17:41.091, 435540070528, vstest.console.dll, TestRequestSender.OnExecutionMessageReceived: Received message: {"Version":7,"MessageType":"TestExecution.StatsChange","Payload":{"NewTestResults":[{"TestCase":{"Id":"b8785895-983a-785a-afd6-91bad69e6d5c","FullyQualifiedName":"BLTestProj.BookBLTest.GetBookById","DisplayName":"GetBookById","ExecutorUri":"executor://NUnit3TestExecutor","Source":"C:\\Users\\VC\\Desktop\\MiniProjectLibraryManagement\\LibraryManagemetSln\\BLTestProj\\bin\\Debug\\net8.0\\fine-code-coverage\\build-output\\BLTestProj.dll","CodeFilePath":null,"LineNumber":0,"Properties":[{"Key":{"Id":"NUnit.Seed","Label":"Seed","Category":"","Description":"","Attributes":0,"ValueType":"System.String"},"Value":"125934979"}]},"Attachments":[],"Outcome":1,"ErrorMessage":null,"ErrorStackTrace":null,"DisplayName":"GetBookById","Messages":[],"ComputerName":"794GBX3","Duration":"00:00:00.0053400","StartTime":"2024-05-31T04:47:40.9482701+00:00","EndTime":"2024-05-31T04:47:40.95361+00:00","Properties":[{"Key":{"Id":"NUnit.Seed","Label":"Seed","Category":"","Description":"","Attributes":0,"ValueType":"System.String"},"Value":"125934979"}]},{"TestCase":{"Id":"a73e90d2-5ee2-bc41-838c-7968edccd28d","FullyQualifiedName":"BLTestProj.BookBLTest.SearchBoTitle","DisplayName":"SearchBoTitle","ExecutorUri":"executor://NUnit3TestExecutor","Source":"C:\\Users\\VC\\Desktop\\MiniProjectLibraryManagement\\LibraryManagemetSln\\BLTestProj\\bin\\Debug\\net8.0\\fine-code-coverage\\build-output\\BLTestProj.dll","CodeFilePath":null,"LineNumber":0,"Properties":[{"Key":{"Id":"NUnit.Seed","Label":"Seed","Category":"","Description":"","Attributes":0,"ValueType":"System.String"},"Value":"493236799"}]},"Attachments":[],"Outcome":1,"ErrorMessage":null,"ErrorStackTrace":null,"DisplayName":"SearchBoTitle","Messages":[],"ComputerName":"794GBX3","Duration":"00:00:00.0357100","StartTime":"2024-05-31T04:47:40.9536732+00:00","EndTime":"2024-05-31T04:47:40.9893825+00:00","Properties":[{"Key":{"Id":"NUnit.Seed","Label":"Seed","Category":"","Description":"","Attributes":0,"ValueType":"System.String"},"Value":"493236799"}]},{"TestCase":{"Id":"32a1a54d-a9c1-f116-ac39-3e597997cea7","FullyQualifiedName":"BLTestProj.BorrowBlTest.BorrowBookThrowsBookOutOfStockException","DisplayName":"BorrowBookThrowsBookOutOfStockException","ExecutorUri":"executor://NUnit3TestExecutor","Source":"C:\\Users\\VC\\Desktop\\MiniProjectLibraryManagement\\LibraryManagemetSln\\BLTestProj\\bin\\Debug\\net8.0\\fine-code-coverage\\build-output\\BLTestProj.dll","CodeFilePath":null,"LineNumber":0,"Properties":[{"Key":{"Id":"NUnit.Seed","Label":"Seed","Category":"","Description":"","Attributes":0,"ValueType":"System.String"},"Value":"306142222"}]},"Attachments":[],"Outcome":1,"ErrorMessage":null,"ErrorStackTrace":null,"DisplayName":"BorrowBookThrowsBookOutOfStockException","Messages":[],"ComputerName":"794GBX3","Duration":"00:00:00.0052870","StartTime":"2024-05-31T04:47:40.9896793+00:00","EndTime":"2024-05-31T04:47:40.994966+00:00","Properties":[{"Key":{"Id":"NUnit.Seed","Label":"Seed","Category":"","Description":"","Attributes":0,"ValueType":"System.String"},"Value":"306142222"}]},{"TestCase":{"Id":"78db0330-56f6-a413-d4a9-644d432ccecc","FullyQualifiedName":"BLTestProj.BorrowBlTest.BorrowReservcedBookTest","DisplayName":"BorrowReservcedBookTest","ExecutorUri":"executor://NUnit3TestExecutor","Source":"C:\\Users\\VC\\Desktop\\MiniProjectLibraryManagement\\LibraryManagemetSln\\BLTestProj\\bin\\Debug\\net8.0\\fine-code-coverage\\build-output\\BLTestProj.dll","CodeFilePath":null,"LineNumber":0,"Properties":[{"Key":{"Id":"NUnit.Seed","Label":"Seed","Category":"","Description":"","Attributes":0,"ValueType":"System.String"},"Value":"1257274332"}]},"Attachments":[],"Outcome":1,"ErrorMessage":null,"ErrorStackTrace":null,"DisplayName":"BorrowReservcedBookTest","Messages":[],"ComputerName":"794GBX3","Duration":"00:00:00.0409100","StartTime":"2024-05-31T04:47:40.9950015+00:00","EndTime":"2024-05-31T04:47:41.0359108+00:00","Properties":[{"Key":{"Id":"NUnit.Seed","Label":"Seed","Category":"","Description":"","Attributes":0,"ValueType":"System.String"},"Value":"1257274332"}]},{"TestCase":{"Id":"0f1604e4-e089-3032-7e48-db67e96cfe83","FullyQualifiedName":"BLTestProj.BorrowBlTest.GetBorrowedBookTest","DisplayName":"GetBorrowedBookTest","ExecutorUri":"executor://NUnit3TestExecutor","Source":"C:\\Users\\VC\\Desktop\\MiniProjectLibraryManagement\\LibraryManagemetSln\\BLTestProj\\bin\\Debug\\net8.0\\fine-code-coverage\\build-output\\BLTestProj.dll","CodeFilePath":null,"LineNumber":0,"Properties":[{"Key":{"Id":"NUnit.Seed","Label":"Seed","Category":"","Description":"","Attributes":0,"ValueType":"System.String"},"Value":"311432341"}]},"Attachments":[],"Outcome":1,"ErrorMessage":null,"ErrorStackTrace":null,"DisplayName":"GetBorrowedBookTest","Messages":[],"ComputerName":"794GBX3","Duration":"00:00:00.0025600","StartTime":"2024-05-31T04:47:41.0360533+00:00","EndTime":"2024-05-31T04:47:41.0386131+00:00","Properties":[{"Key":{"Id":"NUnit.Seed","Label":"Seed","Category":"","Description":"","Attributes":0,"ValueType":"System.String"},"Value":"311432341"}]},{"TestCase":{"Id":"e462b6ea-f2a0-eda2-1f95-6ff5a6718f26","FullyQualifiedName":"BLTestProj.BorrowBlTest.GetDueBooksUser","DisplayName":"GetDueBooksUser","ExecutorUri":"executor://NUnit3TestExecutor","Source":"C:\\Users\\VC\\Desktop\\MiniProjectLibraryManagement\\LibraryManagemetSln\\BLTestProj\\bin\\Debug\\net8.0\\fine-code-coverage\\build-output\\BLTestProj.dll","CodeFilePath":null,"LineNumber":0,"Properties":[{"Key":{"Id":"NUnit.Seed","Label":"Seed","Category":"","Description":"","Attributes":0,"ValueType":"System.String"},"Value":"1550207610"}]},"Attachments":[],"Outcome":1,"ErrorMessage":null,"ErrorStackTrace":null,"DisplayName":"GetDueBooksUser","Messages":[],"ComputerName":"794GBX3","Duration":"00:00:00.0020020","StartTime":"2024-05-31T04:47:41.0386382+00:00","EndTime":"2024-05-31T04:47:41.0406404+00:00","Properties":[{"Key":{"Id":"NUnit.Seed","Label":"Seed","Category":"","Description":"","Attributes":0,"ValueType":"System.String"},"Value":"1550207610"}]},{"TestCase":{"Id":"d7046632-fe13-726a-777e-71ac5e0bc93c","FullyQualifiedName":"BLTestProj.BorrowBlTest.RenewBookTest","DisplayName":"RenewBookTest","ExecutorUri":"executor://NUnit3TestExecutor","Source":"C:\\Users\\VC\\Desktop\\MiniProjectLibraryManagement\\LibraryManagemetSln\\BLTestProj\\bin\\Debug\\net8.0\\fine-code-coverage\\build-output\\BLTestProj.dll","CodeFilePath":null,"LineNumber":0,"Properties":[{"Key":{"Id":"NUnit.Seed","Label":"Seed","Category":"","Description":"","Attributes":0,"ValueType":"System.String"},"Value":"831283082"}]},"Attachments":[],"Outcome":1,"ErrorMessage":null,"ErrorStackTrace":null,"DisplayName":"RenewBookTest","Messages":[],"ComputerName":"794GBX3","Duration":"00:00:00.0314160","StartTime":"2024-05-31T04:47:41.0406614+00:00","EndTime":"2024-05-31T04:47:41.0720767+00:00","Properties":[{"Key":{"Id":"NUnit.Seed","Label":"Seed","Category":"","Description":"","Attributes":0,"ValueType":"System.String"},"Value":"831283082"}]},{"TestCase":{"Id":"34eb7bb0-2655-f3b2-d4b9-3d806b68e3e5","FullyQualifiedName":"BLTestProj.BorrowBlTest.RenewBookTestwithoutException","DisplayName":"RenewBookTestwithoutException","ExecutorUri":"executor://NUnit3TestExecutor","Source":"C:\\Users\\VC\\Desktop\\MiniProjectLibraryManagement\\LibraryManagemetSln\\BLTestProj\\bin\\Debug\\net8.0\\fine-code-coverage\\build-output\\BLTestProj.dll","CodeFilePath":null,"LineNumber":0,"Properties":[{"Key":{"Id":"NUnit.Seed","Label":"Seed","Category":"","Description":"","Attributes":0,"ValueType":"System.String"},"Value":"1924541757"}]},"Attachments":[],"Outcome":1,"ErrorMessage":null,"ErrorStackTrace":null,"DisplayName":"RenewBookTestwithoutException","Messages":[],"ComputerName":"794GBX3","Duration":"00:00:00.0020339","StartTime":"2024-05-31T04:47:41.0721144+00:00","EndTime":"2024-05-31T04:47:41.074148+00:00","Properties":[{"Key":{"Id":"NUnit.Seed","Label":"Seed","Category":"","Description":"","Attributes":0,"ValueType":"System.String"},"Value":"1924541757"}]},{"TestCase":{"Id":"e4887124-65f0-c712-eb63-13f05337a09b","FullyQualifiedName":"BLTestProj.BorrowBlTest.ReturnBookTest","DisplayName":"ReturnBookTest","ExecutorUri":"executor://NUnit3TestExecutor","Source":"C:\\Users\\VC\\Desktop\\MiniProjectLibraryManagement\\LibraryManagemetSln\\BLTestProj\\bin\\Debug\\net8.0\\fine-code-coverage\\build-output\\BLTestProj.dll","CodeFilePath":null,"LineNumber":0,"Properties":[{"Key":{"Id":"NUnit.Seed","Label":"Seed","Category":"","Description":"","Attributes":0,"ValueType":"System.String"},"Value":"934988942"}]},"Attachments":[],"Outcome":1,"ErrorMessage":null,"ErrorStackTrace":null,"DisplayName":"ReturnBookTest","Messages":[],"ComputerName":"794GBX3","Duration":"00:00:00.0118479","StartTime":"2024-05-31T04:47:41.0741741+00:00","EndTime":"2024-05-31T04:47:41.0860207+00:00","Properties":[{"Key":{"Id":"NUnit.Seed","Label":"Seed","Category":"","Description":"","Attributes":0,"ValueType":"System.String"},"Value":"934988942"}]}],"TestRunStatistics":{"ExecutedTests":18,"Stats":{"Passed":18}},"ActiveTests":[{"Id":"37476557-79e7-4147-d894-d93024588620","FullyQualifiedName":"BLTestProj.BorrowBlTest.ReturnBookThrowsBookNotBorrowedException","DisplayName":"ReturnBookThrowsBookNotBorrowedException","ExecutorUri":"executor://NUnit3TestExecutor","Source":"C:\\Users\\VC\\Desktop\\MiniProjectLibraryManagement\\LibraryManagemetSln\\BLTestProj\\bin\\Debug\\net8.0\\fine-code-coverage\\build-output\\BLTestProj.dll","CodeFilePath":null,"LineNumber":0,"Properties":[{"Key":{"Id":"NUnit.Seed","Label":"Seed","Category":"","Description":"","Attributes":0,"ValueType":"System.String"},"Value":"815782645"}]}]}}
TpTrace Verbose: 0 : 12664, 7, 2024/05/31, 10:17:41.093, 435540091666, vstest.console.dll, TestRunRequest:SendTestRunStatsChange: Starting.
TpTrace Verbose: 0 : 12664, 7, 2024/05/31, 10:17:41.093, 435540092533, vstest.console.dll, InProgress is ReturnBookThrowsBookNotBorrowedException
TpTrace Verbose: 0 : 12664, 7, 2024/05/31, 10:17:41.094, 435540093193, vstest.console.dll, MulticastDelegateUtilities.SafeInvoke: TestRun.RunStatsChanged: Invoking callbacks was skipped because there are no subscribers.
TpTrace Information: 0 : 12664, 7, 2024/05/31, 10:17:41.094, 435540093494, vstest.console.dll, TestRunRequest:SendTestRunStatsChange: Completed.
TpTrace Verbose: 0 : 12664, 7, 2024/05/31, 10:17:41.094, 435540094070, vstest.console.dll, MulticastDelegateUtilities.SafeInvoke: LengthPrefixCommunicationChannel: MessageReceived: Invoking callback 1/1 for Microsoft.VisualStudio.TestPlatform.CommunicationUtilities.TestRequestSender+<>c__DisplayClass34_0., took 2 ms.
TpTrace Verbose: 0 : 12664, 4, 2024/05/31, 10:17:41.094, 435540094194, vstest.console.dll, MulticastDelegateUtilities.SafeInvoke: InternalTestLoggerEvents.SendTestResult: Invoking callback 1/1 for Microsoft.VisualStudio.TestPlatform.CommandLine.Internal.ConsoleLogger., took 0 ms.
TpTrace Verbose: 0 : 12664, 4, 2024/05/31, 10:17:41.094, 435540095096, vstest.console.dll, MulticastDelegateUtilities.SafeInvoke: InternalTestLoggerEvents.SendTestResult: Invoking callback 1/1 for Microsoft.VisualStudio.TestPlatform.CommandLine.Internal.ConsoleLogger., took 0 ms.
TpTrace Verbose: 0 : 12664, 7, 2024/05/31, 10:17:41.094, 435540094443, vstest.console.dll, TcpClientExtensions.MessageLoopAsync: Polling on remoteEndPoint: 127.0.0.1:53508 localEndPoint: 127.0.0.1:53507 after 122 ms
TpTrace Verbose: 0 : 12664, 4, 2024/05/31, 10:17:41.095, 435540107737, vstest.console.dll, MulticastDelegateUtilities.SafeInvoke: InternalTestLoggerEvents.SendTestResult: Invoking callback 1/1 for Microsoft.VisualStudio.TestPlatform.CommandLine.Internal.ConsoleLogger., took 1 ms.
TpTrace Verbose: 0 : 12664, 4, 2024/05/31, 10:17:41.095, 435540109176, vstest.console.dll, MulticastDelegateUtilities.SafeInvoke: InternalTestLoggerEvents.SendTestResult: Invoking callback 1/1 for Microsoft.VisualStudio.TestPlatform.CommandLine.Internal.ConsoleLogger., took 0 ms.
TpTrace Verbose: 0 : 12664, 4, 2024/05/31, 10:17:41.095, 435540110440, vstest.console.dll, MulticastDelegateUtilities.SafeInvoke: InternalTestLoggerEvents.SendTestResult: Invoking callback 1/1 for Microsoft.VisualStudio.TestPlatform.CommandLine.Internal.ConsoleLogger., took 0 ms.
TpTrace Verbose: 0 : 12664, 4, 2024/05/31, 10:17:41.095, 435540111104, vstest.console.dll, MulticastDelegateUtilities.SafeInvoke: InternalTestLoggerEvents.SendTestResult: Invoking callback 1/1 for Microsoft.VisualStudio.TestPlatform.CommandLine.Internal.ConsoleLogger., took 0 ms.
TpTrace Verbose: 0 : 12664, 4, 2024/05/31, 10:17:41.095, 435540111658, vstest.console.dll, MulticastDelegateUtilities.SafeInvoke: InternalTestLoggerEvents.SendTestResult: Invoking callback 1/1 for Microsoft.VisualStudio.TestPlatform.CommandLine.Internal.ConsoleLogger., took 0 ms.
TpTrace Verbose: 0 : 12664, 4, 2024/05/31, 10:17:41.095, 435540112128, vstest.console.dll, MulticastDelegateUtilities.SafeInvoke: InternalTestLoggerEvents.SendTestResult: Invoking callback 1/1 for Microsoft.VisualStudio.TestPlatform.CommandLine.Internal.ConsoleLogger., took 0 ms.
TpTrace Verbose: 0 : 12664, 4, 2024/05/31, 10:17:41.095, 435540112623, vstest.console.dll, MulticastDelegateUtilities.SafeInvoke: InternalTestLoggerEvents.SendTestResult: Invoking callback 1/1 for Microsoft.VisualStudio.TestPlatform.CommandLine.Internal.ConsoleLogger., took 0 ms.
TpTrace Verbose: 0 : 12664, 7, 2024/05/31, 10:17:41.140, 435540556037, vstest.console.dll, TcpClientExtensions.MessageLoopAsync: NotifyDataAvailable remoteEndPoint: 127.0.0.1:53508 localEndPoint: 127.0.0.1:53507
TpTrace Verbose: 0 : 12664, 7, 2024/05/31, 10:17:41.140, 435540559524, vstest.console.dll, TestRequestSender.OnExecutionMessageReceived: Received message: {"Version":7,"MessageType":"TestExecution.StatsChange","Payload":{"NewTestResults":[{"TestCase":{"Id":"37476557-79e7-4147-d894-d93024588620","FullyQualifiedName":"BLTestProj.BorrowBlTest.ReturnBookThrowsBookNotBorrowedException","DisplayName":"ReturnBookThrowsBookNotBorrowedException","ExecutorUri":"executor://NUnit3TestExecutor","Source":"C:\\Users\\VC\\Desktop\\MiniProjectLibraryManagement\\LibraryManagemetSln\\BLTestProj\\bin\\Debug\\net8.0\\fine-code-coverage\\build-output\\BLTestProj.dll","CodeFilePath":null,"LineNumber":0,"Properties":[{"Key":{"Id":"NUnit.Seed","Label":"Seed","Category":"","Description":"","Attributes":0,"ValueType":"System.String"},"Value":"815782645"}]},"Attachments":[],"Outcome":1,"ErrorMessage":null,"ErrorStackTrace":null,"DisplayName":"ReturnBookThrowsBookNotBorrowedException","Messages":[],"ComputerName":"794GBX3","Duration":"00:00:00.0035830","StartTime":"2024-05-31T04:47:41.0860667+00:00","EndTime":"2024-05-31T04:47:41.0896494+00:00","Properties":[{"Key":{"Id":"NUnit.Seed","Label":"Seed","Category":"","Description":"","Attributes":0,"ValueType":"System.String"},"Value":"815782645"}]},{"TestCase":{"Id":"16999ace-c8b6-726a-c3d1-627eb2ffc73c","FullyQualifiedName":"BLTestProj.BorrowBlTest.TestAddBorrow","DisplayName":"TestAddBorrow","ExecutorUri":"executor://NUnit3TestExecutor","Source":"C:\\Users\\VC\\Desktop\\MiniProjectLibraryManagement\\LibraryManagemetSln\\BLTestProj\\bin\\Debug\\net8.0\\fine-code-coverage\\build-output\\BLTestProj.dll","CodeFilePath":null,"LineNumber":0,"Properties":[{"Key":{"Id":"NUnit.Seed","Label":"Seed","Category":"","Description":"","Attributes":0,"ValueType":"System.String"},"Value":"1500139416"}]},"Attachments":[],"Outcome":1,"ErrorMessage":null,"ErrorStackTrace":null,"DisplayName":"TestAddBorrow","Messages":[],"ComputerName":"794GBX3","Duration":"00:00:00.0058730","StartTime":"2024-05-31T04:47:41.0897035+00:00","EndTime":"2024-05-31T04:47:41.0955767+00:00","Properties":[{"Key":{"Id":"NUnit.Seed","Label":"Seed","Category":"","Description":"","Attributes":0,"ValueType":"System.String"},"Value":"1500139416"}]},{"TestCase":{"Id":"9c63b7eb-de73-f011-afa2-6c0f20c9d9f4","FullyQualifiedName":"BLTestProj.PaymentBLTest.AddCardTest","DisplayName":"AddCardTest","ExecutorUri":"executor://NUnit3TestExecutor","Source":"C:\\Users\\VC\\Desktop\\MiniProjectLibraryManagement\\LibraryManagemetSln\\BLTestProj\\bin\\Debug\\net8.0\\fine-code-coverage\\build-output\\BLTestProj.dll","CodeFilePath":null,"LineNumber":0,"Properties":[{"Key":{"Id":"NUnit.Seed","Label":"Seed","Category":"","Description":"","Attributes":0,"ValueType":"System.String"},"Value":"606090827"}]},"Attachments":[],"Outcome":1,"ErrorMessage":null,"ErrorStackTrace":null,"DisplayName":"AddCardTest","Messages":[],"ComputerName":"794GBX3","Duration":"00:00:00.0043930","StartTime":"2024-05-31T04:47:41.0957647+00:00","EndTime":"2024-05-31T04:47:41.1001571+00:00","Properties":[{"Key":{"Id":"NUnit.Seed","Label":"Seed","Category":"","Description":"","Attributes":0,"ValueType":"System.String"},"Value":"606090827"}]},{"TestCase":{"Id":"8905b3d8-90a7-a540-1150-f40690dc925b","FullyQualifiedName":"BLTestProj.PaymentBLTest.DeleteCardTest","DisplayName":"DeleteCardTest","ExecutorUri":"executor://NUnit3TestExecutor","Source":"C:\\Users\\VC\\Desktop\\MiniProjectLibraryManagement\\LibraryManagemetSln\\BLTestProj\\bin\\Debug\\net8.0\\fine-code-coverage\\build-output\\BLTestProj.dll","CodeFilePath":null,"LineNumber":0,"Properties":[{"Key":{"Id":"NUnit.Seed","Label":"Seed","Category":"","Description":"","Attributes":0,"ValueType":"System.String"},"Value":"1955499138"}]},"Attachments":[],"Outcome":1,"ErrorMessage":null,"ErrorStackTrace":null,"DisplayName":"DeleteCardTest","Messages":[],"ComputerName":"794GBX3","Duration":"00:00:00.0022420","StartTime":"2024-05-31T04:47:41.1001829+00:00","EndTime":"2024-05-31T04:47:41.1024244+00:00","Properties":[{"Key":{"Id":"NUnit.Seed","Label":"Seed","Category":"","Description":"","Attributes":0,"ValueType":"System.String"},"Value":"1955499138"}]},{"TestCase":{"Id":"5cb2458e-b7ca-6c6c-f72b-3c83bc67b148","FullyQualifiedName":"BLTestProj.PaymentBLTest.DeleteCardTest_ThrowsForbiddenUserException","DisplayName":"DeleteCardTest_ThrowsForbiddenUserException","ExecutorUri":"executor://NUnit3TestExecutor","Source":"C:\\Users\\VC\\Desktop\\MiniProjectLibraryManagement\\LibraryManagemetSln\\BLTestProj\\bin\\Debug\\net8.0\\fine-code-coverage\\build-output\\BLTestProj.dll","CodeFilePath":null,"LineNumber":0,"Properties":[{"Key":{"Id":"NUnit.Seed","Label":"Seed","Category":"","Description":"","Attributes":0,"ValueType":"System.String"},"Value":"1909520627"}]},"Attachments":[],"Outcome":1,"ErrorMessage":null,"ErrorStackTrace":null,"DisplayName":"DeleteCardTest_ThrowsForbiddenUserException","Messages":[],"ComputerName":"794GBX3","Duration":"00:00:00.0015490","StartTime":"2024-05-31T04:47:41.1024495+00:00","EndTime":"2024-05-31T04:47:41.1039979+00:00","Properties":[{"Key":{"Id":"NUnit.Seed","Label":"Seed","Category":"","Description":"","Attributes":0,"ValueType":"System.String"},"Value":"1909520627"}]},{"TestCase":{"Id":"13ad5886-7b3c-2542-4701-db0e0ff6582d","FullyQualifiedName":"BLTestProj.PaymentBLTest.GetAllUserCards","DisplayName":"GetAllUserCards","ExecutorUri":"executor://NUnit3TestExecutor","Source":"C:\\Users\\VC\\Desktop\\MiniProjectLibraryManagement\\LibraryManagemetSln\\BLTestProj\\bin\\Debug\\net8.0\\fine-code-coverage\\build-output\\BLTestProj.dll","CodeFilePath":null,"LineNumber":0,"Properties":[{"Key":{"Id":"NUnit.Seed","Label":"Seed","Category":"","Description":"","Attributes":0,"ValueType":"System.String"},"Value":"932216688"}]},"Attachments":[],"Outcome":1,"ErrorMessage":null,"ErrorStackTrace":null,"DisplayName":"GetAllUserCards","Messages":[],"ComputerName":"794GBX3","Duration":"00:00:00.0060570","StartTime":"2024-05-31T04:47:41.104022+00:00","EndTime":"2024-05-31T04:47:41.1100784+00:00","Properties":[{"Key":{"Id":"NUnit.Seed","Label":"Seed","Category":"","Description":"","Attributes":0,"ValueType":"System.String"},"Value":"932216688"}]},{"TestCase":{"Id":"d32ee30f-9a53-7bc8-f72f-de06c37abb0f","FullyQualifiedName":"BLTestProj.PaymentBLTest.GetUserPaymentHistory","DisplayName":"GetUserPaymentHistory","ExecutorUri":"executor://NUnit3TestExecutor","Source":"C:\\Users\\VC\\Desktop\\MiniProjectLibraryManagement\\LibraryManagemetSln\\BLTestProj\\bin\\Debug\\net8.0\\fine-code-coverage\\build-output\\BLTestProj.dll","CodeFilePath":null,"LineNumber":0,"Properties":[{"Key":{"Id":"NUnit.Seed","Label":"Seed","Category":"","Description":"","Attributes":0,"ValueType":"System.String"},"Value":"1128057968"}]},"Attachments":[],"Outcome":1,"ErrorMessage":null,"ErrorStackTrace":null,"DisplayName":"GetUserPaymentHistory","Messages":[],"ComputerName":"794GBX3","Duration":"00:00:00.0028440","StartTime":"2024-05-31T04:47:41.1101067+00:00","EndTime":"2024-05-31T04:47:41.1129507+00:00","Properties":[{"Key":{"Id":"NUnit.Seed","Label":"Seed","Category":"","Description":"","Attributes":0,"ValueType":"System.String"},"Value":"1128057968"}]},{"TestCase":{"Id":"c0c828c5-e6b2-29ae-62e5-fac68ccb6732","FullyQualifiedName":"BLTestProj.PaymentBLTest.PayFineTest","DisplayName":"PayFineTest","ExecutorUri":"executor://NUnit3TestExecutor","Source":"C:\\Users\\VC\\Desktop\\MiniProjectLibraryManagement\\LibraryManagemetSln\\BLTestProj\\bin\\Debug\\net8.0\\fine-code-coverage\\build-output\\BLTestProj.dll","CodeFilePath":null,"LineNumber":0,"Properties":[{"Key":{"Id":"NUnit.Seed","Label":"Seed","Category":"","Description":"","Attributes":0,"ValueType":"System.String"},"Value":"285420036"}]},"Attachments":[],"Outcome":1,"ErrorMessage":null,"ErrorStackTrace":null,"DisplayName":"PayFineTest","Messages":[],"ComputerName":"794GBX3","Duration":"00:00:00.0202410","StartTime":"2024-05-31T04:47:41.1129862+00:00","EndTime":"2024-05-31T04:47:41.1332266+00:00","Properties":[{"Key":{"Id":"NUnit.Seed","Label":"Seed","Category":"","Description":"","Attributes":0,"ValueType":"System.String"},"Value":"285420036"}]},{"TestCase":{"Id":"b5332885-b800-166e-3f7f-edb2b9847449","FullyQualifiedName":"BLTestProj.PaymentBLTest.PayFineTest_ThrowsForbiddenUserException","DisplayName":"PayFineTest_ThrowsForbiddenUserException","ExecutorUri":"executor://NUnit3TestExecutor","Source":"C:\\Users\\VC\\Desktop\\MiniProjectLibraryManagement\\LibraryManagemetSln\\BLTestProj\\bin\\Debug\\net8.0\\fine-code-coverage\\build-output\\BLTestProj.dll","CodeFilePath":null,"LineNumber":0,"Properties":[{"Key":{"Id":"NUnit.Seed","Label":"Seed","Category":"","Description":"","Attributes":0,"ValueType":"System.String"},"Value":"1951942317"}]},"Attachments":[],"Outcome":1,"ErrorMessage":null,"ErrorStackTrace":null,"DisplayName":"PayFineTest_ThrowsForbiddenUserException","Messages":[],"ComputerName":"794GBX3","Duration":"00:00:00.0020150","StartTime":"2024-05-31T04:47:41.1333801+00:00","EndTime":"2024-05-31T04:47:41.1353955+00:00","Properties":[{"Key":{"Id":"NUnit.Seed","Label":"Seed","Category":"","Description":"","Attributes":0,"ValueType":"System.String"},"Value":"1951942317"}]}],"TestRunStatistics":{"ExecutedTests":27,"Stats":{"Passed":27}},"ActiveTests":[{"Id":"20ded9a8-90f1-2c06-412b-7221dc34d323","FullyQualifiedName":"BLTestProj.ReservationBLTest.TestAddReservation","DisplayName":"TestAddReservation","ExecutorUri":"executor://NUnit3TestExecutor","Source":"C:\\Users\\VC\\Desktop\\MiniProjectLibraryManagement\\LibraryManagemetSln\\BLTestProj\\bin\\Debug\\net8.0\\fine-code-coverage\\build-output\\BLTestProj.dll","CodeFilePath":null,"LineNumber":0,"Properties":[{"Key":{"Id":"NUnit.Seed","Label":"Seed","Category":"","Description":"","Attributes":0,"ValueType":"System.String"},"Value":"2010697385"}]}]}}
TpTrace Verbose: 0 : 12664, 7, 2024/05/31, 10:17:41.142, 435540574251, vstest.console.dll, TestRunRequest:SendTestRunStatsChange: Starting.
TpTrace Verbose: 0 : 12664, 7, 2024/05/31, 10:17:41.142, 435540575299, vstest.console.dll, InProgress is TestAddReservation
TpTrace Verbose: 0 : 12664, 7, 2024/05/31, 10:17:41.142, 435540576448, vstest.console.dll, MulticastDelegateUtilities.SafeInvoke: TestRun.RunStatsChanged: Invoking callbacks was skipped because there are no subscribers.
TpTrace Information: 0 : 12664, 7, 2024/05/31, 10:17:41.142, 435540576821, vstest.console.dll, TestRunRequest:SendTestRunStatsChange: Completed.
TpTrace Verbose: 0 : 12664, 4, 2024/05/31, 10:17:41.142, 435540576949, vstest.console.dll, MulticastDelegateUtilities.SafeInvoke: InternalTestLoggerEvents.SendTestResult: Invoking callback 1/1 for Microsoft.VisualStudio.TestPlatform.CommandLine.Internal.ConsoleLogger., took 0 ms.
TpTrace Verbose: 0 : 12664, 7, 2024/05/31, 10:17:41.142, 435540577295, vstest.console.dll, MulticastDelegateUtilities.SafeInvoke: LengthPrefixCommunicationChannel: MessageReceived: Invoking callback 1/1 for Microsoft.VisualStudio.TestPlatform.CommunicationUtilities.TestRequestSender+<>c__DisplayClass34_0., took 1 ms.
TpTrace Verbose: 0 : 12664, 4, 2024/05/31, 10:17:41.142, 435540578186, vstest.console.dll, MulticastDelegateUtilities.SafeInvoke: InternalTestLoggerEvents.SendTestResult: Invoking callback 1/1 for Microsoft.VisualStudio.TestPlatform.CommandLine.Internal.ConsoleLogger., took 0 ms.
TpTrace Verbose: 0 : 12664, 7, 2024/05/31, 10:17:41.142, 435540578620, vstest.console.dll, TcpClientExtensions.MessageLoopAsync: Polling on remoteEndPoint: 127.0.0.1:53508 localEndPoint: 127.0.0.1:53507 after 48 ms
TpTrace Verbose: 0 : 12664, 4, 2024/05/31, 10:17:41.142, 435540579310, vstest.console.dll, MulticastDelegateUtilities.SafeInvoke: InternalTestLoggerEvents.SendTestResult: Invoking callback 1/1 for Microsoft.VisualStudio.TestPlatform.CommandLine.Internal.ConsoleLogger., took 0 ms.
TpTrace Verbose: 0 : 12664, 4, 2024/05/31, 10:17:41.142, 435540580589, vstest.console.dll, MulticastDelegateUtilities.SafeInvoke: InternalTestLoggerEvents.SendTestResult: Invoking callback 1/1 for Microsoft.VisualStudio.TestPlatform.CommandLine.Internal.ConsoleLogger., took 0 ms.
TpTrace Verbose: 0 : 12664, 4, 2024/05/31, 10:17:41.142, 435540581116, vstest.console.dll, MulticastDelegateUtilities.SafeInvoke: InternalTestLoggerEvents.SendTestResult: Invoking callback 1/1 for Microsoft.VisualStudio.TestPlatform.CommandLine.Internal.ConsoleLogger., took 0 ms.
TpTrace Verbose: 0 : 12664, 4, 2024/05/31, 10:17:41.143, 435540583721, vstest.console.dll, MulticastDelegateUtilities.SafeInvoke: InternalTestLoggerEvents.SendTestResult: Invoking callback 1/1 for Microsoft.VisualStudio.TestPlatform.CommandLine.Internal.ConsoleLogger., took 0 ms.
TpTrace Verbose: 0 : 12664, 4, 2024/05/31, 10:17:41.143, 435540584276, vstest.console.dll, MulticastDelegateUtilities.SafeInvoke: InternalTestLoggerEvents.SendTestResult: Invoking callback 1/1 for Microsoft.VisualStudio.TestPlatform.CommandLine.Internal.ConsoleLogger., took 0 ms.
TpTrace Verbose: 0 : 12664, 4, 2024/05/31, 10:17:41.143, 435540584673, vstest.console.dll, MulticastDelegateUtilities.SafeInvoke: InternalTestLoggerEvents.SendTestResult: Invoking callback 1/1 for Microsoft.VisualStudio.TestPlatform.CommandLine.Internal.ConsoleLogger., took 0 ms.
TpTrace Verbose: 0 : 12664, 4, 2024/05/31, 10:17:41.143, 435540585028, vstest.console.dll, MulticastDelegateUtilities.SafeInvoke: InternalTestLoggerEvents.SendTestResult: Invoking callback 1/1 for Microsoft.VisualStudio.TestPlatform.CommandLine.Internal.ConsoleLogger., took 0 ms.
TpTrace Verbose: 0 : 12664, 7, 2024/05/31, 10:17:41.211, 435541269802, vstest.console.dll, TcpClientExtensions.MessageLoopAsync: NotifyDataAvailable remoteEndPoint: 127.0.0.1:53508 localEndPoint: 127.0.0.1:53507
TpTrace Verbose: 0 : 12664, 7, 2024/05/31, 10:17:41.212, 435541273908, vstest.console.dll, TestRequestSender.OnExecutionMessageReceived: Received message: {"Version":7,"MessageType":"TestExecution.StatsChange","Payload":{"NewTestResults":[{"TestCase":{"Id":"20ded9a8-90f1-2c06-412b-7221dc34d323","FullyQualifiedName":"BLTestProj.ReservationBLTest.TestAddReservation","DisplayName":"TestAddReservation","ExecutorUri":"executor://NUnit3TestExecutor","Source":"C:\\Users\\VC\\Desktop\\MiniProjectLibraryManagement\\LibraryManagemetSln\\BLTestProj\\bin\\Debug\\net8.0\\fine-code-coverage\\build-output\\BLTestProj.dll","CodeFilePath":null,"LineNumber":0,"Properties":[{"Key":{"Id":"NUnit.Seed","Label":"Seed","Category":"","Description":"","Attributes":0,"ValueType":"System.String"},"Value":"2010697385"}]},"Attachments":[],"Outcome":1,"ErrorMessage":null,"ErrorStackTrace":null,"DisplayName":"TestAddReservation","Messages":[],"ComputerName":"794GBX3","Duration":"00:00:00.0015680","StartTime":"2024-05-31T04:47:41.1355463+00:00","EndTime":"2024-05-31T04:47:41.1371135+00:00","Properties":[{"Key":{"Id":"NUnit.Seed","Label":"Seed","Category":"","Description":"","Attributes":0,"ValueType":"System.String"},"Value":"2010697385"}]},{"TestCase":{"Id":"504bd864-780c-76d8-d0ad-b6731ebe9eb0","FullyQualifiedName":"BLTestProj.ReservationBLTest.TestAddReservationThrowsBookOutOfStockException","DisplayName":"TestAddReservationThrowsBookOutOfStockException","ExecutorUri":"executor://NUnit3TestExecutor","Source":"C:\\Users\\VC\\Desktop\\MiniProjectLibraryManagement\\LibraryManagemetSln\\BLTestProj\\bin\\Debug\\net8.0\\fine-code-coverage\\build-output\\BLTestProj.dll","CodeFilePath":null,"LineNumber":0,"Properties":[{"Key":{"Id":"NUnit.Seed","Label":"Seed","Category":"","Description":"","Attributes":0,"ValueType":"System.String"},"Value":"1985249497"}]},"Attachments":[],"Outcome":1,"ErrorMessage":null,"ErrorStackTrace":null,"DisplayName":"TestAddReservationThrowsBookOutOfStockException","Messages":[],"ComputerName":"794GBX3","Duration":"00:00:00.0029990","StartTime":"2024-05-31T04:47:41.1371411+00:00","EndTime":"2024-05-31T04:47:41.14014+00:00","Properties":[{"Key":{"Id":"NUnit.Seed","Label":"Seed","Category":"","Description":"","Attributes":0,"ValueType":"System.String"},"Value":"1985249497"}]},{"TestCase":{"Id":"86f71af5-3003-3121-31f9-e2b5a30f3e6d","FullyQualifiedName":"BLTestProj.ReservationBLTest.TestCancelReservation","DisplayName":"TestCancelReservation","ExecutorUri":"executor://NUnit3TestExecutor","Source":"C:\\Users\\VC\\Desktop\\MiniProjectLibraryManagement\\LibraryManagemetSln\\BLTestProj\\bin\\Debug\\net8.0\\fine-code-coverage\\build-output\\BLTestProj.dll","CodeFilePath":null,"LineNumber":0,"Properties":[{"Key":{"Id":"NUnit.Seed","Label":"Seed","Category":"","Description":"","Attributes":0,"ValueType":"System.String"},"Value":"703384264"}]},"Attachments":[],"Outcome":1,"ErrorMessage":null,"ErrorStackTrace":null,"DisplayName":"TestCancelReservation","Messages":[],"ComputerName":"794GBX3","Duration":"00:00:00.0100660","StartTime":"2024-05-31T04:47:41.140163+00:00","EndTime":"2024-05-31T04:47:41.1502291+00:00","Properties":[{"Key":{"Id":"NUnit.Seed","Label":"Seed","Category":"","Description":"","Attributes":0,"ValueType":"System.String"},"Value":"703384264"}]},{"TestCase":{"Id":"e7105318-0c84-0374-e784-fa64242f2a3f","FullyQualifiedName":"BLTestProj.ReviewBlTest.GetReviewByBookIdTest","DisplayName":"GetReviewByBookIdTest","ExecutorUri":"executor://NUnit3TestExecutor","Source":"C:\\Users\\VC\\Desktop\\MiniProjectLibraryManagement\\LibraryManagemetSln\\BLTestProj\\bin\\Debug\\net8.0\\fine-code-coverage\\build-output\\BLTestProj.dll","CodeFilePath":null,"LineNumber":0,"Properties":[{"Key":{"Id":"NUnit.Seed","Label":"Seed","Category":"","Description":"","Attributes":0,"ValueType":"System.String"},"Value":"2103590105"}]},"Attachments":[],"Outcome":1,"ErrorMessage":null,"ErrorStackTrace":null,"DisplayName":"GetReviewByBookIdTest","Messages":[],"ComputerName":"794GBX3","Duration":"00:00:00.0219840","StartTime":"2024-05-31T04:47:41.1504027+00:00","EndTime":"2024-05-31T04:47:41.1723861+00:00","Properties":[{"Key":{"Id":"NUnit.Seed","Label":"Seed","Category":"","Description":"","Attributes":0,"ValueType":"System.String"},"Value":"2103590105"}]},{"TestCase":{"Id":"0f3032de-976d-ccd0-b4bd-eb88d81904d1","FullyQualifiedName":"BLTestProj.ReviewBlTest.GetReviewByUserId","DisplayName":"GetReviewByUserId","ExecutorUri":"executor://NUnit3TestExecutor","Source":"C:\\Users\\VC\\Desktop\\MiniProjectLibraryManagement\\LibraryManagemetSln\\BLTestProj\\bin\\Debug\\net8.0\\fine-code-coverage\\build-output\\BLTestProj.dll","CodeFilePath":null,"LineNumber":0,"Properties":[{"Key":{"Id":"NUnit.Seed","Label":"Seed","Category":"","Description":"","Attributes":0,"ValueType":"System.String"},"Value":"1748395246"}]},"Attachments":[],"Outcome":1,"ErrorMessage":null,"ErrorStackTrace":null,"DisplayName":"GetReviewByUserId","Messages":[],"ComputerName":"794GBX3","Duration":"00:00:00.0039730","StartTime":"2024-05-31T04:47:41.17242+00:00","EndTime":"2024-05-31T04:47:41.1763926+00:00","Properties":[{"Key":{"Id":"NUnit.Seed","Label":"Seed","Category":"","Description":"","Attributes":0,"ValueType":"System.String"},"Value":"1748395246"}]},{"TestCase":{"Id":"4005b1c3-2804-68a6-758d-f286399129e6","FullyQualifiedName":"BLTestProj.ReviewBlTest.TestAddReview","DisplayName":"TestAddReview","ExecutorUri":"executor://NUnit3TestExecutor","Source":"C:\\Users\\VC\\Desktop\\MiniProjectLibraryManagement\\LibraryManagemetSln\\BLTestProj\\bin\\Debug\\net8.0\\fine-code-coverage\\build-output\\BLTestProj.dll","CodeFilePath":null,"LineNumber":0,"Properties":[{"Key":{"Id":"NUnit.Seed","Label":"Seed","Category":"","Description":"","Attributes":0,"ValueType":"System.String"},"Value":"787672908"}]},"Attachments":[],"Outcome":1,"ErrorMessage":null,"ErrorStackTrace":null,"DisplayName":"TestAddReview","Messages":[],"ComputerName":"794GBX3","Duration":"00:00:00.0024050","StartTime":"2024-05-31T04:47:41.1764289+00:00","EndTime":"2024-05-31T04:47:41.1788339+00:00","Properties":[{"Key":{"Id":"NUnit.Seed","Label":"Seed","Category":"","Description":"","Attributes":0,"ValueType":"System.String"},"Value":"787672908"}]},{"TestCase":{"Id":"009bd337-cc84-0fd5-16d6-a4797da3c247","FullyQualifiedName":"BLTestProj.ReviewBlTest.TestAddReviewThrowsReviewAlreadyExistException","DisplayName":"TestAddReviewThrowsReviewAlreadyExistException","ExecutorUri":"executor://NUnit3TestExecutor","Source":"C:\\Users\\VC\\Desktop\\MiniProjectLibraryManagement\\LibraryManagemetSln\\BLTestProj\\bin\\Debug\\net8.0\\fine-code-coverage\\build-output\\BLTestProj.dll","CodeFilePath":null,"LineNumber":0,"Properties":[{"Key":{"Id":"NUnit.Seed","Label":"Seed","Category":"","Description":"","Attributes":0,"ValueType":"System.String"},"Value":"823607141"}]},"Attachments":[],"Outcome":1,"ErrorMessage":null,"ErrorStackTrace":null,"DisplayName":"TestAddReviewThrowsReviewAlreadyExistException","Messages":[],"ComputerName":"794GBX3","Duration":"00:00:00.0090400","StartTime":"2024-05-31T04:47:41.1788662+00:00","EndTime":"2024-05-31T04:47:41.1879056+00:00","Properties":[{"Key":{"Id":"NUnit.Seed","Label":"Seed","Category":"","Description":"","Attributes":0,"ValueType":"System.String"},"Value":"823607141"}]},{"TestCase":{"Id":"4f440c9b-5c28-8daa-eb4f-c9837574880b","FullyQualifiedName":"BLTestProj.ReviewBlTest.TestDeleteReview","DisplayName":"TestDeleteReview","ExecutorUri":"executor://NUnit3TestExecutor","Source":"C:\\Users\\VC\\Desktop\\MiniProjectLibraryManagement\\LibraryManagemetSln\\BLTestProj\\bin\\Debug\\net8.0\\fine-code-coverage\\build-output\\BLTestProj.dll","CodeFilePath":null,"LineNumber":0,"Properties":[{"Key":{"Id":"NUnit.Seed","Label":"Seed","Category":"","Description":"","Attributes":0,"ValueType":"System.String"},"Value":"1208740534"}]},"Attachments":[],"Outcome":1,"ErrorMessage":null,"ErrorStackTrace":null,"DisplayName":"TestDeleteReview","Messages":[],"ComputerName":"794GBX3","Duration":"00:00:00.0042920","StartTime":"2024-05-31T04:47:41.1879507+00:00","EndTime":"2024-05-31T04:47:41.1922419+00:00","Properties":[{"Key":{"Id":"NUnit.Seed","Label":"Seed","Category":"","Description":"","Attributes":0,"ValueType":"System.String"},"Value":"1208740534"}]},{"TestCase":{"Id":"e7a1b8ed-033b-1d1b-a962-53fe86d5e5f8","FullyQualifiedName":"BLTestProj.ReviewBlTest.TestDeleteReviewThrowsForbiddenUserException","DisplayName":"TestDeleteReviewThrowsForbiddenUserException","ExecutorUri":"executor://NUnit3TestExecutor","Source":"C:\\Users\\VC\\Desktop\\MiniProjectLibraryManagement\\LibraryManagemetSln\\BLTestProj\\bin\\Debug\\net8.0\\fine-code-coverage\\build-output\\BLTestProj.dll","CodeFilePath":null,"LineNumber":0,"Properties":[{"Key":{"Id":"NUnit.Seed","Label":"Seed","Category":"","Description":"","Attributes":0,"ValueType":"System.String"},"Value":"1832611026"}]},"Attachments":[],"Outcome":1,"ErrorMessage":null,"ErrorStackTrace":null,"DisplayName":"TestDeleteReviewThrowsForbiddenUserException","Messages":[],"ComputerName":"794GBX3","Duration":"00:00:00.0023600","StartTime":"2024-05-31T04:47:41.1923022+00:00","EndTime":"2024-05-31T04:47:41.1946625+00:00","Properties":[{"Key":{"Id":"NUnit.Seed","Label":"Seed","Category":"","Description":"","Attributes":0,"ValueType":"System.String"},"Value":"1832611026"}]}],"TestRunStatistics":{"ExecutedTests":36,"Stats":{"Passed":36}},"ActiveTests":[{"Id":"dab0958e-e9f3-8640-cc73-2ece4f590f58","FullyQualifiedName":"BLTestProj.Tests.ActivateTestThrowsEntityNotFoundException","DisplayName":"ActivateTestThrowsEntityNotFoundException","ExecutorUri":"executor://NUnit3TestExecutor","Source":"C:\\Users\\VC\\Desktop\\MiniProjectLibraryManagement\\LibraryManagemetSln\\BLTestProj\\bin\\Debug\\net8.0\\fine-code-coverage\\build-output\\BLTestProj.dll","CodeFilePath":null,"LineNumber":0,"Properties":[{"Key":{"Id":"NUnit.Seed","Label":"Seed","Category":"","Description":"","Attributes":0,"ValueType":"System.String"},"Value":"956682702"}]}]}}
TpTrace Verbose: 0 : 12664, 7, 2024/05/31, 10:17:41.213, 435541289462, vstest.console.dll, TestRunRequest:SendTestRunStatsChange: Starting.
TpTrace Verbose: 0 : 12664, 7, 2024/05/31, 10:17:41.213, 435541290145, vstest.console.dll, InProgress is ActivateTestThrowsEntityNotFoundException
TpTrace Verbose: 0 : 12664, 7, 2024/05/31, 10:17:41.213, 435541290739, vstest.console.dll, MulticastDelegateUtilities.SafeInvoke: TestRun.RunStatsChanged: Invoking callbacks was skipped because there are no subscribers.
TpTrace Information: 0 : 12664, 7, 2024/05/31, 10:17:41.213, 435541291022, vstest.console.dll, TestRunRequest:SendTestRunStatsChange: Completed.
TpTrace Verbose: 0 : 12664, 7, 2024/05/31, 10:17:41.213, 435541291394, vstest.console.dll, MulticastDelegateUtilities.SafeInvoke: LengthPrefixCommunicationChannel: MessageReceived: Invoking callback 1/1 for Microsoft.VisualStudio.TestPlatform.CommunicationUtilities.TestRequestSender+<>c__DisplayClass34_0., took 1 ms.
TpTrace Verbose: 0 : 12664, 7, 2024/05/31, 10:17:41.213, 435541291729, vstest.console.dll, TcpClientExtensions.MessageLoopAsync: Polling on remoteEndPoint: 127.0.0.1:53508 localEndPoint: 127.0.0.1:53507 after 71 ms
TpTrace Verbose: 0 : 12664, 4, 2024/05/31, 10:17:41.213, 435541292138, vstest.console.dll, MulticastDelegateUtilities.SafeInvoke: InternalTestLoggerEvents.SendTestResult: Invoking callback 1/1 for Microsoft.VisualStudio.TestPlatform.CommandLine.Internal.ConsoleLogger., took 0 ms.
TpTrace Verbose: 0 : 12664, 4, 2024/05/31, 10:17:41.214, 435541292908, vstest.console.dll, MulticastDelegateUtilities.SafeInvoke: InternalTestLoggerEvents.SendTestResult: Invoking callback 1/1 for Microsoft.VisualStudio.TestPlatform.CommandLine.Internal.ConsoleLogger., took 0 ms.
TpTrace Verbose: 0 : 12664, 4, 2024/05/31, 10:17:41.214, 435541293291, vstest.console.dll, MulticastDelegateUtilities.SafeInvoke: InternalTestLoggerEvents.SendTestResult: Invoking callback 1/1 for Microsoft.VisualStudio.TestPlatform.CommandLine.Internal.ConsoleLogger., took 0 ms.
TpTrace Verbose: 0 : 12664, 4, 2024/05/31, 10:17:41.214, 435541293656, vstest.console.dll, MulticastDelegateUtilities.SafeInvoke: InternalTestLoggerEvents.SendTestResult: Invoking callback 1/1 for Microsoft.VisualStudio.TestPlatform.CommandLine.Internal.ConsoleLogger., took 0 ms.
TpTrace Verbose: 0 : 12664, 4, 2024/05/31, 10:17:41.214, 435541294087, vstest.console.dll, MulticastDelegateUtilities.SafeInvoke: InternalTestLoggerEvents.SendTestResult: Invoking callback 1/1 for Microsoft.VisualStudio.TestPlatform.CommandLine.Internal.ConsoleLogger., took 0 ms.
TpTrace Verbose: 0 : 12664, 4, 2024/05/31, 10:17:41.214, 435541294447, vstest.console.dll, MulticastDelegateUtilities.SafeInvoke: InternalTestLoggerEvents.SendTestResult: Invoking callback 1/1 for Microsoft.VisualStudio.TestPlatform.CommandLine.Internal.ConsoleLogger., took 0 ms.
TpTrace Verbose: 0 : 12664, 4, 2024/05/31, 10:17:41.214, 435541294794, vstest.console.dll, MulticastDelegateUtilities.SafeInvoke: InternalTestLoggerEvents.SendTestResult: Invoking callback 1/1 for Microsoft.VisualStudio.TestPlatform.CommandLine.Internal.ConsoleLogger., took 0 ms.
TpTrace Verbose: 0 : 12664, 4, 2024/05/31, 10:17:41.214, 435541295143, vstest.console.dll, MulticastDelegateUtilities.SafeInvoke: InternalTestLoggerEvents.SendTestResult: Invoking callback 1/1 for Microsoft.VisualStudio.TestPlatform.CommandLine.Internal.ConsoleLogger., took 0 ms.
TpTrace Verbose: 0 : 12664, 4, 2024/05/31, 10:17:41.214, 435541295959, vstest.console.dll, MulticastDelegateUtilities.SafeInvoke: InternalTestLoggerEvents.SendTestResult: Invoking callback 1/1 for Microsoft.VisualStudio.TestPlatform.CommandLine.Internal.ConsoleLogger., took 0 ms.
TpTrace Verbose: 0 : 12664, 7, 2024/05/31, 10:17:41.287, 435542024138, vstest.console.dll, TcpClientExtensions.MessageLoopAsync: NotifyDataAvailable remoteEndPoint: 127.0.0.1:53508 localEndPoint: 127.0.0.1:53507
TpTrace Verbose: 0 : 12664, 7, 2024/05/31, 10:17:41.287, 435542026760, vstest.console.dll, TestRequestSender.OnExecutionMessageReceived: Received message: {"Version":7,"MessageType":"TestSession.Message","Payload":{"MessageLevel":0,"Message":"NUnit Adapter 4.5.0.0: Test execution complete"}}
TpTrace Verbose: 0 : 12664, 7, 2024/05/31, 10:17:41.287, 435542029698, vstest.console.dll, TestRunRequest:SendTestRunMessage: Starting.
TpTrace Verbose: 0 : 12664, 7, 2024/05/31, 10:17:41.287, 435542031198, vstest.console.dll, MulticastDelegateUtilities.SafeInvoke: TestRun.LogMessages: Invoking callback 1/1 for Microsoft.VisualStudio.TestPlatform.CommandLine.TestRunResultAggregator., took 0 ms.
TpTrace Verbose: 0 : 12664, 4, 2024/05/31, 10:17:41.287, 435542031885, vstest.console.dll, MulticastDelegateUtilities.SafeInvoke: InternalTestLoggerEvents.SendTestRunMessage: Invoking callback 1/1 for Microsoft.VisualStudio.TestPlatform.CommandLine.Internal.ConsoleLogger., took 0 ms.
TpTrace Information: 0 : 12664, 7, 2024/05/31, 10:17:41.287, 435542031986, vstest.console.dll, TestRunRequest:SendTestRunMessage: Completed.
TpTrace Verbose: 0 : 12664, 7, 2024/05/31, 10:17:41.288, 435542034243, vstest.console.dll, MulticastDelegateUtilities.SafeInvoke: LengthPrefixCommunicationChannel: MessageReceived: Invoking callback 1/1 for Microsoft.VisualStudio.TestPlatform.CommunicationUtilities.TestRequestSender+<>c__DisplayClass34_0., took 0 ms.
TpTrace Verbose: 0 : 12664, 7, 2024/05/31, 10:17:41.288, 435542034913, vstest.console.dll, TcpClientExtensions.MessageLoopAsync: Polling on remoteEndPoint: 127.0.0.1:53508 localEndPoint: 127.0.0.1:53507 after 74 ms
TpTrace Verbose: 0 : 12664, 7, 2024/05/31, 10:17:41.311, 435542270364, vstest.console.dll, TcpClientExtensions.MessageLoopAsync: NotifyDataAvailable remoteEndPoint: 127.0.0.1:53508 localEndPoint: 127.0.0.1:53507
TpTrace Verbose: 0 : 12664, 7, 2024/05/31, 10:17:41.312, 435542274215, vstest.console.dll, TestRequestSender.OnExecutionMessageReceived: Received message: {"Version":7,"MessageType":"TestExecution.Completed","Payload":{"TestRunCompleteArgs":{"TestRunStatistics":{"ExecutedTests":43,"Stats":{"Passed":43}},"IsCanceled":false,"IsAborted":false,"Error":null,"AttachmentSets":[],"InvokedDataCollectors":[],"ElapsedTimeInRunningTests":"00:00:02.4302390","Metrics":{},"DiscoveredExtensions":{"TestDiscoverers":["NUnit.VisualStudio.TestAdapter.NUnit3TestDiscoverer, NUnit3.TestAdapter, Version=4.5.0.0, Culture=neutral, PublicKeyToken=4cb40d35494691ac"],"TestExecutors":["executor://NUnit3TestExecutor"],"TestExecutors2":[],"TestSettingsProviders":[]}},"LastRunTests":{"NewTestResults":[{"TestCase":{"Id":"dab0958e-e9f3-8640-cc73-2ece4f590f58","FullyQualifiedName":"BLTestProj.Tests.ActivateTestThrowsEntityNotFoundException","DisplayName":"ActivateTestThrowsEntityNotFoundException","ExecutorUri":"executor://NUnit3TestExecutor","Source":"C:\\Users\\VC\\Desktop\\MiniProjectLibraryManagement\\LibraryManagemetSln\\BLTestProj\\bin\\Debug\\net8.0\\fine-code-coverage\\build-output\\BLTestProj.dll","CodeFilePath":null,"LineNumber":0,"Properties":[{"Key":{"Id":"NUnit.Seed","Label":"Seed","Category":"","Description":"","Attributes":0,"ValueType":"System.String"},"Value":"956682702"}]},"Attachments":[],"Outcome":1,"ErrorMessage":null,"ErrorStackTrace":null,"DisplayName":"ActivateTestThrowsEntityNotFoundException","Messages":[],"ComputerName":"794GBX3","Duration":"00:00:00.0076430","StartTime":"2024-05-31T04:47:41.2104489+00:00","EndTime":"2024-05-31T04:47:41.2180921+00:00","Properties":[{"Key":{"Id":"NUnit.Seed","Label":"Seed","Category":"","Description":"","Attributes":0,"ValueType":"System.String"},"Value":"956682702"}]},{"TestCase":{"Id":"6ec38533-ee0c-a969-5c34-88204c363d20","FullyQualifiedName":"BLTestProj.Tests.TestLogin","DisplayName":"TestLogin","ExecutorUri":"executor://NUnit3TestExecutor","Source":"C:\\Users\\VC\\Desktop\\MiniProjectLibraryManagement\\LibraryManagemetSln\\BLTestProj\\bin\\Debug\\net8.0\\fine-code-coverage\\build-output\\BLTestProj.dll","CodeFilePath":null,"LineNumber":0,"Properties":[{"Key":{"Id":"NUnit.Seed","Label":"Seed","Category":"","Description":"","Attributes":0,"ValueType":"System.String"},"Value":"647224136"}]},"Attachments":[],"Outcome":1,"ErrorMessage":null,"ErrorStackTrace":null,"DisplayName":"TestLogin","Messages":[],"ComputerName":"794GBX3","Duration":"00:00:00.0360850","StartTime":"2024-05-31T04:47:41.2181279+00:00","EndTime":"2024-05-31T04:47:41.2542126+00:00","Properties":[{"Key":{"Id":"NUnit.Seed","Label":"Seed","Category":"","Description":"","Attributes":0,"ValueType":"System.String"},"Value":"647224136"}]},{"TestCase":{"Id":"40e14f73-78cd-6840-dec9-2003059b1b8c","FullyQualifiedName":"BLTestProj.Tests.TestLoginEntityNotFoundException","DisplayName":"TestLoginEntityNotFoundException","ExecutorUri":"executor://NUnit3TestExecutor","Source":"C:\\Users\\VC\\Desktop\\MiniProjectLibraryManagement\\LibraryManagemetSln\\BLTestProj\\bin\\Debug\\net8.0\\fine-code-coverage\\build-output\\BLTestProj.dll","CodeFilePath":null,"LineNumber":0,"Properties":[{"Key":{"Id":"NUnit.Seed","Label":"Seed","Category":"","Description":"","Attributes":0,"ValueType":"System.String"},"Value":"1583657270"}]},"Attachments":[],"Outcome":1,"ErrorMessage":null,"ErrorStackTrace":null,"DisplayName":"TestLoginEntityNotFoundException","Messages":[],"ComputerName":"794GBX3","Duration":"00:00:00.0010570","StartTime":"2024-05-31T04:47:41.2542536+00:00","EndTime":"2024-05-31T04:47:41.2553103+00:00","Properties":[{"Key":{"Id":"NUnit.Seed","Label":"Seed","Category":"","Description":"","Attributes":0,"ValueType":"System.String"},"Value":"1583657270"}]},{"TestCase":{"Id":"500d4547-b63f-ff45-1038-2fd1110fcead","FullyQualifiedName":"BLTestProj.Tests.TestLoginThrowsIncorrectPasswordException","DisplayName":"TestLoginThrowsIncorrectPasswordException","ExecutorUri":"executor://NUnit3TestExecutor","Source":"C:\\Users\\VC\\Desktop\\MiniProjectLibraryManagement\\LibraryManagemetSln\\BLTestProj\\bin\\Debug\\net8.0\\fine-code-coverage\\build-output\\BLTestProj.dll","CodeFilePath":null,"LineNumber":0,"Properties":[{"Key":{"Id":"NUnit.Seed","Label":"Seed","Category":"","Description":"","Attributes":0,"ValueType":"System.String"},"Value":"761272875"}]},"Attachments":[],"Outcome":1,"ErrorMessage":null,"ErrorStackTrace":null,"DisplayName":"TestLoginThrowsIncorrectPasswordException","Messages":[],"ComputerName":"794GBX3","Duration":"00:00:00.0025390","StartTime":"2024-05-31T04:47:41.2553376+00:00","EndTime":"2024-05-31T04:47:41.2578763+00:00","Properties":[{"Key":{"Id":"NUnit.Seed","Label":"Seed","Category":"","Description":"","Attributes":0,"ValueType":"System.String"},"Value":"761272875"}]},{"TestCase":{"Id":"81056b3b-3a43-54f2-097a-07594fcc233f","FullyQualifiedName":"BLTestProj.Tests.TestLoginThrowsUserAlreadyExistException","DisplayName":"TestLoginThrowsUserAlreadyExistException","ExecutorUri":"executor://NUnit3TestExecutor","Source":"C:\\Users\\VC\\Desktop\\MiniProjectLibraryManagement\\LibraryManagemetSln\\BLTestProj\\bin\\Debug\\net8.0\\fine-code-coverage\\build-output\\BLTestProj.dll","CodeFilePath":null,"LineNumber":0,"Properties":[{"Key":{"Id":"NUnit.Seed","Label":"Seed","Category":"","Description":"","Attributes":0,"ValueType":"System.String"},"Value":"625654600"}]},"Attachments":[],"Outcome":1,"ErrorMessage":null,"ErrorStackTrace":null,"DisplayName":"TestLoginThrowsUserAlreadyExistException","Messages":[],"ComputerName":"794GBX3","Duration":"00:00:00.0018360","StartTime":"2024-05-31T04:47:41.2579157+00:00","EndTime":"2024-05-31T04:47:41.2597517+00:00","Properties":[{"Key":{"Id":"NUnit.Seed","Label":"Seed","Category":"","Description":"","Attributes":0,"ValueType":"System.String"},"Value":"625654600"}]},{"TestCase":{"Id":"72f7b6be-fef6-94c6-9fe4-2375a799314b","FullyQualifiedName":"BLTestProj.Tests.TestLoginThrowsUserNotActiveException","DisplayName":"TestLoginThrowsUserNotActiveException","ExecutorUri":"executor://NUnit3TestExecutor","Source":"C:\\Users\\VC\\Desktop\\MiniProjectLibraryManagement\\LibraryManagemetSln\\BLTestProj\\bin\\Debug\\net8.0\\fine-code-coverage\\build-output\\BLTestProj.dll","CodeFilePath":null,"LineNumber":0,"Properties":[{"Key":{"Id":"NUnit.Seed","Label":"Seed","Category":"","Description":"","Attributes":0,"ValueType":"System.String"},"Value":"1570632946"}]},"Attachments":[],"Outcome":1,"ErrorMessage":null,"ErrorStackTrace":null,"DisplayName":"TestLoginThrowsUserNotActiveException","Messages":[],"ComputerName":"794GBX3","Duration":"00:00:00.0016329","StartTime":"2024-05-31T04:47:41.2597795+00:00","EndTime":"2024-05-31T04:47:41.2614122+00:00","Properties":[{"Key":{"Id":"NUnit.Seed","Label":"Seed","Category":"","Description":"","Attributes":0,"ValueType":"System.String"},"Value":"1570632946"}]},{"TestCase":{"Id":"3e42022e-b5cf-bd95-d955-f7138f8620ab","FullyQualifiedName":"BLTestProj.Tests.TestRegister","DisplayName":"TestRegister","ExecutorUri":"executor://NUnit3TestExecutor","Source":"C:\\Users\\VC\\Desktop\\MiniProjectLibraryManagement\\LibraryManagemetSln\\BLTestProj\\bin\\Debug\\net8.0\\fine-code-coverage\\build-output\\BLTestProj.dll","CodeFilePath":null,"LineNumber":0,"Properties":[{"Key":{"Id":"NUnit.Seed","Label":"Seed","Category":"","Description":"","Attributes":0,"ValueType":"System.String"},"Value":"1966296131"}]},"Attachments":[],"Outcome":1,"ErrorMessage":null,"ErrorStackTrace":null,"DisplayName":"TestRegister","Messages":[],"ComputerName":"794GBX3","Duration":"00:00:00.0011280","StartTime":"2024-05-31T04:47:41.261439+00:00","EndTime":"2024-05-31T04:47:41.2625667+00:00","Properties":[{"Key":{"Id":"NUnit.Seed","Label":"Seed","Category":"","Description":"","Attributes":0,"ValueType":"System.String"},"Value":"1966296131"}]}],"TestRunStatistics":{"ExecutedTests":43,"Stats":{"Passed":43}},"ActiveTests":[]},"RunAttachments":[],"ExecutorUris":["executor://nunit3testexecutor/"]}}
TpTrace Verbose: 0 : 12664, 7, 2024/05/31, 10:17:41.312, 435542277076, vstest.console.dll, TestRequestSender.EndSession: Sending end session.
TpTrace Verbose: 0 : 12664, 7, 2024/05/31, 10:17:41.312, 435542279911, vstest.console.dll, ProxyOperationManager.Close: waiting for test host to exit for 100 ms
TpTrace Verbose: 0 : 12664, 11, 2024/05/31, 10:17:41.349, 435542650033, vstest.console.dll, TestHostManagerCallbacks.ctor: Experimental forwarding output is disabled.
TpTrace Warning: 0 : 12664, 11, 2024/05/31, 10:17:41.349, 435542651857, vstest.console.dll, TestHostManagerCallbacks.ErrorReceivedCallback Test host standard error line: 
TpTrace Verbose: 0 : 12664, 11, 2024/05/31, 10:17:41.372, 435542878145, vstest.console.dll, TestHostProvider.ExitCallBack: Host exited starting callback.
TpTrace Information: 0 : 12664, 11, 2024/05/31, 10:17:41.372, 435542879949, vstest.console.dll, TestHostManagerCallbacks.ExitCallBack: Testhost processId: 3036 exited with exitcode: 0 error: ''
TpTrace Verbose: 0 : 12664, 11, 2024/05/31, 10:17:41.372, 435542880409, vstest.console.dll, DotnetTestHostManager.OnHostExited: invoking OnHostExited callback
TpTrace Verbose: 0 : 12664, 11, 2024/05/31, 10:17:41.372, 435542881010, vstest.console.dll, CrossPlatEngine.TestHostManagerHostExited: calling on client process exit callback.
TpTrace Information: 0 : 12664, 11, 2024/05/31, 10:17:41.372, 435542881576, vstest.console.dll, TestRequestSender.OnClientProcessExit: Test host process exited. Standard error: 
TpTrace Information: 0 : 12664, 11, 2024/05/31, 10:17:41.372, 435542882010, vstest.console.dll, SocketServer.Stop: Stop server endPoint: 127.0.0.1:53507
TpTrace Information: 0 : 12664, 11, 2024/05/31, 10:17:41.372, 435542882342, vstest.console.dll, SocketServer.Stop: Cancellation requested. Stopping message loop.
TpTrace Information: 0 : 12664, 7, 2024/05/31, 10:17:41.373, 435542882902, vstest.console.dll, SocketServer.Stop: Stop server endPoint: 127.0.0.1:53507
TpTrace Information: 0 : 12664, 7, 2024/05/31, 10:17:41.373, 435542884491, vstest.console.dll, SocketServer.Stop: Cancellation requested. Stopping message loop.
TpTrace Verbose: 0 : 12664, 11, 2024/05/31, 10:17:41.373, 435542884433, vstest.console.dll, MulticastDelegateUtilities.SafeInvoke: HostProviderEvents.OnHostExited: Invoking callback 1/1 for Microsoft.VisualStudio.TestPlatform.CrossPlatEngine.Client.ProxyOperationManager., took 0 ms.
TpTrace Information: 0 : 12664, 7, 2024/05/31, 10:17:41.373, 435542885228, vstest.console.dll, Closing the connection
TpTrace Verbose: 0 : 12664, 7, 2024/05/31, 10:17:41.373, 435542888307, vstest.console.dll, ProxyDataCollectionManager.InvokeDataCollectionServiceAction: Starting.
TpTrace Information: 0 : 12664, 7, 2024/05/31, 10:17:41.373, 435542888890, vstest.console.dll, ProxyDataCollectionManager.AfterTestRunEnd: Get attachment set and invoked data collectors processId: 8152 port: 53504
TpTrace Verbose: 0 : 12664, 7, 2024/05/31, 10:17:41.373, 435542889459, vstest.console.dll, DataCollectionRequestSender.SendAfterTestRunStartAndGetResult: Send AfterTestRunEnd message with isCancelled: False
TpTrace Verbose: 0 : 12664, 7, 2024/05/31, 10:17:41.381, 435542965932, vstest.console.dll, DataCollectionRequestSender.SendAfterTestRunStartAndGetResult: Received message: (DataCollection.AfterTestRunEndResult) -> {"MessageType":"DataCollection.AfterTestRunEndResult","Payload":{"AttachmentSets":[],"InvokedDataCollectors":[{"Uri":"datacollector://Microsoft/TestPlatform/Extensions/Blame/v1","FriendlyName":"Blame","AssemblyQualifiedName":"Microsoft.TestPlatform.Extensions.BlameDataCollector.BlameCollector, Microsoft.TestPlatform.Extensions.BlameDataCollector, Version=15.0.0.0, Culture=neutral, PublicKeyToken=b03f5f7f11d50a3a","FilePath":"C:\\Program Files\\dotnet\\sdk\\8.0.300\\Extensions\\Microsoft.TestPlatform.Extensions.BlameDataCollector.dll","HasAttachmentProcessor":false}],"Metrics":{}}}
TpTrace Information: 0 : 12664, 7, 2024/05/31, 10:17:41.386, 435543020245, vstest.console.dll, ProxyDataCollectionManager.InvokeDataCollectionServiceAction: Completed.
TpTrace Warning: 0 : 12664, 10, 2024/05/31, 10:17:41.409, 435543244090, vstest.console.dll, DataCollectionLauncher.ErrorReceivedCallback datacollector standard error line: 
TpTrace Information: 0 : 12664, 10, 2024/05/31, 10:17:41.429, 435543452768, vstest.console.dll, DataCollectionLauncher.ExitCallBack: Data collector exited with exitcode: 0 error: ''
TpTrace Verbose: 0 : 12664, 7, 2024/05/31, 10:17:41.439, 435543551765, vstest.console.dll, TestRunRequest:SendTestRunStatsChange: Starting.
TpTrace Verbose: 0 : 12664, 7, 2024/05/31, 10:17:41.440, 435543553083, vstest.console.dll, MulticastDelegateUtilities.SafeInvoke: TestRun.RunStatsChanged: Invoking callbacks was skipped because there are no subscribers.
TpTrace Information: 0 : 12664, 7, 2024/05/31, 10:17:41.440, 435543553360, vstest.console.dll, TestRunRequest:SendTestRunStatsChange: Completed.
TpTrace Verbose: 0 : 12664, 4, 2024/05/31, 10:17:41.440, 435543554638, vstest.console.dll, MulticastDelegateUtilities.SafeInvoke: InternalTestLoggerEvents.SendTestResult: Invoking callback 1/1 for Microsoft.VisualStudio.TestPlatform.CommandLine.Internal.ConsoleLogger., took 0 ms.
TpTrace Verbose: 0 : 12664, 4, 2024/05/31, 10:17:41.440, 435543555416, vstest.console.dll, MulticastDelegateUtilities.SafeInvoke: InternalTestLoggerEvents.SendTestResult: Invoking callback 1/1 for Microsoft.VisualStudio.TestPlatform.CommandLine.Internal.ConsoleLogger., took 0 ms.
TpTrace Verbose: 0 : 12664, 4, 2024/05/31, 10:17:41.440, 435543555772, vstest.console.dll, MulticastDelegateUtilities.SafeInvoke: InternalTestLoggerEvents.SendTestResult: Invoking callback 1/1 for Microsoft.VisualStudio.TestPlatform.CommandLine.Internal.ConsoleLogger., took 0 ms.
TpTrace Verbose: 0 : 12664, 4, 2024/05/31, 10:17:41.440, 435543556132, vstest.console.dll, MulticastDelegateUtilities.SafeInvoke: InternalTestLoggerEvents.SendTestResult: Invoking callback 1/1 for Microsoft.VisualStudio.TestPlatform.CommandLine.Internal.ConsoleLogger., took 0 ms.
TpTrace Verbose: 0 : 12664, 4, 2024/05/31, 10:17:41.440, 435543556977, vstest.console.dll, MulticastDelegateUtilities.SafeInvoke: InternalTestLoggerEvents.SendTestResult: Invoking callback 1/1 for Microsoft.VisualStudio.TestPlatform.CommandLine.Internal.ConsoleLogger., took 0 ms.
TpTrace Verbose: 0 : 12664, 7, 2024/05/31, 10:17:41.440, 435543556379, vstest.console.dll, ParallelProxyExecutionManager: HandlePartialRunComplete: Total workloads = 1, Total started clients = 1 Total completed clients = 1, Run complete = True, Run canceled: False.
TpTrace Verbose: 0 : 12664, 7, 2024/05/31, 10:17:41.440, 435543557833, vstest.console.dll, ParallelProxyExecutionManager: HandlePartialRunComplete: All runs completed stopping all managers.
TpTrace Verbose: 0 : 12664, 4, 2024/05/31, 10:17:41.440, 435543557366, vstest.console.dll, MulticastDelegateUtilities.SafeInvoke: InternalTestLoggerEvents.SendTestResult: Invoking callback 1/1 for Microsoft.VisualStudio.TestPlatform.CommandLine.Internal.ConsoleLogger., took 0 ms.
TpTrace Verbose: 0 : 12664, 4, 2024/05/31, 10:17:41.440, 435543558961, vstest.console.dll, MulticastDelegateUtilities.SafeInvoke: InternalTestLoggerEvents.SendTestResult: Invoking callback 1/1 for Microsoft.VisualStudio.TestPlatform.CommandLine.Internal.ConsoleLogger., took 0 ms.
TpTrace Verbose: 0 : 12664, 7, 2024/05/31, 10:17:41.440, 435543558217, vstest.console.dll, ParallelOperationManager.StopAllManagers: Stopping all managers.
TpTrace Verbose: 0 : 12664, 7, 2024/05/31, 10:17:41.440, 435543560346, vstest.console.dll, ParallelOperationManager.ClearSlots: Clearing all slots. Slots should accept more work: False
TpTrace Verbose: 0 : 12664, 7, 2024/05/31, 10:17:41.440, 435543560830, vstest.console.dll, ParallelOperationManager.SetOccupiedSlotCount: Setting slot counts AvailableSlotCount = 1, OccupiedSlotCount = 0.
TpTrace Verbose: 0 : 12664, 7, 2024/05/31, 10:17:41.440, 435543561296, vstest.console.dll, Occupied slots:

TpTrace Verbose: 0 : 12664, 4, 2024/05/31, 10:17:41.449, 435543645395, vstest.console.dll, MulticastDelegateUtilities.SafeInvoke: InternalTestLoggerEvents.SendTestRunComplete: Invoking callback 1/2 for Microsoft.TestPlatform.Extensions.BlameDataCollector.BlameLogger., took 0 ms.
TpTrace Verbose: 0 : 12664, 4, 2024/05/31, 10:17:41.456, 435543720616, vstest.console.dll, MulticastDelegateUtilities.SafeInvoke: InternalTestLoggerEvents.SendTestRunComplete: Invoking callback 2/2 for Microsoft.VisualStudio.TestPlatform.CommandLine.Internal.ConsoleLogger., took 7 ms.
TpTrace Verbose: 0 : 12664, 7, 2024/05/31, 10:17:41.457, 435543724790, vstest.console.dll, TestRunRequest:TestRunComplete: Starting. IsAborted:False IsCanceled:False.
TpTrace Verbose: 0 : 12664, 7, 2024/05/31, 10:17:41.457, 435543727158, vstest.console.dll, ParallelOperationManager.DoActionOnAllManagers: Calling an action on all managers.
TpTrace Verbose: 0 : 12664, 7, 2024/05/31, 10:17:41.458, 435543736896, vstest.console.dll, TestLoggerManager.HandleTestRunComplete: Ignoring as the object is disposed.
TpTrace Verbose: 0 : 12664, 7, 2024/05/31, 10:17:41.458, 435543739417, vstest.console.dll, MulticastDelegateUtilities.SafeInvoke: TestRun.TestRunComplete: Invoking callback 1/2 for Microsoft.VisualStudio.TestPlatform.CommandLine.TestRunResultAggregator., took 0 ms.
TpTrace Verbose: 0 : 12664, 7, 2024/05/31, 10:17:41.458, 435543740696, vstest.console.dll, MulticastDelegateUtilities.SafeInvoke: TestRun.TestRunComplete: Invoking callback 2/2 for Microsoft.VisualStudio.TestPlatform.CommandLine.Processors.RunTestsArgumentExecutor+TestRunRequestEventsRegistrar., took 0 ms.
TpTrace Information: 0 : 12664, 7, 2024/05/31, 10:17:41.458, 435543741883, vstest.console.dll, TestRunRequest:TestRunComplete: Completed.
TpTrace Verbose: 0 : 12664, 1, 2024/05/31, 10:17:41.458, 435543742204, vstest.console.dll, TestRunRequest.Dispose: Starting.
TpTrace Information: 0 : 12664, 1, 2024/05/31, 10:17:41.459, 435543743244, vstest.console.dll, TestRunRequest.Dispose: Completed.
TpTrace Information: 0 : 12664, 1, 2024/05/31, 10:17:41.459, 435543744786, vstest.console.dll, TestRequestManager.RunTests: run tests completed.
TpTrace Information: 0 : 12664, 1, 2024/05/31, 10:17:41.459, 435543746349, vstest.console.dll, RunTestsArgumentProcessor:Execute: Test run is completed.
TpTrace Verbose: 0 : 12664, 7, 2024/05/31, 10:17:41.458, 435543742392, vstest.console.dll, TestRequestSender.SetOperationComplete: Setting operation complete.
TpTrace Information: 0 : 12664, 7, 2024/05/31, 10:17:41.459, 435543748176, vstest.console.dll, SocketServer.Stop: Stop server endPoint: 127.0.0.1:53507
TpTrace Information: 0 : 12664, 7, 2024/05/31, 10:17:41.459, 435543748532, vstest.console.dll, SocketServer.Stop: Cancellation requested. Stopping message loop.
TpTrace Verbose: 0 : 12664, 7, 2024/05/31, 10:17:41.459, 435543749093, vstest.console.dll, MulticastDelegateUtilities.SafeInvoke: LengthPrefixCommunicationChannel: MessageReceived: Invoking callback 1/1 for Microsoft.VisualStudio.TestPlatform.CommunicationUtilities.TestRequestSender+<>c__DisplayClass34_0., took 147 ms.
TpTrace Information: 0 : 12664, 7, 2024/05/31, 10:17:41.459, 435543749929, vstest.console.dll, SocketServer.PrivateStop: Stopping server endPoint: 127.0.0.1:53507 error: 
TpTrace Verbose: 0 : 12664, 1, 2024/05/31, 10:17:41.459, 435543752296, vstest.console.dll, Executor.Execute: Exiting with exit code of 0
TpTrace Verbose: 0 : 12664, 7, 2024/05/31, 10:17:41.460, 435543759208, vstest.console.dll, LengthPrefixCommunicationChannel.Dispose: Dispose reader and writer.
